Initializing document watcher...
css-exercises/foundations/06-cascade-fix/style.css: {}
css-exercises/foundations/06-cascade-fix/index.html: {}
css-exercises/foundations/06-cascade-fix/style.css: {}
css-exercises/foundations/05-descendant-combinator/style.css: {}
css-exercises/foundations/04-chaining-selectors/style.css: {}
css-exercises/foundations/04-chaining-selectors/index.html: {}
/home/michell/.config/Code/User/profiles/-4f39f5a1/settings.json: Using EditorConfig core...
/home/michell/.config/Code/User/profiles/-4f39f5a1/settings.json: Using EditorConfig core...
css-exercises/foundations/04-chaining-selectors/index.html: {}
css-exercises/foundations/04-chaining-selectors/index.html: {}
/home/michell/.config/Code/User/profiles/-4f39f5a1/settings.json: Using EditorConfig core...
/home/michell/.config/Code/User/profiles/-4f39f5a1/settings.json: Using EditorConfig core...
/home/michell/.config/Code/User/profiles/-4f39f5a1/settings.json: Using EditorConfig core...
/home/michell/.config/Code/User/profiles/-4f39f5a1/settings.json: Using EditorConfig core...
/home/michell/.config/Code/User/profiles/-4f39f5a1/settings.json: Using EditorConfig core...
/home/michell/.config/Code/User/profiles/-4f39f5a1/settings.json: Using EditorConfig core...
/home/michell/.config/Code/User/profiles/-4f39f5a1/settings.json: Using EditorConfig core...
css-exercises/foundations/06-cascade-fix/style.css: {}
css-exercises/foundations/06-cascade-fix/style.css: {}
/home/michell/.config/Code/User/profiles/-4f39f5a1/settings.json: Using EditorConfig core...
/home/michell/.config/Code/User/profiles/-4f39f5a1/settings.json: Using EditorConfig core...
/home/michell/.config/Code/User/profiles/-4f39f5a1/settings.json: Using EditorConfig core...
css-exercises/foundations/04-chaining-selectors/index.html: {}
css-exercises/foundations/04-chaining-selectors/index.html: {}
css-exercises/foundations/04-chaining-selectors/index.html: {}
css-exercises/foundations/04-chaining-selectors/index.html: {}
css-exercises/foundations/04-chaining-selectors/index.html: {}
css-exercises/foundations/04-chaining-selectors/index.html: {}
css-exercises/foundations/04-chaining-selectors/index.html: {}
css-exercises/foundations/04-chaining-selectors/index.html: {}
css-exercises/foundations/04-chaining-selectors/index.html: {}
css-exercises/foundations/04-chaining-selectors/index.html: {}
css-exercises/foundations/04-chaining-selectors/index.html: {}
css-exercises/foundations/04-chaining-selectors/index.html: {}
css-exercises/foundations/04-chaining-selectors/index.html: {}
css-exercises/foundations/04-chaining-selectors/index.html: {}
