2023-12-13 15:01:25.350 [info] Name: Pylint
2023-12-13 15:01:25.350 [info] Module: pylint
2023-12-13 15:01:25.350 [info] Python extension loading
2023-12-13 15:01:25.350 [info] Waiting for interpreter from Python extension.
2023-12-13 15:01:25.350 [info] No interpreter found from setting pylint.interpreter
2023-12-13 15:01:25.350 [info] Getting interpreter from ms-python.python extension for workspace /home/michell/Workspace/multidadosti/odoo
2023-12-13 15:01:25.350 [info] Python extension loaded
2023-12-13 15:01:25.350 [info] Interpreter from ms-python.python extension for /home/michell/Workspace/multidadosti/odoo: /home/michell/Workspace/multidadosti/odoo/.venv/bin/python
2023-12-13 15:01:25.350 [info] Using cwd from `python.analysis.extraPaths`.
2023-12-13 15:01:25.350 [info] No interpreter found from setting pylint.interpreter
2023-12-13 15:01:25.350 [info] Getting interpreter from ms-python.python extension for workspace /home/michell/Workspace/multidadosti/odoo
2023-12-13 15:01:25.350 [info] Interpreter from ms-python.python extension for /home/michell/Workspace/multidadosti/odoo: /home/michell/Workspace/multidadosti/odoo/.venv/bin/python
2023-12-13 15:01:25.350 [info] Using cwd from `python.analysis.extraPaths`.
2023-12-13 15:01:25.350 [info] Server run command: /home/michell/Workspace/multidadosti/odoo/.venv/bin/python /home/michell/.vscode/extensions/ms-python.pylint-2023.10.1/bundled/tool/lsp_server.py
2023-12-13 15:01:25.350 [info] Server: Start requested.
2023-12-13 15:01:26.180 [info] CWD Server: /home/michell/Workspace/multidadosti/odoo
2023-12-13 15:01:26.217 [info] Settings used to run Server:
[
    {
        "cwd": "/home/michell/Workspace/multidadosti/odoo",
        "workspace": "file:///home/michell/Workspace/multidadosti/odoo",
        "args": [],
        "severity": {
            "convention": "Information",
            "error": "Error",
            "fatal": "Error",
            "refactor": "Hint",
            "warning": "Warning",
            "info": "Information"
        },
        "path": [],
        "ignorePatterns": [],
        "interpreter": [
            "/home/michell/Workspace/multidadosti/odoo/.venv/bin/python"
        ],
        "importStrategy": "useBundled",
        "showNotifications": "off",
        "extraPaths": [
            "/home/michell/Workspace/multidadosti/odoo/**/*"
        ]
    }
]

2023-12-13 15:01:26.260 [info] Global settings:
{
    "cwd": "${workspaceFolder}",
    "workspace": "/home/michell",
    "args": [],
    "severity": {
        "convention": "Information",
        "error": "Error",
        "fatal": "Error",
        "refactor": "Hint",
        "warning": "Warning",
        "info": "Information"
    },
    "path": [],
    "ignorePatterns": [],
    "interpreter": [],
    "importStrategy": "useBundled",
    "showNotifications": "off",
    "extraPaths": []
}

2023-12-13 15:01:26.302 [info] sys.path used to run Server:
   /home/michell/.vscode/extensions/ms-python.pylint-2023.10.1/bundled/libs
   /home/michell/.vscode/extensions/ms-python.pylint-2023.10.1/bundled/tool
   /home/michell/.asdf/installs/python/3.8.18/lib/python38.zip
   /home/michell/.asdf/installs/python/3.8.18/lib/python3.8
   /home/michell/.asdf/installs/python/3.8.18/lib/python3.8/lib-dynload
   /home/michell/Workspace/multidadosti/odoo/.venv/lib/python3.8/site-packages
   /home/michell/Workspace/multidadosti/odoo
   /home/michell/Workspace/multidadosti/odoo/multierp/lib/formio-data
   /home/michell/Workspace/multidadosti/odoo/multierp/lib/python-cnab
   /home/michell/Workspace/multidadosti/odoo/multierp/lib/python-sped
   /home/michell/Workspace/multidadosti/odoo/multierp/lib/pytrust-cnab240
   /home/michell/Workspace/multidadosti/odoo/multierp/lib/python-boleto
   /home/michell/Workspace/multidadosti/odoo/multierp/lib/pytrustnfe
2023-12-13 15:01:26.304 [info] /home/michell/Workspace/multidadosti/odoo/.venv/bin/python -m pylint --version
2023-12-13 15:01:26.549 [info] CWD Linter: /home/michell/Workspace/multidadosti/odoo
2023-12-13 15:01:26.623 [info] 
pylint 3.0.2
astroid 3.0.1
Python 3.8.18 (default, Dec  5 2023, 15:41:23) 
[GCC 9.4.0]


2023-12-13 15:01:26.705 [info] Version info for linter running for /home/michell/Workspace/multidadosti/odoo:
pylint 3.0.2
astroid 3.0.1
Python 3.8.18 (default, Dec  5 2023, 15:41:23) 
[GCC 9.4.0]

2023-12-13 15:01:26.726 [info] SUPPORTED pylint>=2.12.2
FOUND pylint==3.0.2

2023-12-13 15:01:27.214 [info] /home/michell/Workspace/multidadosti/odoo/.venv/bin/python -m pylint --reports=n --output-format=json --clear-cache-post-run=y --from-stdin /home/michell/Workspace/multidadosti/odoo/multierp/src/core/addons/account_bank_statement_import/models/account_bank_statement_import.py
2023-12-13 15:01:27.226 [info] CWD Linter: /home/michell/Workspace/multidadosti/odoo
2023-12-13 15:01:28.439 [info] file:///home/michell/Workspace/multidadosti/odoo/multierp/src/core/addons/account_bank_statement_import/models/account_bank_statement_import.py :
[
    {
        "type": "convention",
        "module": "account_bank_statement_import.models.account_bank_statement_import",
        "obj": "",
        "line": 191,
        "column": 0,
        "endLine": null,
        "endColumn": null,
        "path": "multierp/src/core/addons/account_bank_statement_import/models/account_bank_statement_import.py",
        "symbol": "superfluous-parens",
        "message": "Unnecessary parens after 'del' keyword",
        "message-id": "C0325"
    },
    {
        "type": "convention",
        "module": "account_bank_statement_import.models.account_bank_statement_import",
        "obj": "",
        "line": 256,
        "column": 0,
        "endLine": null,
        "endColumn": null,
        "path": "multierp/src/core/addons/account_bank_statement_import/models/account_bank_statement_import.py",
        "symbol": "missing-final-newline",
        "message": "Final newline missing",
        "message-id": "C0304"
    },
    {
        "type": "error",
        "module": "account_bank_statement_import.models.account_bank_statement_import",
        "obj": "",
        "line": 6,
        "column": 0,
        "endLine": 6,
        "endColumn": 39,
        "path": "multierp/src/core/addons/account_bank_statement_import/models/account_bank_statement_import.py",
        "symbol": "import-error",
        "message": "Unable to import 'odoo'",
        "message-id": "E0401"
    },
    {
        "type": "error",
        "module": "account_bank_statement_import.models.account_bank_statement_import",
        "obj": "",
        "line": 7,
        "column": 0,
        "endLine": 7,
        "endColumn": 68,
        "path": "multierp/src/core/addons/account_bank_statement_import/models/account_bank_statement_import.py",
        "symbol": "import-error",
        "message": "Unable to import 'odoo.addons.base.models.res_bank'",
        "message-id": "E0401"
    },
    {
        "type": "error",
        "module": "account_bank_statement_import.models.account_bank_statement_import",
        "obj": "",
        "line": 8,
        "column": 0,
        "endLine": 8,
        "endColumn": 37,
        "path": "multierp/src/core/addons/account_bank_statement_import/models/account_bank_statement_import.py",
        "symbol": "import-error",
        "message": "Unable to import 'odoo.exceptions'",
        "message-id": "E0401"
    },
    {
        "type": "convention",
        "module": "account_bank_statement_import.models.account_bank_statement_import",
        "obj": "AccountBankStatementImport._create_bank_statements",
        "line": 214,
        "column": 8,
        "endLine": 214,
        "endColumn": 21,
        "path": "multierp/src/core/addons/account_bank_statement_import/models/account_bank_statement_import.py",
        "symbol": "invalid-name",
        "message": "Variable name \"BankStatement\" doesn't conform to snake_case naming style",
        "message-id": "C0103"
    },
    {
        "type": "convention",
        "module": "account_bank_statement_import.models.account_bank_statement_import",
        "obj": "AccountBankStatementImport._create_bank_statements",
        "line": 215,
        "column": 8,
        "endLine": 215,
        "endColumn": 25,
        "path": "multierp/src/core/addons/account_bank_statement_import/models/account_bank_statement_import.py",
        "symbol": "invalid-name",
        "message": "Variable name \"BankStatementLine\" doesn't conform to snake_case naming style",
        "message-id": "C0103"
    },
    {
        "type": "refactor",
        "module": "account_bank_statement_import.models.account_bank_statement_import",
        "obj": "AccountBankStatementImport",
        "line": 13,
        "column": 0,
        "endLine": 13,
        "endColumn": 32,
        "path": "multierp/src/core/addons/account_bank_statement_import/models/account_bank_statement_import.py",
        "symbol": "too-few-public-methods",
        "message": "Too few public methods (1/2)",
        "message-id": "R0903"
    }
]

2023-12-13 15:36:01.110 [info] /home/michell/Workspace/multidadosti/odoo/.venv/bin/python -m pylint --reports=n --output-format=json --clear-cache-post-run=y --from-stdin /home/michell/Workspace/multidadosti/odoo/multierp/src/core/addons/account_bank_statement_import/models/account_bank_statement_line.py
2023-12-13 15:36:01.132 [info] CWD Linter: /home/michell/Workspace/multidadosti/odoo
2023-12-13 15:36:01.461 [info] file:///home/michell/Workspace/multidadosti/odoo/multierp/src/core/addons/account_bank_statement_import/models/account_bank_statement_line.py :
[
    {
        "type": "convention",
        "module": "account_bank_statement_import.models.account_bank_statement_line",
        "obj": "",
        "line": 17,
        "column": 0,
        "endLine": null,
        "endColumn": null,
        "path": "multierp/src/core/addons/account_bank_statement_import/models/account_bank_statement_line.py",
        "symbol": "missing-final-newline",
        "message": "Final newline missing",
        "message-id": "C0304"
    },
    {
        "type": "error",
        "module": "account_bank_statement_import.models.account_bank_statement_line",
        "obj": "",
        "line": 1,
        "column": 0,
        "endLine": 1,
        "endColumn": 31,
        "path": "multierp/src/core/addons/account_bank_statement_import/models/account_bank_statement_line.py",
        "symbol": "import-error",
        "message": "Unable to import 'odoo'",
        "message-id": "E0401"
    },
    {
        "type": "refactor",
        "module": "account_bank_statement_import.models.account_bank_statement_line",
        "obj": "AccountBankStatementLine",
        "line": 4,
        "column": 0,
        "endLine": 4,
        "endColumn": 30,
        "path": "multierp/src/core/addons/account_bank_statement_import/models/account_bank_statement_line.py",
        "symbol": "too-few-public-methods",
        "message": "Too few public methods (0/2)",
        "message-id": "R0903"
    }
]

