2023-12-12 19:33:59.388 [info] Active editor: file:///home/michell/Workspace/theodinproject/css-exercises/foundations/06-cascade-fix/style.css
2023-12-12 19:34:06.263 [info] Active editor: file:///home/michell/Workspace/theodinproject/css-exercises/foundations/06-cascade-fix/index.html
2023-12-12 19:34:06.271 [info] /home/michell/Workspace/theodinproject/css-exercises/foundations/06-cascade-fix/style.css.git closed
2023-12-12 19:34:12.151 [info] Active editor: file:///home/michell/Workspace/theodinproject/css-exercises/foundations/06-cascade-fix/style.css
2023-12-12 19:34:12.156 [info] /home/michell/Workspace/theodinproject/css-exercises/foundations/06-cascade-fix/index.html.git closed
2023-12-12 19:34:21.168 [info] /home/michell/Workspace/theodinproject/css-exercises/foundations/06-cascade-fix/index.html closed
2023-12-12 19:34:21.183 [info] Active editor: file:///home/michell/Workspace/theodinproject/css-exercises/margin-and-padding/01-margin-and-padding-1/index.html
2023-12-12 19:34:21.192 [info] /home/michell/Workspace/theodinproject/css-exercises/foundations/06-cascade-fix/style.css.git closed
2023-12-12 19:34:35.164 [info] /home/michell/Workspace/theodinproject/css-exercises/margin-and-padding/01-margin-and-padding-1/index.html closed
2023-12-12 19:34:35.179 [info] Active editor: file:///home/michell/Workspace/theodinproject/css-exercises/margin-and-padding/01-margin-and-padding-1/style.css
2023-12-12 19:34:35.190 [info] /home/michell/Workspace/theodinproject/css-exercises/margin-and-padding/01-margin-and-padding-1/index.html.git closed
2023-12-12 19:34:40.636 [info] Active editor: file:///home/michell/Workspace/theodinproject/css-exercises/foundations/06-cascade-fix/style.css
2023-12-12 19:34:40.646 [info] /home/michell/Workspace/theodinproject/css-exercises/margin-and-padding/01-margin-and-padding-1/style.css.git closed
2023-12-12 19:34:43.130 [info] Active editor: file:///home/michell/Workspace/theodinproject/css-exercises/margin-and-padding/01-margin-and-padding-1/style.css
2023-12-12 19:34:43.136 [info] /home/michell/Workspace/theodinproject/css-exercises/foundations/06-cascade-fix/style.css.git closed
2023-12-12 19:34:43.895 [info] Active editor: file:///home/michell/Workspace/theodinproject/css-exercises/foundations/06-cascade-fix/style.css
2023-12-12 19:34:43.901 [info] /home/michell/Workspace/theodinproject/css-exercises/margin-and-padding/01-margin-and-padding-1/style.css.git closed
2023-12-12 19:34:45.737 [info] /home/michell/Workspace/theodinproject/css-exercises/foundations/06-cascade-fix/style.css closed
2023-12-12 19:34:45.743 [info] Active editor: file:///home/michell/Workspace/theodinproject/css-exercises/margin-and-padding/01-margin-and-padding-1/style.css
2023-12-12 19:34:45.750 [info] /home/michell/Workspace/theodinproject/css-exercises/foundations/06-cascade-fix/style.css.git closed
2023-12-12 19:34:47.304 [info] Active editor: file:///home/michell/Workspace/theodinproject/css-exercises/margin-and-padding/01-margin-and-padding-1/index.html
2023-12-12 19:34:47.309 [info] /home/michell/Workspace/theodinproject/css-exercises/margin-and-padding/01-margin-and-padding-1/style.css.git closed
2023-12-12 19:34:48.395 [info] Active editor: file:///home/michell/Workspace/theodinproject/css-exercises/margin-and-padding/01-margin-and-padding-1/README.md
2023-12-12 19:34:48.490 [info] /home/michell/Workspace/theodinproject/css-exercises/margin-and-padding/01-margin-and-padding-1/index.html.git closed
2023-12-12 19:34:57.392 [info] /home/michell/Workspace/theodinproject/css-exercises/margin-and-padding/01-margin-and-padding-1/README.md.git closed
2023-12-12 19:35:04.338 [info] Active editor: file:///home/michell/Workspace/theodinproject/css-exercises/margin-and-padding/01-margin-and-padding-1/README.md
2023-12-12 19:35:32.984 [info] Active editor: file:///home/michell/Workspace/theodinproject/css-exercises/margin-and-padding/01-margin-and-padding-1/index.html
2023-12-12 19:35:32.990 [info] /home/michell/Workspace/theodinproject/css-exercises/margin-and-padding/01-margin-and-padding-1/README.md.git closed
2023-12-12 19:35:34.792 [info] Active editor: file:///home/michell/Workspace/theodinproject/css-exercises/margin-and-padding/01-margin-and-padding-1/style.css
2023-12-12 19:35:34.797 [info] /home/michell/Workspace/theodinproject/css-exercises/margin-and-padding/01-margin-and-padding-1/index.html.git closed
2023-12-12 19:35:41.204 [info] Active editor: file:///home/michell/Workspace/theodinproject/css-exercises/margin-and-padding/01-margin-and-padding-1/index.html
2023-12-12 19:35:41.211 [info] /home/michell/Workspace/theodinproject/css-exercises/margin-and-padding/01-margin-and-padding-1/style.css.git closed
2023-12-12 19:35:42.931 [info] Active editor: file:///home/michell/Workspace/theodinproject/css-exercises/margin-and-padding/01-margin-and-padding-1/README.md
2023-12-12 19:35:42.937 [info] /home/michell/Workspace/theodinproject/css-exercises/margin-and-padding/01-margin-and-padding-1/index.html.git closed
2023-12-12 19:35:45.638 [info] /home/michell/Workspace/theodinproject/css-exercises/margin-and-padding/01-margin-and-padding-1/README.md.git closed
2023-12-12 19:35:47.233 [info] Active editor: file:///home/michell/Workspace/theodinproject/css-exercises/margin-and-padding/01-margin-and-padding-1/index.html
2023-12-12 19:36:11.401 [info] /home/michell/Workspace/theodinproject/css-exercises/margin-and-padding/01-margin-and-padding-1/index.html.git closed
2023-12-12 19:36:20.455 [info] Configuration changed
2023-12-12 19:36:21.220 [info] Active editor: file:///home/michell/Workspace/theodinproject/css-exercises/margin-and-padding/01-margin-and-padding-1/index.html
2023-12-12 19:36:47.657 [info] /home/michell/Workspace/theodinproject/css-exercises/margin-and-padding/01-margin-and-padding-1/index.html.git closed
2023-12-12 19:37:10.006 [info] Active editor: file:///home/michell/Workspace/theodinproject/css-exercises/margin-and-padding/01-margin-and-padding-1/index.html
2023-12-12 19:37:43.243 [info] /home/michell/Workspace/theodinproject/css-exercises/margin-and-padding/01-margin-and-padding-1/index.html.git closed
2023-12-12 19:38:20.210 [info] Active editor: file:///home/michell/Workspace/theodinproject/css-exercises/margin-and-padding/01-margin-and-padding-1/index.html
2023-12-12 19:38:41.327 [info] /home/michell/Workspace/theodinproject/css-exercises/margin-and-padding/01-margin-and-padding-1/index.html.git closed
2023-12-12 19:38:42.061 [info] Active editor: file:///home/michell/Workspace/theodinproject/css-exercises/margin-and-padding/01-margin-and-padding-1/index.html
2023-12-12 19:38:43.951 [info] Active editor: file:///home/michell/Workspace/theodinproject/css-exercises/margin-and-padding/01-margin-and-padding-1/README.md
2023-12-12 19:38:43.958 [info] /home/michell/Workspace/theodinproject/css-exercises/margin-and-padding/01-margin-and-padding-1/index.html.git closed
2023-12-12 19:38:54.677 [info] Active editor: file:///home/michell/Workspace/theodinproject/css-exercises/margin-and-padding/01-margin-and-padding-1/index.html
2023-12-12 19:38:54.683 [info] /home/michell/Workspace/theodinproject/css-exercises/margin-and-padding/01-margin-and-padding-1/README.md.git closed
2023-12-12 19:39:03.953 [info] /home/michell/Workspace/theodinproject/css-exercises/margin-and-padding/01-margin-and-padding-1/index.html.git closed
2023-12-12 19:39:05.653 [info] Active editor: file:///home/michell/Workspace/theodinproject/css-exercises/margin-and-padding/01-margin-and-padding-1/index.html
2023-12-12 19:39:07.531 [info] /home/michell/Workspace/theodinproject/css-exercises/margin-and-padding/01-margin-and-padding-1/index.html.git closed
2023-12-12 19:39:11.371 [info] Active editor: file:///home/michell/Workspace/theodinproject/css-exercises/margin-and-padding/01-margin-and-padding-1/README.md
2023-12-12 19:39:18.267 [info] Active editor: file:///home/michell/Workspace/theodinproject/css-exercises/margin-and-padding/01-margin-and-padding-1/style.css
2023-12-12 19:39:18.275 [info] /home/michell/Workspace/theodinproject/css-exercises/margin-and-padding/01-margin-and-padding-1/README.md.git closed
2023-12-12 19:39:20.849 [info] Active editor: file:///home/michell/Workspace/theodinproject/css-exercises/margin-and-padding/01-margin-and-padding-1/README.md
2023-12-12 19:39:20.855 [info] /home/michell/Workspace/theodinproject/css-exercises/margin-and-padding/01-margin-and-padding-1/style.css.git closed
2023-12-12 19:39:22.072 [info] Active editor: file:///home/michell/Workspace/theodinproject/css-exercises/margin-and-padding/01-margin-and-padding-1/style.css
2023-12-12 19:39:22.078 [info] /home/michell/Workspace/theodinproject/css-exercises/margin-and-padding/01-margin-and-padding-1/README.md.git closed
2023-12-12 19:39:32.698 [info] Active editor: file:///home/michell/Workspace/theodinproject/css-exercises/margin-and-padding/01-margin-and-padding-1/README.md
2023-12-12 19:39:32.707 [info] /home/michell/Workspace/theodinproject/css-exercises/margin-and-padding/01-margin-and-padding-1/style.css.git closed
2023-12-12 19:39:37.837 [info] Active editor: file:///home/michell/Workspace/theodinproject/css-exercises/margin-and-padding/01-margin-and-padding-1/style.css
2023-12-12 19:39:37.847 [info] /home/michell/Workspace/theodinproject/css-exercises/margin-and-padding/01-margin-and-padding-1/README.md.git closed
2023-12-12 19:59:09.795 [info] /home/michell/.config/Code/User/profiles/-4f39f5a1/settings.json closed
2023-12-12 19:59:09.808 [info] Configuration changed
