2023-12-13 15:01:27.215 [info] Configuration changed
2023-12-13 15:01:27.215 [info] Configuration changed
2023-12-13 15:01:29.606 [info] /home/michell/.config/Code/User/profiles/-4f39f5a1/settings.json closed
2023-12-13 15:01:29.613 [info] Configuration changed
2023-12-13 15:05:39.809 [info] /home/michell/Workspace/multidadosti/odoo/multierp/src/core/addons/account_bank_statement_import/models/account_bank_statement_import.py.git closed
2023-12-13 15:05:59.726 [info] /home/michell/.config/Code/User/profiles/-4f39f5a1/settings.json closed
2023-12-13 15:05:59.741 [info] Configuration changed
2023-12-13 15:06:03.047 [info] /home/michell/.config/Code/User/profiles/-4f39f5a1/settings.json closed
2023-12-13 15:06:03.060 [info] Configuration changed
2023-12-13 15:06:26.210 [info] Active editor: vscode-userdata:/home/michell/.config/Code/User/profiles/-4f39f5a1/settings.json
2023-12-13 15:07:46.921 [info] Active editor: file:///home/michell/Workspace/multidadosti/odoo/multierp/src/core/addons/account_bank_statement_import/models/account_bank_statement_import.py
2023-12-13 15:08:01.568 [info] /home/michell/Workspace/multidadosti/odoo/multierp/src/core/addons/account_bank_statement_import/models/account_bank_statement_import.py.git closed
2023-12-13 15:08:02.186 [info] Active editor: vscode-userdata:/home/michell/.config/Code/User/profiles/-4f39f5a1/settings.json
2023-12-13 15:08:24.521 [info] Active editor: file:///home/michell/Workspace/multidadosti/odoo/multierp/src/core/addons/account_bank_statement_import/models/account_bank_statement_import.py
2023-12-13 15:09:26.285 [info] /settings/profile closed
2023-12-13 15:09:26.388 [info] /settings/resourceLanguage closed
2023-12-13 15:09:26.434 [info] /launch closed
2023-12-13 15:09:26.440 [info] /token-styling closed
2023-12-13 15:09:26.441 [info] /textmate-colors closed
2023-12-13 15:09:26.445 [info] /workbench-colors closed
2023-12-13 15:09:34.277 [info] Active editor: vscode-userdata:/home/michell/.config/Code/User/profiles/-4f39f5a1/settings.json
2023-12-13 15:09:34.289 [info] /home/michell/Workspace/multidadosti/odoo/multierp/src/core/addons/account_bank_statement_import/models/account_bank_statement_import.py.git closed
2023-12-13 15:09:41.620 [info] Configuration changed
2023-12-13 15:09:46.202 [info] Configuration changed
2023-12-13 15:09:48.336 [info] Configuration changed
2023-12-13 15:10:00.145 [info] Active editor: file:///home/michell/Workspace/multidadosti/odoo/multierp/src/core/addons/account_bank_statement_import/models/account_bank_statement_import.py
2023-12-13 15:10:49.860 [info] /home/michell/Workspace/multidadosti/odoo/multierp/src/core/addons/account_bank_statement_import/models/account_bank_statement_import.py.git closed
2023-12-13 15:10:50.230 [info] Active editor: vscode-userdata:/home/michell/.config/Code/User/profiles/-4f39f5a1/settings.json
2023-12-13 15:10:55.730 [info] Configuration changed
2023-12-13 15:11:01.415 [info] Configuration changed
2023-12-13 15:11:02.899 [info] Configuration changed
2023-12-13 15:11:06.544 [info] Active editor: file:///home/michell/Workspace/multidadosti/odoo/multierp/src/core/addons/account_bank_statement_import/models/account_bank_statement_import.py
2023-12-13 15:11:08.491 [info] Active editor: vscode-userdata:/home/michell/.config/Code/User/profiles/-4f39f5a1/settings.json
2023-12-13 15:11:08.505 [info] /home/michell/Workspace/multidadosti/odoo/multierp/src/core/addons/account_bank_statement_import/models/account_bank_statement_import.py.git closed
2023-12-13 15:11:21.348 [info] Configuration changed
2023-12-13 15:11:22.516 [info] Configuration changed
2023-12-13 15:12:22.355 [info] Configuration changed
2023-12-13 15:12:26.320 [info] /settings/profile closed
2023-12-13 15:12:26.501 [info] /settings/resourceLanguage closed
2023-12-13 15:12:26.537 [info] /launch closed
2023-12-13 15:12:26.540 [info] /token-styling closed
2023-12-13 15:12:26.541 [info] /textmate-colors closed
2023-12-13 15:12:26.547 [info] /workbench-colors closed
2023-12-13 15:12:35.318 [info] Configuration changed
2023-12-13 15:12:38.523 [info] Configuration changed
2023-12-13 15:13:46.647 [info] Configuration changed
2023-12-13 15:13:49.882 [info] Configuration changed
2023-12-13 15:13:53.779 [info] Configuration changed
2023-12-13 15:14:00.691 [info] Active editor: file:///home/michell/Workspace/multidadosti/odoo/multierp/src/core/addons/account_bank_statement_import/models/account_bank_statement_import.py
2023-12-13 15:14:05.793 [info] Active editor: vscode-userdata:/home/michell/.config/Code/User/profiles/-4f39f5a1/settings.json
2023-12-13 15:14:05.809 [info] /home/michell/Workspace/multidadosti/odoo/multierp/src/core/addons/account_bank_statement_import/models/account_bank_statement_import.py.git closed
2023-12-13 15:14:13.443 [info] Configuration changed
2023-12-13 15:14:14.934 [info] Configuration changed
2023-12-13 15:15:26.364 [info] /settings/profile closed
2023-12-13 15:15:26.554 [info] /settings/resourceLanguage closed
2023-12-13 15:15:26.679 [info] /launch closed
2023-12-13 15:15:26.689 [info] /token-styling closed
2023-12-13 15:15:26.690 [info] /textmate-colors closed
2023-12-13 15:15:26.690 [info] /workbench-colors closed
2023-12-13 15:18:26.402 [info] /settings/profile closed
2023-12-13 15:18:26.589 [info] /settings/resourceLanguage closed
2023-12-13 15:18:26.749 [info] /launch closed
2023-12-13 15:18:26.866 [info] /token-styling closed
2023-12-13 15:18:26.867 [info] /textmate-colors closed
2023-12-13 15:18:26.869 [info] /workbench-colors closed
2023-12-13 15:18:30.234 [info] Active editor: vscode-userdata:/home/michell/.config/Code/User/profiles/-4f39f5a1/settings.json
2023-12-13 15:19:01.681 [info] Configuration changed
2023-12-13 15:20:55.780 [info] Configuration changed
2023-12-13 15:20:58.207 [info] Configuration changed
2023-12-13 15:21:00.274 [info] Configuration changed
2023-12-13 15:21:01.790 [info] Configuration changed
2023-12-13 15:21:04.662 [info] Configuration changed
2023-12-13 15:21:14.699 [info] Configuration changed
2023-12-13 15:21:21.388 [info] Configuration changed
2023-12-13 15:21:26.467 [info] /settings/profile closed
2023-12-13 15:21:26.651 [info] /settings/resourceLanguage closed
2023-12-13 15:21:26.817 [info] /launch closed
2023-12-13 15:21:26.937 [info] /token-styling closed
2023-12-13 15:21:26.939 [info] /textmate-colors closed
2023-12-13 15:21:26.941 [info] /workbench-colors closed
2023-12-13 15:21:34.507 [info] Configuration changed
2023-12-13 15:21:52.969 [info] Configuration changed
2023-12-13 15:22:06.850 [info] Configuration changed
2023-12-13 15:22:09.799 [info] Configuration changed
2023-12-13 15:22:11.850 [info] Configuration changed
2023-12-13 15:22:31.775 [info] Configuration changed
2023-12-13 15:24:02.723 [info] Configuration changed
2023-12-13 15:24:26.494 [info] /settings/profile closed
2023-12-13 15:24:26.700 [info] /settings/resourceLanguage closed
2023-12-13 15:24:26.901 [info] /launch closed
2023-12-13 15:24:27.022 [info] /token-styling closed
2023-12-13 15:24:27.022 [info] /textmate-colors closed
2023-12-13 15:24:27.026 [info] /workbench-colors closed
2023-12-13 15:24:27.066 [info] Active editor: file:///home/michell/Workspace/multidadosti/odoo/multierp/src/core/addons/account_bank_statement_import/models/account_bank_statement_import.py
2023-12-13 15:24:30.084 [info] Active editor: vscode-userdata:/home/michell/.config/Code/User/profiles/-4f39f5a1/settings.json
2023-12-13 15:24:30.096 [info] /home/michell/Workspace/multidadosti/odoo/multierp/src/core/addons/account_bank_statement_import/models/account_bank_statement_import.py.git closed
2023-12-13 15:24:33.831 [info] Active editor: file:///home/michell/Workspace/multidadosti/odoo/multierp/src/core/addons/account_bank_statement_import/models/account_bank_statement_import.py
2023-12-13 15:25:07.478 [info] Active editor: vscode-userdata:/home/michell/.config/Code/User/profiles/-4f39f5a1/settings.json
2023-12-13 15:25:07.491 [info] /home/michell/Workspace/multidadosti/odoo/multierp/src/core/addons/account_bank_statement_import/models/account_bank_statement_import.py.git closed
2023-12-13 15:25:10.701 [info] Active editor: file:///home/michell/Workspace/multidadosti/odoo/multierp/src/core/addons/account_bank_statement_import/models/account_bank_statement_import.py
2023-12-13 15:25:12.018 [info] Active editor: vscode-userdata:/home/michell/.config/Code/User/profiles/-4f39f5a1/settings.json
2023-12-13 15:25:12.036 [info] /home/michell/Workspace/multidadosti/odoo/multierp/src/core/addons/account_bank_statement_import/models/account_bank_statement_import.py.git closed
2023-12-13 15:25:16.322 [info] Active editor: file:///home/michell/Workspace/multidadosti/odoo/multierp/src/core/addons/account_bank_statement_import/models/account_bank_statement_import.py
2023-12-13 15:25:25.294 [info] Active editor: vscode-userdata:/home/michell/.config/Code/User/profiles/-4f39f5a1/settings.json
2023-12-13 15:25:25.309 [info] /home/michell/Workspace/multidadosti/odoo/multierp/src/core/addons/account_bank_statement_import/models/account_bank_statement_import.py.git closed
2023-12-13 15:25:30.112 [info] Active editor: file:///home/michell/Workspace/multidadosti/odoo/multierp/src/core/addons/account_bank_statement_import/models/account_bank_statement_import.py
2023-12-13 15:25:43.260 [info] /home/michell/Workspace/multidadosti/odoo/multierp/src/core/addons/account_bank_statement_import/models/account_bank_statement_import.py.git closed
2023-12-13 15:25:44.009 [info] Active editor: vscode-userdata:/home/michell/.config/Code/User/profiles/-4f39f5a1/settings.json
2023-12-13 15:25:52.472 [info] Configuration changed
2023-12-13 15:25:55.641 [info] Configuration changed
2023-12-13 15:25:57.541 [info] Configuration changed
2023-12-13 15:26:04.625 [info] Configuration changed
2023-12-13 15:26:04.902 [info] Active editor: file:///home/michell/Workspace/multidadosti/odoo/multierp/src/core/addons/account_bank_statement_import/models/account_bank_statement_import.py
2023-12-13 15:26:17.266 [info] /home/michell/Workspace/multidadosti/odoo/multierp/src/core/addons/account_bank_statement_import/models/account_bank_statement_import.py.git closed
2023-12-13 15:26:17.956 [info] Active editor: vscode-userdata:/home/michell/.config/Code/User/profiles/-4f39f5a1/settings.json
2023-12-13 15:26:21.329 [info] Active editor: file:///home/michell/Workspace/multidadosti/odoo/multierp/src/core/addons/account_bank_statement_import/models/account_bank_statement_import.py
2023-12-13 15:26:27.821 [info] /home/michell/Workspace/multidadosti/odoo/multierp/src/core/addons/account_bank_statement_import/models/account_bank_statement_import.py.git closed
2023-12-13 15:26:28.421 [info] Active editor: vscode-userdata:/home/michell/.config/Code/User/profiles/-4f39f5a1/settings.json
2023-12-13 15:26:40.851 [info] Configuration changed
2023-12-13 15:26:42.288 [info] Configuration changed
2023-12-13 15:26:45.489 [info] Configuration changed
2023-12-13 15:26:49.774 [info] Configuration changed
2023-12-13 15:26:50.491 [info] Active editor: file:///home/michell/Workspace/multidadosti/odoo/multierp/src/core/addons/account_bank_statement_import/models/account_bank_statement_import.py
2023-12-13 15:27:01.685 [info] Active editor: vscode-userdata:/home/michell/.config/Code/User/profiles/-4f39f5a1/settings.json
2023-12-13 15:27:01.700 [info] /home/michell/Workspace/multidadosti/odoo/multierp/src/core/addons/account_bank_statement_import/models/account_bank_statement_import.py.git closed
2023-12-13 15:27:06.593 [info] Configuration changed
2023-12-13 15:27:06.997 [info] Active editor: file:///home/michell/Workspace/multidadosti/odoo/multierp/src/core/addons/account_bank_statement_import/models/account_bank_statement_import.py
2023-12-13 15:27:15.576 [info] Active editor: vscode-userdata:/home/michell/.config/Code/User/profiles/-4f39f5a1/settings.json
2023-12-13 15:27:15.591 [info] /home/michell/Workspace/multidadosti/odoo/multierp/src/core/addons/account_bank_statement_import/models/account_bank_statement_import.py.git closed
2023-12-13 15:27:17.712 [info] Active editor: file:///home/michell/Workspace/multidadosti/odoo/multierp/src/core/addons/account_bank_statement_import/models/account_bank_statement_import.py
2023-12-13 15:27:20.582 [info] Active editor: vscode-userdata:/home/michell/.config/Code/User/profiles/-4f39f5a1/settings.json
2023-12-13 15:27:20.596 [info] /home/michell/Workspace/multidadosti/odoo/multierp/src/core/addons/account_bank_statement_import/models/account_bank_statement_import.py.git closed
2023-12-13 15:27:23.452 [info] Active editor: file:///home/michell/Workspace/multidadosti/odoo/multierp/src/core/addons/account_bank_statement_import/models/account_bank_statement_import.py
2023-12-13 15:27:26.525 [info] /settings/profile closed
2023-12-13 15:27:26.764 [info] /settings/resourceLanguage closed
2023-12-13 15:27:26.978 [info] /launch closed
2023-12-13 15:27:27.201 [info] /token-styling closed
2023-12-13 15:27:27.202 [info] /textmate-colors closed
2023-12-13 15:27:27.216 [info] /workbench-colors closed
2023-12-13 15:27:35.902 [info] Active editor: vscode-userdata:/home/michell/.config/Code/User/profiles/-4f39f5a1/settings.json
2023-12-13 15:27:35.915 [info] /home/michell/Workspace/multidadosti/odoo/multierp/src/core/addons/account_bank_statement_import/models/account_bank_statement_import.py.git closed
2023-12-13 15:27:39.606 [info] Active editor: file:///home/michell/Workspace/multidadosti/odoo/multierp/src/core/addons/account_bank_statement_import/models/account_bank_statement_import.py
2023-12-13 15:27:49.106 [info] Active editor: vscode-userdata:/home/michell/.config/Code/User/profiles/-4f39f5a1/settings.json
2023-12-13 15:27:49.123 [info] /home/michell/Workspace/multidadosti/odoo/multierp/src/core/addons/account_bank_statement_import/models/account_bank_statement_import.py.git closed
2023-12-13 15:27:53.322 [info] Configuration changed
2023-12-13 15:27:53.987 [info] Active editor: file:///home/michell/Workspace/multidadosti/odoo/multierp/src/core/addons/account_bank_statement_import/models/account_bank_statement_import.py
2023-12-13 15:28:46.748 [info] Active editor: vscode-userdata:/home/michell/.config/Code/User/profiles/-4f39f5a1/settings.json
2023-12-13 15:28:46.762 [info] /home/michell/Workspace/multidadosti/odoo/multierp/src/core/addons/account_bank_statement_import/models/account_bank_statement_import.py.git closed
2023-12-13 15:28:55.640 [info] Configuration changed
2023-12-13 15:29:09.280 [info] Configuration changed
2023-12-13 15:29:09.660 [info] Active editor: file:///home/michell/Workspace/multidadosti/odoo/multierp/src/core/addons/account_bank_statement_import/models/account_bank_statement_import.py
2023-12-13 15:29:57.966 [info] Active editor: vscode-userdata:/home/michell/.config/Code/User/profiles/-4f39f5a1/settings.json
2023-12-13 15:29:57.989 [info] /home/michell/Workspace/multidadosti/odoo/multierp/src/core/addons/account_bank_statement_import/models/account_bank_statement_import.py.git closed
2023-12-13 15:30:03.482 [info] Configuration changed
2023-12-13 15:30:04.986 [info] Active editor: file:///home/michell/Workspace/multidadosti/odoo/multierp/src/core/addons/account_bank_statement_import/models/account_bank_statement_import.py
2023-12-13 15:30:26.564 [info] /settings/profile closed
2023-12-13 15:30:26.842 [info] /settings/resourceLanguage closed
2023-12-13 15:30:27.063 [info] /launch closed
2023-12-13 15:30:27.248 [info] /token-styling closed
2023-12-13 15:30:27.249 [info] /textmate-colors closed
2023-12-13 15:30:27.341 [info] /workbench-colors closed
2023-12-13 15:31:20.060 [info] Active editor: vscode-userdata:/home/michell/.config/Code/User/profiles/-4f39f5a1/settings.json
2023-12-13 15:31:20.075 [info] /home/michell/Workspace/multidadosti/odoo/multierp/src/core/addons/account_bank_statement_import/models/account_bank_statement_import.py.git closed
2023-12-13 15:31:26.075 [info] Configuration changed
2023-12-13 15:31:35.824 [info] Configuration changed
2023-12-13 15:31:40.575 [info] Configuration changed
2023-12-13 15:31:53.369 [info] Active editor: file:///home/michell/Workspace/multidadosti/odoo/multierp/src/core/addons/account_bank_statement_import/models/account_bank_statement_import.py
2023-12-13 15:32:29.643 [info] Active editor: vscode-userdata:/home/michell/.config/Code/User/profiles/-4f39f5a1/settings.json
2023-12-13 15:32:29.658 [info] /home/michell/Workspace/multidadosti/odoo/multierp/src/core/addons/account_bank_statement_import/models/account_bank_statement_import.py.git closed
2023-12-13 15:32:33.876 [info] Configuration changed
2023-12-13 15:32:34.067 [info] Active editor: file:///home/michell/Workspace/multidadosti/odoo/multierp/src/core/addons/account_bank_statement_import/models/account_bank_statement_import.py
2023-12-13 15:32:40.603 [info] Active editor: vscode-userdata:/home/michell/.config/Code/User/profiles/-4f39f5a1/settings.json
2023-12-13 15:32:40.617 [info] /home/michell/Workspace/multidadosti/odoo/multierp/src/core/addons/account_bank_statement_import/models/account_bank_statement_import.py.git closed
2023-12-13 15:32:48.010 [info] Active editor: file:///home/michell/Workspace/multidadosti/odoo/multierp/src/core/addons/account_bank_statement_import/models/account_bank_statement_import.py
2023-12-13 15:33:17.132 [info] Active editor: vscode-userdata:/home/michell/.config/Code/User/profiles/-4f39f5a1/settings.json
2023-12-13 15:33:17.144 [info] /home/michell/Workspace/multidadosti/odoo/multierp/src/core/addons/account_bank_statement_import/models/account_bank_statement_import.py.git closed
2023-12-13 15:33:24.437 [info] Active editor: file:///home/michell/Workspace/multidadosti/odoo/multierp/src/core/addons/account_bank_statement_import/models/account_bank_statement_import.py
2023-12-13 15:33:26.619 [info] /settings/profile closed
2023-12-13 15:33:26.899 [info] /settings/resourceLanguage closed
2023-12-13 15:33:27.148 [info] /launch closed
2023-12-13 15:33:27.296 [info] /token-styling closed
2023-12-13 15:33:27.296 [info] /textmate-colors closed
2023-12-13 15:33:27.376 [info] /workbench-colors closed
2023-12-13 15:33:30.629 [info] Active editor: vscode-userdata:/home/michell/.config/Code/User/profiles/-4f39f5a1/settings.json
2023-12-13 15:33:30.643 [info] /home/michell/Workspace/multidadosti/odoo/multierp/src/core/addons/account_bank_statement_import/models/account_bank_statement_import.py.git closed
2023-12-13 15:34:24.507 [info] Configuration changed
2023-12-13 15:34:27.278 [info] Configuration changed
2023-12-13 15:34:34.577 [info] Configuration changed
2023-12-13 15:34:38.690 [info] Configuration changed
2023-12-13 15:34:42.419 [info] Active editor: file:///home/michell/Workspace/multidadosti/odoo/multierp/src/core/addons/account_bank_statement_import/models/account_bank_statement_import.py
2023-12-13 15:34:46.425 [info] Active editor: vscode-userdata:/home/michell/.config/Code/User/profiles/-4f39f5a1/settings.json
2023-12-13 15:34:46.440 [info] /home/michell/Workspace/multidadosti/odoo/multierp/src/core/addons/account_bank_statement_import/models/account_bank_statement_import.py.git closed
2023-12-13 15:34:52.936 [info] Configuration changed
2023-12-13 15:35:02.759 [info] Active editor: file:///home/michell/Workspace/multidadosti/odoo/multierp/src/core/addons/account_bank_statement_import/models/account_bank_statement_import.py
2023-12-13 15:35:20.371 [info] Active editor: vscode-userdata:/home/michell/.config/Code/User/profiles/-4f39f5a1/settings.json
2023-12-13 15:35:20.385 [info] /home/michell/Workspace/multidadosti/odoo/multierp/src/core/addons/account_bank_statement_import/models/account_bank_statement_import.py.git closed
2023-12-13 15:35:26.721 [info] Active editor: file:///home/michell/Workspace/multidadosti/odoo/multierp/src/core/addons/account_bank_statement_import/models/account_bank_statement_import.py
2023-12-13 15:35:32.279 [info] Active editor: vscode-userdata:/home/michell/.config/Code/User/profiles/-4f39f5a1/settings.json
2023-12-13 15:35:32.293 [info] /home/michell/Workspace/multidadosti/odoo/multierp/src/core/addons/account_bank_statement_import/models/account_bank_statement_import.py.git closed
2023-12-13 15:35:42.092 [info] Configuration changed
2023-12-13 15:35:42.340 [info] Active editor: file:///home/michell/Workspace/multidadosti/odoo/multierp/src/core/addons/account_bank_statement_import/models/account_bank_statement_import.py
2023-12-13 15:35:45.098 [info] /home/michell/.config/Code/User/profiles/-4f39f5a1/settings.json closed
2023-12-13 15:35:56.901 [info] /home/michell/Workspace/multidadosti/odoo/multierp/src/core/addons/account_bank_statement_import/models/account_bank_statement_import.py.git closed
2023-12-13 15:35:57.749 [info] Active editor: file:///home/michell/Workspace/multidadosti/odoo/multierp/src/core/addons/account_bank_statement_import/models/account_bank_statement_import.py
2023-12-13 15:36:01.117 [info] Active editor: file:///home/michell/Workspace/multidadosti/odoo/multierp/src/core/addons/account_bank_statement_import/models/account_bank_statement_line.py
2023-12-13 15:36:01.145 [info] /home/michell/Workspace/multidadosti/odoo/multierp/src/core/addons/account_bank_statement_import/models/account_bank_statement_import.py.git closed
2023-12-13 15:36:01.946 [info] Active editor: file:///home/michell/Workspace/multidadosti/odoo/multierp/src/core/addons/account_bank_statement_import/models/account_bank_statement_import.py
2023-12-13 15:36:01.956 [info] /home/michell/Workspace/multidadosti/odoo/multierp/src/core/addons/account_bank_statement_import/models/account_bank_statement_line.py.git closed
2023-12-13 15:36:26.665 [info] /settings/profile closed
2023-12-13 15:36:26.951 [info] /settings/resourceLanguage closed
2023-12-13 15:36:27.243 [info] /launch closed
2023-12-13 15:36:27.348 [info] /token-styling closed
2023-12-13 15:36:27.349 [info] /textmate-colors closed
2023-12-13 15:36:27.432 [info] /workbench-colors closed
2023-12-13 15:39:07.243 [info] Active editor: file:///home/michell/Workspace/multidadosti/odoo/multierp/src/core/addons/account_bank_statement_import/models/account_bank_statement_line.py
2023-12-13 15:39:07.253 [info] /home/michell/Workspace/multidadosti/odoo/multierp/src/core/addons/account_bank_statement_import/models/account_bank_statement_import.py.git closed
2023-12-13 15:39:09.214 [info] Active editor: file:///home/michell/Workspace/multidadosti/odoo/multierp/src/core/addons/account_bank_statement_import/models/account_bank_statement_import.py
2023-12-13 15:39:09.224 [info] /home/michell/Workspace/multidadosti/odoo/multierp/src/core/addons/account_bank_statement_import/models/account_bank_statement_line.py.git closed
2023-12-13 15:45:48.492 [info] Active editor: file:///home/michell/Workspace/multidadosti/odoo/multierp/src/core/addons/account_bank_statement_import/models/account_bank_statement_line.py
2023-12-13 15:45:48.504 [info] /home/michell/Workspace/multidadosti/odoo/multierp/src/core/addons/account_bank_statement_import/models/account_bank_statement_import.py.git closed
