Initializing document watcher...
css-exercises/flex/03-flex-header-2/index.html: {}
css-exercises/flex/03-flex-header-2/index.html: Using EditorConfig core...
css-exercises/flex/03-flex-header-2/index.html: {}
css-exercises/flex/03-flex-header-2/style.css: {}
css-exercises/flex/03-flex-header-2/style.css: {}
css-exercises/flex/03-flex-header-2/index.html: {}
css-exercises/flex/03-flex-header-2/style.css: {}
css-exercises/flex/03-flex-header-2/index.html: {}
css-exercises/flex/03-flex-header-2/style.css: {}
css-exercises/flex/03-flex-header-2/style.css: Using EditorConfig core...
css-exercises/flex/03-flex-header-2/style.css: Using EditorConfig core...
css-exercises/flex/03-flex-header-2/style.css: Using EditorConfig core...
css-exercises/flex/03-flex-header-2/style.css: Using EditorConfig core...
css-exercises/flex/03-flex-header-2/style.css: Using EditorConfig core...
css-exercises/flex/03-flex-header-2/style.css: Using EditorConfig core...
css-exercises/flex/03-flex-header-2/style.css: Using EditorConfig core...
css-exercises/flex/03-flex-header-2/style.css: {}
css-exercises/flex/03-flex-header-2/index.html: {}
css-exercises/flex/03-flex-header-2/index.html: Using EditorConfig core...
css-exercises/flex/03-flex-header-2/index.html: Using EditorConfig core...
css-exercises/flex/03-flex-header-2/index.html: Using EditorConfig core...
css-exercises/flex/03-flex-header-2/index.html: Using EditorConfig core...
css-exercises/flex/03-flex-header-2/index.html: {}
css-exercises/flex/03-flex-header-2/index.html: Using EditorConfig core...
css-exercises/flex/03-flex-header-2/index.html: Using EditorConfig core...
css-exercises/flex/03-flex-header-2/index.html: Using EditorConfig core...
css-exercises/flex/03-flex-header-2/index.html: Using EditorConfig core...
css-exercises/flex/03-flex-header-2/index.html: Using EditorConfig core...
css-exercises/flex/03-flex-header-2/index.html: Using EditorConfig core...
css-exercises/flex/03-flex-header-2/index.html: Using EditorConfig core...
css-exercises/flex/03-flex-header-2/index.html: Using EditorConfig core...
css-exercises/flex/03-flex-header-2/index.html: Using EditorConfig core...
css-exercises/flex/03-flex-header-2/index.html: Using EditorConfig core...
css-exercises/flex/03-flex-header-2/index.html: Using EditorConfig core...
css-exercises/flex/03-flex-header-2/index.html: Using EditorConfig core...
css-exercises/flex/03-flex-header-2/index.html: Using EditorConfig core...
css-exercises/flex/03-flex-header-2/index.html: Using EditorConfig core...
css-exercises/flex/03-flex-header-2/index.html: Using EditorConfig core...
css-exercises/flex/03-flex-header-2/index.html: Using EditorConfig core...
css-exercises/flex/03-flex-header-2/index.html: Using EditorConfig core...
css-exercises/flex/03-flex-header-2/index.html: Using EditorConfig core...
css-exercises/flex/03-flex-header-2/index.html: Using EditorConfig core...
css-exercises/flex/03-flex-header-2/index.html: Using EditorConfig core...
css-exercises/flex/03-flex-header-2/index.html: Using EditorConfig core...
css-exercises/flex/03-flex-header-2/index.html: Using EditorConfig core...
css-exercises/flex/03-flex-header-2/index.html: Using EditorConfig core...
css-exercises/flex/03-flex-header-2/index.html: Using EditorConfig core...
css-exercises/flex/03-flex-header-2/index.html: Using EditorConfig core...
css-exercises/flex/03-flex-header-2/index.html: Using EditorConfig core...
css-exercises/flex/03-flex-header-2/index.html: Using EditorConfig core...
css-exercises/flex/03-flex-header-2/index.html: Using EditorConfig core...
css-exercises/flex/03-flex-header-2/index.html: Using EditorConfig core...
css-exercises/flex/03-flex-header-2/index.html: Using EditorConfig core...
css-exercises/flex/03-flex-header-2/index.html: Using EditorConfig core...
css-exercises/flex/03-flex-header-2/index.html: Using EditorConfig core...
css-exercises/flex/03-flex-header-2/index.html: Using EditorConfig core...
css-exercises/flex/03-flex-header-2/index.html: Using EditorConfig core...
css-exercises/flex/03-flex-header-2/index.html: Using EditorConfig core...
css-exercises/flex/03-flex-header-2/index.html: Using EditorConfig core...
css-exercises/flex/03-flex-header-2/index.html: Using EditorConfig core...
css-exercises/flex/03-flex-header-2/index.html: Using EditorConfig core...
css-exercises/flex/03-flex-header-2/index.html: Using EditorConfig core...
css-exercises/flex/03-flex-header-2/index.html: Using EditorConfig core...
css-exercises/flex/03-flex-header-2/index.html: Using EditorConfig core...
css-exercises/flex/03-flex-header-2/index.html: Using EditorConfig core...
css-exercises/flex/03-flex-header-2/index.html: Using EditorConfig core...
css-exercises/flex/03-flex-header-2/index.html: Using EditorConfig core...
css-exercises/flex/03-flex-header-2/index.html: Using EditorConfig core...
css-exercises/flex/03-flex-header-2/index.html: Using EditorConfig core...
css-exercises/flex/03-flex-header-2/index.html: Using EditorConfig core...
css-exercises/flex/03-flex-header-2/index.html: Using EditorConfig core...
css-exercises/flex/03-flex-header-2/index.html: Using EditorConfig core...
css-exercises/flex/03-flex-header-2/style.css: {}
css-exercises/flex/03-flex-header-2/style.css: Using EditorConfig core...
css-exercises/flex/03-flex-header-2/style.css: Using EditorConfig core...
css-exercises/flex/03-flex-header-2/style.css: Using EditorConfig core...
css-exercises/flex/03-flex-header-2/style.css: Using EditorConfig core...
css-exercises/flex/03-flex-header-2/style.css: Using EditorConfig core...
css-exercises/flex/03-flex-header-2/style.css: Using EditorConfig core...
css-exercises/flex/03-flex-header-2/style.css: Using EditorConfig core...
css-exercises/flex/03-flex-header-2/index.html: {}
css-exercises/flex/03-flex-header-2/index.html: Using EditorConfig core...
css-exercises/flex/03-flex-header-2/style.css: {}
css-exercises/flex/03-flex-header-2/index.html: {}
css-exercises/flex/03-flex-header-2/style.css: {}
css-exercises/flex/03-flex-header-2/style.css: Using EditorConfig core...
css-exercises/flex/03-flex-header-2/style.css: {}
css-exercises/flex/03-flex-header-2/style.css: Using EditorConfig core...
css-exercises/flex/03-flex-header-2/style.css: Using EditorConfig core...
css-exercises/flex/03-flex-header-2/style.css: Using EditorConfig core...
css-exercises/flex/03-flex-header-2/style.css: Using EditorConfig core...
css-exercises/flex/03-flex-header-2/style.css: {}
css-exercises/flex/03-flex-header-2/style.css: Using EditorConfig core...
css-exercises/flex/03-flex-header-2/style.css: {}
css-exercises/flex/03-flex-header-2/style.css: Using EditorConfig core...
css-exercises/flex/03-flex-header-2/style.css: {}
css-exercises/flex/03-flex-header-2/style.css: {}
css-exercises/flex/03-flex-header-2/style.css: {}
css-exercises/flex/03-flex-header-2/style.css: {}
css-exercises/flex/03-flex-header-2/style.css: Using EditorConfig core...
css-exercises/flex/03-flex-header-2/style.css: Using EditorConfig core...
css-exercises/flex/03-flex-header-2/style.css: {}
css-exercises/flex/03-flex-header-2/index.html: {}
css-exercises/flex/03-flex-header-2/index.html: Using EditorConfig core...
css-exercises/flex/03-flex-header-2/index.html: Using EditorConfig core...
css-exercises/flex/03-flex-header-2/index.html: {}
css-exercises/flex/03-flex-header-2/style.css: {}
css-exercises/flex/03-flex-header-2/index.html: Using EditorConfig core...
css-exercises/flex/03-flex-header-2/style.css: Using EditorConfig core...
css-exercises/flex/03-flex-header-2/style.css: Using EditorConfig core...
css-exercises/flex/03-flex-header-2/style.css: {}
css-exercises/flex/03-flex-header-2/style.css: Using EditorConfig core...
css-exercises/flex/03-flex-header-2/style.css: Using EditorConfig core...
css-exercises/flex/03-flex-header-2/style.css: Using EditorConfig core...
css-exercises/flex/03-flex-header-2/style.css: Using EditorConfig core...
css-exercises/flex/03-flex-header-2/style.css: {}
css-exercises/flex/03-flex-header-2/style.css: Using EditorConfig core...
css-exercises/flex/03-flex-header-2/style.css: {}
css-exercises/flex/03-flex-header-2/style.css: Using EditorConfig core...
css-exercises/flex/03-flex-header-2/style.css: Using EditorConfig core...
css-exercises/flex/03-flex-header-2/style.css: {}
css-exercises/flex/03-flex-header-2/style.css: Using EditorConfig core...
css-exercises/flex/03-flex-header-2/style.css: Using EditorConfig core...
css-exercises/flex/03-flex-header-2/style.css: {}
css-exercises/flex/03-flex-header-2/style.css: {}
css-exercises/flex/03-flex-header-2/style.css: Using EditorConfig core...
css-exercises/flex/03-flex-header-2/style.css: {}
css-exercises/flex/03-flex-header-2/style.css: {}
css-exercises/flex/03-flex-header-2/style.css: Using EditorConfig core...
css-exercises/flex/03-flex-header-2/style.css: Using EditorConfig core...
css-exercises/flex/03-flex-header-2/style.css: Using EditorConfig core...
css-exercises/flex/03-flex-header-2/style.css: Using EditorConfig core...
css-exercises/flex/03-flex-header-2/style.css: {}
css-exercises/flex/03-flex-header-2/style.css: Using EditorConfig core...
css-exercises/flex/03-flex-header-2/style.css: Using EditorConfig core...
css-exercises/flex/03-flex-header-2/style.css: Using EditorConfig core...
css-exercises/flex/03-flex-header-2/style.css: Using EditorConfig core...
css-exercises/flex/03-flex-header-2/style.css: Using EditorConfig core...
css-exercises/flex/03-flex-header-2/style.css: {}
css-exercises/flex/03-flex-header-2/style.css: {}
css-exercises/flex/03-flex-header-2/style.css: Using EditorConfig core...
css-exercises/flex/03-flex-header-2/style.css: {}
css-exercises/flex/03-flex-header-2/style.css: {}
css-exercises/flex/03-flex-header-2/style.css: Using EditorConfig core...
css-exercises/flex/03-flex-header-2/style.css: Using EditorConfig core...
css-exercises/flex/03-flex-header-2/style.css: {}
css-exercises/flex/03-flex-header-2/style.css: {}
css-exercises/flex/03-flex-header-2/style.css: Using EditorConfig core...
css-exercises/flex/03-flex-header-2/style.css: Using EditorConfig core...
css-exercises/flex/03-flex-header-2/style.css: {}
css-exercises/flex/03-flex-header-2/style.css: {}
css-exercises/flex/03-flex-header-2/index.html: {}
css-exercises/flex/03-flex-header-2/index.html: {}
css-exercises/flex/03-flex-header-2/index.html: {}
css-exercises/flex/03-flex-header-2/index.html: {}
css-exercises/flex/03-flex-header-2/index.html: {}
css-exercises/flex/03-flex-header-2/index.html: {}
css-exercises/flex/03-flex-header-2/index.html: {}
css-exercises/flex/04-flex-information/index.html: {}
css-exercises/flex/04-flex-information/style.css: {}
css-exercises/flex/04-flex-information/style.css: {}
css-exercises/flex/04-flex-information/index.html: {}
css-exercises/flex/04-flex-information/index.html: Using EditorConfig core...
css-exercises/flex/04-flex-information/index.html: {}
css-exercises/flex/04-flex-information/index.html: {}
css-exercises/flex/04-flex-information/index.html: {}
css-exercises/flex/04-flex-information/index.html: {}
css-exercises/flex/04-flex-information/index.html: {}
css-exercises/flex/04-flex-information/style.css: {}
css-exercises/flex/04-flex-information/index.html: {}
css-exercises/flex/04-flex-information/style.css: {}
css-exercises/flex/04-flex-information/style.css: Using EditorConfig core...
css-exercises/flex/04-flex-information/style.css: Using EditorConfig core...
css-exercises/flex/04-flex-information/style.css: Using EditorConfig core...
css-exercises/flex/04-flex-information/style.css: {}
css-exercises/flex/04-flex-information/style.css: Using EditorConfig core...
css-exercises/flex/04-flex-information/style.css: Using EditorConfig core...
css-exercises/flex/04-flex-information/style.css: Using EditorConfig core...
css-exercises/flex/04-flex-information/style.css: {}
css-exercises/flex/04-flex-information/index.html: {}
css-exercises/flex/04-flex-information/index.html: {}
css-exercises/flex/04-flex-information/index.html: {}
css-exercises/flex/04-flex-information/index.html: {}
css-exercises/flex/04-flex-information/index.html: {}
css-exercises/flex/04-flex-information/style.css: {}
css-exercises/flex/04-flex-information/style.css: Using EditorConfig core...
css-exercises/flex/04-flex-information/style.css: Using EditorConfig core...
css-exercises/flex/04-flex-information/style.css: Using EditorConfig core...
css-exercises/flex/04-flex-information/style.css: Using EditorConfig core...
css-exercises/flex/04-flex-information/style.css: Using EditorConfig core...
css-exercises/flex/04-flex-information/style.css: Using EditorConfig core...
css-exercises/flex/04-flex-information/style.css: {}
css-exercises/flex/04-flex-information/style.css: Using EditorConfig core...
css-exercises/flex/04-flex-information/style.css: Using EditorConfig core...
css-exercises/flex/04-flex-information/style.css: {}
css-exercises/flex/04-flex-information/style.css: {}
css-exercises/flex/04-flex-information/index.html: {}
css-exercises/flex/04-flex-information/index.html: {}
css-exercises/flex/04-flex-information/style.css: {}
css-exercises/flex/04-flex-information/index.html: {}
css-exercises/flex/04-flex-information/style.css: {}
css-exercises/flex/04-flex-information/style.css: Using EditorConfig core...
css-exercises/flex/04-flex-information/style.css: {}
css-exercises/flex/04-flex-information/style.css: Using EditorConfig core...
css-exercises/flex/04-flex-information/index.html: {}
css-exercises/flex/04-flex-information/index.html: {}
css-exercises/flex/04-flex-information/index.html: Using EditorConfig core...
css-exercises/flex/04-flex-information/index.html: Using EditorConfig core...
css-exercises/flex/04-flex-information/index.html: Using EditorConfig core...
css-exercises/flex/04-flex-information/index.html: Using EditorConfig core...
css-exercises/flex/04-flex-information/index.html: Using EditorConfig core...
css-exercises/flex/04-flex-information/index.html: Using EditorConfig core...
css-exercises/flex/04-flex-information/index.html: Using EditorConfig core...
css-exercises/flex/04-flex-information/index.html: Using EditorConfig core...
css-exercises/flex/04-flex-information/index.html: Using EditorConfig core...
css-exercises/flex/04-flex-information/index.html: Using EditorConfig core...
css-exercises/flex/04-flex-information/index.html: Using EditorConfig core...
css-exercises/flex/04-flex-information/style.css: {}
css-exercises/flex/04-flex-information/style.css: Using EditorConfig core...
css-exercises/flex/04-flex-information/style.css: Using EditorConfig core...
css-exercises/flex/04-flex-information/style.css: Using EditorConfig core...
css-exercises/flex/04-flex-information/style.css: {}
css-exercises/flex/04-flex-information/index.html: {}
css-exercises/flex/04-flex-information/index.html: Using EditorConfig core...
css-exercises/flex/04-flex-information/index.html: Using EditorConfig core...
css-exercises/flex/04-flex-information/index.html: Using EditorConfig core...
css-exercises/flex/04-flex-information/index.html: Using EditorConfig core...
css-exercises/flex/04-flex-information/index.html: Using EditorConfig core...
css-exercises/flex/04-flex-information/index.html: Using EditorConfig core...
css-exercises/flex/04-flex-information/index.html: Using EditorConfig core...
css-exercises/flex/04-flex-information/index.html: Using EditorConfig core...
css-exercises/flex/04-flex-information/index.html: Using EditorConfig core...
css-exercises/flex/04-flex-information/index.html: Using EditorConfig core...
css-exercises/flex/04-flex-information/index.html: Using EditorConfig core...
css-exercises/flex/04-flex-information/index.html: Using EditorConfig core...
css-exercises/flex/04-flex-information/style.css: {}
css-exercises/flex/04-flex-information/style.css: Using EditorConfig core...
css-exercises/flex/04-flex-information/style.css: Using EditorConfig core...
css-exercises/flex/04-flex-information/style.css: Using EditorConfig core...
css-exercises/flex/04-flex-information/style.css: Using EditorConfig core...
css-exercises/flex/04-flex-information/style.css: Using EditorConfig core...
css-exercises/flex/04-flex-information/style.css: Using EditorConfig core...
css-exercises/flex/04-flex-information/style.css: Using EditorConfig core...
css-exercises/flex/04-flex-information/style.css: Using EditorConfig core...
css-exercises/flex/04-flex-information/style.css: Using EditorConfig core...
css-exercises/flex/04-flex-information/style.css: Using EditorConfig core...
css-exercises/flex/04-flex-information/style.css: Using EditorConfig core...
css-exercises/flex/04-flex-information/style.css: {}
css-exercises/flex/04-flex-information/style.css: Using EditorConfig core...
css-exercises/flex/04-flex-information/style.css: {}
css-exercises/flex/04-flex-information/index.html: {}
css-exercises/flex/04-flex-information/index.html: Using EditorConfig core...
css-exercises/flex/04-flex-information/index.html: {}
css-exercises/flex/04-flex-information/index.html: {}
css-exercises/flex/04-flex-information/index.html: {}
css-exercises/flex/04-flex-information/index.html: Using EditorConfig core...
css-exercises/flex/04-flex-information/index.html: Using EditorConfig core...
css-exercises/flex/04-flex-information/index.html: Using EditorConfig core...
css-exercises/flex/04-flex-information/index.html: Using EditorConfig core...
css-exercises/flex/04-flex-information/index.html: Using EditorConfig core...
css-exercises/flex/04-flex-information/index.html: Using EditorConfig core...
css-exercises/flex/04-flex-information/index.html: Using EditorConfig core...
css-exercises/flex/04-flex-information/index.html: Using EditorConfig core...
css-exercises/flex/04-flex-information/index.html: Using EditorConfig core...
css-exercises/flex/04-flex-information/index.html: Using EditorConfig core...
css-exercises/flex/04-flex-information/style.css: {}
css-exercises/flex/04-flex-information/style.css: Using EditorConfig core...
css-exercises/flex/04-flex-information/style.css: Using EditorConfig core...
css-exercises/flex/04-flex-information/style.css: Using EditorConfig core...
css-exercises/flex/04-flex-information/style.css: Using EditorConfig core...
css-exercises/flex/04-flex-information/index.html: {}
css-exercises/flex/04-flex-information/index.html: Using EditorConfig core...
css-exercises/flex/04-flex-information/index.html: Using EditorConfig core...
css-exercises/flex/04-flex-information/style.css: {}
css-exercises/flex/04-flex-information/style.css: Using EditorConfig core...
css-exercises/flex/04-flex-information/style.css: Using EditorConfig core...
css-exercises/flex/04-flex-information/style.css: Using EditorConfig core...
css-exercises/flex/04-flex-information/style.css: Using EditorConfig core...
css-exercises/flex/04-flex-information/style.css: Using EditorConfig core...
css-exercises/flex/04-flex-information/style.css: Using EditorConfig core...
css-exercises/flex/04-flex-information/style.css: Using EditorConfig core...
css-exercises/flex/04-flex-information/style.css: Using EditorConfig core...
css-exercises/flex/04-flex-information/style.css: Using EditorConfig core...
css-exercises/flex/04-flex-information/style.css: {}
css-exercises/flex/04-flex-information/style.css: Using EditorConfig core...
css-exercises/flex/04-flex-information/style.css: {}
css-exercises/flex/04-flex-information/style.css: Using EditorConfig core...
css-exercises/flex/04-flex-information/style.css: {}
css-exercises/flex/04-flex-information/style.css: {}
css-exercises/flex/04-flex-information/style.css: Using EditorConfig core...
css-exercises/flex/04-flex-information/style.css: {}
css-exercises/flex/04-flex-information/index.html: {}
css-exercises/flex/04-flex-information/index.html: {}
css-exercises/flex/04-flex-information/style.css: {}
css-exercises/flex/04-flex-information/style.css: Using EditorConfig core...
css-exercises/flex/04-flex-information/solution/solution.css: {}
css-exercises/flex/04-flex-information/style.css: {}
css-exercises/flex/04-flex-information/index.html: {}
css-exercises/flex/04-flex-information/style.css: {}
css-exercises/flex/04-flex-information/style.css: Using EditorConfig core...
css-exercises/flex/04-flex-information/index.html: {}
css-exercises/flex/04-flex-information/index.html: {}
css-exercises/flex/04-flex-information/index.html: Using EditorConfig core...
css-exercises/flex/04-flex-information/index.html: Using EditorConfig core...
css-exercises/flex/04-flex-information/index.html: Using EditorConfig core...
css-exercises/flex/04-flex-information/index.html: Using EditorConfig core...
css-exercises/flex/04-flex-information/index.html: Using EditorConfig core...
css-exercises/flex/04-flex-information/index.html: Using EditorConfig core...
css-exercises/flex/04-flex-information/index.html: Using EditorConfig core...
css-exercises/flex/04-flex-information/index.html: Using EditorConfig core...
css-exercises/flex/04-flex-information/index.html: Using EditorConfig core...
css-exercises/flex/04-flex-information/style.css: {}
css-exercises/flex/04-flex-information/style.css: Using EditorConfig core...
css-exercises/flex/04-flex-information/style.css: Using EditorConfig core...
css-exercises/flex/04-flex-information/style.css: Using EditorConfig core...
css-exercises/flex/04-flex-information/style.css: Using EditorConfig core...
css-exercises/flex/04-flex-information/style.css: Using EditorConfig core...
css-exercises/flex/04-flex-information/style.css: Using EditorConfig core...
css-exercises/flex/04-flex-information/style.css: {}
css-exercises/flex/04-flex-information/style.css: {}
css-exercises/flex/04-flex-information/style.css: {}
css-exercises/flex/04-flex-information/style.css: Using EditorConfig core...
css-exercises/flex/04-flex-information/style.css: Using EditorConfig core...
css-exercises/flex/04-flex-information/style.css: Using EditorConfig core...
css-exercises/flex/04-flex-information/style.css: Using EditorConfig core...
css-exercises/flex/04-flex-information/style.css: Using EditorConfig core...
css-exercises/flex/04-flex-information/style.css: Using EditorConfig core...
css-exercises/flex/04-flex-information/style.css: Using EditorConfig core...
css-exercises/flex/04-flex-information/style.css: Using EditorConfig core...
css-exercises/flex/04-flex-information/style.css: {}
css-exercises/flex/04-flex-information/style.css: {}
css-exercises/flex/04-flex-information/solution/solution.css: {}
css-exercises/flex/04-flex-information/index.html: {}
css-exercises/flex/04-flex-information/style.css: {}
css-exercises/flex/04-flex-information/style.css: {}
css-exercises/flex/04-flex-information/solution/solution.css: {}
css-exercises/flex/04-flex-information/style.css: {}
css-exercises/flex/04-flex-information/style.css: {}
css-exercises/flex/04-flex-information/style.css: {}
css-exercises/flex/04-flex-information/index.html: {}
css-exercises/flex/04-flex-information/index.html: {}
css-exercises/flex/04-flex-information/style.css: {}
css-exercises/flex/04-flex-information/style.css: Using EditorConfig core...
css-exercises/flex/04-flex-information/style.css: Using EditorConfig core...
css-exercises/flex/04-flex-information/style.css: Using EditorConfig core...
css-exercises/flex/04-flex-information/style.css: Using EditorConfig core...
css-exercises/flex/04-flex-information/style.css: Using EditorConfig core...
css-exercises/flex/04-flex-information/style.css: Using EditorConfig core...
css-exercises/flex/04-flex-information/style.css: Using EditorConfig core...
css-exercises/flex/04-flex-information/style.css: Using EditorConfig core...
css-exercises/flex/04-flex-information/style.css: {}
css-exercises/flex/04-flex-information/solution/solution.css: {}
css-exercises/flex/04-flex-information/style.css: {}
css-exercises/flex/04-flex-information/index.html: {}
css-exercises/flex/04-flex-information/index.html: {}
css-exercises/flex/04-flex-information/style.css: {}
css-exercises/flex/04-flex-information/index.html: {}
css-exercises/flex/04-flex-information/index.html: {}
css-exercises/flex/04-flex-information/index.html: Using EditorConfig core...
css-exercises/flex/04-flex-information/index.html: {}
css-exercises/flex/04-flex-information/index.html: {}
css-exercises/flex/04-flex-information/index.html: {}
css-exercises/flex/04-flex-information/index.html: Using EditorConfig core...
css-exercises/flex/04-flex-information/index.html: {}
css-exercises/flex/04-flex-information/index.html: {}
css-exercises/flex/04-flex-information/index.html: {}
css-exercises/flex/04-flex-information/index.html: {}
css-exercises/flex/04-flex-information/style.css: {}
css-exercises/flex/04-flex-information/style.css: Using EditorConfig core...
css-exercises/flex/04-flex-information/style.css: Using EditorConfig core...
css-exercises/flex/04-flex-information/style.css: Using EditorConfig core...
css-exercises/flex/04-flex-information/style.css: Using EditorConfig core...
css-exercises/flex/04-flex-information/style.css: Using EditorConfig core...
css-exercises/flex/04-flex-information/style.css: Using EditorConfig core...
css-exercises/flex/04-flex-information/style.css: {}
css-exercises/flex/04-flex-information/style.css: Using EditorConfig core...
css-exercises/flex/04-flex-information/index.html: {}
css-exercises/flex/04-flex-information/index.html: Using EditorConfig core...
css-exercises/flex/04-flex-information/style.css: {}
css-exercises/flex/04-flex-information/style.css: Using EditorConfig core...
css-exercises/flex/04-flex-information/style.css: Using EditorConfig core...
css-exercises/flex/04-flex-information/style.css: Using EditorConfig core...
css-exercises/flex/04-flex-information/style.css: Using EditorConfig core...
css-exercises/flex/04-flex-information/style.css: Using EditorConfig core...
css-exercises/flex/04-flex-information/style.css: Using EditorConfig core...
css-exercises/flex/04-flex-information/style.css: Using EditorConfig core...
css-exercises/flex/04-flex-information/style.css: Using EditorConfig core...
css-exercises/flex/04-flex-information/style.css: Using EditorConfig core...
css-exercises/flex/04-flex-information/style.css: {}
css-exercises/flex/04-flex-information/style.css: Using EditorConfig core...
css-exercises/flex/04-flex-information/style.css: Using EditorConfig core...
css-exercises/flex/04-flex-information/style.css: Using EditorConfig core...
css-exercises/flex/04-flex-information/style.css: {}
css-exercises/flex/04-flex-information/style.css: Using EditorConfig core...
css-exercises/flex/04-flex-information/style.css: Using EditorConfig core...
css-exercises/flex/04-flex-information/style.css: Using EditorConfig core...
css-exercises/flex/04-flex-information/style.css: Using EditorConfig core...
css-exercises/flex/04-flex-information/style.css: {}
css-exercises/flex/04-flex-information/style.css: Using EditorConfig core...
css-exercises/flex/04-flex-information/style.css: Using EditorConfig core...
css-exercises/flex/04-flex-information/style.css: Using EditorConfig core...
css-exercises/flex/04-flex-information/style.css: Using EditorConfig core...
css-exercises/flex/04-flex-information/style.css: Using EditorConfig core...
css-exercises/flex/04-flex-information/style.css: Using EditorConfig core...
css-exercises/flex/04-flex-information/style.css: Using EditorConfig core...
css-exercises/flex/04-flex-information/style.css: Using EditorConfig core...
css-exercises/flex/04-flex-information/style.css: Using EditorConfig core...
css-exercises/flex/04-flex-information/style.css: {}
css-exercises/flex/04-flex-information/style.css: {}
css-exercises/flex/04-flex-information/style.css: Using EditorConfig core...
css-exercises/flex/04-flex-information/style.css: Using EditorConfig core...
css-exercises/flex/04-flex-information/style.css: Using EditorConfig core...
css-exercises/flex/04-flex-information/style.css: Using EditorConfig core...
css-exercises/flex/04-flex-information/style.css: Using EditorConfig core...
css-exercises/flex/04-flex-information/style.css: Using EditorConfig core...
css-exercises/flex/04-flex-information/index.html: {}
css-exercises/flex/04-flex-information/index.html: Using EditorConfig core...
css-exercises/flex/04-flex-information/index.html: Using EditorConfig core...
css-exercises/flex/04-flex-information/index.html: Using EditorConfig core...
css-exercises/flex/04-flex-information/index.html: Using EditorConfig core...
css-exercises/flex/04-flex-information/index.html: Using EditorConfig core...
css-exercises/flex/04-flex-information/index.html: Using EditorConfig core...
css-exercises/flex/04-flex-information/index.html: Using EditorConfig core...
css-exercises/flex/04-flex-information/index.html: Using EditorConfig core...
css-exercises/flex/04-flex-information/index.html: Using EditorConfig core...
css-exercises/flex/04-flex-information/index.html: Using EditorConfig core...
css-exercises/flex/04-flex-information/index.html: Using EditorConfig core...
css-exercises/flex/04-flex-information/index.html: Using EditorConfig core...
css-exercises/flex/04-flex-information/index.html: Using EditorConfig core...
css-exercises/flex/04-flex-information/index.html: Using EditorConfig core...
css-exercises/flex/04-flex-information/index.html: Using EditorConfig core...
css-exercises/flex/04-flex-information/index.html: Using EditorConfig core...
css-exercises/flex/04-flex-information/index.html: Using EditorConfig core...
css-exercises/flex/04-flex-information/index.html: Using EditorConfig core...
css-exercises/flex/04-flex-information/index.html: Using EditorConfig core...
css-exercises/flex/04-flex-information/index.html: Using EditorConfig core...
css-exercises/flex/04-flex-information/index.html: Using EditorConfig core...
css-exercises/flex/04-flex-information/index.html: Using EditorConfig core...
css-exercises/flex/04-flex-information/index.html: Using EditorConfig core...
css-exercises/flex/04-flex-information/index.html: Using EditorConfig core...
css-exercises/flex/04-flex-information/style.css: {}
css-exercises/flex/04-flex-information/style.css: Using EditorConfig core...
css-exercises/flex/04-flex-information/style.css: Using EditorConfig core...
css-exercises/flex/04-flex-information/style.css: Using EditorConfig core...
css-exercises/flex/04-flex-information/style.css: Using EditorConfig core...
css-exercises/flex/04-flex-information/style.css: Using EditorConfig core...
css-exercises/flex/04-flex-information/style.css: Using EditorConfig core...
css-exercises/flex/04-flex-information/style.css: {}
css-exercises/flex/04-flex-information/style.css: Using EditorConfig core...
css-exercises/flex/04-flex-information/style.css: Using EditorConfig core...
css-exercises/flex/04-flex-information/style.css: {}
css-exercises/flex/04-flex-information/style.css: Using EditorConfig core...
css-exercises/flex/04-flex-information/style.css: Using EditorConfig core...
css-exercises/flex/04-flex-information/style.css: Using EditorConfig core...
css-exercises/flex/04-flex-information/style.css: Using EditorConfig core...
css-exercises/flex/04-flex-information/style.css: Using EditorConfig core...
css-exercises/flex/04-flex-information/style.css: {}
css-exercises/flex/04-flex-information/style.css: Using EditorConfig core...
css-exercises/flex/04-flex-information/style.css: Using EditorConfig core...
css-exercises/flex/04-flex-information/style.css: {}
css-exercises/flex/04-flex-information/index.html: {}
css-exercises/flex/04-flex-information/index.html: Using EditorConfig core...
css-exercises/flex/04-flex-information/index.html: Using EditorConfig core...
css-exercises/flex/04-flex-information/index.html: Using EditorConfig core...
css-exercises/flex/04-flex-information/index.html: Using EditorConfig core...
css-exercises/flex/04-flex-information/index.html: Using EditorConfig core...
css-exercises/flex/04-flex-information/index.html: Using EditorConfig core...
css-exercises/flex/04-flex-information/index.html: Using EditorConfig core...
css-exercises/flex/04-flex-information/index.html: Using EditorConfig core...
css-exercises/flex/04-flex-information/index.html: Using EditorConfig core...
css-exercises/flex/04-flex-information/style.css: {}
css-exercises/flex/04-flex-information/style.css: Using EditorConfig core...
css-exercises/flex/04-flex-information/style.css: Using EditorConfig core...
css-exercises/flex/04-flex-information/style.css: Using EditorConfig core...
css-exercises/flex/04-flex-information/style.css: Using EditorConfig core...
css-exercises/flex/04-flex-information/style.css: Using EditorConfig core...
css-exercises/flex/04-flex-information/style.css: {}
css-exercises/flex/04-flex-information/style.css: Using EditorConfig core...
css-exercises/flex/04-flex-information/style.css: Using EditorConfig core...
css-exercises/flex/04-flex-information/style.css: Using EditorConfig core...
css-exercises/flex/04-flex-information/style.css: Using EditorConfig core...
css-exercises/flex/04-flex-information/style.css: {}
css-exercises/flex/04-flex-information/style.css: Using EditorConfig core...
css-exercises/flex/04-flex-information/style.css: Using EditorConfig core...
css-exercises/flex/04-flex-information/style.css: Using EditorConfig core...
css-exercises/flex/04-flex-information/style.css: {}
css-exercises/flex/04-flex-information/style.css: Using EditorConfig core...
css-exercises/flex/04-flex-information/style.css: Using EditorConfig core...
css-exercises/flex/04-flex-information/style.css: {}
css-exercises/flex/04-flex-information/style.css: {}
css-exercises/flex/04-flex-information/style.css: {}
css-exercises/flex/04-flex-information/style.css: {}
css-exercises/flex/04-flex-information/style.css: Using EditorConfig core...
css-exercises/flex/04-flex-information/style.css: Using EditorConfig core...
css-exercises/flex/04-flex-information/style.css: Using EditorConfig core...
css-exercises/flex/04-flex-information/style.css: Using EditorConfig core...
css-exercises/flex/04-flex-information/style.css: {}
css-exercises/flex/04-flex-information/style.css: {}
css-exercises/flex/04-flex-information/style.css: Using EditorConfig core...
css-exercises/flex/04-flex-information/style.css: Using EditorConfig core...
css-exercises/flex/04-flex-information/style.css: Using EditorConfig core...
css-exercises/flex/04-flex-information/style.css: Using EditorConfig core...
css-exercises/flex/04-flex-information/style.css: Using EditorConfig core...
css-exercises/flex/04-flex-information/style.css: Using EditorConfig core...
css-exercises/flex/04-flex-information/style.css: Using EditorConfig core...
css-exercises/flex/04-flex-information/style.css: {}
css-exercises/flex/04-flex-information/style.css: Using EditorConfig core...
css-exercises/flex/04-flex-information/style.css: {}
css-exercises/flex/04-flex-information/style.css: Using EditorConfig core...
css-exercises/flex/04-flex-information/style.css: Using EditorConfig core...
css-exercises/flex/04-flex-information/style.css: Using EditorConfig core...
css-exercises/flex/04-flex-information/style.css: Using EditorConfig core...
css-exercises/flex/04-flex-information/style.css: Using EditorConfig core...
css-exercises/flex/04-flex-information/style.css: {}
css-exercises/flex/04-flex-information/style.css: {}
css-exercises/flex/04-flex-information/style.css: Using EditorConfig core...
css-exercises/flex/04-flex-information/style.css: Using EditorConfig core...
css-exercises/flex/04-flex-information/style.css: {}
css-exercises/flex/04-flex-information/style.css: Using EditorConfig core...
css-exercises/flex/04-flex-information/style.css: Using EditorConfig core...
css-exercises/flex/04-flex-information/style.css: Using EditorConfig core...
css-exercises/flex/04-flex-information/style.css: Using EditorConfig core...
css-exercises/flex/04-flex-information/style.css: Using EditorConfig core...
css-exercises/flex/04-flex-information/style.css: Using EditorConfig core...
css-exercises/flex/04-flex-information/style.css: Using EditorConfig core...
css-exercises/flex/04-flex-information/style.css: {}
css-exercises/flex/04-flex-information/style.css: {}
css-exercises/flex/04-flex-information/style.css: {}
css-exercises/flex/04-flex-information/style.css: Using EditorConfig core...
css-exercises/flex/04-flex-information/style.css: Using EditorConfig core...
css-exercises/flex/04-flex-information/style.css: Using EditorConfig core...
css-exercises/flex/04-flex-information/style.css: {}
css-exercises/flex/04-flex-information/style.css: Using EditorConfig core...
css-exercises/flex/04-flex-information/style.css: Using EditorConfig core...
css-exercises/flex/04-flex-information/style.css: Using EditorConfig core...
css-exercises/flex/04-flex-information/style.css: {}
css-exercises/flex/04-flex-information/style.css: {}
css-exercises/flex/04-flex-information/style.css: Using EditorConfig core...
css-exercises/flex/04-flex-information/style.css: Using EditorConfig core...
css-exercises/flex/04-flex-information/style.css: Using EditorConfig core...
css-exercises/flex/04-flex-information/style.css: Using EditorConfig core...
css-exercises/flex/04-flex-information/style.css: Using EditorConfig core...
css-exercises/flex/04-flex-information/style.css: Using EditorConfig core...
css-exercises/flex/04-flex-information/style.css: {}
css-exercises/flex/04-flex-information/style.css: {}
css-exercises/flex/04-flex-information/style.css: {}
