2023-12-14 10:08:33.963 [info] Log level: Info
2023-12-14 10:08:33.963 [info] Validating found git in: "git"
2023-12-14 10:08:33.963 [info] Using git "2.25.1" from "git"
2023-12-14 10:08:33.963 [info] > git rev-parse --show-toplevel [4ms]
2023-12-14 10:08:33.963 [info] > git rev-parse --git-dir --git-common-dir [3ms]
2023-12-14 10:08:33.963 [info] Open repository: /home/michell/Workspace/theodinproject/css-exercises
2023-12-14 10:08:33.963 [info] > git rev-parse --show-toplevel [2ms]
2023-12-14 10:08:33.963 [info] > git config --get commit.template [7ms]
2023-12-14 10:08:33.972 [info] > git rev-parse --show-toplevel [5ms]
2023-12-14 10:08:33.976 [info] > git for-each-ref --format=%(refname)%00%(upstream:short)%00%(objectname)%00%(upstream:track)%00%(upstream:remotename)%00%(upstream:remoteref) refs/heads/main refs/remotes/main [5ms]
2023-12-14 10:08:33.977 [info] > git rev-parse --show-toplevel [1ms]
2023-12-14 10:08:33.986 [info] > git rev-parse --show-toplevel [5ms]
2023-12-14 10:08:33.991 [info] > git status -z -uall [6ms]
2023-12-14 10:08:34.000 [info] > git rev-parse --show-toplevel [9ms]
2023-12-14 10:08:34.006 [info] > git config --get commit.template [6ms]
2023-12-14 10:08:34.007 [info] > git rev-parse --show-toplevel [2ms]
2023-12-14 10:08:34.017 [info] > git for-each-ref --format=%(refname)%00%(upstream:short)%00%(objectname)%00%(upstream:track)%00%(upstream:remotename)%00%(upstream:remoteref) refs/heads/main refs/remotes/main [4ms]
2023-12-14 10:08:34.017 [info] > git rev-parse --show-toplevel [1ms]
2023-12-14 10:08:34.025 [info] > git status -z -uall [1ms]
2023-12-14 10:08:34.264 [info] > git show --textconv :flex/04-flex-information/style.css [4ms]
2023-12-14 10:08:34.265 [info] > git ls-files --stage -- /home/michell/Workspace/theodinproject/css-exercises/flex/04-flex-information/style.css [1ms]
2023-12-14 10:08:34.270 [info] > git cat-file -s 80c00fd4bd5bdee3457dae266e588fe3a011fff5 [1ms]
2023-12-14 10:08:34.469 [info] > git check-ignore -v -z --stdin [1ms]
2023-12-14 10:08:35.135 [info] > git ls-files --stage -- /home/michell/Workspace/theodinproject/css-exercises/flex/04-flex-information/style.css [1ms]
2023-12-14 10:08:35.140 [info] > git cat-file -s 80c00fd4bd5bdee3457dae266e588fe3a011fff5 [1ms]
2023-12-14 10:08:35.147 [info] > git show --textconv :flex/04-flex-information/style.css [1ms]
2023-12-14 10:08:35.434 [info] > git fetch [1486ms]
2023-12-14 10:08:35.442 [info] > git config --get commit.template [4ms]
2023-12-14 10:08:35.442 [info] > git for-each-ref --format=%(refname)%00%(upstream:short)%00%(objectname)%00%(upstream:track)%00%(upstream:remotename)%00%(upstream:remoteref) refs/heads/main refs/remotes/main [1ms]
2023-12-14 10:08:35.448 [info] > git status -z -uall [2ms]
2023-12-14 10:08:36.484 [info] > git ls-files --stage -- /home/michell/Workspace/theodinproject/css-exercises/flex/04-flex-information/style.css [1ms]
2023-12-14 10:08:36.489 [info] > git cat-file -s 80c00fd4bd5bdee3457dae266e588fe3a011fff5 [1ms]
2023-12-14 10:08:36.496 [info] > git show --textconv :flex/04-flex-information/style.css [1ms]
2023-12-14 10:17:54.648 [info] > git fetch [1466ms]
2023-12-14 10:17:54.665 [info] > git config --get commit.template [5ms]
2023-12-14 10:17:54.666 [info] > git for-each-ref --format=%(refname)%00%(upstream:short)%00%(objectname)%00%(upstream:track)%00%(upstream:remotename)%00%(upstream:remoteref) refs/heads/main refs/remotes/main [2ms]
2023-12-14 10:17:54.677 [info] > git status -z -uall [7ms]
2023-12-14 10:19:29.096 [info] > git ls-files --stage -- /home/michell/Workspace/theodinproject/css-exercises/flex/04-flex-information/style.css [2ms]
2023-12-14 10:19:29.101 [info] > git cat-file -s 80c00fd4bd5bdee3457dae266e588fe3a011fff5 [1ms]
2023-12-14 10:19:29.111 [info] > git show --textconv :flex/04-flex-information/style.css [1ms]
