2023-12-13 15:01:27.952 [info] [Info  - 3:01:27 PM] (313783) Pylance language server 2023.11.10 (pyright 088ebaa5) starting
2023-12-13 15:01:27.952 [info] [Info  - 3:01:27 PM] (313783) Server root directory: /home/michell/.vscode/extensions/ms-python.vscode-pylance-2023.11.10/dist
2023-12-13 15:01:27.960 [info] [Info  - 3:01:27 PM] (313783) Starting service instance "odoo"
2023-12-13 15:01:27.967 [info] [Info  - 3:01:27 PM] (313783) Auto format for strings enabled
2023-12-13 15:01:28.938 [info] [Info  - 3:01:28 PM] (313783) Setting pythonPath for service "odoo": "/home/michell/Workspace/multidadosti/odoo/.venv/bin/python"
2023-12-13 15:01:28.980 [info] [Info  - 3:01:28 PM] (313783) Setting environmentName for service "odoo": "3.8.18 (.venv venv)"
2023-12-13 15:01:29.023 [info] [Info  - 3:01:29 PM] (313783) Assuming Python version 3.8
2023-12-13 15:01:31.101 [info] [Info  - 3:01:31 PM] (313783) Found 10359 source files
2023-12-13 15:20:58.231 [info] [Info  - 3:20:58 PM] (313783) Setting pythonPath for service "odoo": "/home/michell/Workspace/multidadosti/odoo/.venv/bin/python"
2023-12-13 15:20:58.247 [info] [Info  - 3:20:58 PM] (313783) Setting environmentName for service "odoo": "3.8.18 (.venv venv)"
2023-12-13 15:20:58.272 [info] [Info  - 3:20:58 PM] (313783) Assuming Python version 3.8
2023-12-13 15:20:59.867 [info] [Info  - 3:20:59 PM] (313783) Found 10359 source files
2023-12-13 15:21:00.302 [info] [Info  - 3:21:00 PM] (313783) Setting pythonPath for service "odoo": "/home/michell/Workspace/multidadosti/odoo/.venv/bin/python"
2023-12-13 15:21:00.302 [info] [Info  - 3:21:00 PM] (313783) Setting environmentName for service "odoo": "3.8.18 (.venv venv)"
2023-12-13 15:21:00.373 [info] [Info  - 3:21:00 PM] (313783) Assuming Python version 3.8
2023-12-13 15:21:02.385 [info] [Info  - 3:21:02 PM] (313783) Found 10359 source files
2023-12-13 15:21:02.438 [info] [Info  - 3:21:02 PM] (313783) Setting pythonPath for service "odoo": "/home/michell/Workspace/multidadosti/odoo/.venv/bin/python"
2023-12-13 15:21:02.439 [info] [Info  - 3:21:02 PM] (313783) Setting environmentName for service "odoo": "3.8.18 (.venv venv)"
2023-12-13 15:21:02.479 [info] [Info  - 3:21:02 PM] (313783) Assuming Python version 3.8
2023-12-13 15:21:03.891 [info] [Info  - 3:21:03 PM] (313783) Found 10359 source files
2023-12-13 15:21:04.695 [info] [Info  - 3:21:04 PM] (313783) Setting pythonPath for service "odoo": "/home/michell/Workspace/multidadosti/odoo/.venv/bin/python"
2023-12-13 15:21:04.695 [info] [Info  - 3:21:04 PM] (313783) Setting environmentName for service "odoo": "3.8.18 (.venv venv)"
2023-12-13 15:21:04.748 [info] [Info  - 3:21:04 PM] (313783) Assuming Python version 3.8
2023-12-13 15:21:06.332 [info] [Info  - 3:21:06 PM] (313783) Found 10359 source files
2023-12-13 15:21:14.733 [info] [Info  - 3:21:14 PM] (313783) Setting pythonPath for service "odoo": "/home/michell/Workspace/multidadosti/odoo/.venv/bin/python"
2023-12-13 15:21:14.733 [info] [Info  - 3:21:14 PM] (313783) Setting environmentName for service "odoo": "3.8.18 (.venv venv)"
2023-12-13 15:21:14.794 [info] [Info  - 3:21:14 PM] (313783) Assuming Python version 3.8
2023-12-13 15:21:16.424 [info] [Info  - 3:21:16 PM] (313783) Found 10359 source files
2023-12-13 15:21:21.429 [info] [Info  - 3:21:21 PM] (313783) Setting pythonPath for service "odoo": "/home/michell/Workspace/multidadosti/odoo/.venv/bin/python"
2023-12-13 15:21:21.430 [info] [Info  - 3:21:21 PM] (313783) Setting environmentName for service "odoo": "3.8.18 (.venv venv)"
2023-12-13 15:21:21.518 [info] [Info  - 3:21:21 PM] (313783) Assuming Python version 3.8
2023-12-13 15:21:23.047 [info] [Info  - 3:21:23 PM] (313783) Found 10359 source files
2023-12-13 15:21:34.548 [info] [Info  - 3:21:34 PM] (313783) Setting pythonPath for service "odoo": "/home/michell/Workspace/multidadosti/odoo/.venv/bin/python"
2023-12-13 15:21:34.548 [info] [Info  - 3:21:34 PM] (313783) Setting environmentName for service "odoo": "3.8.18 (.venv venv)"
2023-12-13 15:21:34.623 [info] [Info  - 3:21:34 PM] (313783) Assuming Python version 3.8
2023-12-13 15:21:36.240 [info] [Info  - 3:21:36 PM] (313783) Found 10359 source files
2023-12-13 15:21:52.998 [info] [Info  - 3:21:52 PM] (313783) Setting pythonPath for service "odoo": "/home/michell/Workspace/multidadosti/odoo/.venv/bin/python"
2023-12-13 15:21:52.998 [info] [Info  - 3:21:52 PM] (313783) Setting environmentName for service "odoo": "3.8.18 (.venv venv)"
2023-12-13 15:21:53.047 [info] [Info  - 3:21:53 PM] (313783) Assuming Python version 3.8
2023-12-13 15:21:54.656 [info] [Info  - 3:21:54 PM] (313783) Found 10359 source files
2023-12-13 15:22:06.887 [info] [Info  - 3:22:06 PM] (313783) Setting pythonPath for service "odoo": "/home/michell/Workspace/multidadosti/odoo/.venv/bin/python"
2023-12-13 15:22:06.887 [info] [Info  - 3:22:06 PM] (313783) Setting environmentName for service "odoo": "3.8.18 (.venv venv)"
2023-12-13 15:22:06.936 [info] [Info  - 3:22:06 PM] (313783) Assuming Python version 3.8
2023-12-13 15:22:08.561 [info] [Info  - 3:22:08 PM] (313783) Found 10359 source files
2023-12-13 15:22:09.833 [info] [Info  - 3:22:09 PM] (313783) Setting pythonPath for service "odoo": "/home/michell/Workspace/multidadosti/odoo/.venv/bin/python"
2023-12-13 15:22:09.833 [info] [Info  - 3:22:09 PM] (313783) Setting environmentName for service "odoo": "3.8.18 (.venv venv)"
2023-12-13 15:22:09.893 [info] [Info  - 3:22:09 PM] (313783) Assuming Python version 3.8
2023-12-13 15:22:11.497 [info] [Info  - 3:22:11 PM] (313783) Found 10359 source files
2023-12-13 15:22:11.889 [info] [Info  - 3:22:11 PM] (313783) Setting pythonPath for service "odoo": "/home/michell/Workspace/multidadosti/odoo/.venv/bin/python"
2023-12-13 15:22:11.889 [info] [Info  - 3:22:11 PM] (313783) Setting environmentName for service "odoo": "3.8.18 (.venv venv)"
2023-12-13 15:22:11.941 [info] [Info  - 3:22:11 PM] (313783) Assuming Python version 3.8
2023-12-13 15:22:13.612 [info] [Info  - 3:22:13 PM] (313783) Found 10359 source files
2023-12-13 15:22:31.803 [info] [Info  - 3:22:31 PM] (313783) Setting pythonPath for service "odoo": "/home/michell/Workspace/multidadosti/odoo/.venv/bin/python"
2023-12-13 15:22:31.803 [info] [Info  - 3:22:31 PM] (313783) Setting environmentName for service "odoo": "3.8.18 (.venv venv)"
2023-12-13 15:22:31.866 [info] [Info  - 3:22:31 PM] (313783) Assuming Python version 3.8
2023-12-13 15:22:33.411 [info] [Info  - 3:22:33 PM] (313783) Found 10359 source files
2023-12-13 15:24:02.748 [info] [Info  - 3:24:02 PM] (313783) Setting pythonPath for service "odoo": "/home/michell/Workspace/multidadosti/odoo/.venv/bin/python"
2023-12-13 15:24:02.748 [info] [Info  - 3:24:02 PM] (313783) Setting environmentName for service "odoo": "3.8.18 (.venv venv)"
2023-12-13 15:24:02.788 [info] [Info  - 3:24:02 PM] (313783) Assuming Python version 3.8
2023-12-13 15:24:04.425 [info] [Info  - 3:24:04 PM] (313783) Found 10359 source files
2023-12-13 15:25:52.505 [info] [Info  - 3:25:52 PM] (313783) Setting pythonPath for service "odoo": "/home/michell/Workspace/multidadosti/odoo/.venv/bin/python"
2023-12-13 15:25:52.506 [info] [Info  - 3:25:52 PM] (313783) Setting environmentName for service "odoo": "3.8.18 (.venv venv)"
2023-12-13 15:25:52.552 [info] [Info  - 3:25:52 PM] (313783) Assuming Python version 3.8
2023-12-13 15:25:54.175 [info] [Info  - 3:25:54 PM] (313783) Found 10359 source files
2023-12-13 15:25:55.670 [info] [Info  - 3:25:55 PM] (313783) Setting pythonPath for service "odoo": "/home/michell/Workspace/multidadosti/odoo/.venv/bin/python"
2023-12-13 15:25:55.670 [info] [Info  - 3:25:55 PM] (313783) Setting environmentName for service "odoo": "3.8.18 (.venv venv)"
2023-12-13 15:25:55.721 [info] [Info  - 3:25:55 PM] (313783) Assuming Python version 3.8
2023-12-13 15:25:57.377 [info] [Info  - 3:25:57 PM] (313783) Found 10359 source files
2023-12-13 15:25:57.578 [info] [Info  - 3:25:57 PM] (313783) Setting pythonPath for service "odoo": "/home/michell/Workspace/multidadosti/odoo/.venv/bin/python"
2023-12-13 15:25:57.578 [info] [Info  - 3:25:57 PM] (313783) Setting environmentName for service "odoo": "3.8.18 (.venv venv)"
2023-12-13 15:25:57.648 [info] [Info  - 3:25:57 PM] (313783) Assuming Python version 3.8
2023-12-13 15:25:59.341 [info] [Info  - 3:25:59 PM] (313783) Found 10359 source files
2023-12-13 15:26:04.664 [info] [Info  - 3:26:04 PM] (313783) Setting pythonPath for service "odoo": "/home/michell/Workspace/multidadosti/odoo/.venv/bin/python"
2023-12-13 15:26:04.664 [info] [Info  - 3:26:04 PM] (313783) Setting environmentName for service "odoo": "3.8.18 (.venv venv)"
2023-12-13 15:26:04.727 [info] [Info  - 3:26:04 PM] (313783) Assuming Python version 3.8
2023-12-13 15:26:06.370 [info] [Info  - 3:26:06 PM] (313783) Found 10359 source files
2023-12-13 15:26:40.873 [info] [Info  - 3:26:40 PM] (313783) Setting pythonPath for service "odoo": "/home/michell/Workspace/multidadosti/odoo/.venv/bin/python"
2023-12-13 15:26:40.873 [info] [Info  - 3:26:40 PM] (313783) Setting environmentName for service "odoo": "3.8.18 (.venv venv)"
2023-12-13 15:26:40.919 [info] [Info  - 3:26:40 PM] (313783) Assuming Python version 3.8
2023-12-13 15:26:42.906 [info] [Info  - 3:26:42 PM] (313783) Found 10359 source files
2023-12-13 15:26:42.939 [info] [Info  - 3:26:42 PM] (313783) Setting pythonPath for service "odoo": "/home/michell/Workspace/multidadosti/odoo/.venv/bin/python"
2023-12-13 15:26:42.939 [info] [Info  - 3:26:42 PM] (313783) Setting environmentName for service "odoo": "3.8.18 (.venv venv)"
2023-12-13 15:26:42.977 [info] [Info  - 3:26:42 PM] (313783) Assuming Python version 3.8
2023-12-13 15:26:44.471 [info] [Info  - 3:26:44 PM] (313783) Found 10359 source files
2023-12-13 15:26:45.521 [info] [Info  - 3:26:45 PM] (313783) Setting pythonPath for service "odoo": "/home/michell/Workspace/multidadosti/odoo/.venv/bin/python"
2023-12-13 15:26:45.521 [info] [Info  - 3:26:45 PM] (313783) Setting environmentName for service "odoo": "3.8.18 (.venv venv)"
2023-12-13 15:26:45.567 [info] [Info  - 3:26:45 PM] (313783) Assuming Python version 3.8
2023-12-13 15:26:47.195 [info] [Info  - 3:26:47 PM] (313783) Found 10359 source files
2023-12-13 15:26:49.814 [info] [Info  - 3:26:49 PM] (313783) Setting pythonPath for service "odoo": "/home/michell/Workspace/multidadosti/odoo/.venv/bin/python"
2023-12-13 15:26:49.814 [info] [Info  - 3:26:49 PM] (313783) Setting environmentName for service "odoo": "3.8.18 (.venv venv)"
2023-12-13 15:26:49.865 [info] [Info  - 3:26:49 PM] (313783) Assuming Python version 3.8
2023-12-13 15:26:51.529 [info] [Info  - 3:26:51 PM] (313783) Found 10359 source files
2023-12-13 15:27:06.650 [info] [Info  - 3:27:06 PM] (313783) Setting pythonPath for service "odoo": "/home/michell/Workspace/multidadosti/odoo/.venv/bin/python"
2023-12-13 15:27:06.650 [info] [Info  - 3:27:06 PM] (313783) Setting environmentName for service "odoo": "3.8.18 (.venv venv)"
2023-12-13 15:27:06.716 [info] [Info  - 3:27:06 PM] (313783) Assuming Python version 3.8
2023-12-13 15:27:08.421 [info] [Info  - 3:27:08 PM] (313783) Found 10359 source files
2023-12-13 15:27:53.347 [info] [Info  - 3:27:53 PM] (313783) Setting pythonPath for service "odoo": "/home/michell/Workspace/multidadosti/odoo/.venv/bin/python"
2023-12-13 15:27:53.347 [info] [Info  - 3:27:53 PM] (313783) Setting environmentName for service "odoo": "3.8.18 (.venv venv)"
2023-12-13 15:27:53.392 [info] [Info  - 3:27:53 PM] (313783) Assuming Python version 3.8
2023-12-13 15:27:55.073 [info] [Info  - 3:27:55 PM] (313783) Found 10359 source files
2023-12-13 15:28:55.664 [info] [Info  - 3:28:55 PM] (313783) Setting pythonPath for service "odoo": "/home/michell/Workspace/multidadosti/odoo/.venv/bin/python"
2023-12-13 15:28:55.664 [info] [Info  - 3:28:55 PM] (313783) Setting environmentName for service "odoo": "3.8.18 (.venv venv)"
2023-12-13 15:28:55.700 [info] [Info  - 3:28:55 PM] (313783) Assuming Python version 3.8
2023-12-13 15:28:57.297 [info] [Info  - 3:28:57 PM] (313783) Found 10359 source files
2023-12-13 15:29:09.314 [info] [Info  - 3:29:09 PM] (313783) Setting pythonPath for service "odoo": "/home/michell/Workspace/multidadosti/odoo/.venv/bin/python"
2023-12-13 15:29:09.314 [info] [Info  - 3:29:09 PM] (313783) Setting environmentName for service "odoo": "3.8.18 (.venv venv)"
2023-12-13 15:29:09.359 [info] [Info  - 3:29:09 PM] (313783) Assuming Python version 3.8
2023-12-13 15:29:11.091 [info] [Info  - 3:29:11 PM] (313783) Found 10359 source files
2023-12-13 15:30:03.510 [info] [Info  - 3:30:03 PM] (313783) Setting pythonPath for service "odoo": "/home/michell/Workspace/multidadosti/odoo/.venv/bin/python"
2023-12-13 15:30:03.510 [info] [Info  - 3:30:03 PM] (313783) Setting environmentName for service "odoo": "3.8.18 (.venv venv)"
2023-12-13 15:30:03.564 [info] [Info  - 3:30:03 PM] (313783) Assuming Python version 3.8
2023-12-13 15:30:05.225 [info] [Info  - 3:30:05 PM] (313783) Found 10359 source files
2023-12-13 15:31:26.105 [info] [Info  - 3:31:26 PM] (313783) Setting pythonPath for service "odoo": "/home/michell/Workspace/multidadosti/odoo/.venv/bin/python"
2023-12-13 15:31:26.105 [info] [Info  - 3:31:26 PM] (313783) Setting environmentName for service "odoo": "3.8.18 (.venv venv)"
2023-12-13 15:31:26.142 [info] [Info  - 3:31:26 PM] (313783) Assuming Python version 3.8
2023-12-13 15:31:27.703 [info] [Info  - 3:31:27 PM] (313783) Found 10359 source files
2023-12-13 15:31:35.857 [info] [Info  - 3:31:35 PM] (313783) Setting pythonPath for service "odoo": "/home/michell/Workspace/multidadosti/odoo/.venv/bin/python"
2023-12-13 15:31:35.857 [info] [Info  - 3:31:35 PM] (313783) Setting environmentName for service "odoo": "3.8.18 (.venv venv)"
2023-12-13 15:31:35.918 [info] [Info  - 3:31:35 PM] (313783) Assuming Python version 3.8
2023-12-13 15:31:37.500 [info] [Info  - 3:31:37 PM] (313783) Found 10359 source files
2023-12-13 15:31:40.616 [info] [Info  - 3:31:40 PM] (313783) Setting pythonPath for service "odoo": "/home/michell/Workspace/multidadosti/odoo/.venv/bin/python"
2023-12-13 15:31:40.616 [info] [Info  - 3:31:40 PM] (313783) Setting environmentName for service "odoo": "3.8.18 (.venv venv)"
2023-12-13 15:31:40.670 [info] [Info  - 3:31:40 PM] (313783) Assuming Python version 3.8
2023-12-13 15:31:42.226 [info] [Info  - 3:31:42 PM] (313783) Found 10359 source files
2023-12-13 15:32:33.902 [info] [Info  - 3:32:33 PM] (313783) Setting pythonPath for service "odoo": "/home/michell/Workspace/multidadosti/odoo/.venv/bin/python"
2023-12-13 15:32:33.902 [info] [Info  - 3:32:33 PM] (313783) Setting environmentName for service "odoo": "3.8.18 (.venv venv)"
2023-12-13 15:32:33.945 [info] [Info  - 3:32:33 PM] (313783) Assuming Python version 3.8
2023-12-13 15:32:35.657 [info] [Info  - 3:32:35 PM] (313783) Found 10359 source files
2023-12-13 15:34:24.534 [info] [Info  - 3:34:24 PM] (313783) Setting pythonPath for service "odoo": "/home/michell/Workspace/multidadosti/odoo/.venv/bin/python"
2023-12-13 15:34:24.534 [info] [Info  - 3:34:24 PM] (313783) Setting environmentName for service "odoo": "3.8.18 (.venv venv)"
2023-12-13 15:34:24.577 [info] [Info  - 3:34:24 PM] (313783) Assuming Python version 3.8
2023-12-13 15:34:26.159 [info] [Info  - 3:34:26 PM] (313783) Found 10359 source files
2023-12-13 15:34:27.308 [info] [Info  - 3:34:27 PM] (313783) Setting pythonPath for service "odoo": "/home/michell/Workspace/multidadosti/odoo/.venv/bin/python"
2023-12-13 15:34:27.308 [info] [Info  - 3:34:27 PM] (313783) Setting environmentName for service "odoo": "3.8.18 (.venv venv)"
2023-12-13 15:34:27.351 [info] [Info  - 3:34:27 PM] (313783) Assuming Python version 3.8
2023-12-13 15:34:29.040 [info] [Info  - 3:34:29 PM] (313783) Found 10359 source files
2023-12-13 15:34:34.614 [info] [Info  - 3:34:34 PM] (313783) Setting pythonPath for service "odoo": "/home/michell/Workspace/multidadosti/odoo/.venv/bin/python"
2023-12-13 15:34:34.615 [info] [Info  - 3:34:34 PM] (313783) Setting environmentName for service "odoo": "3.8.18 (.venv venv)"
2023-12-13 15:34:34.668 [info] [Info  - 3:34:34 PM] (313783) Assuming Python version 3.8
2023-12-13 15:34:36.230 [info] [Info  - 3:34:36 PM] (313783) Found 10359 source files
2023-12-13 15:34:38.731 [info] [Info  - 3:34:38 PM] (313783) Setting pythonPath for service "odoo": "/home/michell/Workspace/multidadosti/odoo/.venv/bin/python"
2023-12-13 15:34:38.731 [info] [Info  - 3:34:38 PM] (313783) Setting environmentName for service "odoo": "3.8.18 (.venv venv)"
2023-12-13 15:34:38.789 [info] [Info  - 3:34:38 PM] (313783) Assuming Python version 3.8
2023-12-13 15:34:40.356 [info] [Info  - 3:34:40 PM] (313783) Found 10359 source files
2023-12-13 15:34:52.978 [info] [Info  - 3:34:52 PM] (313783) Setting pythonPath for service "odoo": "/home/michell/Workspace/multidadosti/odoo/.venv/bin/python"
2023-12-13 15:34:52.978 [info] [Info  - 3:34:52 PM] (313783) Setting environmentName for service "odoo": "3.8.18 (.venv venv)"
2023-12-13 15:34:53.054 [info] [Info  - 3:34:53 PM] (313783) Assuming Python version 3.8
2023-12-13 15:34:54.630 [info] [Info  - 3:34:54 PM] (313783) Found 10359 source files
2023-12-13 15:35:42.115 [info] [Info  - 3:35:42 PM] (313783) Setting pythonPath for service "odoo": "/home/michell/Workspace/multidadosti/odoo/.venv/bin/python"
2023-12-13 15:35:42.115 [info] [Info  - 3:35:42 PM] (313783) Setting environmentName for service "odoo": "3.8.18 (.venv venv)"
2023-12-13 15:35:42.153 [info] [Info  - 3:35:42 PM] (313783) Assuming Python version 3.8
2023-12-13 15:35:43.839 [info] [Info  - 3:35:43 PM] (313783) Found 10359 source files
