2023-12-14 08:07:51.134 [info] Added views:workbench.panel.markers.view in workbench.panel.markers
2023-12-14 08:07:51.134 [info] Added views:workbench.panel.output in workbench.panel.output
2023-12-14 08:07:51.134 [info] Added views:terminal in terminal
2023-12-14 08:07:51.134 [info] Added views:workbench.scm in workbench.view.scm
2023-12-14 08:07:51.134 [info] Added views:workbench.view.search in workbench.view.search
2023-12-14 08:07:51.134 [info] Added views:workbench.explorer.fileView in workbench.view.explorer
2023-12-14 08:07:51.307 [info] Added views:workbench.debug.welcome in workbench.view.debug
2023-12-14 08:07:51.867 [info] Added views:bookmarksExplorer,bookmarksHelpAndFeedback in workbench.view.extension.bookmarks
2023-12-14 08:07:51.867 [info] Added views:notes in workbench.view.extension.vscode-notes
2023-12-14 08:07:51.867 [info] Added views:gitlens.views.home,gitlens.views.drafts,gitlens.views.workspaces,gitlens.views.account in workbench.view.extension.gitlens
2023-12-14 08:07:51.870 [info] Added views:gitlens.views.commitDetails,gitlens.views.lineHistory,gitlens.views.fileHistory,gitlens.views.searchAndCompare in workbench.view.extension.gitlensInspect
2023-12-14 08:07:51.870 [info] Added views:gitlens.views.commits,gitlens.views.branches,gitlens.views.remotes,gitlens.views.stashes,gitlens.views.tags in workbench.view.scm
2023-12-14 08:07:52.050 [info] Added views:workbench.panel.repl.view in workbench.panel.repl
2023-12-14 08:07:52.507 [info] Added views:~remote.forwardedPorts in ~remote.forwardedPortsContainer
2023-12-14 08:08:22.488 [info] Added views:gitlens.views.graph,gitlens.views.graphDetails in workbench.view.extension.gitlensPanel
2023-12-14 08:08:22.488 [info] Added views:gitlens.views.timeline in workbench.view.extension.gitlensInspect
2023-12-14 08:08:22.488 [info] Added views:gitlens.views.worktrees in workbench.view.scm
2023-12-14 08:35:32.661 [info] Added views:workbench.views.extensions.installed,workbench.views.extensions.popular,extensions.recommendedList in workbench.view.extensions
2023-12-14 08:35:32.666 [info] Removed views:workbench.views.extensions.popular from workbench.view.extensions
2023-12-14 08:35:35.038 [info] Removed views:extensions.recommendedList,workbench.views.extensions.installed from workbench.view.extensions
2023-12-14 08:35:35.043 [info] Added views:workbench.views.extensions.marketplace in workbench.view.extensions
