2023-12-13 16:42:27.249 [info] Getting Manifest... eamodio.gitlens
2023-12-13 16:42:27.252 [info] Getting Manifest... jdinhlife.gruvbox
2023-12-13 16:42:27.254 [info] Getting Manifest... mechatroner.rainbow-csv
2023-12-13 16:42:27.256 [info] Getting Manifest... ms-azuretools.vscode-docker
2023-12-13 16:42:27.257 [info] Getting Manifest... ms-python.pylint
2023-12-13 16:42:27.258 [info] Getting Manifest... ms-python.python
2023-12-13 16:42:27.259 [info] Getting Manifest... ms-python.vscode-pylance
2023-12-13 16:42:27.261 [info] Getting Manifest... ms-vscode-remote.remote-containers
2023-12-13 16:42:27.444 [info] Installing extension: jdinhlife.gruvbox
2023-12-13 16:42:27.446 [info] Installing extension: mechatroner.rainbow-csv
2023-12-13 16:42:27.446 [info] Installing extension: ms-python.pylint
2023-12-13 16:42:27.449 [info] Installing extension: ms-python.python
2023-12-13 16:42:27.456 [info] Installing extension: ms-python.vscode-pylance
2023-12-13 16:42:27.460 [info] Installing extension: eamodio.gitlens
2023-12-13 16:42:27.520 [info] Installing extension: ms-azuretools.vscode-docker
2023-12-13 16:42:27.586 [info] Installing extension: ms-vscode-remote.remote-containers
2023-12-13 16:42:28.488 [info] Getting Manifest... ms-python.python
2023-12-13 16:42:28.570 [info] Waiting for already requested installing extension ms-python.python ms-python.vscode-pylance
2023-12-13 16:42:28.788 [info] Extension signature is verified: jdinhlife.gruvbox
2023-12-13 16:42:28.791 [info] Extension signature is verified: mechatroner.rainbow-csv
2023-12-13 16:42:28.794 [info] Extracting extension completed. jdinhlife.gruvbox
2023-12-13 16:42:28.796 [info] Extracting extension completed. mechatroner.rainbow-csv
2023-12-13 16:42:28.805 [info] Extension installed successfully: jdinhlife.gruvbox
2023-12-13 16:42:28.820 [info] Extension installed successfully: mechatroner.rainbow-csv
2023-12-13 16:42:28.821 [info] Marked extension as uninstalled jdinhlife.gruvbox-1.16.0
2023-12-13 16:42:28.821 [info] Extension signature is verified: eamodio.gitlens
2023-12-13 16:42:28.835 [info] Getting Manifest... ms-python.python
2023-12-13 16:42:28.837 [info] Extension signature is verified: ms-python.python
2023-12-13 16:42:28.843 [info] Marked extension as uninstalled mechatroner.rainbow-csv-3.8.0
2023-12-13 16:42:28.877 [info] Extracting extension completed. eamodio.gitlens
2023-12-13 16:42:28.882 [error] [uncaught exception in sharedProcess]: Error: ENOENT: no such file or directory, stat '/home/michell/.vscode/extensions/extensions.json.vsctmp': EntryNotFound (FileSystemError): Error: ENOENT: no such file or directory, stat '/home/michell/.vscode/extensions/extensions.json.vsctmp'
    at r.create (/usr/share/code/resources/app/out/vs/code/node/sharedProcess/sharedProcessMain.js:51:30056)
    at a (/usr/share/code/resources/app/out/vs/code/node/sharedProcess/sharedProcessMain.js:51:30170)
    at s.fb (/usr/share/code/resources/app/out/vs/code/node/sharedProcess/sharedProcessMain.js:56:36175)
    at s.stat (/usr/share/code/resources/app/out/vs/code/node/sharedProcess/sharedProcessMain.js:56:28621)
    at async E.stat (/usr/share/code/resources/app/out/vs/code/node/sharedProcess/sharedProcessMain.js:56:15732)
    at async Y.tb (/usr/share/code/resources/app/out/vs/code/node/sharedProcess/sharedProcessMain.js:100:111319)
2023-12-13 16:42:28.899 [info] Waiting for already requested installing extension ms-python.python ms-python.pylint
2023-12-13 16:42:28.913 [info] Extension installed successfully: eamodio.gitlens
2023-12-13 16:42:28.927 [info] Extracting extension completed. ms-python.python
2023-12-13 16:42:28.952 [info] Marked extension as uninstalled eamodio.gitlens-14.4.1
2023-12-13 16:42:28.953 [info] Extension installed successfully: ms-python.python
2023-12-13 16:42:28.953 [info] Finished waiting for already requested installing extension ms-python.python ms-python.vscode-pylance
2023-12-13 16:42:28.953 [info] Finished waiting for already requested installing extension ms-python.python ms-python.pylint
2023-12-13 16:42:29.195 [info] Extension signature is verified: ms-python.vscode-pylance
2023-12-13 16:42:29.197 [info] Extracting extension completed. ms-python.vscode-pylance
2023-12-13 16:42:29.203 [info] Extension installed successfully: ms-python.vscode-pylance
2023-12-13 16:42:29.205 [info] Marked extension as uninstalled ms-python.vscode-pylance-2023.10.50
2023-12-13 16:42:29.276 [error] [uncaught exception in sharedProcess]: Error: ENOENT: no such file or directory, stat '/home/michell/.vscode/extensions/extensions.json.vsctmp': EntryNotFound (FileSystemError): Error: ENOENT: no such file or directory, stat '/home/michell/.vscode/extensions/extensions.json.vsctmp'
    at r.create (/usr/share/code/resources/app/out/vs/code/node/sharedProcess/sharedProcessMain.js:51:30056)
    at a (/usr/share/code/resources/app/out/vs/code/node/sharedProcess/sharedProcessMain.js:51:30170)
    at s.fb (/usr/share/code/resources/app/out/vs/code/node/sharedProcess/sharedProcessMain.js:56:36175)
    at s.stat (/usr/share/code/resources/app/out/vs/code/node/sharedProcess/sharedProcessMain.js:56:28621)
    at async E.stat (/usr/share/code/resources/app/out/vs/code/node/sharedProcess/sharedProcessMain.js:56:15732)
    at async Y.tb (/usr/share/code/resources/app/out/vs/code/node/sharedProcess/sharedProcessMain.js:100:111319)
2023-12-13 16:42:29.455 [info] Extension signature is verified: ms-python.pylint
2023-12-13 16:42:29.457 [info] Extracting extension completed. ms-python.pylint
2023-12-13 16:42:29.461 [info] Extension installed successfully: ms-python.pylint
2023-12-13 16:42:29.463 [info] Marked extension as uninstalled ms-python.pylint-2023.8.1
2023-12-13 16:42:29.536 [error] [uncaught exception in sharedProcess]: Error: ENOENT: no such file or directory, stat '/home/michell/.vscode/extensions/extensions.json.vsctmp': EntryNotFound (FileSystemError): Error: ENOENT: no such file or directory, stat '/home/michell/.vscode/extensions/extensions.json.vsctmp'
    at r.create (/usr/share/code/resources/app/out/vs/code/node/sharedProcess/sharedProcessMain.js:51:30056)
    at a (/usr/share/code/resources/app/out/vs/code/node/sharedProcess/sharedProcessMain.js:51:30170)
    at s.fb (/usr/share/code/resources/app/out/vs/code/node/sharedProcess/sharedProcessMain.js:56:36175)
    at s.stat (/usr/share/code/resources/app/out/vs/code/node/sharedProcess/sharedProcessMain.js:56:28621)
    at async E.stat (/usr/share/code/resources/app/out/vs/code/node/sharedProcess/sharedProcessMain.js:56:15732)
    at async Y.tb (/usr/share/code/resources/app/out/vs/code/node/sharedProcess/sharedProcessMain.js:100:111319)
2023-12-13 16:42:29.961 [info] Extension signature is verified: ms-vscode-remote.remote-containers
2023-12-13 16:42:29.965 [info] Extension signature is verified: ms-azuretools.vscode-docker
2023-12-13 16:42:30.053 [info] Extracted extension to file:///home/michell/.vscode/extensions/ms-azuretools.vscode-docker-1.28.0: ms-azuretools.vscode-docker
2023-12-13 16:42:30.057 [info] Renamed to /home/michell/.vscode/extensions/ms-azuretools.vscode-docker-1.28.0
2023-12-13 16:42:30.063 [info] Extracting extension completed. ms-azuretools.vscode-docker
2023-12-13 16:42:30.069 [info] Extension installed successfully: ms-azuretools.vscode-docker
2023-12-13 16:42:30.073 [info] Marked extension as uninstalled ms-azuretools.vscode-docker-1.27.0
2023-12-13 16:42:30.097 [info] Extracted extension to file:///home/michell/.vscode/extensions/ms-vscode-remote.remote-containers-0.327.0: ms-vscode-remote.remote-containers
2023-12-13 16:42:30.099 [info] Renamed to /home/michell/.vscode/extensions/ms-vscode-remote.remote-containers-0.327.0
2023-12-13 16:42:30.101 [info] Extracting extension completed. ms-vscode-remote.remote-containers
2023-12-13 16:42:30.105 [info] Extension installed successfully: ms-vscode-remote.remote-containers
2023-12-13 16:42:30.140 [error] [uncaught exception in sharedProcess]: Error: ENOENT: no such file or directory, stat '/home/michell/.vscode/extensions/extensions.json.vsctmp': EntryNotFound (FileSystemError): Error: ENOENT: no such file or directory, stat '/home/michell/.vscode/extensions/extensions.json.vsctmp'
    at r.create (/usr/share/code/resources/app/out/vs/code/node/sharedProcess/sharedProcessMain.js:51:30056)
    at a (/usr/share/code/resources/app/out/vs/code/node/sharedProcess/sharedProcessMain.js:51:30170)
    at s.fb (/usr/share/code/resources/app/out/vs/code/node/sharedProcess/sharedProcessMain.js:56:36175)
    at s.stat (/usr/share/code/resources/app/out/vs/code/node/sharedProcess/sharedProcessMain.js:56:28621)
    at async E.stat (/usr/share/code/resources/app/out/vs/code/node/sharedProcess/sharedProcessMain.js:56:15732)
    at async Y.tb (/usr/share/code/resources/app/out/vs/code/node/sharedProcess/sharedProcessMain.js:100:111319)
