2023-12-13 14:01:39.610 [info] Added views:workbench.panel.markers.view in workbench.panel.markers
2023-12-13 14:01:39.610 [info] Added views:workbench.panel.output in workbench.panel.output
2023-12-13 14:01:39.610 [info] Added views:terminal in terminal
2023-12-13 14:01:39.610 [info] Added views:workbench.scm in workbench.view.scm
2023-12-13 14:01:39.610 [info] Added views:workbench.view.search in workbench.view.search
2023-12-13 14:01:39.610 [info] Added views:workbench.explorer.fileView in workbench.view.explorer
2023-12-13 14:01:39.751 [info] Added views:workbench.debug.welcome in workbench.view.debug
2023-12-13 14:01:39.866 [info] Added views:bookmarksExplorer,bookmarksHelpAndFeedback in workbench.view.extension.bookmarks
2023-12-13 14:01:39.866 [info] Added views:notes in workbench.view.extension.vscode-notes
2023-12-13 14:01:39.867 [info] Added views:gitlens.views.home,gitlens.views.drafts,gitlens.views.workspaces,gitlens.views.account in workbench.view.extension.gitlens
2023-12-13 14:01:39.867 [info] Added views:gitlens.views.commitDetails,gitlens.views.lineHistory,gitlens.views.fileHistory,gitlens.views.searchAndCompare in workbench.view.extension.gitlensInspect
2023-12-13 14:01:39.867 [info] Added views:gitlens.views.commits,gitlens.views.branches,gitlens.views.remotes,gitlens.views.stashes,gitlens.views.tags in workbench.view.scm
2023-12-13 14:01:40.077 [info] Added views:workbench.panel.repl.view in workbench.panel.repl
2023-12-13 14:01:40.559 [info] Added views:~remote.forwardedPorts in ~remote.forwardedPortsContainer
2023-12-13 14:01:42.049 [info] Added views:gitlens.views.graph,gitlens.views.graphDetails in workbench.view.extension.gitlensPanel
2023-12-13 14:01:42.049 [info] Added views:gitlens.views.timeline in workbench.view.extension.gitlensInspect
2023-12-13 14:01:42.049 [info] Added views:gitlens.views.worktrees in workbench.view.scm
2023-12-13 14:01:54.062 [info] Added views:workbench.panel.markers.view in workbench.panel.markers
2023-12-13 14:01:54.062 [info] Added views:workbench.panel.output in workbench.panel.output
2023-12-13 14:01:54.062 [info] Added views:terminal in terminal
2023-12-13 14:01:54.062 [info] Added views:workbench.scm in workbench.view.scm
2023-12-13 14:01:54.062 [info] Added views:workbench.view.search in workbench.view.search
2023-12-13 14:01:54.062 [info] Added views:workbench.explorer.fileView in workbench.view.explorer
2023-12-13 14:01:54.286 [info] Added views:bookmarksExplorer,bookmarksHelpAndFeedback in workbench.view.extension.bookmarks
2023-12-13 14:01:54.286 [info] Added views:notes in workbench.view.extension.vscode-notes
2023-12-13 14:01:54.286 [info] Added views:gitlens.views.home,gitlens.views.drafts,gitlens.views.workspaces,gitlens.views.account in workbench.view.extension.gitlens
2023-12-13 14:01:54.286 [info] Added views:gitlens.views.commitDetails,gitlens.views.lineHistory,gitlens.views.fileHistory,gitlens.views.searchAndCompare in workbench.view.extension.gitlensInspect
2023-12-13 14:01:54.287 [info] Added views:gitlens.views.commits,gitlens.views.branches,gitlens.views.remotes,gitlens.views.stashes,gitlens.views.tags in workbench.view.scm
2023-12-13 14:01:54.728 [info] Added views:workbench.debug.welcome in workbench.view.debug
2023-12-13 14:01:54.772 [info] Added views:workbench.panel.repl.view in workbench.panel.repl
2023-12-13 14:01:55.283 [info] Added views:workbench.view.testing in workbench.view.extension.test
2023-12-13 14:01:55.721 [info] Added views:~remote.forwardedPorts in ~remote.forwardedPortsContainer
2023-12-13 14:01:55.742 [info] Added view workbench.views.sync.conflicts in the container workbench.view.sync and showing it. undefined undefined undefined
2023-12-13 14:01:55.742 [info] Added view workbench.views.sync.remoteActivity in the container workbench.view.sync and showing it. undefined false undefined
2023-12-13 14:01:55.742 [info] Added view workbench.views.sync.machines in the container workbench.view.sync and showing it. undefined undefined undefined
2023-12-13 14:01:55.743 [info] Added view workbench.views.sync.externalActivity in the container workbench.view.sync and showing it. undefined false undefined
2023-12-13 14:01:57.416 [info] Added views:gitlens.views.graph,gitlens.views.graphDetails in workbench.view.extension.gitlensPanel
2023-12-13 14:01:57.417 [info] Added views:gitlens.views.timeline in workbench.view.extension.gitlensInspect
2023-12-13 14:01:57.418 [info] Added views:gitlens.views.worktrees in workbench.view.scm
2023-12-13 14:05:24.039 [info] Added views:workbench.views.extensions.installed,workbench.views.extensions.popular,extensions.recommendedList in workbench.view.extensions
2023-12-13 14:05:24.045 [info] Removed views:workbench.views.extensions.popular from workbench.view.extensions
2023-12-13 14:27:41.267 [info] Removed views:workbench.view.testing from workbench.view.extension.test
