Initializing document watcher...
/home/michell/.config/Code/User/profiles/-4f39f5a1/settings.json: Using EditorConfig core...
css-exercises/flex/01-flex-center/README.md: {}
css-exercises/flex/01-flex-center/index.html: {}
css-exercises/flex/01-flex-center/index.html: {}
css-exercises/flex/01-flex-center/style.css: {}
css-exercises/flex/01-flex-center/style.css: Using EditorConfig core...
css-exercises/flex/01-flex-center/style.css: Using EditorConfig core...
css-exercises/flex/01-flex-center/style.css: Using EditorConfig core...
css-exercises/flex/01-flex-center/style.css: Using EditorConfig core...
css-exercises/flex/01-flex-center/style.css: Using EditorConfig core...
css-exercises/flex/01-flex-center/style.css: Using EditorConfig core...
css-exercises/flex/01-flex-center/style.css: Using EditorConfig core...
css-exercises/flex/01-flex-center/style.css: Using EditorConfig core...
css-exercises/flex/01-flex-center/style.css: Using EditorConfig core...
css-exercises/flex/01-flex-center/style.css: Using EditorConfig core...
css-exercises/flex/01-flex-center/style.css: Using EditorConfig core...
css-exercises/flex/01-flex-center/style.css: {}
css-exercises/flex/01-flex-center/style.css: {}
css-exercises/flex/01-flex-center/style.css: {}
css-exercises/flex/01-flex-center/style.css: {}
css-exercises/flex/01-flex-center/style.css: {}
css-exercises/flex/01-flex-center/style.css: {}
css-exercises/flex/01-flex-center/README.md: {}
css-exercises/flex/01-flex-center/README.md: {}
css-exercises/flex/01-flex-center/style.css: {}
css-exercises/flex/01-flex-center/style.css: {}
css-exercises/flex/01-flex-center/solution/solution.css: {}
css-exercises/flex/01-flex-center/style.css: {}
No more open editors.
No more open editors.
No more open editors.
No more open editors.
css-exercises/flex/02-flex-header/README.md: {}
css-exercises/flex/02-flex-header/style.css: {}
css-exercises/flex/02-flex-header/README.md: {}
