2023-12-13 20:53:49.076 [info] /home/michell/Workspace/theodinproject/css-exercises/flex/02-flex-header/README.md closed
2023-12-13 20:53:49.076 [info] /home/michell/Workspace/theodinproject/css-exercises/flex/02-flex-header/README.md.git closed
2023-12-13 20:56:59.460 [info] Active editor: file:///home/michell/Workspace/theodinproject/css-exercises/flex/03-flex-header-2/index.html
2023-12-13 20:58:12.288 [info] Active editor: file:///home/michell/Workspace/theodinproject/css-exercises/flex/03-flex-header-2/style.css
2023-12-13 20:58:12.339 [info] /home/michell/Workspace/theodinproject/css-exercises/flex/03-flex-header-2/index.html.git closed
2023-12-13 20:58:23.073 [info] Active editor: file:///home/michell/Workspace/theodinproject/css-exercises/flex/03-flex-header-2/index.html
2023-12-13 20:58:23.081 [info] /home/michell/Workspace/theodinproject/css-exercises/flex/03-flex-header-2/style.css.git closed
2023-12-13 20:58:24.816 [info] Active editor: file:///home/michell/Workspace/theodinproject/css-exercises/flex/03-flex-header-2/style.css
2023-12-13 20:58:24.821 [info] /home/michell/Workspace/theodinproject/css-exercises/flex/03-flex-header-2/index.html.git closed
2023-12-13 20:58:26.058 [info] Active editor: file:///home/michell/Workspace/theodinproject/css-exercises/flex/03-flex-header-2/index.html
2023-12-13 20:58:26.065 [info] /home/michell/Workspace/theodinproject/css-exercises/flex/03-flex-header-2/style.css.git closed
2023-12-13 20:58:29.336 [info] Active editor: file:///home/michell/Workspace/theodinproject/css-exercises/flex/03-flex-header-2/style.css
2023-12-13 20:58:29.341 [info] /home/michell/Workspace/theodinproject/css-exercises/flex/03-flex-header-2/index.html.git closed
2023-12-13 20:59:30.456 [info] Active editor: file:///home/michell/Workspace/theodinproject/css-exercises/flex/03-flex-header-2/index.html
2023-12-13 20:59:30.469 [info] /home/michell/Workspace/theodinproject/css-exercises/flex/03-flex-header-2/style.css.git closed
2023-12-13 21:03:00.247 [info] Active editor: file:///home/michell/Workspace/theodinproject/css-exercises/flex/03-flex-header-2/style.css
2023-12-13 21:03:00.258 [info] /home/michell/Workspace/theodinproject/css-exercises/flex/03-flex-header-2/index.html.git closed
2023-12-13 21:03:49.297 [info] Active editor: file:///home/michell/Workspace/theodinproject/css-exercises/flex/03-flex-header-2/index.html
2023-12-13 21:03:49.308 [info] /home/michell/Workspace/theodinproject/css-exercises/flex/03-flex-header-2/style.css.git closed
2023-12-13 21:03:54.850 [info] Active editor: file:///home/michell/Workspace/theodinproject/css-exercises/flex/03-flex-header-2/style.css
2023-12-13 21:03:54.858 [info] /home/michell/Workspace/theodinproject/css-exercises/flex/03-flex-header-2/index.html.git closed
2023-12-13 21:03:57.112 [info] Active editor: file:///home/michell/Workspace/theodinproject/css-exercises/flex/03-flex-header-2/index.html
2023-12-13 21:03:57.120 [info] /home/michell/Workspace/theodinproject/css-exercises/flex/03-flex-header-2/style.css.git closed
2023-12-13 21:03:58.459 [info] Active editor: file:///home/michell/Workspace/theodinproject/css-exercises/flex/03-flex-header-2/style.css
2023-12-13 21:03:58.467 [info] /home/michell/Workspace/theodinproject/css-exercises/flex/03-flex-header-2/index.html.git closed
2023-12-13 21:06:58.852 [info] Active editor: file:///home/michell/Workspace/theodinproject/css-exercises/flex/03-flex-header-2/index.html
2023-12-13 21:06:58.866 [info] /home/michell/Workspace/theodinproject/css-exercises/flex/03-flex-header-2/style.css.git closed
2023-12-13 21:07:11.216 [info] Active editor: file:///home/michell/Workspace/theodinproject/css-exercises/flex/03-flex-header-2/style.css
2023-12-13 21:07:11.225 [info] /home/michell/Workspace/theodinproject/css-exercises/flex/03-flex-header-2/index.html.git closed
2023-12-13 21:11:27.446 [info] Active editor: file:///home/michell/Workspace/theodinproject/css-exercises/flex/03-flex-header-2/index.html
2023-12-13 21:11:27.457 [info] /home/michell/Workspace/theodinproject/css-exercises/flex/03-flex-header-2/style.css.git closed
2023-12-13 21:14:18.458 [info] /home/michell/Workspace/theodinproject/css-exercises/flex/03-flex-header-2/style.css closed
2023-12-13 21:14:18.460 [info] /home/michell/Workspace/theodinproject/css-exercises/flex/03-flex-header-2/index.html closed
2023-12-13 21:14:18.460 [info] /home/michell/Workspace/theodinproject/css-exercises/flex/03-flex-header-2/index.html.git closed
2023-12-13 21:14:19.983 [info] Active editor: file:///home/michell/Workspace/theodinproject/css-exercises/flex/04-flex-information/index.html
2023-12-13 21:14:22.022 [info] Active editor: file:///home/michell/Workspace/theodinproject/css-exercises/flex/04-flex-information/style.css
2023-12-13 21:14:22.032 [info] /home/michell/Workspace/theodinproject/css-exercises/flex/04-flex-information/index.html.git closed
2023-12-13 21:14:30.666 [info] Active editor: file:///home/michell/Workspace/theodinproject/css-exercises/flex/04-flex-information/index.html
2023-12-13 21:14:30.675 [info] /home/michell/Workspace/theodinproject/css-exercises/flex/04-flex-information/style.css.git closed
2023-12-13 21:15:33.788 [info] Active editor: file:///home/michell/Workspace/theodinproject/css-exercises/flex/04-flex-information/style.css
2023-12-13 21:15:33.797 [info] /home/michell/Workspace/theodinproject/css-exercises/flex/04-flex-information/index.html.git closed
2023-12-13 21:15:39.182 [info] Active editor: file:///home/michell/Workspace/theodinproject/css-exercises/flex/04-flex-information/index.html
2023-12-13 21:15:39.191 [info] /home/michell/Workspace/theodinproject/css-exercises/flex/04-flex-information/style.css.git closed
2023-12-13 21:15:41.324 [info] Active editor: file:///home/michell/Workspace/theodinproject/css-exercises/flex/04-flex-information/style.css
2023-12-13 21:15:41.333 [info] /home/michell/Workspace/theodinproject/css-exercises/flex/04-flex-information/index.html.git closed
2023-12-13 21:16:25.292 [info] Active editor: file:///home/michell/Workspace/theodinproject/css-exercises/flex/04-flex-information/index.html
2023-12-13 21:16:25.304 [info] /home/michell/Workspace/theodinproject/css-exercises/flex/04-flex-information/style.css.git closed
2023-12-13 21:19:02.159 [info] Active editor: file:///home/michell/Workspace/theodinproject/css-exercises/flex/04-flex-information/style.css
2023-12-13 21:19:02.168 [info] /home/michell/Workspace/theodinproject/css-exercises/flex/04-flex-information/index.html.git closed
2023-12-13 21:19:59.579 [info] Active editor: file:///home/michell/Workspace/theodinproject/css-exercises/flex/04-flex-information/index.html
2023-12-13 21:19:59.594 [info] /home/michell/Workspace/theodinproject/css-exercises/flex/04-flex-information/style.css.git closed
2023-12-13 21:20:12.299 [info] Active editor: file:///home/michell/Workspace/theodinproject/css-exercises/flex/04-flex-information/style.css
2023-12-13 21:20:12.307 [info] /home/michell/Workspace/theodinproject/css-exercises/flex/04-flex-information/index.html.git closed
2023-12-13 21:20:13.364 [info] Active editor: file:///home/michell/Workspace/theodinproject/css-exercises/flex/04-flex-information/index.html
2023-12-13 21:20:13.372 [info] /home/michell/Workspace/theodinproject/css-exercises/flex/04-flex-information/style.css.git closed
2023-12-13 21:20:14.940 [info] Active editor: file:///home/michell/Workspace/theodinproject/css-exercises/flex/04-flex-information/style.css
2023-12-13 21:20:14.948 [info] /home/michell/Workspace/theodinproject/css-exercises/flex/04-flex-information/index.html.git closed
2023-12-13 21:20:28.319 [info] Active editor: file:///home/michell/Workspace/theodinproject/css-exercises/flex/04-flex-information/index.html
2023-12-13 21:20:28.327 [info] /home/michell/Workspace/theodinproject/css-exercises/flex/04-flex-information/style.css.git closed
2023-12-13 21:22:35.294 [info] Active editor: file:///home/michell/Workspace/theodinproject/css-exercises/flex/04-flex-information/style.css
2023-12-13 21:22:35.305 [info] /home/michell/Workspace/theodinproject/css-exercises/flex/04-flex-information/index.html.git closed
2023-12-13 21:23:07.062 [info] Active editor: file:///home/michell/Workspace/theodinproject/css-exercises/flex/04-flex-information/index.html
2023-12-13 21:23:07.070 [info] /home/michell/Workspace/theodinproject/css-exercises/flex/04-flex-information/style.css.git closed
2023-12-13 21:23:49.791 [info] Active editor: file:///home/michell/Workspace/theodinproject/css-exercises/flex/04-flex-information/style.css
2023-12-13 21:23:49.803 [info] /home/michell/Workspace/theodinproject/css-exercises/flex/04-flex-information/index.html.git closed
2023-12-13 21:24:55.250 [info] Active editor: file:///home/michell/Workspace/theodinproject/css-exercises/flex/04-flex-information/index.html
2023-12-13 21:24:55.261 [info] /home/michell/Workspace/theodinproject/css-exercises/flex/04-flex-information/style.css.git closed
2023-12-13 21:26:37.366 [info] Active editor: file:///home/michell/Workspace/theodinproject/css-exercises/flex/04-flex-information/style.css
2023-12-13 21:26:37.376 [info] /home/michell/Workspace/theodinproject/css-exercises/flex/04-flex-information/index.html.git closed
2023-12-13 21:28:01.529 [info] Active editor: file:///home/michell/Workspace/theodinproject/css-exercises/flex/04-flex-information/index.html
2023-12-13 21:28:01.538 [info] /home/michell/Workspace/theodinproject/css-exercises/flex/04-flex-information/style.css.git closed
2023-12-13 21:28:20.324 [info] Active editor: file:///home/michell/Workspace/theodinproject/css-exercises/flex/04-flex-information/style.css
2023-12-13 21:28:20.331 [info] /home/michell/Workspace/theodinproject/css-exercises/flex/04-flex-information/index.html.git closed
2023-12-13 21:30:07.885 [info] Active editor: file:///home/michell/Workspace/theodinproject/css-exercises/flex/04-flex-information/index.html
2023-12-13 21:30:07.896 [info] /home/michell/Workspace/theodinproject/css-exercises/flex/04-flex-information/style.css.git closed
2023-12-13 21:30:25.974 [info] Active editor: file:///home/michell/Workspace/theodinproject/css-exercises/flex/04-flex-information/style.css
2023-12-13 21:30:25.982 [info] /home/michell/Workspace/theodinproject/css-exercises/flex/04-flex-information/index.html.git closed
2023-12-13 21:30:55.935 [info] Active editor: file:///home/michell/Workspace/theodinproject/css-exercises/flex/04-flex-information/solution/solution.css
2023-12-13 21:30:55.947 [info] /home/michell/Workspace/theodinproject/css-exercises/flex/04-flex-information/style.css.git closed
2023-12-13 21:31:04.427 [info] /home/michell/Workspace/theodinproject/css-exercises/flex/04-flex-information/solution/solution.css closed
2023-12-13 21:31:04.432 [info] Active editor: file:///home/michell/Workspace/theodinproject/css-exercises/flex/04-flex-information/style.css
2023-12-13 21:31:04.443 [info] /home/michell/Workspace/theodinproject/css-exercises/flex/04-flex-information/solution/solution.css.git closed
2023-12-13 21:31:10.635 [info] Active editor: file:///home/michell/Workspace/theodinproject/css-exercises/flex/04-flex-information/index.html
2023-12-13 21:31:10.643 [info] /home/michell/Workspace/theodinproject/css-exercises/flex/04-flex-information/style.css.git closed
2023-12-13 21:31:11.345 [info] Active editor: file:///home/michell/Workspace/theodinproject/css-exercises/flex/04-flex-information/style.css
2023-12-13 21:31:11.353 [info] /home/michell/Workspace/theodinproject/css-exercises/flex/04-flex-information/index.html.git closed
2023-12-13 21:31:27.665 [info] Active editor: file:///home/michell/Workspace/theodinproject/css-exercises/flex/04-flex-information/index.html
2023-12-13 21:31:27.674 [info] /home/michell/Workspace/theodinproject/css-exercises/flex/04-flex-information/style.css.git closed
2023-12-13 21:32:17.084 [info] Active editor: file:///home/michell/Workspace/theodinproject/css-exercises/flex/04-flex-information/style.css
2023-12-13 21:32:17.092 [info] /home/michell/Workspace/theodinproject/css-exercises/flex/04-flex-information/index.html.git closed
2023-12-13 21:35:08.615 [info] Active editor: file:///home/michell/Workspace/theodinproject/css-exercises/flex/04-flex-information/solution/solution.css
2023-12-13 21:35:08.623 [info] /home/michell/Workspace/theodinproject/css-exercises/flex/04-flex-information/style.css.git closed
2023-12-13 21:35:19.320 [info] Active editor: file:///home/michell/Workspace/theodinproject/css-exercises/flex/04-flex-information/index.html
2023-12-13 21:35:19.330 [info] /home/michell/Workspace/theodinproject/css-exercises/flex/04-flex-information/solution/solution.css.git closed
2023-12-13 21:35:24.685 [info] Active editor: file:///home/michell/Workspace/theodinproject/css-exercises/flex/04-flex-information/style.css
2023-12-13 21:35:24.693 [info] /home/michell/Workspace/theodinproject/css-exercises/flex/04-flex-information/index.html.git closed
2023-12-13 21:35:38.784 [info] Active editor: file:///home/michell/Workspace/theodinproject/css-exercises/flex/04-flex-information/solution/solution.css
2023-12-13 21:35:38.792 [info] /home/michell/Workspace/theodinproject/css-exercises/flex/04-flex-information/style.css.git closed
2023-12-13 21:35:43.488 [info] Active editor: file:///home/michell/Workspace/theodinproject/css-exercises/flex/04-flex-information/style.css
2023-12-13 21:35:43.496 [info] /home/michell/Workspace/theodinproject/css-exercises/flex/04-flex-information/solution/solution.css.git closed
2023-12-13 21:36:48.951 [info] Active editor: file:///home/michell/Workspace/theodinproject/css-exercises/flex/04-flex-information/index.html
2023-12-13 21:36:48.959 [info] /home/michell/Workspace/theodinproject/css-exercises/flex/04-flex-information/style.css.git closed
2023-12-13 21:37:08.909 [info] Active editor: file:///home/michell/Workspace/theodinproject/css-exercises/flex/04-flex-information/style.css
2023-12-13 21:37:08.917 [info] /home/michell/Workspace/theodinproject/css-exercises/flex/04-flex-information/index.html.git closed
2023-12-13 21:38:42.835 [info] Active editor: file:///home/michell/Workspace/theodinproject/css-exercises/flex/04-flex-information/solution/solution.css
2023-12-13 21:38:42.846 [info] /home/michell/Workspace/theodinproject/css-exercises/flex/04-flex-information/style.css.git closed
2023-12-13 21:38:55.638 [info] /home/michell/Workspace/theodinproject/css-exercises/flex/04-flex-information/solution/solution.css closed
2023-12-13 21:38:55.642 [info] Active editor: file:///home/michell/Workspace/theodinproject/css-exercises/flex/04-flex-information/style.css
2023-12-13 21:38:55.652 [info] /home/michell/Workspace/theodinproject/css-exercises/flex/04-flex-information/solution/solution.css.git closed
2023-12-13 21:38:57.204 [info] Active editor: file:///home/michell/Workspace/theodinproject/css-exercises/flex/04-flex-information/index.html
2023-12-13 21:38:57.212 [info] /home/michell/Workspace/theodinproject/css-exercises/flex/04-flex-information/style.css.git closed
2023-12-13 21:39:17.041 [info] Active editor: file:///home/michell/Workspace/theodinproject/css-exercises/flex/04-flex-information/style.css
2023-12-13 21:39:17.049 [info] /home/michell/Workspace/theodinproject/css-exercises/flex/04-flex-information/index.html.git closed
2023-12-13 21:39:20.667 [info] Active editor: file:///home/michell/Workspace/theodinproject/css-exercises/flex/04-flex-information/index.html
2023-12-13 21:39:20.678 [info] /home/michell/Workspace/theodinproject/css-exercises/flex/04-flex-information/style.css.git closed
2023-12-13 21:46:55.099 [info] Active editor: file:///home/michell/Workspace/theodinproject/css-exercises/flex/04-flex-information/style.css
2023-12-13 21:46:55.108 [info] /home/michell/Workspace/theodinproject/css-exercises/flex/04-flex-information/index.html.git closed
2023-12-13 21:47:53.223 [info] Active editor: file:///home/michell/Workspace/theodinproject/css-exercises/flex/04-flex-information/index.html
2023-12-13 21:47:53.234 [info] /home/michell/Workspace/theodinproject/css-exercises/flex/04-flex-information/style.css.git closed
2023-12-13 21:48:05.062 [info] Active editor: file:///home/michell/Workspace/theodinproject/css-exercises/flex/04-flex-information/style.css
2023-12-13 21:48:05.072 [info] /home/michell/Workspace/theodinproject/css-exercises/flex/04-flex-information/index.html.git closed
2023-12-13 21:52:47.559 [info] Active editor: file:///home/michell/Workspace/theodinproject/css-exercises/flex/04-flex-information/index.html
2023-12-13 21:52:47.571 [info] /home/michell/Workspace/theodinproject/css-exercises/flex/04-flex-information/style.css.git closed
2023-12-13 21:54:31.860 [info] Active editor: file:///home/michell/Workspace/theodinproject/css-exercises/flex/04-flex-information/style.css
2023-12-13 21:54:31.872 [info] /home/michell/Workspace/theodinproject/css-exercises/flex/04-flex-information/index.html.git closed
2023-12-13 21:57:27.700 [info] Active editor: file:///home/michell/Workspace/theodinproject/css-exercises/flex/04-flex-information/index.html
2023-12-13 21:57:27.711 [info] /home/michell/Workspace/theodinproject/css-exercises/flex/04-flex-information/style.css.git closed
2023-12-13 21:58:26.785 [info] Active editor: file:///home/michell/Workspace/theodinproject/css-exercises/flex/04-flex-information/style.css
2023-12-13 21:58:26.796 [info] /home/michell/Workspace/theodinproject/css-exercises/flex/04-flex-information/index.html.git closed
