2023-12-11 06:42:00.672 [info] Added views:workbench.panel.markers.view in workbench.panel.markers
2023-12-11 06:42:00.672 [info] Added views:workbench.panel.output in workbench.panel.output
2023-12-11 06:42:00.672 [info] Added views:terminal in terminal
2023-12-11 06:42:00.672 [info] Added views:workbench.scm in workbench.view.scm
2023-12-11 06:42:00.672 [info] Added views:workbench.view.search in workbench.view.search
2023-12-11 06:42:00.672 [info] Added views:workbench.explorer.fileView in workbench.view.explorer
2023-12-11 06:42:00.854 [info] Added views:workbench.debug.welcome in workbench.view.debug
2023-12-11 06:42:01.366 [info] Added views:bookmarksExplorer,bookmarksHelpAndFeedback in workbench.view.extension.bookmarks
2023-12-11 06:42:01.366 [info] Added views:notes in workbench.view.extension.vscode-notes
2023-12-11 06:42:01.366 [info] Added views:gitlens.views.home,gitlens.views.drafts,gitlens.views.workspaces,gitlens.views.account in workbench.view.extension.gitlens
2023-12-11 06:42:01.366 [info] Added views:gitlens.views.commitDetails,gitlens.views.lineHistory,gitlens.views.fileHistory,gitlens.views.searchAndCompare in workbench.view.extension.gitlensInspect
2023-12-11 06:42:01.370 [info] Added views:gitlens.views.commits,gitlens.views.branches,gitlens.views.remotes,gitlens.views.stashes,gitlens.views.tags in workbench.view.scm
2023-12-11 06:42:01.595 [info] Added views:workbench.panel.repl.view in workbench.panel.repl
2023-12-11 06:42:02.306 [info] Added views:~remote.forwardedPorts in ~remote.forwardedPortsContainer
2023-12-11 06:42:03.411 [info] Added views:gitlens.views.graph,gitlens.views.graphDetails in workbench.view.extension.gitlensPanel
2023-12-11 06:42:03.412 [info] Added views:gitlens.views.timeline in workbench.view.extension.gitlensInspect
2023-12-11 06:42:03.413 [info] Added views:gitlens.views.worktrees in workbench.view.scm
2023-12-11 06:42:25.332 [info] Added views:workbench.panel.markers.view in workbench.panel.markers
2023-12-11 06:42:25.332 [info] Added views:workbench.panel.output in workbench.panel.output
2023-12-11 06:42:25.332 [info] Added views:terminal in terminal
2023-12-11 06:42:25.332 [info] Added views:workbench.scm in workbench.view.scm
2023-12-11 06:42:25.332 [info] Added views:workbench.view.search in workbench.view.search
2023-12-11 06:42:25.332 [info] Added views:workbench.explorer.fileView in workbench.view.explorer
2023-12-11 06:42:25.544 [info] Added views:bookmarksExplorer,bookmarksHelpAndFeedback in workbench.view.extension.bookmarks
2023-12-11 06:42:25.544 [info] Added views:gitlens.views.home,gitlens.views.drafts,gitlens.views.workspaces,gitlens.views.account in workbench.view.extension.gitlens
2023-12-11 06:42:25.544 [info] Added views:gitlens.views.commitDetails,gitlens.views.lineHistory,gitlens.views.fileHistory,gitlens.views.searchAndCompare in workbench.view.extension.gitlensInspect
2023-12-11 06:42:25.544 [info] Added views:gitlens.views.commits,gitlens.views.branches,gitlens.views.remotes,gitlens.views.stashes,gitlens.views.tags in workbench.view.scm
2023-12-11 06:42:25.666 [info] Added views:workbench.debug.variablesView,workbench.debug.watchExpressionsView,workbench.debug.callStackView,workbench.debug.breakPointsView in workbench.view.debug
2023-12-11 06:42:25.715 [info] Added views:workbench.panel.repl.view in workbench.panel.repl
2023-12-11 06:42:25.715 [info] Removed views:workbench.debug.breakPointsView,workbench.debug.callStackView,workbench.debug.watchExpressionsView,workbench.debug.variablesView from workbench.view.debug
2023-12-11 06:42:25.716 [info] Added views:workbench.debug.welcome in workbench.view.debug
2023-12-11 06:42:25.822 [info] Removed views:gitlens.views.workspaces,gitlens.views.drafts from workbench.view.extension.gitlens
2023-12-11 06:42:25.823 [info] Removed views:gitlens.views.searchAndCompare,gitlens.views.fileHistory,gitlens.views.lineHistory,gitlens.views.commitDetails from workbench.view.extension.gitlensInspect
2023-12-11 06:42:25.824 [info] Removed views:gitlens.views.tags,gitlens.views.stashes,gitlens.views.remotes,gitlens.views.branches,gitlens.views.commits from workbench.view.scm
2023-12-11 06:42:25.926 [info] Added views:~remote.forwardedPorts in ~remote.forwardedPortsContainer
2023-12-11 06:42:29.103 [info] Added views:gitlens.views.drafts,gitlens.views.workspaces in workbench.view.extension.gitlens
2023-12-11 06:42:29.117 [info] Added views:gitlens.views.graph,gitlens.views.graphDetails in workbench.view.extension.gitlensPanel
2023-12-11 06:42:29.118 [info] Added views:gitlens.views.commitDetails,gitlens.views.lineHistory,gitlens.views.fileHistory,gitlens.views.timeline,gitlens.views.searchAndCompare in workbench.view.extension.gitlensInspect
2023-12-11 06:42:29.119 [info] Added views:gitlens.views.commits,gitlens.views.branches,gitlens.views.remotes,gitlens.views.stashes,gitlens.views.tags,gitlens.views.worktrees in workbench.view.scm
2023-12-11 06:42:29.191 [info] Added views:notes in workbench.view.extension.vscode-notes
2023-12-11 06:45:46.918 [info] Added views:workbench.views.extensions.installed,workbench.views.extensions.popular,extensions.recommendedList in workbench.view.extensions
2023-12-11 06:45:46.919 [info] Removed views:workbench.views.extensions.popular from workbench.view.extensions
2023-12-11 06:45:48.770 [info] Removed views:extensions.recommendedList,workbench.views.extensions.installed from workbench.view.extensions
2023-12-11 06:45:48.777 [info] Added views:workbench.views.extensions.marketplace in workbench.view.extensions
