2023-12-13 15:01:23.835 [info] Added views:workbench.panel.markers.view in workbench.panel.markers
2023-12-13 15:01:23.835 [info] Added views:workbench.panel.output in workbench.panel.output
2023-12-13 15:01:23.835 [info] Added views:terminal in terminal
2023-12-13 15:01:23.835 [info] Added views:workbench.scm in workbench.view.scm
2023-12-13 15:01:23.835 [info] Added views:workbench.view.search in workbench.view.search
2023-12-13 15:01:23.835 [info] Added views:workbench.explorer.fileView in workbench.view.explorer
2023-12-13 15:01:24.031 [info] Added views:workbench.debug.welcome in workbench.view.debug
2023-12-13 15:01:24.245 [info] Added views:bookmarksExplorer,bookmarksHelpAndFeedback in workbench.view.extension.bookmarks
2023-12-13 15:01:24.245 [info] Added views:notes in workbench.view.extension.vscode-notes
2023-12-13 15:01:24.246 [info] Added views:gitlens.views.home,gitlens.views.drafts,gitlens.views.workspaces,gitlens.views.account in workbench.view.extension.gitlens
2023-12-13 15:01:24.246 [info] Added views:gitlens.views.commitDetails,gitlens.views.lineHistory,gitlens.views.fileHistory,gitlens.views.searchAndCompare in workbench.view.extension.gitlensInspect
2023-12-13 15:01:24.246 [info] Added views:gitlens.views.commits,gitlens.views.branches,gitlens.views.remotes,gitlens.views.stashes,gitlens.views.tags in workbench.view.scm
2023-12-13 15:01:24.462 [info] Added views:workbench.panel.repl.view in workbench.panel.repl
2023-12-13 15:01:24.909 [info] Added views:workbench.view.testing in workbench.view.extension.test
2023-12-13 15:01:26.828 [info] Added views:~remote.forwardedPorts in ~remote.forwardedPortsContainer
2023-12-13 15:01:26.880 [info] Added view workbench.views.sync.conflicts in the container workbench.view.sync and showing it. undefined undefined undefined
2023-12-13 15:01:26.881 [info] Added view workbench.views.sync.remoteActivity in the container workbench.view.sync and showing it. undefined false undefined
2023-12-13 15:01:26.882 [info] Added view workbench.views.sync.machines in the container workbench.view.sync and showing it. undefined undefined undefined
2023-12-13 15:01:26.884 [info] Added view workbench.views.sync.externalActivity in the container workbench.view.sync and showing it. undefined false undefined
2023-12-13 15:01:27.265 [info] Added views:gitlens.views.graph,gitlens.views.graphDetails in workbench.view.extension.gitlensPanel
2023-12-13 15:01:27.265 [info] Added views:gitlens.views.timeline in workbench.view.extension.gitlensInspect
2023-12-13 15:01:27.266 [info] Added views:gitlens.views.worktrees in workbench.view.scm
2023-12-13 15:15:39.934 [info] Added views:workbench.views.extensions.installed,workbench.views.extensions.popular,extensions.recommendedList in workbench.view.extensions
2023-12-13 15:15:39.938 [info] Removed views:workbench.views.extensions.popular from workbench.view.extensions
2023-12-13 15:52:41.083 [info] Removed views:workbench.view.testing from workbench.view.extension.test
