2023-12-11 06:42:02.759 [info] Log level: Info
2023-12-11 06:42:02.759 [info] Validating found git in: "git"
2023-12-11 06:42:02.759 [info] Using git "2.25.1" from "git"
2023-12-11 06:42:02.759 [info] > git rev-parse --show-toplevel [4ms]
2023-12-11 06:42:02.759 [info] fatal: not a git repository (or any of the parent directories): .git
2023-12-11 06:42:02.759 [warning] Failed to get repository realpath for: "/home/michell/.config/nvim.chad.novo". Error: ENOENT: no such file or directory, realpath '/home/michell/.config/nvim.chad.novo'
2023-12-11 06:42:02.759 [info] > git rev-parse --show-toplevel [66ms]
2023-12-11 06:42:02.766 [info] > git rev-parse --git-dir --git-common-dir [19ms]
2023-12-11 06:42:02.775 [info] Open repository: /home/michell/.config/nvim.chad
2023-12-11 06:42:02.789 [info] > git rev-parse --show-toplevel [2ms]
2023-12-11 06:42:02.789 [info] > git config --get commit.template [7ms]
2023-12-11 06:42:02.807 [info] > git rev-parse --show-toplevel [5ms]
2023-12-11 06:42:02.807 [info] fatal: not a git repository (or any of the parent directories): .git
2023-12-11 06:42:02.811 [info] > git for-each-ref --format=%(refname)%00%(upstream:short)%00%(objectname)%00%(upstream:track)%00%(upstream:remotename)%00%(upstream:remoteref) refs/heads/v2.0 refs/remotes/v2.0 [5ms]
2023-12-11 06:42:02.822 [info] > git rev-parse --show-toplevel [11ms]
2023-12-11 06:42:02.822 [info] fatal: not a git repository (or any of the parent directories): .git
2023-12-11 06:42:02.840 [info] > git rev-parse --show-toplevel [13ms]
2023-12-11 06:42:02.855 [info] > git status -z -uall [7ms]
2023-12-11 06:42:02.856 [info] > git rev-parse --show-toplevel [2ms]
2023-12-11 06:42:02.868 [info] > git config --get commit.template [3ms]
2023-12-11 06:42:02.874 [info] > git for-each-ref --format=%(refname)%00%(upstream:short)%00%(objectname)%00%(upstream:track)%00%(upstream:remotename)%00%(upstream:remoteref) refs/heads/v2.0 refs/remotes/v2.0 [0ms]
2023-12-11 06:42:02.879 [info] > git status -z -uall [1ms]
2023-12-11 06:42:03.088 [info] > git show --textconv :lua/core/mappings.lua [7ms]
2023-12-11 06:42:03.089 [info] > git ls-files --stage -- /home/michell/.config/nvim.chad/lua/core/mappings.lua [2ms]
2023-12-11 06:42:03.094 [info] > git cat-file -s 0a652a79141ff35ad548b9407ed0daec349955ef [1ms]
2023-12-11 06:42:03.106 [info] > git fetch [331ms]
2023-12-11 06:42:03.114 [info] > git config --get commit.template [3ms]
2023-12-11 06:42:03.114 [info] > git for-each-ref --format=%(refname)%00%(upstream:short)%00%(objectname)%00%(upstream:track)%00%(upstream:remotename)%00%(upstream:remoteref) refs/heads/v2.0 refs/remotes/v2.0 [1ms]
2023-12-11 06:42:03.119 [info] > git status -z -uall [2ms]
2023-12-11 06:42:03.296 [info] > git check-ignore -v -z --stdin [1ms]
2023-12-11 06:42:04.238 [info] > git config --get commit.template [1ms]
2023-12-11 06:42:04.245 [info] > git for-each-ref --format=%(refname)%00%(upstream:short)%00%(objectname)%00%(upstream:track)%00%(upstream:remotename)%00%(upstream:remoteref) refs/heads/v2.0 refs/remotes/v2.0 [2ms]
2023-12-11 06:42:04.251 [info] > git status -z -uall [1ms]
2023-12-11 06:42:04.336 [info] > git ls-files --stage -- /home/michell/.config/nvim.chad/lua/core/mappings.lua [1ms]
2023-12-11 06:42:04.340 [info] > git cat-file -s 0a652a79141ff35ad548b9407ed0daec349955ef [1ms]
2023-12-11 06:42:04.348 [info] > git show --textconv :lua/core/mappings.lua [1ms]
2023-12-11 06:42:29.445 [info] Log level: Info
2023-12-11 06:42:29.445 [info] Validating found git in: "git"
2023-12-11 06:42:29.445 [info] Using git "2.25.1" from "git"
2023-12-11 06:42:29.445 [info] > git rev-parse --show-toplevel [30ms]
2023-12-11 06:42:29.450 [info] > git rev-parse --git-dir --git-common-dir [1ms]
2023-12-11 06:42:29.459 [info] Open repository: /home/michell/Workspace/theodinproject/css-exercises
2023-12-11 06:42:29.476 [info] > git rev-parse --show-toplevel [8ms]
2023-12-11 06:42:29.477 [info] > git config --get commit.template [11ms]
2023-12-11 06:42:29.488 [info] > git rev-parse --show-toplevel [6ms]
2023-12-11 06:42:29.492 [info] > git for-each-ref --format=%(refname)%00%(upstream:short)%00%(objectname)%00%(upstream:track)%00%(upstream:remotename)%00%(upstream:remoteref) refs/heads/main refs/remotes/main [4ms]
2023-12-11 06:42:29.492 [info] > git rev-parse --show-toplevel [1ms]
2023-12-11 06:42:29.500 [info] > git rev-parse --show-toplevel [5ms]
2023-12-11 06:42:29.503 [info] > git status -z -uall [4ms]
2023-12-11 06:42:29.512 [info] > git rev-parse --show-toplevel [8ms]
2023-12-11 06:42:29.516 [info] > git config --get commit.template [5ms]
2023-12-11 06:42:29.517 [info] > git rev-parse --show-toplevel [1ms]
2023-12-11 06:42:29.524 [info] > git for-each-ref --format=%(refname)%00%(upstream:short)%00%(objectname)%00%(upstream:track)%00%(upstream:remotename)%00%(upstream:remoteref) refs/heads/main refs/remotes/main [0ms]
2023-12-11 06:42:29.529 [info] > git status -z -uall [1ms]
2023-12-11 06:42:29.986 [info] > git check-ignore -v -z --stdin [2ms]
2023-12-11 06:42:31.098 [info] > git fetch [1639ms]
2023-12-11 06:42:31.118 [info] > git config --get commit.template [10ms]
2023-12-11 06:42:31.120 [info] > git for-each-ref --format=%(refname)%00%(upstream:short)%00%(objectname)%00%(upstream:track)%00%(upstream:remotename)%00%(upstream:remoteref) refs/heads/main refs/remotes/main [2ms]
2023-12-11 06:42:31.132 [info] > git status -z -uall [4ms]
2023-12-11 06:42:32.991 [info] > git check-ignore -v -z --stdin [2ms]
2023-12-11 06:42:34.328 [info] > git check-ignore -v -z --stdin [1ms]
2023-12-11 06:42:36.377 [info] > git show --textconv :foundations/06-cascade-fix/style.css [6ms]
2023-12-11 06:42:36.384 [info] > git ls-files --stage -- /home/michell/Workspace/theodinproject/css-exercises/foundations/06-cascade-fix/style.css [8ms]
2023-12-11 06:42:36.392 [info] > git cat-file -s 15261d23ca0028e60374f629d64b4eaf4a5f1656 [3ms]
2023-12-11 06:42:37.040 [info] > git show --textconv :foundations/06-cascade-fix/index.html [4ms]
2023-12-11 06:42:37.040 [info] > git ls-files --stage -- /home/michell/Workspace/theodinproject/css-exercises/foundations/06-cascade-fix/index.html [1ms]
2023-12-11 06:42:37.045 [info] > git cat-file -s 0c5b22717488678e8fa732c9efea37e6492e4e65 [1ms]
2023-12-11 06:42:55.277 [info] > git show --textconv :foundations/06-cascade-fix/style.css [9ms]
2023-12-11 06:42:55.279 [info] > git ls-files --stage -- /home/michell/Workspace/theodinproject/css-exercises/foundations/06-cascade-fix/style.css [2ms]
2023-12-11 06:42:55.289 [info] > git cat-file -s 15261d23ca0028e60374f629d64b4eaf4a5f1656 [2ms]
2023-12-11 06:43:01.747 [info] > git check-ignore -v -z --stdin [2ms]
2023-12-11 06:43:02.830 [info] > git ls-files --stage -- /home/michell/Workspace/theodinproject/css-exercises/foundations/05-descendant-combinator/style.css [2ms]
2023-12-11 06:43:02.838 [info] > git show --textconv :foundations/05-descendant-combinator/style.css [14ms]
2023-12-11 06:43:02.838 [info] > git cat-file -s 669d4e46fbc8cf0d3cccb7106cfcab9aca878ce4 [1ms]
2023-12-11 06:43:05.068 [info] > git check-ignore -v -z --stdin [2ms]
2023-12-11 06:43:05.952 [info] > git show --textconv :foundations/04-chaining-selectors/style.css [11ms]
2023-12-11 06:43:05.954 [info] > git ls-files --stage -- /home/michell/Workspace/theodinproject/css-exercises/foundations/04-chaining-selectors/style.css [3ms]
2023-12-11 06:43:05.963 [info] > git cat-file -s 738ee4cd1c597f972807b88845816a5142708522 [2ms]
2023-12-11 06:43:06.974 [info] > git show --textconv :foundations/04-chaining-selectors/index.html [8ms]
2023-12-11 06:43:06.976 [info] > git ls-files --stage -- /home/michell/Workspace/theodinproject/css-exercises/foundations/04-chaining-selectors/index.html [3ms]
2023-12-11 06:43:06.985 [info] > git cat-file -s 2bd38300bea963a4180c14a9976149d6bf119932 [2ms]
2023-12-11 06:45:32.360 [info] > git ls-files --stage -- /home/michell/Workspace/theodinproject/css-exercises/foundations/04-chaining-selectors/index.html [1ms]
2023-12-11 06:45:32.363 [info] > git cat-file -s 2bd38300bea963a4180c14a9976149d6bf119932 [0ms]
2023-12-11 06:45:32.369 [info] > git show --textconv :foundations/04-chaining-selectors/index.html [1ms]
2023-12-11 06:45:34.553 [info] > git fetch [3404ms]
2023-12-11 06:45:34.568 [info] > git config --get commit.template [4ms]
2023-12-11 06:45:34.569 [info] > git for-each-ref --format=%(refname)%00%(upstream:short)%00%(objectname)%00%(upstream:track)%00%(upstream:remotename)%00%(upstream:remoteref) refs/heads/main refs/remotes/main [1ms]
2023-12-11 06:45:34.583 [info] > git status -z -uall [3ms]
2023-12-11 06:45:35.195 [info] > git ls-files --stage -- /home/michell/Workspace/theodinproject/css-exercises/foundations/04-chaining-selectors/index.html [1ms]
2023-12-11 06:45:35.199 [info] > git cat-file -s 2bd38300bea963a4180c14a9976149d6bf119932 [0ms]
2023-12-11 06:45:35.205 [info] > git show --textconv :foundations/04-chaining-selectors/index.html [1ms]
2023-12-11 06:46:44.476 [info] > git show --textconv :foundations/06-cascade-fix/style.css [10ms]
2023-12-11 06:46:44.478 [info] > git ls-files --stage -- /home/michell/Workspace/theodinproject/css-exercises/foundations/06-cascade-fix/style.css [2ms]
2023-12-11 06:46:44.488 [info] > git cat-file -s 15261d23ca0028e60374f629d64b4eaf4a5f1656 [2ms]
2023-12-11 06:46:50.854 [info] > git show --textconv :foundations/06-cascade-fix/style.css [4ms]
2023-12-11 06:46:50.855 [info] > git ls-files --stage -- /home/michell/Workspace/theodinproject/css-exercises/foundations/06-cascade-fix/style.css [1ms]
2023-12-11 06:46:50.859 [info] > git cat-file -s 15261d23ca0028e60374f629d64b4eaf4a5f1656 [1ms]
2023-12-11 06:47:19.957 [info] > git show --textconv :foundations/04-chaining-selectors/index.html [6ms]
2023-12-11 06:47:19.960 [info] > git ls-files --stage -- /home/michell/Workspace/theodinproject/css-exercises/foundations/04-chaining-selectors/index.html [2ms]
2023-12-11 06:47:19.968 [info] > git cat-file -s 2bd38300bea963a4180c14a9976149d6bf119932 [1ms]
2023-12-11 06:49:21.825 [info] > git fetch [1888ms]
2023-12-11 06:49:21.838 [info] > git config --get commit.template [6ms]
2023-12-11 06:49:21.839 [info] > git for-each-ref --format=%(refname)%00%(upstream:short)%00%(objectname)%00%(upstream:track)%00%(upstream:remotename)%00%(upstream:remoteref) refs/heads/main refs/remotes/main [2ms]
2023-12-11 06:49:21.846 [info] > git status -z -uall [2ms]
2023-12-11 06:51:04.265 [info] > git ls-files --stage -- /home/michell/Workspace/theodinproject/css-exercises/foundations/04-chaining-selectors/index.html [1ms]
2023-12-11 06:51:04.270 [info] > git cat-file -s 2bd38300bea963a4180c14a9976149d6bf119932 [1ms]
2023-12-11 06:51:04.276 [info] > git show --textconv :foundations/04-chaining-selectors/index.html [1ms]
2023-12-11 06:53:12.704 [info] > git fetch [2090ms]
2023-12-11 06:53:12.713 [info] > git config --get commit.template [4ms]
2023-12-11 06:53:12.713 [info] > git for-each-ref --format=%(refname)%00%(upstream:short)%00%(objectname)%00%(upstream:track)%00%(upstream:remotename)%00%(upstream:remoteref) refs/heads/main refs/remotes/main [1ms]
2023-12-11 06:53:12.718 [info] > git status -z -uall [2ms]
2023-12-11 06:53:16.608 [info] > git ls-files --stage -- /home/michell/Workspace/theodinproject/css-exercises/foundations/04-chaining-selectors/index.html [0ms]
2023-12-11 06:53:16.614 [info] > git cat-file -s 2bd38300bea963a4180c14a9976149d6bf119932 [0ms]
2023-12-11 06:53:16.624 [info] > git show --textconv :foundations/04-chaining-selectors/index.html [1ms]
2023-12-11 06:56:17.778 [info] > git fetch [2743ms]
2023-12-11 06:56:17.793 [info] > git config --get commit.template [5ms]
2023-12-11 06:56:17.794 [info] > git for-each-ref --format=%(refname)%00%(upstream:short)%00%(objectname)%00%(upstream:track)%00%(upstream:remotename)%00%(upstream:remoteref) refs/heads/main refs/remotes/main [2ms]
2023-12-11 06:56:17.805 [info] > git status -z -uall [4ms]
2023-12-11 06:57:31.575 [info] > git ls-files --stage -- /home/michell/Workspace/theodinproject/css-exercises/foundations/04-chaining-selectors/index.html [1ms]
2023-12-11 06:57:31.581 [info] > git cat-file -s 2bd38300bea963a4180c14a9976149d6bf119932 [1ms]
2023-12-11 06:57:31.596 [info] > git show --textconv :foundations/04-chaining-selectors/index.html [1ms]
