2023-12-13 14:01:56.712 [info] Name: Pylint
2023-12-13 14:01:56.712 [info] Module: pylint
2023-12-13 14:01:56.712 [info] Python extension loading
2023-12-13 14:01:56.712 [info] Waiting for interpreter from Python extension.
2023-12-13 14:01:56.712 [info] No interpreter found from setting pylint.interpreter
2023-12-13 14:01:56.712 [info] Getting interpreter from ms-python.python extension for workspace /home/michell/Workspace/multidadosti/odoo
2023-12-13 14:01:56.712 [info] Python extension loaded
2023-12-13 14:01:56.712 [info] Interpreter from ms-python.python extension for /home/michell/Workspace/multidadosti/odoo: /home/michell/Workspace/multidadosti/odoo/.venv/bin/python
2023-12-13 14:01:56.712 [info] Using cwd from `python.analysis.extraPaths`.
2023-12-13 14:01:56.712 [info] No interpreter found from setting pylint.interpreter
2023-12-13 14:01:56.712 [info] Getting interpreter from ms-python.python extension for workspace /home/michell/Workspace/multidadosti/odoo
2023-12-13 14:01:56.712 [info] Interpreter from ms-python.python extension for /home/michell/Workspace/multidadosti/odoo: /home/michell/Workspace/multidadosti/odoo/.venv/bin/python
2023-12-13 14:01:56.712 [info] Using cwd from `python.analysis.extraPaths`.
2023-12-13 14:01:56.712 [info] Server run command: /home/michell/Workspace/multidadosti/odoo/.venv/bin/python /home/michell/.vscode/extensions/ms-python.pylint-2023.10.1/bundled/tool/lsp_server.py
2023-12-13 14:01:56.712 [info] Server: Start requested.
2023-12-13 14:01:56.712 [info] CWD Server: /home/michell/Workspace/multidadosti/odoo
2023-12-13 14:01:56.728 [info] Settings used to run Server:
[
    {
        "cwd": "/home/michell/Workspace/multidadosti/odoo",
        "workspace": "file:///home/michell/Workspace/multidadosti/odoo",
        "args": [],
        "severity": {
            "convention": "Information",
            "error": "Error",
            "fatal": "Error",
            "refactor": "Hint",
            "warning": "Warning",
            "info": "Information"
        },
        "path": [],
        "ignorePatterns": [],
        "interpreter": [
            "/home/michell/Workspace/multidadosti/odoo/.venv/bin/python"
        ],
        "importStrategy": "useBundled",
        "showNotifications": "off",
        "extraPaths": [
            "/home/michell/Workspace/multidadosti/odoo/**/*"
        ]
    }
]

2023-12-13 14:01:56.823 [info] Global settings:
{
    "cwd": "${workspaceFolder}",
    "workspace": "/home/michell",
    "args": [],
    "severity": {
        "convention": "Information",
        "error": "Error",
        "fatal": "Error",
        "refactor": "Hint",
        "warning": "Warning",
        "info": "Information"
    },
    "path": [],
    "ignorePatterns": [],
    "interpreter": [],
    "importStrategy": "useBundled",
    "showNotifications": "off",
    "extraPaths": []
}

2023-12-13 14:01:57.370 [info] sys.path used to run Server:
   /home/michell/.vscode/extensions/ms-python.pylint-2023.10.1/bundled/libs
   /home/michell/.vscode/extensions/ms-python.pylint-2023.10.1/bundled/tool
   /home/michell/.asdf/installs/python/3.8.18/lib/python38.zip
   /home/michell/.asdf/installs/python/3.8.18/lib/python3.8
   /home/michell/.asdf/installs/python/3.8.18/lib/python3.8/lib-dynload
   /home/michell/Workspace/multidadosti/odoo/.venv/lib/python3.8/site-packages
   /home/michell/Workspace/multidadosti/odoo
   /home/michell/Workspace/multidadosti/odoo/multierp/lib/formio-data
   /home/michell/Workspace/multidadosti/odoo/multierp/lib/python-cnab
   /home/michell/Workspace/multidadosti/odoo/multierp/lib/python-sped
   /home/michell/Workspace/multidadosti/odoo/multierp/lib/pytrust-cnab240
   /home/michell/Workspace/multidadosti/odoo/multierp/lib/python-boleto
   /home/michell/Workspace/multidadosti/odoo/multierp/lib/pytrustnfe
2023-12-13 14:01:57.425 [info] /home/michell/Workspace/multidadosti/odoo/.venv/bin/python -m pylint --version
2023-12-13 14:01:57.447 [info] CWD Linter: /home/michell/Workspace/multidadosti/odoo
2023-12-13 14:01:57.450 [info] 
pylint 3.0.2
astroid 3.0.1
Python 3.8.18 (default, Dec  5 2023, 15:41:23) 
[GCC 9.4.0]


2023-12-13 14:01:57.459 [info] Version info for linter running for /home/michell/Workspace/multidadosti/odoo:
pylint 3.0.2
astroid 3.0.1
Python 3.8.18 (default, Dec  5 2023, 15:41:23) 
[GCC 9.4.0]

2023-12-13 14:01:57.467 [info] SUPPORTED pylint>=2.12.2
FOUND pylint==3.0.2

2023-12-13 14:04:04.695 [info] [Trace - 2:04:04 PM] Sending notification 'textDocument/didOpen'.
2023-12-13 14:04:04.699 [info] [Trace - 2:04:04 PM] Received notification 'window/logMessage'.
2023-12-13 14:04:04.699 [info] /home/michell/Workspace/multidadosti/odoo/.venv/bin/python -m pylint --reports=n --output-format=json --clear-cache-post-run=y --from-stdin /home/michell/Workspace/multidadosti/odoo/multierp/src/core/addons/account_bank_statement_import/models/account_bank_statement_line.py
2023-12-13 14:04:04.699 [info] [Trace - 2:04:04 PM] Received notification 'window/logMessage'.
2023-12-13 14:04:04.699 [info] CWD Linter: /home/michell/Workspace/multidadosti/odoo
2023-12-13 14:04:05.224 [info] [Trace - 2:04:05 PM] Sending request 'textDocument/codeAction - (1)'.
2023-12-13 14:04:05.510 [info] [Trace - 2:04:05 PM] Received notification 'window/logMessage'.
2023-12-13 14:04:05.510 [info] file:///home/michell/Workspace/multidadosti/odoo/multierp/src/core/addons/account_bank_statement_import/models/account_bank_statement_line.py :
[
    {
        "type": "convention",
        "module": "account_bank_statement_import.models.account_bank_statement_line",
        "obj": "",
        "line": 17,
        "column": 0,
        "endLine": null,
        "endColumn": null,
        "path": "multierp/src/core/addons/account_bank_statement_import/models/account_bank_statement_line.py",
        "symbol": "missing-final-newline",
        "message": "Final newline missing",
        "message-id": "C0304"
    },
    {
        "type": "error",
        "module": "account_bank_statement_import.models.account_bank_statement_line",
        "obj": "",
        "line": 1,
        "column": 0,
        "endLine": 1,
        "endColumn": 31,
        "path": "multierp/src/core/addons/account_bank_statement_import/models/account_bank_statement_line.py",
        "symbol": "import-error",
        "message": "Unable to import 'odoo'",
        "message-id": "E0401"
    },
    {
        "type": "refactor",
        "module": "account_bank_statement_import.models.account_bank_statement_line",
        "obj": "AccountBankStatementLine",
        "line": 4,
        "column": 0,
        "endLine": 4,
        "endColumn": 30,
        "path": "multierp/src/core/addons/account_bank_statement_import/models/account_bank_statement_line.py",
        "symbol": "too-few-public-methods",
        "message": "Too few public methods (0/2)",
        "message-id": "R0903"
    }
]

2023-12-13 14:04:05.510 [info] [Trace - 2:04:05 PM] Received notification 'textDocument/publishDiagnostics'.
2023-12-13 14:04:05.515 [info] [Trace - 2:04:05 PM] Received response 'textDocument/codeAction - (1)' in 291ms.
2023-12-13 14:04:05.703 [info] [Trace - 2:04:05 PM] Sending request 'textDocument/codeAction - (2)'.
2023-12-13 14:04:05.706 [info] [Trace - 2:04:05 PM] Received response 'textDocument/codeAction - (2)' in 3ms.
2023-12-13 14:04:06.088 [info] [Trace - 2:04:06 PM] Sending request 'textDocument/codeAction - (3)'.
2023-12-13 14:04:06.090 [info] [Trace - 2:04:06 PM] Received response 'textDocument/codeAction - (3)' in 2ms.
2023-12-13 14:04:07.445 [info] [Trace - 2:04:07 PM] Sending notification 'textDocument/didClose'.
2023-12-13 14:04:07.448 [info] [Trace - 2:04:07 PM] Received notification 'textDocument/publishDiagnostics'.
2023-12-13 14:04:07.466 [info] [Trace - 2:04:07 PM] Sending notification 'textDocument/didOpen'.
2023-12-13 14:04:07.470 [info] [Trace - 2:04:07 PM] Received notification 'window/logMessage'.
2023-12-13 14:04:07.470 [info] /home/michell/Workspace/multidadosti/odoo/.venv/bin/python -m pylint --reports=n --output-format=json --clear-cache-post-run=y --from-stdin /home/michell/Workspace/multidadosti/odoo/multierp/src/core/addons/account_bank_statement_import/models/account_bank_statement_import.py
2023-12-13 14:04:07.470 [info] [Trace - 2:04:07 PM] Received notification 'window/logMessage'.
2023-12-13 14:04:07.470 [info] CWD Linter: /home/michell/Workspace/multidadosti/odoo
2023-12-13 14:04:07.490 [info] [Trace - 2:04:07 PM] Sending request 'textDocument/codeAction - (4)'.
2023-12-13 14:04:07.901 [info] [Trace - 2:04:07 PM] Sending request 'textDocument/codeAction - (5)'.
2023-12-13 14:04:07.901 [info] [Trace - 2:04:07 PM] Sending notification '$/cancelRequest'.
2023-12-13 14:04:08.076 [info] [Trace - 2:04:08 PM] Received notification 'window/logMessage'.
2023-12-13 14:04:08.076 [info] file:///home/michell/Workspace/multidadosti/odoo/multierp/src/core/addons/account_bank_statement_import/models/account_bank_statement_import.py :
[
    {
        "type": "convention",
        "module": "account_bank_statement_import.models.account_bank_statement_import",
        "obj": "",
        "line": 186,
        "column": 0,
        "endLine": null,
        "endColumn": null,
        "path": "multierp/src/core/addons/account_bank_statement_import/models/account_bank_statement_import.py",
        "symbol": "superfluous-parens",
        "message": "Unnecessary parens after 'del' keyword",
        "message-id": "C0325"
    },
    {
        "type": "convention",
        "module": "account_bank_statement_import.models.account_bank_statement_import",
        "obj": "",
        "line": 251,
        "column": 0,
        "endLine": null,
        "endColumn": null,
        "path": "multierp/src/core/addons/account_bank_statement_import/models/account_bank_statement_import.py",
        "symbol": "missing-final-newline",
        "message": "Final newline missing",
        "message-id": "C0304"
    },
    {
        "type": "error",
        "module": "account_bank_statement_import.models.account_bank_statement_import",
        "obj": "",
        "line": 6,
        "column": 0,
        "endLine": 6,
        "endColumn": 39,
        "path": "multierp/src/core/addons/account_bank_statement_import/models/account_bank_statement_import.py",
        "symbol": "import-error",
        "message": "Unable to import 'odoo'",
        "message-id": "E0401"
    },
    {
        "type": "error",
        "module": "account_bank_statement_import.models.account_bank_statement_import",
        "obj": "",
        "line": 7,
        "column": 0,
        "endLine": 7,
        "endColumn": 68,
        "path": "multierp/src/core/addons/account_bank_statement_import/models/account_bank_statement_import.py",
        "symbol": "import-error",
        "message": "Unable to import 'odoo.addons.base.models.res_bank'",
        "message-id": "E0401"
    },
    {
        "type": "error",
        "module": "account_bank_statement_import.models.account_bank_statement_import",
        "obj": "",
        "line": 8,
        "column": 0,
        "endLine": 8,
        "endColumn": 37,
        "path": "multierp/src/core/addons/account_bank_statement_import/models/account_bank_statement_import.py",
        "symbol": "import-error",
        "message": "Unable to import 'odoo.exceptions'",
        "message-id": "E0401"
    },
    {
        "type": "convention",
        "module": "account_bank_statement_import.models.account_bank_statement_import",
        "obj": "AccountBankStatementImport._create_bank_statements",
        "line": 209,
        "column": 8,
        "endLine": 209,
        "endColumn": 21,
        "path": "multierp/src/core/addons/account_bank_statement_import/models/account_bank_statement_import.py",
        "symbol": "invalid-name",
        "message": "Variable name \"BankStatement\" doesn't conform to snake_case naming style",
        "message-id": "C0103"
    },
    {
        "type": "convention",
        "module": "account_bank_statement_import.models.account_bank_statement_import",
        "obj": "AccountBankStatementImport._create_bank_statements",
        "line": 210,
        "column": 8,
        "endLine": 210,
        "endColumn": 25,
        "path": "multierp/src/core/addons/account_bank_statement_import/models/account_bank_statement_import.py",
        "symbol": "invalid-name",
        "message": "Variable name \"BankStatementLine\" doesn't conform to snake_case naming style",
        "message-id": "C0103"
    },
    {
        "type": "refactor",
        "module": "account_bank_statement_import.models.account_bank_statement_import",
        "obj": "AccountBankStatementImport",
        "line": 13,
        "column": 0,
        "endLine": 13,
        "endColumn": 32,
        "path": "multierp/src/core/addons/account_bank_statement_import/models/account_bank_statement_import.py",
        "symbol": "too-few-public-methods",
        "message": "Too few public methods (1/2)",
        "message-id": "R0903"
    }
]

2023-12-13 14:04:08.076 [info] [Trace - 2:04:08 PM] Received notification 'textDocument/publishDiagnostics'.
2023-12-13 14:04:08.077 [info] [Trace - 2:04:08 PM] Received response 'textDocument/codeAction - (4)' in 587ms.
2023-12-13 14:04:08.077 [info] [Trace - 2:04:08 PM] Received response 'textDocument/codeAction - (5)' in 176ms.
2023-12-13 14:04:08.344 [info] [Trace - 2:04:08 PM] Sending request 'textDocument/codeAction - (6)'.
2023-12-13 14:04:08.345 [info] [Trace - 2:04:08 PM] Received response 'textDocument/codeAction - (6)' in 1ms.
2023-12-13 14:04:22.464 [info] [Trace - 2:04:22 PM] Sending request 'textDocument/codeAction - (7)'.
2023-12-13 14:04:22.466 [info] [Trace - 2:04:22 PM] Received response 'textDocument/codeAction - (7)' in 2ms.
2023-12-13 14:04:24.208 [info] [Trace - 2:04:24 PM] Sending request 'textDocument/codeAction - (8)'.
2023-12-13 14:04:24.209 [info] [Trace - 2:04:24 PM] Received response 'textDocument/codeAction - (8)' in 1ms.
