2023-12-12 19:33:00.452 [info] Reading sessions from keychain...
2023-12-12 19:33:00.452 [info] Getting sessions for all scopes...
2023-12-12 19:33:00.457 [info] Getting sessions for user:email...
2023-12-12 19:33:00.461 [info] Got 0 sessions for ...
2023-12-12 19:33:00.461 [info] Got 0 sessions for user:email...
2023-12-12 19:33:00.472 [info] Getting sessions for all scopes...
2023-12-12 19:33:00.472 [info] Got 0 sessions for ...
2023-12-12 19:33:01.021 [info] Getting sessions for all scopes...
2023-12-12 19:33:01.021 [info] Got 0 sessions for ...
2023-12-12 19:33:01.087 [info] Getting sessions for read:user,repo,user:email,workflow...
2023-12-12 19:33:01.087 [info] Got 0 sessions for read:user,repo,user:email,workflow...
2023-12-12 19:33:01.298 [info] Getting sessions for read:user,repo,user:email...
2023-12-12 19:33:01.298 [info] Got 0 sessions for read:user,repo,user:email...
2023-12-12 19:33:15.154 [info] Reading sessions from keychain...
2023-12-12 19:33:15.154 [info] Getting sessions for all scopes...
2023-12-12 19:33:15.160 [info] Getting sessions for user:email...
2023-12-12 19:33:15.160 [info] Got 0 sessions for ...
2023-12-12 19:33:15.161 [info] Got 0 sessions for user:email...
2023-12-12 19:33:15.167 [info] Getting sessions for all scopes...
2023-12-12 19:33:15.167 [info] Got 0 sessions for ...
2023-12-12 19:33:16.083 [info] Getting sessions for all scopes...
2023-12-12 19:33:16.083 [info] Got 0 sessions for ...
2023-12-12 19:33:16.171 [info] Getting sessions for read:user,repo,user:email,workflow...
2023-12-12 19:33:16.171 [info] Got 0 sessions for read:user,repo,user:email,workflow...
2023-12-12 19:33:16.336 [info] Getting sessions for read:user,repo,user:email...
2023-12-12 19:33:16.336 [info] Got 0 sessions for read:user,repo,user:email...
