2023-12-13 16:42:22.155 [info] Added views:workbench.panel.markers.view in workbench.panel.markers
2023-12-13 16:42:22.155 [info] Added views:workbench.panel.output in workbench.panel.output
2023-12-13 16:42:22.155 [info] Added views:terminal in terminal
2023-12-13 16:42:22.155 [info] Added views:workbench.scm in workbench.view.scm
2023-12-13 16:42:22.155 [info] Added views:workbench.view.search in workbench.view.search
2023-12-13 16:42:22.155 [info] Added views:workbench.explorer.emptyView in workbench.view.explorer
2023-12-13 16:42:22.277 [info] Added views:workbench.debug.variablesView,workbench.debug.watchExpressionsView,workbench.debug.callStackView,workbench.debug.breakPointsView in workbench.view.debug
2023-12-13 16:42:22.496 [info] Added views:bookmarksExplorer,bookmarksHelpAndFeedback in workbench.view.extension.bookmarks
2023-12-13 16:42:22.496 [info] Added views:notes in workbench.view.extension.vscode-notes
2023-12-13 16:42:22.496 [info] Added views:gitlens.views.home,gitlens.views.workspaces,gitlens.views.account in workbench.view.extension.gitlens
2023-12-13 16:42:22.496 [info] Added views:gitlens.views.commitDetails,gitlens.views.lineHistory,gitlens.views.fileHistory,gitlens.views.searchAndCompare in workbench.view.extension.gitlensInspect
2023-12-13 16:42:22.497 [info] Added views:gitlens.views.commits,gitlens.views.branches,gitlens.views.remotes,gitlens.views.stashes,gitlens.views.tags in workbench.view.scm
2023-12-13 16:42:22.497 [info] Added views:dockerContainers,dockerImages,dockerRegistries,dockerNetworks,dockerVolumes,vscode-docker.views.dockerContexts,vscode-docker.views.help in workbench.view.extension.dockerView
2023-12-13 16:42:22.497 [info] Added views:targetsContainers,devVolumes in workbench.view.remote
2023-12-13 16:42:22.598 [info] Added views:workbench.panel.repl.view in workbench.panel.repl
2023-12-13 16:42:22.599 [info] Removed views:workbench.debug.breakPointsView,workbench.debug.callStackView,workbench.debug.watchExpressionsView,workbench.debug.variablesView from workbench.view.debug
2023-12-13 16:42:22.599 [info] Added views:workbench.debug.welcome in workbench.view.debug
2023-12-13 16:42:22.791 [info] Added views:~remote.forwardedPorts in ~remote.forwardedPortsContainer
2023-12-13 16:42:23.984 [info] Removed views:gitlens.views.searchAndCompare,gitlens.views.fileHistory,gitlens.views.lineHistory,gitlens.views.commitDetails from workbench.view.extension.gitlensInspect
2023-12-13 16:42:23.985 [info] Removed views:gitlens.views.tags,gitlens.views.stashes,gitlens.views.remotes,gitlens.views.branches,gitlens.views.commits from workbench.view.scm
2023-12-13 16:42:29.617 [info] Added views:workbench.views.extensions.installed,workbench.views.extensions.popular,extensions.recommendedList in workbench.view.extensions
2023-12-13 16:42:29.618 [info] Removed views:workbench.views.extensions.popular from workbench.view.extensions
2023-12-13 16:42:44.013 [info] Removed views:extensions.recommendedList,workbench.views.extensions.installed from workbench.view.extensions
2023-12-13 16:42:44.021 [info] Added views:workbench.views.extensions.marketplace in workbench.view.extensions
