Initializing document watcher...
/home/michell/.config/Code/User/profiles/-4f39f5a1/settings.json: Using EditorConfig core...
/home/michell/.config/Code/User/profiles/-4f39f5a1/settings.json: Using EditorConfig core...
/home/michell/.config/Code/User/profiles/-4f39f5a1/settings.json: Using EditorConfig core...
/home/michell/.config/Code/User/profiles/-4f39f5a1/settings.json: {}
/home/michell/.config/Code/User/profiles/-4f39f5a1/settings.json: {}
/home/michell/.config/Code/User/profiles/-4f39f5a1/settings.json: {}
odoo/multierp/src/core/addons/account_bank_statement_import/models/account_bank_statement_import.py: {"insertSpaces":true,"tabSize":4}
/home/michell/.config/Code/User/profiles/-4f39f5a1/settings.json: {}
odoo/multierp/src/core/addons/account_bank_statement_import/models/account_bank_statement_import.py: {"insertSpaces":true,"tabSize":4}
odoo/multierp/src/core/addons/account_bank_statement_import/models/account_bank_statement_import.py: {"insertSpaces":true,"tabSize":4}
odoo/multierp/src/core/addons/account_bank_statement_import/models/account_bank_statement_import.py: {"insertSpaces":true,"tabSize":4}
/home/michell/.config/Code/User/profiles/-4f39f5a1/settings.json: {}
/home/michell/.config/Code/User/profiles/-4f39f5a1/settings.json: Using EditorConfig core...
/home/michell/.config/Code/User/profiles/-4f39f5a1/settings.json: Using EditorConfig core...
/home/michell/.config/Code/User/profiles/-4f39f5a1/settings.json: Using EditorConfig core...
/home/michell/.config/Code/User/profiles/-4f39f5a1/settings.json: {}
odoo/multierp/src/core/addons/account_bank_statement_import/models/account_bank_statement_import.py: {"insertSpaces":true,"tabSize":4}
odoo/multierp/src/core/addons/account_bank_statement_import/models/account_bank_statement_import.py: {"insertSpaces":true,"tabSize":4}
odoo/multierp/src/core/addons/account_bank_statement_import/models/account_bank_statement_import.py: {"insertSpaces":true,"tabSize":4}
odoo/multierp/src/core/addons/account_bank_statement_import/models/account_bank_statement_import.py: {"insertSpaces":true,"tabSize":4}
/home/michell/.config/Code/User/profiles/-4f39f5a1/settings.json: {}
/home/michell/.config/Code/User/profiles/-4f39f5a1/settings.json: Using EditorConfig core...
/home/michell/.config/Code/User/profiles/-4f39f5a1/settings.json: Using EditorConfig core...
/home/michell/.config/Code/User/profiles/-4f39f5a1/settings.json: Using EditorConfig core...
/home/michell/.config/Code/User/profiles/-4f39f5a1/settings.json: Using EditorConfig core...
/home/michell/.config/Code/User/profiles/-4f39f5a1/settings.json: Using EditorConfig core...
odoo/multierp/src/core/addons/account_bank_statement_import/models/account_bank_statement_import.py: {"insertSpaces":true,"tabSize":4}
/home/michell/.config/Code/User/profiles/-4f39f5a1/settings.json: {}
/home/michell/.config/Code/User/profiles/-4f39f5a1/settings.json: Using EditorConfig core...
/home/michell/.config/Code/User/profiles/-4f39f5a1/settings.json: Using EditorConfig core...
/home/michell/.config/Code/User/profiles/-4f39f5a1/settings.json: Using EditorConfig core...
/home/michell/.config/Code/User/profiles/-4f39f5a1/settings.json: {}
/home/michell/.config/Code/User/profiles/-4f39f5a1/settings.json: {}
/home/michell/.config/Code/User/profiles/-4f39f5a1/settings.json: {}
/home/michell/.config/Code/User/profiles/-4f39f5a1/settings.json: Using EditorConfig core...
/home/michell/.config/Code/User/profiles/-4f39f5a1/settings.json: Using EditorConfig core...
/home/michell/.config/Code/User/profiles/-4f39f5a1/settings.json: {}
/home/michell/.config/Code/User/profiles/-4f39f5a1/settings.json: Using EditorConfig core...
/home/michell/.config/Code/User/profiles/-4f39f5a1/settings.json: Using EditorConfig core...
/home/michell/.config/Code/User/profiles/-4f39f5a1/settings.json: Using EditorConfig core...
/home/michell/.config/Code/User/profiles/-4f39f5a1/settings.json: {}
/home/michell/.config/Code/User/profiles/-4f39f5a1/settings.json: {}
/home/michell/.config/Code/User/profiles/-4f39f5a1/settings.json: Using EditorConfig core...
/home/michell/.config/Code/User/profiles/-4f39f5a1/settings.json: Using EditorConfig core...
/home/michell/.config/Code/User/profiles/-4f39f5a1/settings.json: Using EditorConfig core...
/home/michell/.config/Code/User/profiles/-4f39f5a1/settings.json: Using EditorConfig core...
odoo/multierp/src/core/addons/account_bank_statement_import/models/account_bank_statement_import.py: {"insertSpaces":true,"tabSize":4}
/home/michell/.config/Code/User/profiles/-4f39f5a1/settings.json: {}
/home/michell/.config/Code/User/profiles/-4f39f5a1/settings.json: Using EditorConfig core...
/home/michell/.config/Code/User/profiles/-4f39f5a1/settings.json: Using EditorConfig core...
/home/michell/.config/Code/User/profiles/-4f39f5a1/settings.json: Using EditorConfig core...
/home/michell/.config/Code/User/profiles/-4f39f5a1/settings.json: {}
/home/michell/.config/Code/User/profiles/-4f39f5a1/settings.json: {}
No more open editors.
No more open editors.
/home/michell/.config/Code/User/profiles/-4f39f5a1/settings.json: {}
/home/michell/.config/Code/User/profiles/-4f39f5a1/settings.json: {}
/home/michell/.config/Code/User/profiles/-4f39f5a1/settings.json: Using EditorConfig core...
/home/michell/.config/Code/User/profiles/-4f39f5a1/settings.json: Using EditorConfig core...
/home/michell/.config/Code/User/profiles/-4f39f5a1/settings.json: {}
/home/michell/.config/Code/User/profiles/-4f39f5a1/settings.json: {}
/home/michell/.config/Code/User/profiles/-4f39f5a1/settings.json: {}
/home/michell/.config/Code/User/profiles/-4f39f5a1/settings.json: {}
/home/michell/.config/Code/User/profiles/-4f39f5a1/settings.json: Using EditorConfig core...
/home/michell/.config/Code/User/profiles/-4f39f5a1/settings.json: Using EditorConfig core...
/home/michell/.config/Code/User/profiles/-4f39f5a1/settings.json: Using EditorConfig core...
/home/michell/.config/Code/User/profiles/-4f39f5a1/settings.json: Using EditorConfig core...
/home/michell/.config/Code/User/profiles/-4f39f5a1/settings.json: Using EditorConfig core...
/home/michell/.config/Code/User/profiles/-4f39f5a1/settings.json: Using EditorConfig core...
/home/michell/.config/Code/User/profiles/-4f39f5a1/settings.json: Using EditorConfig core...
/home/michell/.config/Code/User/profiles/-4f39f5a1/settings.json: {}
/home/michell/.config/Code/User/profiles/-4f39f5a1/settings.json: Using EditorConfig core...
/home/michell/.config/Code/User/profiles/-4f39f5a1/settings.json: {}
/home/michell/.config/Code/User/profiles/-4f39f5a1/settings.json: Using EditorConfig core...
/home/michell/.config/Code/User/profiles/-4f39f5a1/settings.json: Using EditorConfig core...
/home/michell/.config/Code/User/profiles/-4f39f5a1/settings.json: Using EditorConfig core...
/home/michell/.config/Code/User/profiles/-4f39f5a1/settings.json: {}
/home/michell/.config/Code/User/profiles/-4f39f5a1/settings.json: Using EditorConfig core...
/home/michell/.config/Code/User/profiles/-4f39f5a1/settings.json: Using EditorConfig core...
/home/michell/.config/Code/User/profiles/-4f39f5a1/settings.json: Using EditorConfig core...
/home/michell/.config/Code/User/profiles/-4f39f5a1/settings.json: Using EditorConfig core...
/home/michell/.config/Code/User/profiles/-4f39f5a1/settings.json: Using EditorConfig core...
/home/michell/.config/Code/User/profiles/-4f39f5a1/settings.json: Using EditorConfig core...
/home/michell/.config/Code/User/profiles/-4f39f5a1/settings.json: Using EditorConfig core...
/home/michell/.config/Code/User/profiles/-4f39f5a1/settings.json: Using EditorConfig core...
/home/michell/.config/Code/User/profiles/-4f39f5a1/settings.json: Using EditorConfig core...
/home/michell/.config/Code/User/profiles/-4f39f5a1/settings.json: {}
/home/michell/.config/Code/User/profiles/-4f39f5a1/settings.json: Using EditorConfig core...
/home/michell/.config/Code/User/profiles/-4f39f5a1/settings.json: Using EditorConfig core...
/home/michell/.config/Code/User/profiles/-4f39f5a1/settings.json: Using EditorConfig core...
/home/michell/.config/Code/User/profiles/-4f39f5a1/settings.json: {}
/home/michell/.config/Code/User/profiles/-4f39f5a1/settings.json: Using EditorConfig core...
/home/michell/.config/Code/User/profiles/-4f39f5a1/settings.json: {}
/home/michell/.config/Code/User/profiles/-4f39f5a1/settings.json: Using EditorConfig core...
/home/michell/.config/Code/User/profiles/-4f39f5a1/settings.json: Using EditorConfig core...
/home/michell/.config/Code/User/profiles/-4f39f5a1/settings.json: Using EditorConfig core...
/home/michell/.config/Code/User/profiles/-4f39f5a1/settings.json: Using EditorConfig core...
/home/michell/.config/Code/User/profiles/-4f39f5a1/settings.json: Using EditorConfig core...
odoo/multierp/src/core/addons/account_bank_statement_import/models/account_bank_statement_import.py: {"insertSpaces":true,"tabSize":4}
/home/michell/.config/Code/User/profiles/-4f39f5a1/settings.json: {}
odoo/multierp/src/core/addons/account_bank_statement_import/models/account_bank_statement_import.py: {"insertSpaces":true,"tabSize":4}
odoo/multierp/src/core/addons/account_bank_statement_import/models/account_bank_statement_import.py: {"insertSpaces":true,"tabSize":4}
/home/michell/.config/Code/User/profiles/-4f39f5a1/settings.json: {}
odoo/multierp/src/core/addons/account_bank_statement_import/models/account_bank_statement_import.py: {"insertSpaces":true,"tabSize":4}
/home/michell/.config/Code/User/profiles/-4f39f5a1/settings.json: {}
odoo/multierp/src/core/addons/account_bank_statement_import/models/account_bank_statement_import.py: {"insertSpaces":true,"tabSize":4}
/home/michell/.config/Code/User/profiles/-4f39f5a1/settings.json: {}
odoo/multierp/src/core/addons/account_bank_statement_import/models/account_bank_statement_import.py: {"insertSpaces":true,"tabSize":4}
/home/michell/.config/Code/User/profiles/-4f39f5a1/settings.json: {}
/home/michell/.config/Code/User/profiles/-4f39f5a1/settings.json: Using EditorConfig core...
/home/michell/.config/Code/User/profiles/-4f39f5a1/settings.json: Using EditorConfig core...
/home/michell/.config/Code/User/profiles/-4f39f5a1/settings.json: Using EditorConfig core...
/home/michell/.config/Code/User/profiles/-4f39f5a1/settings.json: Using EditorConfig core...
odoo/multierp/src/core/addons/account_bank_statement_import/models/account_bank_statement_import.py: {"insertSpaces":true,"tabSize":4}
/home/michell/.config/Code/User/profiles/-4f39f5a1/settings.json: {}
odoo/multierp/src/core/addons/account_bank_statement_import/models/account_bank_statement_import.py: {"insertSpaces":true,"tabSize":4}
/home/michell/.config/Code/User/profiles/-4f39f5a1/settings.json: {}
/home/michell/.config/Code/User/profiles/-4f39f5a1/settings.json: Using EditorConfig core...
/home/michell/.config/Code/User/profiles/-4f39f5a1/settings.json: Using EditorConfig core...
/home/michell/.config/Code/User/profiles/-4f39f5a1/settings.json: Using EditorConfig core...
/home/michell/.config/Code/User/profiles/-4f39f5a1/settings.json: Using EditorConfig core...
odoo/multierp/src/core/addons/account_bank_statement_import/models/account_bank_statement_import.py: {"insertSpaces":true,"tabSize":4}
/home/michell/.config/Code/User/profiles/-4f39f5a1/settings.json: {}
/home/michell/.config/Code/User/profiles/-4f39f5a1/settings.json: Using EditorConfig core...
odoo/multierp/src/core/addons/account_bank_statement_import/models/account_bank_statement_import.py: {"insertSpaces":true,"tabSize":4}
/home/michell/.config/Code/User/profiles/-4f39f5a1/settings.json: {}
odoo/multierp/src/core/addons/account_bank_statement_import/models/account_bank_statement_import.py: {"insertSpaces":true,"tabSize":4}
/home/michell/.config/Code/User/profiles/-4f39f5a1/settings.json: {}
odoo/multierp/src/core/addons/account_bank_statement_import/models/account_bank_statement_import.py: {"insertSpaces":true,"tabSize":4}
/home/michell/.config/Code/User/profiles/-4f39f5a1/settings.json: {}
odoo/multierp/src/core/addons/account_bank_statement_import/models/account_bank_statement_import.py: {"insertSpaces":true,"tabSize":4}
odoo/multierp/src/core/addons/account_bank_statement_import/models/account_bank_statement_import.py: {"insertSpaces":true,"tabSize":4}
/home/michell/.config/Code/User/profiles/-4f39f5a1/settings.json: {}
/home/michell/.config/Code/User/profiles/-4f39f5a1/settings.json: Using EditorConfig core...
odoo/multierp/src/core/addons/account_bank_statement_import/models/account_bank_statement_import.py: {"insertSpaces":true,"tabSize":4}
odoo/multierp/src/core/addons/account_bank_statement_import/models/account_bank_statement_import.py: {"insertSpaces":true,"tabSize":4}
odoo/multierp/src/core/addons/account_bank_statement_import/models/account_bank_statement_import.py: {"insertSpaces":true,"tabSize":4}
odoo/multierp/src/core/addons/account_bank_statement_import/models/account_bank_statement_import.py: {"insertSpaces":true,"tabSize":4}
odoo/multierp/src/core/addons/account_bank_statement_import/models/account_bank_statement_import.py: {"insertSpaces":true,"tabSize":4}
odoo/multierp/src/core/addons/account_bank_statement_import/models/account_bank_statement_import.py: {"insertSpaces":true,"tabSize":4}
/home/michell/.config/Code/User/profiles/-4f39f5a1/settings.json: {}
/home/michell/.config/Code/User/profiles/-4f39f5a1/settings.json: Using EditorConfig core...
/home/michell/.config/Code/User/profiles/-4f39f5a1/settings.json: Using EditorConfig core...
/home/michell/.config/Code/User/profiles/-4f39f5a1/settings.json: Using EditorConfig core...
/home/michell/.config/Code/User/profiles/-4f39f5a1/settings.json: Using EditorConfig core...
odoo/multierp/src/core/addons/account_bank_statement_import/models/account_bank_statement_import.py: {"insertSpaces":true,"tabSize":4}
odoo/multierp/src/core/addons/account_bank_statement_import/models/account_bank_statement_import.py: {"insertSpaces":true,"tabSize":4}
odoo/multierp/src/core/addons/account_bank_statement_import/models/account_bank_statement_import.py: {"insertSpaces":true,"tabSize":4}
odoo/multierp/src/core/addons/account_bank_statement_import/models/account_bank_statement_import.py: {"insertSpaces":true,"tabSize":4}
odoo/multierp/src/core/addons/account_bank_statement_import/models/account_bank_statement_import.py: {"insertSpaces":true,"tabSize":4}
/home/michell/.config/Code/User/profiles/-4f39f5a1/settings.json: {}
/home/michell/.config/Code/User/profiles/-4f39f5a1/settings.json: Using EditorConfig core...
odoo/multierp/src/core/addons/account_bank_statement_import/models/account_bank_statement_import.py: {"insertSpaces":true,"tabSize":4}
odoo/multierp/src/core/addons/account_bank_statement_import/models/account_bank_statement_import.py: {"insertSpaces":true,"tabSize":4}
odoo/multierp/src/core/addons/account_bank_statement_import/models/account_bank_statement_import.py: {"insertSpaces":true,"tabSize":4}
odoo/multierp/src/core/addons/account_bank_statement_import/models/account_bank_statement_import.py: {"insertSpaces":true,"tabSize":4}
/home/michell/.config/Code/User/profiles/-4f39f5a1/settings.json: {}
/home/michell/.config/Code/User/profiles/-4f39f5a1/settings.json: Using EditorConfig core...
/home/michell/.config/Code/User/profiles/-4f39f5a1/settings.json: Using EditorConfig core...
/home/michell/.config/Code/User/profiles/-4f39f5a1/settings.json: Using EditorConfig core...
/home/michell/.config/Code/User/profiles/-4f39f5a1/settings.json: Using EditorConfig core...
/home/michell/.config/Code/User/profiles/-4f39f5a1/settings.json: Using EditorConfig core...
/home/michell/.config/Code/User/profiles/-4f39f5a1/settings.json: Using EditorConfig core...
/home/michell/.config/Code/User/profiles/-4f39f5a1/settings.json: {}
odoo/multierp/src/core/addons/account_bank_statement_import/models/account_bank_statement_import.py: {"insertSpaces":true,"tabSize":4}
odoo/multierp/src/core/addons/account_bank_statement_import/models/account_bank_statement_import.py: {"insertSpaces":true,"tabSize":4}
odoo/multierp/src/core/addons/account_bank_statement_import/models/account_bank_statement_import.py: {"insertSpaces":true,"tabSize":4}
/home/michell/.config/Code/User/profiles/-4f39f5a1/settings.json: {}
/home/michell/.config/Code/User/profiles/-4f39f5a1/settings.json: Using EditorConfig core...
odoo/multierp/src/core/addons/account_bank_statement_import/models/account_bank_statement_import.py: {"insertSpaces":true,"tabSize":4}
/home/michell/.config/Code/User/profiles/-4f39f5a1/settings.json: {}
odoo/multierp/src/core/addons/account_bank_statement_import/models/account_bank_statement_import.py: {"insertSpaces":true,"tabSize":4}
odoo/multierp/src/core/addons/account_bank_statement_import/models/account_bank_statement_import.py: {"insertSpaces":true,"tabSize":4}
/home/michell/.config/Code/User/profiles/-4f39f5a1/settings.json: {}
odoo/multierp/src/core/addons/account_bank_statement_import/models/account_bank_statement_import.py: {"insertSpaces":true,"tabSize":4}
/home/michell/.config/Code/User/profiles/-4f39f5a1/settings.json: {}
/home/michell/.config/Code/User/profiles/-4f39f5a1/settings.json: {}
/home/michell/.config/Code/User/profiles/-4f39f5a1/settings.json: {}
/home/michell/.config/Code/User/profiles/-4f39f5a1/settings.json: Using EditorConfig core...
/home/michell/.config/Code/User/profiles/-4f39f5a1/settings.json: Using EditorConfig core...
/home/michell/.config/Code/User/profiles/-4f39f5a1/settings.json: Using EditorConfig core...
/home/michell/.config/Code/User/profiles/-4f39f5a1/settings.json: Using EditorConfig core...
/home/michell/.config/Code/User/profiles/-4f39f5a1/settings.json: Using EditorConfig core...
odoo/multierp/src/core/addons/account_bank_statement_import/models/account_bank_statement_import.py: {"insertSpaces":true,"tabSize":4}
/home/michell/.config/Code/User/profiles/-4f39f5a1/settings.json: {}
/home/michell/.config/Code/User/profiles/-4f39f5a1/settings.json: Using EditorConfig core...
odoo/multierp/src/core/addons/account_bank_statement_import/models/account_bank_statement_import.py: {"insertSpaces":true,"tabSize":4}
/home/michell/.config/Code/User/profiles/-4f39f5a1/settings.json: {}
odoo/multierp/src/core/addons/account_bank_statement_import/models/account_bank_statement_import.py: {"insertSpaces":true,"tabSize":4}
/home/michell/.config/Code/User/profiles/-4f39f5a1/settings.json: {}
/home/michell/.config/Code/User/profiles/-4f39f5a1/settings.json: Using EditorConfig core...
odoo/multierp/src/core/addons/account_bank_statement_import/models/account_bank_statement_import.py: {"insertSpaces":true,"tabSize":4}
odoo/multierp/src/core/addons/account_bank_statement_import/models/account_bank_statement_import.py: {"insertSpaces":true,"tabSize":4}
odoo/multierp/src/core/addons/account_bank_statement_import/models/account_bank_statement_import.py: {"insertSpaces":true,"tabSize":4}
odoo/multierp/src/core/addons/account_bank_statement_import/models/account_bank_statement_line.py: {"insertSpaces":true,"tabSize":4}
odoo/multierp/src/core/addons/account_bank_statement_import/models/account_bank_statement_import.py: {"insertSpaces":true,"tabSize":4}
odoo/multierp/src/core/addons/account_bank_statement_import/models/account_bank_statement_import.py: {"insertSpaces":true,"tabSize":4}
odoo/multierp/src/core/addons/account_bank_statement_import/models/account_bank_statement_import.py: {"insertSpaces":true,"tabSize":4}
odoo/multierp/src/core/addons/account_bank_statement_import/models/account_bank_statement_line.py: {"insertSpaces":true,"tabSize":4}
odoo/multierp/src/core/addons/account_bank_statement_import/models/account_bank_statement_import.py: {"insertSpaces":true,"tabSize":4}
odoo/multierp/src/core/addons/account_bank_statement_import/models/account_bank_statement_import.py: {"insertSpaces":true,"tabSize":4}
odoo/multierp/src/core/addons/account_bank_statement_import/models/account_bank_statement_import.py: {"insertSpaces":true,"tabSize":4}
odoo/multierp/src/core/addons/account_bank_statement_import/models/account_bank_statement_import.py: {"insertSpaces":true,"tabSize":4}
odoo/multierp/src/core/addons/account_bank_statement_import/models/account_bank_statement_import.py: {"insertSpaces":true,"tabSize":4}
odoo/multierp/src/core/addons/account_bank_statement_import/models/account_bank_statement_line.py: {"insertSpaces":true,"tabSize":4}
odoo/multierp/src/core/addons/account_bank_statement_import/models/account_bank_statement_line.py: {"insertSpaces":true,"tabSize":4}
odoo/multierp/src/core/addons/account_bank_statement_import/models/account_bank_statement_line.py: {"insertSpaces":true,"tabSize":4}
