2023-12-13 19:55:16.287 [info] /home/michell/Workspace/theodinproject/css-exercises/margin-and-padding/02-margin-and-padding-2/index.html closed
2023-12-13 19:55:16.288 [info] /home/michell/Workspace/theodinproject/css-exercises/margin-and-padding/02-margin-and-padding-2/index.html.git closed
2023-12-13 19:55:24.036 [info] /home/michell/.config/Code/User/profiles/-4f39f5a1/settings.json closed
2023-12-13 19:55:24.057 [info] Configuration changed
2023-12-13 19:55:38.391 [info] Active editor: file:///home/michell/Workspace/theodinproject/css-exercises/flex/01-flex-center/README.md
2023-12-13 19:55:59.887 [info] /home/michell/Workspace/theodinproject/css-exercises/flex/01-flex-center/README.md closed
2023-12-13 19:55:59.906 [info] /home/michell/Workspace/theodinproject/css-exercises/flex/01-flex-center/README.md.git closed
2023-12-13 19:56:01.176 [info] Active editor: file:///home/michell/Workspace/theodinproject/css-exercises/flex/01-flex-center/index.html
2023-12-13 19:56:12.228 [info] /home/michell/Workspace/theodinproject/css-exercises/flex/01-flex-center/index.html closed
2023-12-13 19:56:12.256 [info] Active editor: file:///home/michell/Workspace/theodinproject/css-exercises/flex/01-flex-center/style.css
2023-12-13 19:56:12.300 [info] /home/michell/Workspace/theodinproject/css-exercises/flex/01-flex-center/index.html.git closed
2023-12-13 19:57:48.598 [info] /home/michell/Workspace/theodinproject/css-exercises/flex/01-flex-center/style.css.git closed
2023-12-13 19:57:52.380 [info] Active editor: file:///home/michell/Workspace/theodinproject/css-exercises/flex/01-flex-center/style.css
2023-12-13 20:01:06.543 [info] Active editor: file:///home/michell/Workspace/theodinproject/css-exercises/flex/01-flex-center/README.md
2023-12-13 20:01:06.548 [info] /home/michell/Workspace/theodinproject/css-exercises/flex/01-flex-center/style.css.git closed
2023-12-13 20:01:15.059 [info] Active editor: file:///home/michell/Workspace/theodinproject/css-exercises/flex/01-flex-center/style.css
2023-12-13 20:01:15.072 [info] /home/michell/Workspace/theodinproject/css-exercises/flex/01-flex-center/README.md.git closed
2023-12-13 20:01:23.739 [info] /home/michell/Workspace/theodinproject/css-exercises/flex/01-flex-center/README.md closed
2023-12-13 20:01:23.757 [info] Active editor: file:///home/michell/Workspace/theodinproject/css-exercises/flex/01-flex-center/solution/solution.css
2023-12-13 20:01:23.769 [info] /home/michell/Workspace/theodinproject/css-exercises/flex/01-flex-center/style.css.git closed
2023-12-13 20:01:28.545 [info] /home/michell/Workspace/theodinproject/css-exercises/flex/01-flex-center/solution/solution.css closed
2023-12-13 20:01:28.552 [info] Active editor: file:///home/michell/Workspace/theodinproject/css-exercises/flex/01-flex-center/style.css
2023-12-13 20:01:28.566 [info] /home/michell/Workspace/theodinproject/css-exercises/flex/01-flex-center/solution/solution.css.git closed
2023-12-13 20:01:31.338 [info] /home/michell/Workspace/theodinproject/css-exercises/flex/01-flex-center/style.css closed
2023-12-13 20:01:31.339 [info] /home/michell/Workspace/theodinproject/css-exercises/flex/01-flex-center/style.css.git closed
2023-12-13 20:03:44.882 [info] Active editor: file:///home/michell/Workspace/theodinproject/css-exercises/flex/02-flex-header/README.md
2023-12-13 20:04:49.646 [info] /home/michell/Workspace/theodinproject/css-exercises/flex/02-flex-header/README.md closed
2023-12-13 20:04:49.673 [info] Active editor: file:///home/michell/Workspace/theodinproject/css-exercises/flex/02-flex-header/style.css
2023-12-13 20:04:49.686 [info] /home/michell/Workspace/theodinproject/css-exercises/flex/02-flex-header/README.md.git closed
2023-12-13 20:04:55.555 [info] Active editor: file:///home/michell/Workspace/theodinproject/css-exercises/flex/02-flex-header/README.md
2023-12-13 20:04:55.562 [info] /home/michell/Workspace/theodinproject/css-exercises/flex/02-flex-header/style.css.git closed
