2023-12-12 19:32:59.559 [info] Extension host with pid 40653 started
2023-12-12 19:32:59.559 [info] Skipping acquiring lock for /home/michell/.config/Code/User/workspaceStorage/7e290bfc8dc92b30b9e7c1cc66a48c4a.
2023-12-12 19:32:59.785 [info] ExtensionService#_doActivateExtension mechatroner.rainbow-csv, startup: false, activationEvent: 'onLanguage:plaintext'
2023-12-12 19:32:59.790 [info] ExtensionService#_doActivateExtension vscode.emmet, startup: false, activationEvent: 'onLanguage'
2023-12-12 19:32:59.795 [info] ExtensionService#_doActivateExtension vscode.html-language-features, startup: false, activationEvent: 'onLanguage:html'
2023-12-12 19:33:00.427 [info] ExtensionService#_doActivateExtension vscode.github-authentication, startup: false, activationEvent: 'onAuthenticationRequest:github'
2023-12-12 19:33:00.692 [info] ExtensionService#_doActivateExtension vscode.git-base, startup: true, activationEvent: '*', root cause: vscode.git
2023-12-12 19:33:00.694 [info] ExtensionService#_doActivateExtension EditorConfig.EditorConfig, startup: true, activationEvent: '*'
2023-12-12 19:33:00.707 [info] ExtensionService#_doActivateExtension formulahendry.auto-close-tag, startup: true, activationEvent: '*'
2023-12-12 19:33:00.708 [info] ExtensionService#_doActivateExtension kamikillerto.vscode-colorize, startup: true, activationEvent: '*'
2023-12-12 19:33:00.727 [info] ExtensionService#_doActivateExtension xshrim.txt-syntax, startup: true, activationEvent: '*'
2023-12-12 19:33:00.732 [info] ExtensionService#_doActivateExtension yzhang.markdown-all-in-one, startup: true, activationEvent: 'workspaceContains:README.md'
2023-12-12 19:33:00.780 [info] ExtensionService#_doActivateExtension vscode.markdown-math, startup: false, activationEvent: 'api', root cause: yzhang.markdown-all-in-one
2023-12-12 19:33:00.785 [info] ExtensionService#_doActivateExtension vscode.git, startup: true, activationEvent: '*'
2023-12-12 19:33:00.799 [info] ExtensionService#_doActivateExtension vscode.github, startup: true, activationEvent: '*'
2023-12-12 19:33:00.847 [info] Eager extensions activated
2023-12-12 19:33:00.862 [info] ExtensionService#_doActivateExtension vscode.debug-auto-launch, startup: false, activationEvent: 'onStartupFinished'
2023-12-12 19:33:00.864 [info] ExtensionService#_doActivateExtension vscode.merge-conflict, startup: false, activationEvent: 'onStartupFinished'
2023-12-12 19:33:00.868 [info] ExtensionService#_doActivateExtension alefragnani.Bookmarks, startup: false, activationEvent: 'onStartupFinished'
2023-12-12 19:33:00.872 [info] ExtensionService#_doActivateExtension Catppuccin.catppuccin-vsc, startup: false, activationEvent: 'onStartupFinished'
2023-12-12 19:33:00.875 [info] ExtensionService#_doActivateExtension eamodio.gitlens, startup: false, activationEvent: 'onStartupFinished'
2023-12-12 19:33:00.894 [info] ExtensionService#_doActivateExtension felipecaputo.git-project-manager, startup: false, activationEvent: 'onStartupFinished'
2023-12-12 19:33:00.912 [info] ExtensionService#_doActivateExtension sainnhe.everforest, startup: false, activationEvent: 'onStartupFinished'
2023-12-12 19:33:00.920 [info] ExtensionService#_doActivateExtension zhuangtongfa.material-theme, startup: false, activationEvent: 'onStartupFinished'
2023-12-12 19:33:09.339 [warning] TextEditor is closed/disposed
2023-12-12 19:33:09.447 [info] ExtensionService#_doActivateExtension vscode.css-language-features, startup: false, activationEvent: 'onLanguage:css'
2023-12-12 19:33:13.958 [info] Extension host terminating: renderer closed the MessagePort
2023-12-12 19:33:13.983 [warning] Canceled
2023-12-12 19:33:13.983 [error] Canceled: Canceled
	at new g (/usr/share/code/resources/app/out/vs/workbench/api/node/extensionHostProcess.js:141:110274)
	at l.U (/usr/share/code/resources/app/out/vs/workbench/api/node/extensionHostProcess.js:150:10866)
	at P.<computed>.j.charCodeAt.P.<computed> (/usr/share/code/resources/app/out/vs/workbench/api/node/extensionHostProcess.js:150:8317)
	at d.g (/usr/share/code/resources/app/out/vs/workbench/api/node/extensionHostProcess.js:141:139555)
	at d.executeCommand (/usr/share/code/resources/app/out/vs/workbench/api/node/extensionHostProcess.js:141:138993)
	at p.registerCommand.description (/usr/share/code/resources/app/out/vs/workbench/api/node/extensionHostProcess.js:141:138317)
	at d.h (/usr/share/code/resources/app/out/vs/workbench/api/node/extensionHostProcess.js:141:140094)
	at d.g (/usr/share/code/resources/app/out/vs/workbench/api/node/extensionHostProcess.js:141:139086)
	at d.executeCommand (/usr/share/code/resources/app/out/vs/workbench/api/node/extensionHostProcess.js:141:138993)
	at Object.executeCommand (/usr/share/code/resources/app/out/vs/workbench/api/node/extensionHostProcess.js:158:21333)
	at f.I [as value] (/usr/share/code/resources/app/extensions/git/dist/main.js:2:924696)
	at n.y (/usr/share/code/resources/app/out/vs/workbench/api/node/extensionHostProcess.js:80:1902)
	at n.z (/usr/share/code/resources/app/out/vs/workbench/api/node/extensionHostProcess.js:80:1972)
	at n.fire (/usr/share/code/resources/app/out/vs/workbench/api/node/extensionHostProcess.js:80:2188)
	at Object.m [as dispose] (/usr/share/code/resources/app/extensions/git/dist/main.js:2:940613)
	at /usr/share/code/resources/app/extensions/git/dist/main.js:2:945566
	at Array.forEach (<anonymous>)
	at p.dispose (/usr/share/code/resources/app/extensions/git/dist/main.js:2:945552)
	at u.<anonymous> (/usr/share/code/resources/app/out/vs/workbench/api/node/extensionHostProcess.js:137:3620)
	at u.dispose (/usr/share/code/resources/app/out/vs/workbench/api/node/extensionHostProcess.js:137:3717)
	at u.<anonymous> (/usr/share/code/resources/app/extensions/git/dist/main.js:2:926708)
	at u.dispose (/usr/share/code/resources/app/out/vs/workbench/api/node/extensionHostProcess.js:137:3717)
	at s (/usr/share/code/resources/app/out/vs/workbench/api/node/extensionHostProcess.js:30:754)
	at f.cb (/usr/share/code/resources/app/out/vs/workbench/api/node/extensionHostProcess.js:154:9873)
	at /usr/share/code/resources/app/out/vs/workbench/api/node/extensionHostProcess.js:154:7808
	at Array.map (<anonymous>)
	at f.Y (/usr/share/code/resources/app/out/vs/workbench/api/node/extensionHostProcess.js:154:7795)
	at f.terminate (/usr/share/code/resources/app/out/vs/workbench/api/node/extensionHostProcess.js:154:8068)
	at s.terminate (/usr/share/code/resources/app/out/vs/workbench/api/node/extensionHostProcess.js:158:1513)
	at a (/usr/share/code/resources/app/out/vs/workbench/api/node/extensionHostProcess.js:171:9802)
	at MessagePortMain.<anonymous> (/usr/share/code/resources/app/out/vs/workbench/api/node/extensionHostProcess.js:171:6227)
	at MessagePortMain.emit (node:events:513:28)
	at MessagePortMain._internalPort.emit (node:electron/js2c/utility_init:2:367) setContext undefined
2023-12-12 19:33:13.984 [error] Canceled: Canceled
	at new g (/usr/share/code/resources/app/out/vs/workbench/api/node/extensionHostProcess.js:141:110274)
	at l.U (/usr/share/code/resources/app/out/vs/workbench/api/node/extensionHostProcess.js:150:10866)
	at P.<computed>.j.charCodeAt.P.<computed> (/usr/share/code/resources/app/out/vs/workbench/api/node/extensionHostProcess.js:150:8317)
	at d.g (/usr/share/code/resources/app/out/vs/workbench/api/node/extensionHostProcess.js:141:139555)
	at d.executeCommand (/usr/share/code/resources/app/out/vs/workbench/api/node/extensionHostProcess.js:141:138993)
	at p.registerCommand.description (/usr/share/code/resources/app/out/vs/workbench/api/node/extensionHostProcess.js:141:138317)
	at d.h (/usr/share/code/resources/app/out/vs/workbench/api/node/extensionHostProcess.js:141:140094)
	at d.g (/usr/share/code/resources/app/out/vs/workbench/api/node/extensionHostProcess.js:141:139086)
	at d.executeCommand (/usr/share/code/resources/app/out/vs/workbench/api/node/extensionHostProcess.js:141:138993)
	at Object.executeCommand (/usr/share/code/resources/app/out/vs/workbench/api/node/extensionHostProcess.js:158:21333)
	at set b [as b] (/usr/share/code/resources/app/extensions/github/dist/extension.js:2:322364)
	at /usr/share/code/resources/app/extensions/github/dist/extension.js:2:323005
	at f.value (/usr/share/code/resources/app/extensions/git/dist/main.js:2:1016450)
	at n.y (/usr/share/code/resources/app/out/vs/workbench/api/node/extensionHostProcess.js:80:1902)
	at n.z (/usr/share/code/resources/app/out/vs/workbench/api/node/extensionHostProcess.js:80:1972)
	at n.fire (/usr/share/code/resources/app/out/vs/workbench/api/node/extensionHostProcess.js:80:2188)
	at Object.m [as dispose] (/usr/share/code/resources/app/extensions/git/dist/main.js:2:940613)
	at /usr/share/code/resources/app/extensions/git/dist/main.js:2:945566
	at Array.forEach (<anonymous>)
	at p.dispose (/usr/share/code/resources/app/extensions/git/dist/main.js:2:945552)
	at u.<anonymous> (/usr/share/code/resources/app/out/vs/workbench/api/node/extensionHostProcess.js:137:3620)
	at u.dispose (/usr/share/code/resources/app/out/vs/workbench/api/node/extensionHostProcess.js:137:3717)
	at u.<anonymous> (/usr/share/code/resources/app/extensions/git/dist/main.js:2:926708)
	at u.dispose (/usr/share/code/resources/app/out/vs/workbench/api/node/extensionHostProcess.js:137:3717)
	at s (/usr/share/code/resources/app/out/vs/workbench/api/node/extensionHostProcess.js:30:754)
	at f.cb (/usr/share/code/resources/app/out/vs/workbench/api/node/extensionHostProcess.js:154:9873)
	at /usr/share/code/resources/app/out/vs/workbench/api/node/extensionHostProcess.js:154:7808
	at Array.map (<anonymous>)
	at f.Y (/usr/share/code/resources/app/out/vs/workbench/api/node/extensionHostProcess.js:154:7795)
	at f.terminate (/usr/share/code/resources/app/out/vs/workbench/api/node/extensionHostProcess.js:154:8068)
	at s.terminate (/usr/share/code/resources/app/out/vs/workbench/api/node/extensionHostProcess.js:158:1513)
	at a (/usr/share/code/resources/app/out/vs/workbench/api/node/extensionHostProcess.js:171:9802)
	at MessagePortMain.<anonymous> (/usr/share/code/resources/app/out/vs/workbench/api/node/extensionHostProcess.js:171:6227)
	at MessagePortMain.emit (node:events:513:28)
	at MessagePortMain._internalPort.emit (node:electron/js2c/utility_init:2:367) setContext undefined
2023-12-12 19:33:13.984 [error] Canceled: Canceled
	at new g (/usr/share/code/resources/app/out/vs/workbench/api/node/extensionHostProcess.js:141:110274)
	at l.U (/usr/share/code/resources/app/out/vs/workbench/api/node/extensionHostProcess.js:150:10866)
	at P.<computed>.j.charCodeAt.P.<computed> (/usr/share/code/resources/app/out/vs/workbench/api/node/extensionHostProcess.js:150:8317)
	at d.g (/usr/share/code/resources/app/out/vs/workbench/api/node/extensionHostProcess.js:141:139555)
	at d.executeCommand (/usr/share/code/resources/app/out/vs/workbench/api/node/extensionHostProcess.js:141:138993)
	at p.registerCommand.description (/usr/share/code/resources/app/out/vs/workbench/api/node/extensionHostProcess.js:141:138317)
	at d.h (/usr/share/code/resources/app/out/vs/workbench/api/node/extensionHostProcess.js:141:140094)
	at d.g (/usr/share/code/resources/app/out/vs/workbench/api/node/extensionHostProcess.js:141:139086)
	at d.executeCommand (/usr/share/code/resources/app/out/vs/workbench/api/node/extensionHostProcess.js:141:138993)
	at Object.executeCommand (/usr/share/code/resources/app/out/vs/workbench/api/node/extensionHostProcess.js:158:21333)
	at w (/home/michell/.vscode/extensions/eamodio.gitlens-14.5.2/dist/gitlens.js:1:1112601)
	at l (/home/michell/.vscode/extensions/eamodio.gitlens-14.5.2/dist/gitlens.js:1:1117244)
	at ActionRunners._updateContextKeys (/home/michell/.vscode/extensions/eamodio.gitlens-14.5.2/dist/gitlens.js:1:39035)
	at s (/home/michell/.vscode/extensions/eamodio.gitlens-14.5.2/dist/gitlens.js:1:37454)
	at RegisteredActionRunner.unregister (/home/michell/.vscode/extensions/eamodio.gitlens-14.5.2/dist/gitlens.js:1:37598)
	at RegisteredActionRunner.dispose (/home/michell/.vscode/extensions/eamodio.gitlens-14.5.2/dist/gitlens.js:1:36261)
	at ActionRunners.dispose (/home/michell/.vscode/extensions/eamodio.gitlens-14.5.2/dist/gitlens.js:1:37040)
	at /home/michell/.vscode/extensions/eamodio.gitlens-14.5.2/dist/gitlens.js:1:800190
	at Array.forEach (<anonymous>)
	at Object.dispose (/home/michell/.vscode/extensions/eamodio.gitlens-14.5.2/dist/gitlens.js:1:800175)
	at s (/usr/share/code/resources/app/out/vs/workbench/api/node/extensionHostProcess.js:30:754)
	at f.cb (/usr/share/code/resources/app/out/vs/workbench/api/node/extensionHostProcess.js:154:9873)
	at /usr/share/code/resources/app/out/vs/workbench/api/node/extensionHostProcess.js:154:7808
	at Array.map (<anonymous>)
	at f.Y (/usr/share/code/resources/app/out/vs/workbench/api/node/extensionHostProcess.js:154:7795)
	at f.terminate (/usr/share/code/resources/app/out/vs/workbench/api/node/extensionHostProcess.js:154:8068)
	at s.terminate (/usr/share/code/resources/app/out/vs/workbench/api/node/extensionHostProcess.js:158:1513)
	at a (/usr/share/code/resources/app/out/vs/workbench/api/node/extensionHostProcess.js:171:9802)
	at MessagePortMain.<anonymous> (/usr/share/code/resources/app/out/vs/workbench/api/node/extensionHostProcess.js:171:6227)
	at MessagePortMain.emit (node:events:513:28)
	at MessagePortMain._internalPort.emit (node:electron/js2c/utility_init:2:367) setContext undefined
2023-12-12 19:33:13.984 [error] Canceled: Canceled
	at new g (/usr/share/code/resources/app/out/vs/workbench/api/node/extensionHostProcess.js:141:110274)
	at l.U (/usr/share/code/resources/app/out/vs/workbench/api/node/extensionHostProcess.js:150:10866)
	at P.<computed>.j.charCodeAt.P.<computed> (/usr/share/code/resources/app/out/vs/workbench/api/node/extensionHostProcess.js:150:8317)
	at d.g (/usr/share/code/resources/app/out/vs/workbench/api/node/extensionHostProcess.js:141:139555)
	at d.executeCommand (/usr/share/code/resources/app/out/vs/workbench/api/node/extensionHostProcess.js:141:138993)
	at p.registerCommand.description (/usr/share/code/resources/app/out/vs/workbench/api/node/extensionHostProcess.js:141:138317)
	at d.h (/usr/share/code/resources/app/out/vs/workbench/api/node/extensionHostProcess.js:141:140094)
	at d.g (/usr/share/code/resources/app/out/vs/workbench/api/node/extensionHostProcess.js:141:139086)
	at d.executeCommand (/usr/share/code/resources/app/out/vs/workbench/api/node/extensionHostProcess.js:141:138993)
	at Object.executeCommand (/usr/share/code/resources/app/out/vs/workbench/api/node/extensionHostProcess.js:158:21333)
	at w (/home/michell/.vscode/extensions/eamodio.gitlens-14.5.2/dist/gitlens.js:1:1112601)
	at l (/home/michell/.vscode/extensions/eamodio.gitlens-14.5.2/dist/gitlens.js:1:1117244)
	at ActionRunners._updateContextKeys (/home/michell/.vscode/extensions/eamodio.gitlens-14.5.2/dist/gitlens.js:1:39035)
	at s (/home/michell/.vscode/extensions/eamodio.gitlens-14.5.2/dist/gitlens.js:1:37454)
	at RegisteredActionRunner.unregister (/home/michell/.vscode/extensions/eamodio.gitlens-14.5.2/dist/gitlens.js:1:37598)
	at RegisteredActionRunner.dispose (/home/michell/.vscode/extensions/eamodio.gitlens-14.5.2/dist/gitlens.js:1:36261)
	at ActionRunners.dispose (/home/michell/.vscode/extensions/eamodio.gitlens-14.5.2/dist/gitlens.js:1:37040)
	at /home/michell/.vscode/extensions/eamodio.gitlens-14.5.2/dist/gitlens.js:1:800190
	at Array.forEach (<anonymous>)
	at Object.dispose (/home/michell/.vscode/extensions/eamodio.gitlens-14.5.2/dist/gitlens.js:1:800175)
	at s (/usr/share/code/resources/app/out/vs/workbench/api/node/extensionHostProcess.js:30:754)
	at f.cb (/usr/share/code/resources/app/out/vs/workbench/api/node/extensionHostProcess.js:154:9873)
	at /usr/share/code/resources/app/out/vs/workbench/api/node/extensionHostProcess.js:154:7808
	at Array.map (<anonymous>)
	at f.Y (/usr/share/code/resources/app/out/vs/workbench/api/node/extensionHostProcess.js:154:7795)
	at f.terminate (/usr/share/code/resources/app/out/vs/workbench/api/node/extensionHostProcess.js:154:8068)
	at s.terminate (/usr/share/code/resources/app/out/vs/workbench/api/node/extensionHostProcess.js:158:1513)
	at a (/usr/share/code/resources/app/out/vs/workbench/api/node/extensionHostProcess.js:171:9802)
	at MessagePortMain.<anonymous> (/usr/share/code/resources/app/out/vs/workbench/api/node/extensionHostProcess.js:171:6227)
	at MessagePortMain.emit (node:events:513:28)
	at MessagePortMain._internalPort.emit (node:electron/js2c/utility_init:2:367) setContext undefined
2023-12-12 19:33:13.984 [error] Canceled: Canceled
	at new g (/usr/share/code/resources/app/out/vs/workbench/api/node/extensionHostProcess.js:141:110274)
	at l.U (/usr/share/code/resources/app/out/vs/workbench/api/node/extensionHostProcess.js:150:10866)
	at P.<computed>.j.charCodeAt.P.<computed> (/usr/share/code/resources/app/out/vs/workbench/api/node/extensionHostProcess.js:150:8317)
	at d.g (/usr/share/code/resources/app/out/vs/workbench/api/node/extensionHostProcess.js:141:139555)
	at d.executeCommand (/usr/share/code/resources/app/out/vs/workbench/api/node/extensionHostProcess.js:141:138993)
	at p.registerCommand.description (/usr/share/code/resources/app/out/vs/workbench/api/node/extensionHostProcess.js:141:138317)
	at d.h (/usr/share/code/resources/app/out/vs/workbench/api/node/extensionHostProcess.js:141:140094)
	at d.g (/usr/share/code/resources/app/out/vs/workbench/api/node/extensionHostProcess.js:141:139086)
	at d.executeCommand (/usr/share/code/resources/app/out/vs/workbench/api/node/extensionHostProcess.js:141:138993)
	at Object.executeCommand (/usr/share/code/resources/app/out/vs/workbench/api/node/extensionHostProcess.js:158:21333)
	at w (/home/michell/.vscode/extensions/eamodio.gitlens-14.5.2/dist/gitlens.js:1:1112601)
	at l (/home/michell/.vscode/extensions/eamodio.gitlens-14.5.2/dist/gitlens.js:1:1117244)
	at ActionRunners._updateContextKeys (/home/michell/.vscode/extensions/eamodio.gitlens-14.5.2/dist/gitlens.js:1:39035)
	at s (/home/michell/.vscode/extensions/eamodio.gitlens-14.5.2/dist/gitlens.js:1:37454)
	at RegisteredActionRunner.unregister (/home/michell/.vscode/extensions/eamodio.gitlens-14.5.2/dist/gitlens.js:1:37598)
	at RegisteredActionRunner.dispose (/home/michell/.vscode/extensions/eamodio.gitlens-14.5.2/dist/gitlens.js:1:36261)
	at ActionRunners.dispose (/home/michell/.vscode/extensions/eamodio.gitlens-14.5.2/dist/gitlens.js:1:37040)
	at /home/michell/.vscode/extensions/eamodio.gitlens-14.5.2/dist/gitlens.js:1:800190
	at Array.forEach (<anonymous>)
	at Object.dispose (/home/michell/.vscode/extensions/eamodio.gitlens-14.5.2/dist/gitlens.js:1:800175)
	at s (/usr/share/code/resources/app/out/vs/workbench/api/node/extensionHostProcess.js:30:754)
	at f.cb (/usr/share/code/resources/app/out/vs/workbench/api/node/extensionHostProcess.js:154:9873)
	at /usr/share/code/resources/app/out/vs/workbench/api/node/extensionHostProcess.js:154:7808
	at Array.map (<anonymous>)
	at f.Y (/usr/share/code/resources/app/out/vs/workbench/api/node/extensionHostProcess.js:154:7795)
	at f.terminate (/usr/share/code/resources/app/out/vs/workbench/api/node/extensionHostProcess.js:154:8068)
	at s.terminate (/usr/share/code/resources/app/out/vs/workbench/api/node/extensionHostProcess.js:158:1513)
	at a (/usr/share/code/resources/app/out/vs/workbench/api/node/extensionHostProcess.js:171:9802)
	at MessagePortMain.<anonymous> (/usr/share/code/resources/app/out/vs/workbench/api/node/extensionHostProcess.js:171:6227)
	at MessagePortMain.emit (node:events:513:28)
	at MessagePortMain._internalPort.emit (node:electron/js2c/utility_init:2:367) setContext undefined
2023-12-12 19:33:13.985 [info] Extension host with pid 40653 exiting with code 0
2023-12-12 19:33:14.671 [info] Extension host with pid 41094 started
2023-12-12 19:33:14.671 [info] Skipping acquiring lock for /home/michell/.config/Code/User/workspaceStorage/7e290bfc8dc92b30b9e7c1cc66a48c4a.
2023-12-12 19:33:14.795 [info] ExtensionService#_doActivateExtension mechatroner.rainbow-csv, startup: false, activationEvent: 'onLanguage:plaintext'
2023-12-12 19:33:14.798 [info] ExtensionService#_doActivateExtension vscode.emmet, startup: false, activationEvent: 'onLanguage'
2023-12-12 19:33:14.801 [info] ExtensionService#_doActivateExtension vscode.css-language-features, startup: false, activationEvent: 'onLanguage:css'
2023-12-12 19:33:15.072 [info] ExtensionService#_doActivateExtension vscode.github-authentication, startup: false, activationEvent: 'onAuthenticationRequest:github'
2023-12-12 19:33:15.766 [info] ExtensionService#_doActivateExtension vscode.git-base, startup: true, activationEvent: '*', root cause: vscode.git
2023-12-12 19:33:15.767 [info] ExtensionService#_doActivateExtension EditorConfig.EditorConfig, startup: true, activationEvent: '*'
2023-12-12 19:33:15.773 [info] ExtensionService#_doActivateExtension formulahendry.auto-close-tag, startup: true, activationEvent: '*'
2023-12-12 19:33:15.773 [info] ExtensionService#_doActivateExtension kamikillerto.vscode-colorize, startup: true, activationEvent: '*'
2023-12-12 19:33:15.782 [info] ExtensionService#_doActivateExtension xshrim.txt-syntax, startup: true, activationEvent: '*'
2023-12-12 19:33:15.786 [info] ExtensionService#_doActivateExtension yzhang.markdown-all-in-one, startup: true, activationEvent: 'workspaceContains:README.md'
2023-12-12 19:33:15.844 [info] ExtensionService#_doActivateExtension vscode.markdown-math, startup: false, activationEvent: 'api', root cause: yzhang.markdown-all-in-one
2023-12-12 19:33:15.850 [info] ExtensionService#_doActivateExtension vscode.git, startup: true, activationEvent: '*'
2023-12-12 19:33:15.864 [info] ExtensionService#_doActivateExtension vscode.github, startup: true, activationEvent: '*'
2023-12-12 19:33:15.908 [info] Eager extensions activated
2023-12-12 19:33:15.926 [info] ExtensionService#_doActivateExtension vscode.debug-auto-launch, startup: false, activationEvent: 'onStartupFinished'
2023-12-12 19:33:15.927 [info] ExtensionService#_doActivateExtension vscode.merge-conflict, startup: false, activationEvent: 'onStartupFinished'
2023-12-12 19:33:15.931 [info] ExtensionService#_doActivateExtension alefragnani.Bookmarks, startup: false, activationEvent: 'onStartupFinished'
2023-12-12 19:33:15.934 [info] ExtensionService#_doActivateExtension Catppuccin.catppuccin-vsc, startup: false, activationEvent: 'onStartupFinished'
2023-12-12 19:33:15.938 [info] ExtensionService#_doActivateExtension eamodio.gitlens, startup: false, activationEvent: 'onStartupFinished'
2023-12-12 19:33:15.958 [info] ExtensionService#_doActivateExtension felipecaputo.git-project-manager, startup: false, activationEvent: 'onStartupFinished'
2023-12-12 19:33:15.968 [info] ExtensionService#_doActivateExtension sainnhe.everforest, startup: false, activationEvent: 'onStartupFinished'
2023-12-12 19:33:15.972 [info] ExtensionService#_doActivateExtension zhuangtongfa.material-theme, startup: false, activationEvent: 'onStartupFinished'
2023-12-12 19:33:27.882 [warning] TextEditor is closed/disposed
2023-12-12 19:33:27.937 [info] ExtensionService#_doActivateExtension vscode.extension-editing, startup: false, activationEvent: 'onLanguage:markdown'
2023-12-12 19:33:27.942 [info] ExtensionService#_doActivateExtension vscode.markdown-language-features, startup: false, activationEvent: 'onLanguage:markdown'
2023-12-12 19:33:32.982 [warning] TextEditor is closed/disposed
2023-12-12 19:33:34.708 [warning] TextEditor is closed/disposed
2023-12-12 19:33:55.030 [warning] TextEditor is closed/disposed
2023-12-12 19:33:57.897 [info] ExtensionService#_doActivateExtension vscodevim.vim, startup: false, activationEvent: 'onStartupFinished'
2023-12-12 19:33:59.016 [error] Error: ENOENT: no such file or directory, open '/home/michell/.config/Code/User/globalStorage/vscodevim.vim/.registers'
2023-12-12 19:34:06.239 [warning] TextEditor is closed/disposed
2023-12-12 19:34:06.301 [info] ExtensionService#_doActivateExtension vscode.html-language-features, startup: false, activationEvent: 'onLanguage:html'
2023-12-12 19:34:12.138 [warning] TextEditor is closed/disposed
2023-12-12 19:34:21.160 [warning] TextEditor is closed/disposed
2023-12-12 19:34:35.158 [warning] TextEditor is closed/disposed
2023-12-12 19:34:40.625 [warning] TextEditor is closed/disposed
2023-12-12 19:34:43.120 [warning] TextEditor is closed/disposed
2023-12-12 19:34:43.886 [warning] TextEditor is closed/disposed
2023-12-12 19:34:45.726 [warning] TextEditor is closed/disposed
2023-12-12 19:34:47.280 [warning] TextEditor is closed/disposed
2023-12-12 19:34:48.371 [warning] TextEditor is closed/disposed
2023-12-12 19:34:57.358 [warning] TextEditor is closed/disposed
2023-12-12 19:34:57.369 [info] ExtensionService#_doActivateExtension vscode.media-preview, startup: false, activationEvent: 'onCustomEditor:imagePreview.previewEditor'
2023-12-12 19:35:32.956 [warning] TextEditor is closed/disposed
2023-12-12 19:35:34.781 [warning] TextEditor is closed/disposed
2023-12-12 19:35:41.194 [warning] TextEditor is closed/disposed
2023-12-12 19:35:42.922 [warning] TextEditor is closed/disposed
2023-12-12 19:35:45.626 [warning] TextEditor is closed/disposed
2023-12-12 19:36:10.623 [warning] TextEditor is closed/disposed
2023-12-12 19:36:20.523 [info] ExtensionService#_doActivateExtension ritwickdey.LiveServer, startup: false, activationEvent: 'onStartupFinished'
2023-12-12 19:36:47.634 [warning] TextEditor is closed/disposed
2023-12-12 19:37:43.217 [warning] TextEditor is closed/disposed
2023-12-12 19:38:41.309 [warning] TextEditor is closed/disposed
2023-12-12 19:38:43.942 [warning] TextEditor is closed/disposed
2023-12-12 19:38:54.668 [warning] TextEditor is closed/disposed
2023-12-12 19:39:03.926 [warning] TextEditor is closed/disposed
2023-12-12 19:39:18.256 [warning] TextEditor is closed/disposed
2023-12-12 19:39:20.840 [warning] TextEditor is closed/disposed
2023-12-12 19:39:22.062 [warning] TextEditor is closed/disposed
2023-12-12 19:39:32.688 [warning] TextEditor is closed/disposed
2023-12-12 19:39:37.807 [warning] TextEditor is closed/disposed
2023-12-12 19:59:09.740 [info] ExtensionService#_doActivateExtension vscode.json-language-features, startup: false, activationEvent: 'onLanguage:jsonc'
2023-12-12 19:59:09.755 [info] ExtensionService#_doActivateExtension vscode.typescript-language-features, startup: false, activationEvent: 'onLanguage:jsonc'
2023-12-12 19:59:19.904 [info] Extension host terminating: renderer closed the MessagePort
2023-12-12 19:59:19.941 [warning] Canceled
2023-12-12 19:59:19.942 [error] Canceled: Canceled
	at new g (/usr/share/code/resources/app/out/vs/workbench/api/node/extensionHostProcess.js:141:110274)
	at l.U (/usr/share/code/resources/app/out/vs/workbench/api/node/extensionHostProcess.js:150:10866)
	at P.<computed>.j.charCodeAt.P.<computed> (/usr/share/code/resources/app/out/vs/workbench/api/node/extensionHostProcess.js:150:8317)
	at d.g (/usr/share/code/resources/app/out/vs/workbench/api/node/extensionHostProcess.js:141:139555)
	at d.executeCommand (/usr/share/code/resources/app/out/vs/workbench/api/node/extensionHostProcess.js:141:138993)
	at p.registerCommand.description (/usr/share/code/resources/app/out/vs/workbench/api/node/extensionHostProcess.js:141:138317)
	at d.h (/usr/share/code/resources/app/out/vs/workbench/api/node/extensionHostProcess.js:141:140094)
	at d.g (/usr/share/code/resources/app/out/vs/workbench/api/node/extensionHostProcess.js:141:139086)
	at d.executeCommand (/usr/share/code/resources/app/out/vs/workbench/api/node/extensionHostProcess.js:141:138993)
	at Object.executeCommand (/usr/share/code/resources/app/out/vs/workbench/api/node/extensionHostProcess.js:158:21333)
	at f.I [as value] (/usr/share/code/resources/app/extensions/git/dist/main.js:2:924696)
	at n.y (/usr/share/code/resources/app/out/vs/workbench/api/node/extensionHostProcess.js:80:1902)
	at n.z (/usr/share/code/resources/app/out/vs/workbench/api/node/extensionHostProcess.js:80:1972)
	at n.fire (/usr/share/code/resources/app/out/vs/workbench/api/node/extensionHostProcess.js:80:2188)
	at Object.m [as dispose] (/usr/share/code/resources/app/extensions/git/dist/main.js:2:940613)
	at /usr/share/code/resources/app/extensions/git/dist/main.js:2:945566
	at Array.forEach (<anonymous>)
	at p.dispose (/usr/share/code/resources/app/extensions/git/dist/main.js:2:945552)
	at u.<anonymous> (/usr/share/code/resources/app/out/vs/workbench/api/node/extensionHostProcess.js:137:3620)
	at u.dispose (/usr/share/code/resources/app/out/vs/workbench/api/node/extensionHostProcess.js:137:3717)
	at u.<anonymous> (/usr/share/code/resources/app/extensions/git/dist/main.js:2:926708)
	at u.dispose (/usr/share/code/resources/app/out/vs/workbench/api/node/extensionHostProcess.js:137:3717)
	at s (/usr/share/code/resources/app/out/vs/workbench/api/node/extensionHostProcess.js:30:754)
	at f.cb (/usr/share/code/resources/app/out/vs/workbench/api/node/extensionHostProcess.js:154:9873)
	at /usr/share/code/resources/app/out/vs/workbench/api/node/extensionHostProcess.js:154:7808
	at Array.map (<anonymous>)
	at f.Y (/usr/share/code/resources/app/out/vs/workbench/api/node/extensionHostProcess.js:154:7795)
	at f.terminate (/usr/share/code/resources/app/out/vs/workbench/api/node/extensionHostProcess.js:154:8068)
	at s.terminate (/usr/share/code/resources/app/out/vs/workbench/api/node/extensionHostProcess.js:158:1513)
	at a (/usr/share/code/resources/app/out/vs/workbench/api/node/extensionHostProcess.js:171:9802)
	at MessagePortMain.<anonymous> (/usr/share/code/resources/app/out/vs/workbench/api/node/extensionHostProcess.js:171:6227)
	at MessagePortMain.emit (node:events:513:28)
	at MessagePortMain._internalPort.emit (node:electron/js2c/utility_init:2:367) setContext undefined
2023-12-12 19:59:19.943 [error] Canceled: Canceled
	at new g (/usr/share/code/resources/app/out/vs/workbench/api/node/extensionHostProcess.js:141:110274)
	at l.U (/usr/share/code/resources/app/out/vs/workbench/api/node/extensionHostProcess.js:150:10866)
	at P.<computed>.j.charCodeAt.P.<computed> (/usr/share/code/resources/app/out/vs/workbench/api/node/extensionHostProcess.js:150:8317)
	at d.g (/usr/share/code/resources/app/out/vs/workbench/api/node/extensionHostProcess.js:141:139555)
	at d.executeCommand (/usr/share/code/resources/app/out/vs/workbench/api/node/extensionHostProcess.js:141:138993)
	at p.registerCommand.description (/usr/share/code/resources/app/out/vs/workbench/api/node/extensionHostProcess.js:141:138317)
	at d.h (/usr/share/code/resources/app/out/vs/workbench/api/node/extensionHostProcess.js:141:140094)
	at d.g (/usr/share/code/resources/app/out/vs/workbench/api/node/extensionHostProcess.js:141:139086)
	at d.executeCommand (/usr/share/code/resources/app/out/vs/workbench/api/node/extensionHostProcess.js:141:138993)
	at Object.executeCommand (/usr/share/code/resources/app/out/vs/workbench/api/node/extensionHostProcess.js:158:21333)
	at set b [as b] (/usr/share/code/resources/app/extensions/github/dist/extension.js:2:322364)
	at /usr/share/code/resources/app/extensions/github/dist/extension.js:2:323005
	at f.value (/usr/share/code/resources/app/extensions/git/dist/main.js:2:1016450)
	at n.y (/usr/share/code/resources/app/out/vs/workbench/api/node/extensionHostProcess.js:80:1902)
	at n.z (/usr/share/code/resources/app/out/vs/workbench/api/node/extensionHostProcess.js:80:1972)
	at n.fire (/usr/share/code/resources/app/out/vs/workbench/api/node/extensionHostProcess.js:80:2188)
	at Object.m [as dispose] (/usr/share/code/resources/app/extensions/git/dist/main.js:2:940613)
	at /usr/share/code/resources/app/extensions/git/dist/main.js:2:945566
	at Array.forEach (<anonymous>)
	at p.dispose (/usr/share/code/resources/app/extensions/git/dist/main.js:2:945552)
	at u.<anonymous> (/usr/share/code/resources/app/out/vs/workbench/api/node/extensionHostProcess.js:137:3620)
	at u.dispose (/usr/share/code/resources/app/out/vs/workbench/api/node/extensionHostProcess.js:137:3717)
	at u.<anonymous> (/usr/share/code/resources/app/extensions/git/dist/main.js:2:926708)
	at u.dispose (/usr/share/code/resources/app/out/vs/workbench/api/node/extensionHostProcess.js:137:3717)
	at s (/usr/share/code/resources/app/out/vs/workbench/api/node/extensionHostProcess.js:30:754)
	at f.cb (/usr/share/code/resources/app/out/vs/workbench/api/node/extensionHostProcess.js:154:9873)
	at /usr/share/code/resources/app/out/vs/workbench/api/node/extensionHostProcess.js:154:7808
	at Array.map (<anonymous>)
	at f.Y (/usr/share/code/resources/app/out/vs/workbench/api/node/extensionHostProcess.js:154:7795)
	at f.terminate (/usr/share/code/resources/app/out/vs/workbench/api/node/extensionHostProcess.js:154:8068)
	at s.terminate (/usr/share/code/resources/app/out/vs/workbench/api/node/extensionHostProcess.js:158:1513)
	at a (/usr/share/code/resources/app/out/vs/workbench/api/node/extensionHostProcess.js:171:9802)
	at MessagePortMain.<anonymous> (/usr/share/code/resources/app/out/vs/workbench/api/node/extensionHostProcess.js:171:6227)
	at MessagePortMain.emit (node:events:513:28)
	at MessagePortMain._internalPort.emit (node:electron/js2c/utility_init:2:367) setContext undefined
2023-12-12 19:59:19.943 [error] Canceled: Canceled
	at new g (/usr/share/code/resources/app/out/vs/workbench/api/node/extensionHostProcess.js:141:110274)
	at l.U (/usr/share/code/resources/app/out/vs/workbench/api/node/extensionHostProcess.js:150:10866)
	at P.<computed>.j.charCodeAt.P.<computed> (/usr/share/code/resources/app/out/vs/workbench/api/node/extensionHostProcess.js:150:8317)
	at d.g (/usr/share/code/resources/app/out/vs/workbench/api/node/extensionHostProcess.js:141:139555)
	at d.executeCommand (/usr/share/code/resources/app/out/vs/workbench/api/node/extensionHostProcess.js:141:138993)
	at p.registerCommand.description (/usr/share/code/resources/app/out/vs/workbench/api/node/extensionHostProcess.js:141:138317)
	at d.h (/usr/share/code/resources/app/out/vs/workbench/api/node/extensionHostProcess.js:141:140094)
	at d.g (/usr/share/code/resources/app/out/vs/workbench/api/node/extensionHostProcess.js:141:139086)
	at d.executeCommand (/usr/share/code/resources/app/out/vs/workbench/api/node/extensionHostProcess.js:141:138993)
	at Object.executeCommand (/usr/share/code/resources/app/out/vs/workbench/api/node/extensionHostProcess.js:158:21333)
	at w (/home/michell/.vscode/extensions/eamodio.gitlens-14.5.2/dist/gitlens.js:1:1112601)
	at l (/home/michell/.vscode/extensions/eamodio.gitlens-14.5.2/dist/gitlens.js:1:1117244)
	at ActionRunners._updateContextKeys (/home/michell/.vscode/extensions/eamodio.gitlens-14.5.2/dist/gitlens.js:1:39035)
	at s (/home/michell/.vscode/extensions/eamodio.gitlens-14.5.2/dist/gitlens.js:1:37454)
	at RegisteredActionRunner.unregister (/home/michell/.vscode/extensions/eamodio.gitlens-14.5.2/dist/gitlens.js:1:37598)
	at RegisteredActionRunner.dispose (/home/michell/.vscode/extensions/eamodio.gitlens-14.5.2/dist/gitlens.js:1:36261)
	at ActionRunners.dispose (/home/michell/.vscode/extensions/eamodio.gitlens-14.5.2/dist/gitlens.js:1:37040)
	at /home/michell/.vscode/extensions/eamodio.gitlens-14.5.2/dist/gitlens.js:1:800190
	at Array.forEach (<anonymous>)
	at Object.dispose (/home/michell/.vscode/extensions/eamodio.gitlens-14.5.2/dist/gitlens.js:1:800175)
	at s (/usr/share/code/resources/app/out/vs/workbench/api/node/extensionHostProcess.js:30:754)
	at f.cb (/usr/share/code/resources/app/out/vs/workbench/api/node/extensionHostProcess.js:154:9873)
	at /usr/share/code/resources/app/out/vs/workbench/api/node/extensionHostProcess.js:154:7808
	at Array.map (<anonymous>)
	at f.Y (/usr/share/code/resources/app/out/vs/workbench/api/node/extensionHostProcess.js:154:7795)
	at f.terminate (/usr/share/code/resources/app/out/vs/workbench/api/node/extensionHostProcess.js:154:8068)
	at s.terminate (/usr/share/code/resources/app/out/vs/workbench/api/node/extensionHostProcess.js:158:1513)
	at a (/usr/share/code/resources/app/out/vs/workbench/api/node/extensionHostProcess.js:171:9802)
	at MessagePortMain.<anonymous> (/usr/share/code/resources/app/out/vs/workbench/api/node/extensionHostProcess.js:171:6227)
	at MessagePortMain.emit (node:events:513:28)
	at MessagePortMain._internalPort.emit (node:electron/js2c/utility_init:2:367) setContext undefined
2023-12-12 19:59:19.943 [error] Canceled: Canceled
	at new g (/usr/share/code/resources/app/out/vs/workbench/api/node/extensionHostProcess.js:141:110274)
	at l.U (/usr/share/code/resources/app/out/vs/workbench/api/node/extensionHostProcess.js:150:10866)
	at P.<computed>.j.charCodeAt.P.<computed> (/usr/share/code/resources/app/out/vs/workbench/api/node/extensionHostProcess.js:150:8317)
	at d.g (/usr/share/code/resources/app/out/vs/workbench/api/node/extensionHostProcess.js:141:139555)
	at d.executeCommand (/usr/share/code/resources/app/out/vs/workbench/api/node/extensionHostProcess.js:141:138993)
	at p.registerCommand.description (/usr/share/code/resources/app/out/vs/workbench/api/node/extensionHostProcess.js:141:138317)
	at d.h (/usr/share/code/resources/app/out/vs/workbench/api/node/extensionHostProcess.js:141:140094)
	at d.g (/usr/share/code/resources/app/out/vs/workbench/api/node/extensionHostProcess.js:141:139086)
	at d.executeCommand (/usr/share/code/resources/app/out/vs/workbench/api/node/extensionHostProcess.js:141:138993)
	at Object.executeCommand (/usr/share/code/resources/app/out/vs/workbench/api/node/extensionHostProcess.js:158:21333)
	at w (/home/michell/.vscode/extensions/eamodio.gitlens-14.5.2/dist/gitlens.js:1:1112601)
	at l (/home/michell/.vscode/extensions/eamodio.gitlens-14.5.2/dist/gitlens.js:1:1117244)
	at ActionRunners._updateContextKeys (/home/michell/.vscode/extensions/eamodio.gitlens-14.5.2/dist/gitlens.js:1:39035)
	at s (/home/michell/.vscode/extensions/eamodio.gitlens-14.5.2/dist/gitlens.js:1:37454)
	at RegisteredActionRunner.unregister (/home/michell/.vscode/extensions/eamodio.gitlens-14.5.2/dist/gitlens.js:1:37598)
	at RegisteredActionRunner.dispose (/home/michell/.vscode/extensions/eamodio.gitlens-14.5.2/dist/gitlens.js:1:36261)
	at ActionRunners.dispose (/home/michell/.vscode/extensions/eamodio.gitlens-14.5.2/dist/gitlens.js:1:37040)
	at /home/michell/.vscode/extensions/eamodio.gitlens-14.5.2/dist/gitlens.js:1:800190
	at Array.forEach (<anonymous>)
	at Object.dispose (/home/michell/.vscode/extensions/eamodio.gitlens-14.5.2/dist/gitlens.js:1:800175)
	at s (/usr/share/code/resources/app/out/vs/workbench/api/node/extensionHostProcess.js:30:754)
	at f.cb (/usr/share/code/resources/app/out/vs/workbench/api/node/extensionHostProcess.js:154:9873)
	at /usr/share/code/resources/app/out/vs/workbench/api/node/extensionHostProcess.js:154:7808
	at Array.map (<anonymous>)
	at f.Y (/usr/share/code/resources/app/out/vs/workbench/api/node/extensionHostProcess.js:154:7795)
	at f.terminate (/usr/share/code/resources/app/out/vs/workbench/api/node/extensionHostProcess.js:154:8068)
	at s.terminate (/usr/share/code/resources/app/out/vs/workbench/api/node/extensionHostProcess.js:158:1513)
	at a (/usr/share/code/resources/app/out/vs/workbench/api/node/extensionHostProcess.js:171:9802)
	at MessagePortMain.<anonymous> (/usr/share/code/resources/app/out/vs/workbench/api/node/extensionHostProcess.js:171:6227)
	at MessagePortMain.emit (node:events:513:28)
	at MessagePortMain._internalPort.emit (node:electron/js2c/utility_init:2:367) setContext undefined
2023-12-12 19:59:19.943 [error] Canceled: Canceled
	at new g (/usr/share/code/resources/app/out/vs/workbench/api/node/extensionHostProcess.js:141:110274)
	at l.U (/usr/share/code/resources/app/out/vs/workbench/api/node/extensionHostProcess.js:150:10866)
	at P.<computed>.j.charCodeAt.P.<computed> (/usr/share/code/resources/app/out/vs/workbench/api/node/extensionHostProcess.js:150:8317)
	at d.g (/usr/share/code/resources/app/out/vs/workbench/api/node/extensionHostProcess.js:141:139555)
	at d.executeCommand (/usr/share/code/resources/app/out/vs/workbench/api/node/extensionHostProcess.js:141:138993)
	at p.registerCommand.description (/usr/share/code/resources/app/out/vs/workbench/api/node/extensionHostProcess.js:141:138317)
	at d.h (/usr/share/code/resources/app/out/vs/workbench/api/node/extensionHostProcess.js:141:140094)
	at d.g (/usr/share/code/resources/app/out/vs/workbench/api/node/extensionHostProcess.js:141:139086)
	at d.executeCommand (/usr/share/code/resources/app/out/vs/workbench/api/node/extensionHostProcess.js:141:138993)
	at Object.executeCommand (/usr/share/code/resources/app/out/vs/workbench/api/node/extensionHostProcess.js:158:21333)
	at w (/home/michell/.vscode/extensions/eamodio.gitlens-14.5.2/dist/gitlens.js:1:1112601)
	at l (/home/michell/.vscode/extensions/eamodio.gitlens-14.5.2/dist/gitlens.js:1:1117244)
	at ActionRunners._updateContextKeys (/home/michell/.vscode/extensions/eamodio.gitlens-14.5.2/dist/gitlens.js:1:39035)
	at s (/home/michell/.vscode/extensions/eamodio.gitlens-14.5.2/dist/gitlens.js:1:37454)
	at RegisteredActionRunner.unregister (/home/michell/.vscode/extensions/eamodio.gitlens-14.5.2/dist/gitlens.js:1:37598)
	at RegisteredActionRunner.dispose (/home/michell/.vscode/extensions/eamodio.gitlens-14.5.2/dist/gitlens.js:1:36261)
	at ActionRunners.dispose (/home/michell/.vscode/extensions/eamodio.gitlens-14.5.2/dist/gitlens.js:1:37040)
	at /home/michell/.vscode/extensions/eamodio.gitlens-14.5.2/dist/gitlens.js:1:800190
	at Array.forEach (<anonymous>)
	at Object.dispose (/home/michell/.vscode/extensions/eamodio.gitlens-14.5.2/dist/gitlens.js:1:800175)
	at s (/usr/share/code/resources/app/out/vs/workbench/api/node/extensionHostProcess.js:30:754)
	at f.cb (/usr/share/code/resources/app/out/vs/workbench/api/node/extensionHostProcess.js:154:9873)
	at /usr/share/code/resources/app/out/vs/workbench/api/node/extensionHostProcess.js:154:7808
	at Array.map (<anonymous>)
	at f.Y (/usr/share/code/resources/app/out/vs/workbench/api/node/extensionHostProcess.js:154:7795)
	at f.terminate (/usr/share/code/resources/app/out/vs/workbench/api/node/extensionHostProcess.js:154:8068)
	at s.terminate (/usr/share/code/resources/app/out/vs/workbench/api/node/extensionHostProcess.js:158:1513)
	at a (/usr/share/code/resources/app/out/vs/workbench/api/node/extensionHostProcess.js:171:9802)
	at MessagePortMain.<anonymous> (/usr/share/code/resources/app/out/vs/workbench/api/node/extensionHostProcess.js:171:6227)
	at MessagePortMain.emit (node:events:513:28)
	at MessagePortMain._internalPort.emit (node:electron/js2c/utility_init:2:367) setContext undefined
2023-12-12 19:59:19.944 [error] Error: ENOENT: no such file or directory, open '/home/michell/.config/Code/User/globalStorage/vscodevim.vim/.registers'
2023-12-12 19:59:19.947 [info] Extension host with pid 41094 exiting with code 0
