2023-12-12 19:33:01.027 [info] Log level: Info
2023-12-12 19:33:01.027 [info] Validating found git in: "git"
2023-12-12 19:33:01.027 [info] Using git "2.25.1" from "git"
2023-12-12 19:33:01.027 [info] > git rev-parse --show-toplevel [8ms]
2023-12-12 19:33:01.027 [info] > git rev-parse --git-dir --git-common-dir [58ms]
2023-12-12 19:33:01.027 [info] Open repository: /home/michell/Workspace/theodinproject/css-exercises
2023-12-12 19:33:01.027 [info] > git rev-parse --show-toplevel [6ms]
2023-12-12 19:33:01.027 [info] > git config --get commit.template [9ms]
2023-12-12 19:33:01.035 [info] > git rev-parse --show-toplevel [4ms]
2023-12-12 19:33:01.042 [info] > git for-each-ref --format=%(refname)%00%(upstream:short)%00%(objectname)%00%(upstream:track)%00%(upstream:remotename)%00%(upstream:remoteref) refs/heads/main refs/remotes/main [8ms]
2023-12-12 19:33:01.044 [info] > git rev-parse --show-toplevel [6ms]
2023-12-12 19:33:01.051 [info] > git rev-parse --show-toplevel [4ms]
2023-12-12 19:33:01.063 [info] > git status -z -uall [12ms]
2023-12-12 19:33:01.064 [info] > git rev-parse --show-toplevel [10ms]
2023-12-12 19:33:01.083 [info] > git config --get commit.template [8ms]
2023-12-12 19:33:01.083 [info] > git rev-parse --show-toplevel [12ms]
2023-12-12 19:33:01.091 [info] > git rev-parse --show-toplevel [5ms]
2023-12-12 19:33:01.094 [info] > git for-each-ref --format=%(refname)%00%(upstream:short)%00%(objectname)%00%(upstream:track)%00%(upstream:remotename)%00%(upstream:remoteref) refs/heads/main refs/remotes/main [3ms]
2023-12-12 19:33:01.100 [info] > git status -z -uall [2ms]
2023-12-12 19:33:01.317 [info] > git show --textconv :foundations/04-chaining-selectors/index.html [5ms]
2023-12-12 19:33:01.321 [info] > git ls-files --stage -- /home/michell/Workspace/theodinproject/css-exercises/foundations/04-chaining-selectors/index.html [5ms]
2023-12-12 19:33:01.330 [info] > git cat-file -s 2bd38300bea963a4180c14a9976149d6bf119932 [6ms]
2023-12-12 19:33:01.528 [info] > git check-ignore -v -z --stdin [1ms]
2023-12-12 19:33:02.956 [info] > git ls-files --stage -- /home/michell/Workspace/theodinproject/css-exercises/foundations/04-chaining-selectors/index.html [0ms]
2023-12-12 19:33:02.960 [info] > git cat-file -s 2bd38300bea963a4180c14a9976149d6bf119932 [1ms]
2023-12-12 19:33:02.966 [info] > git show --textconv :foundations/04-chaining-selectors/index.html [0ms]
2023-12-12 19:33:03.246 [info] > git fetch [1483ms]
2023-12-12 19:33:03.253 [info] > git config --get commit.template [4ms]
2023-12-12 19:33:03.253 [info] > git for-each-ref --format=%(refname)%00%(upstream:short)%00%(objectname)%00%(upstream:track)%00%(upstream:remotename)%00%(upstream:remoteref) refs/heads/main refs/remotes/main [0ms]
2023-12-12 19:33:03.258 [info] > git status -z -uall [1ms]
2023-12-12 19:33:04.285 [info] > git ls-files --stage -- /home/michell/Workspace/theodinproject/css-exercises/foundations/04-chaining-selectors/index.html [2ms]
2023-12-12 19:33:04.296 [info] > git cat-file -s 2bd38300bea963a4180c14a9976149d6bf119932 [3ms]
2023-12-12 19:33:04.310 [info] > git show --textconv :foundations/04-chaining-selectors/index.html [2ms]
2023-12-12 19:33:08.197 [info] > git check-ignore -v -z --stdin [0ms]
2023-12-12 19:33:09.633 [info] > git show --textconv :foundations/06-cascade-fix/style.css [8ms]
2023-12-12 19:33:09.634 [info] > git ls-files --stage -- /home/michell/Workspace/theodinproject/css-exercises/foundations/06-cascade-fix/style.css [5ms]
2023-12-12 19:33:09.638 [info] > git cat-file -s 15261d23ca0028e60374f629d64b4eaf4a5f1656 [1ms]
2023-12-12 19:33:16.034 [info] Log level: Info
2023-12-12 19:33:16.034 [info] Validating found git in: "git"
2023-12-12 19:33:16.034 [info] Using git "2.25.1" from "git"
2023-12-12 19:33:16.034 [info] > git rev-parse --show-toplevel [9ms]
2023-12-12 19:33:16.047 [info] > git rev-parse --git-dir --git-common-dir [62ms]
2023-12-12 19:33:16.057 [info] Open repository: /home/michell/Workspace/theodinproject/css-exercises
2023-12-12 19:33:16.087 [info] > git rev-parse --show-toplevel [7ms]
2023-12-12 19:33:16.088 [info] > git config --get commit.template [11ms]
2023-12-12 19:33:16.099 [info] > git rev-parse --show-toplevel [6ms]
2023-12-12 19:33:16.104 [info] > git for-each-ref --format=%(refname)%00%(upstream:short)%00%(objectname)%00%(upstream:track)%00%(upstream:remotename)%00%(upstream:remoteref) refs/heads/main refs/remotes/main [7ms]
2023-12-12 19:33:16.110 [info] > git rev-parse --show-toplevel [7ms]
2023-12-12 19:33:16.116 [info] > git rev-parse --show-toplevel [1ms]
2023-12-12 19:33:16.126 [info] > git status -z -uall [6ms]
2023-12-12 19:33:16.136 [info] > git rev-parse --show-toplevel [10ms]
2023-12-12 19:33:16.142 [info] > git config --get commit.template [6ms]
2023-12-12 19:33:16.154 [info] > git rev-parse --show-toplevel [13ms]
2023-12-12 19:33:16.167 [info] > git rev-parse --show-toplevel [2ms]
2023-12-12 19:33:16.170 [info] > git for-each-ref --format=%(refname)%00%(upstream:short)%00%(objectname)%00%(upstream:track)%00%(upstream:remotename)%00%(upstream:remoteref) refs/heads/main refs/remotes/main [10ms]
2023-12-12 19:33:16.184 [info] > git status -z -uall [2ms]
2023-12-12 19:33:16.382 [info] > git show --textconv :foundations/06-cascade-fix/style.css [5ms]
2023-12-12 19:33:16.382 [info] > git ls-files --stage -- /home/michell/Workspace/theodinproject/css-exercises/foundations/06-cascade-fix/style.css [1ms]
2023-12-12 19:33:16.388 [info] > git cat-file -s 15261d23ca0028e60374f629d64b4eaf4a5f1656 [1ms]
2023-12-12 19:33:16.591 [info] > git check-ignore -v -z --stdin [1ms]
2023-12-12 19:33:17.252 [info] > git ls-files --stage -- /home/michell/Workspace/theodinproject/css-exercises/foundations/06-cascade-fix/style.css [1ms]
2023-12-12 19:33:17.257 [info] > git cat-file -s 15261d23ca0028e60374f629d64b4eaf4a5f1656 [1ms]
2023-12-12 19:33:17.273 [info] > git show --textconv :foundations/06-cascade-fix/style.css [1ms]
2023-12-12 19:33:17.602 [info] > git fetch [1544ms]
2023-12-12 19:33:17.611 [info] > git config --get commit.template [4ms]
2023-12-12 19:33:17.612 [info] > git for-each-ref --format=%(refname)%00%(upstream:short)%00%(objectname)%00%(upstream:track)%00%(upstream:remotename)%00%(upstream:remoteref) refs/heads/main refs/remotes/main [1ms]
2023-12-12 19:33:17.616 [info] > git status -z -uall [1ms]
2023-12-12 19:33:18.665 [info] > git ls-files --stage -- /home/michell/Workspace/theodinproject/css-exercises/foundations/06-cascade-fix/style.css [1ms]
2023-12-12 19:33:18.671 [info] > git cat-file -s 15261d23ca0028e60374f629d64b4eaf4a5f1656 [1ms]
2023-12-12 19:33:18.676 [info] > git show --textconv :foundations/06-cascade-fix/style.css [1ms]
2023-12-12 19:33:24.424 [info] > git check-ignore -v -z --stdin [0ms]
2023-12-12 19:33:28.325 [info] > git show --textconv :foundations/05-descendant-combinator/README.md [16ms]
2023-12-12 19:33:28.333 [info] > git ls-files --stage -- /home/michell/Workspace/theodinproject/css-exercises/foundations/05-descendant-combinator/README.md [16ms]
2023-12-12 19:33:28.342 [info] > git cat-file -s 7577c4e73eccb5415d93404f4b9068f302878e07 [2ms]
2023-12-12 19:33:33.229 [info] > git show --textconv :foundations/06-cascade-fix/style.css [10ms]
2023-12-12 19:33:33.231 [info] > git ls-files --stage -- /home/michell/Workspace/theodinproject/css-exercises/foundations/06-cascade-fix/style.css [3ms]
2023-12-12 19:33:33.240 [info] > git cat-file -s 15261d23ca0028e60374f629d64b4eaf4a5f1656 [2ms]
2023-12-12 19:33:34.945 [info] > git show --textconv :foundations/05-descendant-combinator/README.md [11ms]
2023-12-12 19:33:34.946 [info] > git ls-files --stage -- /home/michell/Workspace/theodinproject/css-exercises/foundations/05-descendant-combinator/README.md [2ms]
2023-12-12 19:33:34.956 [info] > git cat-file -s 7577c4e73eccb5415d93404f4b9068f302878e07 [1ms]
2023-12-12 19:33:59.669 [info] > git show --textconv :foundations/06-cascade-fix/style.css [8ms]
2023-12-12 19:33:59.669 [info] > git ls-files --stage -- /home/michell/Workspace/theodinproject/css-exercises/foundations/06-cascade-fix/style.css [2ms]
2023-12-12 19:33:59.675 [info] > git cat-file -s 15261d23ca0028e60374f629d64b4eaf4a5f1656 [1ms]
2023-12-12 19:34:06.476 [info] > git show --textconv :foundations/06-cascade-fix/index.html [5ms]
2023-12-12 19:34:06.476 [info] > git ls-files --stage -- /home/michell/Workspace/theodinproject/css-exercises/foundations/06-cascade-fix/index.html [1ms]
2023-12-12 19:34:06.480 [info] > git cat-file -s 0c5b22717488678e8fa732c9efea37e6492e4e65 [0ms]
2023-12-12 19:34:12.372 [info] > git show --textconv :foundations/06-cascade-fix/style.css [4ms]
2023-12-12 19:34:12.375 [info] > git ls-files --stage -- /home/michell/Workspace/theodinproject/css-exercises/foundations/06-cascade-fix/style.css [3ms]
2023-12-12 19:34:12.384 [info] > git cat-file -s 15261d23ca0028e60374f629d64b4eaf4a5f1656 [2ms]
2023-12-12 19:34:19.857 [info] > git check-ignore -v -z --stdin [1ms]
2023-12-12 19:34:21.397 [info] > git show --textconv :margin-and-padding/01-margin-and-padding-1/index.html [4ms]
2023-12-12 19:34:21.397 [info] > git ls-files --stage -- /home/michell/Workspace/theodinproject/css-exercises/margin-and-padding/01-margin-and-padding-1/index.html [1ms]
2023-12-12 19:34:21.401 [info] > git cat-file -s 2bf271be38a96785ecfd12415711baf49a6e94b9 [1ms]
2023-12-12 19:34:35.405 [info] > git show --textconv :margin-and-padding/01-margin-and-padding-1/style.css [10ms]
2023-12-12 19:34:35.406 [info] > git ls-files --stage -- /home/michell/Workspace/theodinproject/css-exercises/margin-and-padding/01-margin-and-padding-1/style.css [2ms]
2023-12-12 19:34:35.416 [info] > git cat-file -s f4d0a70845325e06a05e74199cd2bd356aa09c87 [2ms]
2023-12-12 19:34:40.863 [info] > git show --textconv :foundations/06-cascade-fix/style.css [10ms]
2023-12-12 19:34:40.865 [info] > git ls-files --stage -- /home/michell/Workspace/theodinproject/css-exercises/foundations/06-cascade-fix/style.css [3ms]
2023-12-12 19:34:40.874 [info] > git cat-file -s 15261d23ca0028e60374f629d64b4eaf4a5f1656 [2ms]
2023-12-12 19:34:43.352 [info] > git show --textconv :margin-and-padding/01-margin-and-padding-1/style.css [4ms]
2023-12-12 19:34:43.353 [info] > git ls-files --stage -- /home/michell/Workspace/theodinproject/css-exercises/margin-and-padding/01-margin-and-padding-1/style.css [1ms]
2023-12-12 19:34:43.362 [info] > git cat-file -s f4d0a70845325e06a05e74199cd2bd356aa09c87 [1ms]
2023-12-12 19:34:44.124 [info] > git show --textconv :foundations/06-cascade-fix/style.css [11ms]
2023-12-12 19:34:44.126 [info] > git ls-files --stage -- /home/michell/Workspace/theodinproject/css-exercises/foundations/06-cascade-fix/style.css [4ms]
2023-12-12 19:34:44.135 [info] > git cat-file -s 15261d23ca0028e60374f629d64b4eaf4a5f1656 [2ms]
2023-12-12 19:34:45.960 [info] > git show --textconv :margin-and-padding/01-margin-and-padding-1/style.css [5ms]
2023-12-12 19:34:45.961 [info] > git ls-files --stage -- /home/michell/Workspace/theodinproject/css-exercises/margin-and-padding/01-margin-and-padding-1/style.css [1ms]
2023-12-12 19:34:45.964 [info] > git cat-file -s f4d0a70845325e06a05e74199cd2bd356aa09c87 [0ms]
2023-12-12 19:34:47.518 [info] > git show --textconv :margin-and-padding/01-margin-and-padding-1/index.html [5ms]
2023-12-12 19:34:47.518 [info] > git ls-files --stage -- /home/michell/Workspace/theodinproject/css-exercises/margin-and-padding/01-margin-and-padding-1/index.html [1ms]
2023-12-12 19:34:47.523 [info] > git cat-file -s 2bf271be38a96785ecfd12415711baf49a6e94b9 [1ms]
2023-12-12 19:34:48.704 [info] > git show --textconv :margin-and-padding/01-margin-and-padding-1/README.md [5ms]
2023-12-12 19:34:48.704 [info] > git ls-files --stage -- /home/michell/Workspace/theodinproject/css-exercises/margin-and-padding/01-margin-and-padding-1/README.md [1ms]
2023-12-12 19:34:48.708 [info] > git cat-file -s c09aecbf2d12258cc39fb46b32191ac855081568 [1ms]
2023-12-12 19:35:04.570 [info] > git show --textconv :margin-and-padding/01-margin-and-padding-1/README.md [10ms]
2023-12-12 19:35:04.572 [info] > git ls-files --stage -- /home/michell/Workspace/theodinproject/css-exercises/margin-and-padding/01-margin-and-padding-1/README.md [3ms]
2023-12-12 19:35:04.582 [info] > git cat-file -s c09aecbf2d12258cc39fb46b32191ac855081568 [2ms]
2023-12-12 19:35:33.200 [info] > git show --textconv :margin-and-padding/01-margin-and-padding-1/index.html [5ms]
2023-12-12 19:35:33.200 [info] > git ls-files --stage -- /home/michell/Workspace/theodinproject/css-exercises/margin-and-padding/01-margin-and-padding-1/index.html [1ms]
2023-12-12 19:35:33.204 [info] > git cat-file -s 2bf271be38a96785ecfd12415711baf49a6e94b9 [1ms]
2023-12-12 19:35:35.013 [info] > git show --textconv :margin-and-padding/01-margin-and-padding-1/style.css [4ms]
2023-12-12 19:35:35.014 [info] > git ls-files --stage -- /home/michell/Workspace/theodinproject/css-exercises/margin-and-padding/01-margin-and-padding-1/style.css [1ms]
2023-12-12 19:35:35.018 [info] > git cat-file -s f4d0a70845325e06a05e74199cd2bd356aa09c87 [1ms]
2023-12-12 19:35:41.434 [info] > git show --textconv :margin-and-padding/01-margin-and-padding-1/index.html [11ms]
2023-12-12 19:35:41.435 [info] > git ls-files --stage -- /home/michell/Workspace/theodinproject/css-exercises/margin-and-padding/01-margin-and-padding-1/index.html [2ms]
2023-12-12 19:35:41.444 [info] > git cat-file -s 2bf271be38a96785ecfd12415711baf49a6e94b9 [2ms]
2023-12-12 19:35:43.157 [info] > git show --textconv :margin-and-padding/01-margin-and-padding-1/README.md [7ms]
2023-12-12 19:35:43.158 [info] > git ls-files --stage -- /home/michell/Workspace/theodinproject/css-exercises/margin-and-padding/01-margin-and-padding-1/README.md [2ms]
2023-12-12 19:35:43.167 [info] > git cat-file -s c09aecbf2d12258cc39fb46b32191ac855081568 [2ms]
2023-12-12 19:35:47.465 [info] > git show --textconv :margin-and-padding/01-margin-and-padding-1/index.html [9ms]
2023-12-12 19:35:47.467 [info] > git ls-files --stage -- /home/michell/Workspace/theodinproject/css-exercises/margin-and-padding/01-margin-and-padding-1/index.html [2ms]
2023-12-12 19:35:47.476 [info] > git cat-file -s 2bf271be38a96785ecfd12415711baf49a6e94b9 [2ms]
2023-12-12 19:36:19.311 [info] > git fetch [1688ms]
2023-12-12 19:36:19.323 [info] > git config --get commit.template [7ms]
2023-12-12 19:36:19.323 [info] > git for-each-ref --format=%(refname)%00%(upstream:short)%00%(objectname)%00%(upstream:track)%00%(upstream:remotename)%00%(upstream:remoteref) refs/heads/main refs/remotes/main [1ms]
2023-12-12 19:36:19.330 [info] > git status -z -uall [2ms]
2023-12-12 19:36:21.439 [info] > git show --textconv :margin-and-padding/01-margin-and-padding-1/index.html [5ms]
2023-12-12 19:36:21.439 [info] > git ls-files --stage -- /home/michell/Workspace/theodinproject/css-exercises/margin-and-padding/01-margin-and-padding-1/index.html [1ms]
2023-12-12 19:36:21.444 [info] > git cat-file -s 2bf271be38a96785ecfd12415711baf49a6e94b9 [1ms]
2023-12-12 19:37:10.236 [info] > git show --textconv :margin-and-padding/01-margin-and-padding-1/index.html [9ms]
2023-12-12 19:37:10.238 [info] > git ls-files --stage -- /home/michell/Workspace/theodinproject/css-exercises/margin-and-padding/01-margin-and-padding-1/index.html [2ms]
2023-12-12 19:37:10.246 [info] > git cat-file -s 2bf271be38a96785ecfd12415711baf49a6e94b9 [2ms]
2023-12-12 19:38:20.444 [info] > git show --textconv :margin-and-padding/01-margin-and-padding-1/index.html [11ms]
2023-12-12 19:38:20.445 [info] > git ls-files --stage -- /home/michell/Workspace/theodinproject/css-exercises/margin-and-padding/01-margin-and-padding-1/index.html [2ms]
2023-12-12 19:38:20.455 [info] > git cat-file -s 2bf271be38a96785ecfd12415711baf49a6e94b9 [2ms]
2023-12-12 19:38:42.287 [info] > git show --textconv :margin-and-padding/01-margin-and-padding-1/index.html [6ms]
2023-12-12 19:38:42.288 [info] > git ls-files --stage -- /home/michell/Workspace/theodinproject/css-exercises/margin-and-padding/01-margin-and-padding-1/index.html [2ms]
2023-12-12 19:38:42.297 [info] > git cat-file -s 2bf271be38a96785ecfd12415711baf49a6e94b9 [2ms]
2023-12-12 19:38:44.182 [info] > git show --textconv :margin-and-padding/01-margin-and-padding-1/README.md [10ms]
2023-12-12 19:38:44.184 [info] > git ls-files --stage -- /home/michell/Workspace/theodinproject/css-exercises/margin-and-padding/01-margin-and-padding-1/README.md [2ms]
2023-12-12 19:38:44.193 [info] > git cat-file -s c09aecbf2d12258cc39fb46b32191ac855081568 [1ms]
2023-12-12 19:38:54.907 [info] > git show --textconv :margin-and-padding/01-margin-and-padding-1/index.html [10ms]
2023-12-12 19:38:54.909 [info] > git ls-files --stage -- /home/michell/Workspace/theodinproject/css-exercises/margin-and-padding/01-margin-and-padding-1/index.html [2ms]
2023-12-12 19:38:54.918 [info] > git cat-file -s 2bf271be38a96785ecfd12415711baf49a6e94b9 [1ms]
2023-12-12 19:39:05.870 [info] > git show --textconv :margin-and-padding/01-margin-and-padding-1/index.html [5ms]
2023-12-12 19:39:05.871 [info] > git ls-files --stage -- /home/michell/Workspace/theodinproject/css-exercises/margin-and-padding/01-margin-and-padding-1/index.html [1ms]
2023-12-12 19:39:05.876 [info] > git cat-file -s 2bf271be38a96785ecfd12415711baf49a6e94b9 [1ms]
2023-12-12 19:39:11.601 [info] > git show --textconv :margin-and-padding/01-margin-and-padding-1/README.md [11ms]
2023-12-12 19:39:11.603 [info] > git ls-files --stage -- /home/michell/Workspace/theodinproject/css-exercises/margin-and-padding/01-margin-and-padding-1/README.md [3ms]
2023-12-12 19:39:11.613 [info] > git cat-file -s c09aecbf2d12258cc39fb46b32191ac855081568 [1ms]
2023-12-12 19:39:18.485 [info] > git show --textconv :margin-and-padding/01-margin-and-padding-1/style.css [5ms]
2023-12-12 19:39:18.486 [info] > git ls-files --stage -- /home/michell/Workspace/theodinproject/css-exercises/margin-and-padding/01-margin-and-padding-1/style.css [2ms]
2023-12-12 19:39:18.490 [info] > git cat-file -s f4d0a70845325e06a05e74199cd2bd356aa09c87 [1ms]
2023-12-12 19:39:20.524 [info] > git ls-files --stage -- /home/michell/Workspace/theodinproject/css-exercises/margin-and-padding/01-margin-and-padding-1/style.css [1ms]
2023-12-12 19:39:20.528 [info] > git cat-file -s f4d0a70845325e06a05e74199cd2bd356aa09c87 [1ms]
2023-12-12 19:39:20.534 [info] > git show --textconv :margin-and-padding/01-margin-and-padding-1/style.css [1ms]
2023-12-12 19:39:21.065 [info] > git show --textconv :margin-and-padding/01-margin-and-padding-1/README.md [5ms]
2023-12-12 19:39:21.065 [info] > git ls-files --stage -- /home/michell/Workspace/theodinproject/css-exercises/margin-and-padding/01-margin-and-padding-1/README.md [1ms]
2023-12-12 19:39:21.069 [info] > git cat-file -s c09aecbf2d12258cc39fb46b32191ac855081568 [0ms]
2023-12-12 19:39:22.159 [info] > git fetch [2821ms]
2023-12-12 19:39:22.170 [info] > git config --get commit.template [5ms]
2023-12-12 19:39:22.170 [info] > git for-each-ref --format=%(refname)%00%(upstream:short)%00%(objectname)%00%(upstream:track)%00%(upstream:remotename)%00%(upstream:remoteref) refs/heads/main refs/remotes/main [1ms]
2023-12-12 19:39:22.175 [info] > git status -z -uall [1ms]
2023-12-12 19:39:22.290 [info] > git show --textconv :margin-and-padding/01-margin-and-padding-1/style.css [5ms]
2023-12-12 19:39:22.291 [info] > git ls-files --stage -- /home/michell/Workspace/theodinproject/css-exercises/margin-and-padding/01-margin-and-padding-1/style.css [2ms]
2023-12-12 19:39:22.296 [info] > git cat-file -s f4d0a70845325e06a05e74199cd2bd356aa09c87 [1ms]
2023-12-12 19:39:23.102 [info] > git ls-files --stage -- /home/michell/Workspace/theodinproject/css-exercises/margin-and-padding/01-margin-and-padding-1/style.css [0ms]
2023-12-12 19:39:23.107 [info] > git cat-file -s f4d0a70845325e06a05e74199cd2bd356aa09c87 [1ms]
2023-12-12 19:39:23.112 [info] > git show --textconv :margin-and-padding/01-margin-and-padding-1/style.css [0ms]
2023-12-12 19:39:27.918 [info] > git config --get commit.template [10ms]
2023-12-12 19:39:27.919 [info] > git for-each-ref --format=%(refname)%00%(upstream:short)%00%(objectname)%00%(upstream:track)%00%(upstream:remotename)%00%(upstream:remoteref) refs/heads/main refs/remotes/main [2ms]
2023-12-12 19:39:27.933 [info] > git status -z -uall [4ms]
2023-12-12 19:39:32.920 [info] > git show --textconv :margin-and-padding/01-margin-and-padding-1/README.md [4ms]
2023-12-12 19:39:32.921 [info] > git ls-files --stage -- /home/michell/Workspace/theodinproject/css-exercises/margin-and-padding/01-margin-and-padding-1/README.md [1ms]
2023-12-12 19:39:32.925 [info] > git cat-file -s c09aecbf2d12258cc39fb46b32191ac855081568 [0ms]
2023-12-12 19:39:32.951 [info] > git config --get commit.template [3ms]
2023-12-12 19:39:32.959 [info] > git for-each-ref --format=%(refname)%00%(upstream:short)%00%(objectname)%00%(upstream:track)%00%(upstream:remotename)%00%(upstream:remoteref) refs/heads/main refs/remotes/main [2ms]
2023-12-12 19:39:32.967 [info] > git status -z -uall [2ms]
2023-12-12 19:39:38.057 [info] > git show --textconv :margin-and-padding/01-margin-and-padding-1/style.css [5ms]
2023-12-12 19:39:38.057 [info] > git ls-files --stage -- /home/michell/Workspace/theodinproject/css-exercises/margin-and-padding/01-margin-and-padding-1/style.css [1ms]
2023-12-12 19:39:38.063 [info] > git cat-file -s f4d0a70845325e06a05e74199cd2bd356aa09c87 [1ms]
2023-12-12 19:39:44.293 [info] > git config --get commit.template [3ms]
2023-12-12 19:39:44.305 [info] > git for-each-ref --format=%(refname)%00%(upstream:short)%00%(objectname)%00%(upstream:track)%00%(upstream:remotename)%00%(upstream:remoteref) refs/heads/main refs/remotes/main [2ms]
2023-12-12 19:39:44.315 [info] > git status -z -uall [2ms]
2023-12-12 19:42:23.377 [info] > git ls-files --stage -- /home/michell/Workspace/theodinproject/css-exercises/margin-and-padding/01-margin-and-padding-1/style.css [1ms]
2023-12-12 19:42:23.387 [info] > git cat-file -s f4d0a70845325e06a05e74199cd2bd356aa09c87 [1ms]
2023-12-12 19:42:23.399 [info] > git show --textconv :margin-and-padding/01-margin-and-padding-1/style.css [3ms]
2023-12-12 19:42:25.300 [info] > git fetch [3116ms]
2023-12-12 19:42:25.316 [info] > git config --get commit.template [9ms]
2023-12-12 19:42:25.317 [info] > git for-each-ref --format=%(refname)%00%(upstream:short)%00%(objectname)%00%(upstream:track)%00%(upstream:remotename)%00%(upstream:remoteref) refs/heads/main refs/remotes/main [2ms]
2023-12-12 19:42:25.329 [info] > git status -z -uall [2ms]
2023-12-12 19:42:25.972 [info] > git ls-files --stage -- /home/michell/Workspace/theodinproject/css-exercises/margin-and-padding/01-margin-and-padding-1/style.css [1ms]
2023-12-12 19:42:25.979 [info] > git cat-file -s f4d0a70845325e06a05e74199cd2bd356aa09c87 [2ms]
2023-12-12 19:42:25.993 [info] > git show --textconv :margin-and-padding/01-margin-and-padding-1/style.css [3ms]
2023-12-12 19:45:26.534 [info] > git ls-files --stage -- /home/michell/Workspace/theodinproject/css-exercises/margin-and-padding/01-margin-and-padding-1/style.css [3ms]
2023-12-12 19:45:26.542 [info] > git cat-file -s f4d0a70845325e06a05e74199cd2bd356aa09c87 [2ms]
2023-12-12 19:45:26.549 [info] > git show --textconv :margin-and-padding/01-margin-and-padding-1/style.css [1ms]
2023-12-12 19:45:28.185 [info] > git fetch [2846ms]
2023-12-12 19:45:28.204 [info] > git config --get commit.template [7ms]
2023-12-12 19:45:28.205 [info] > git for-each-ref --format=%(refname)%00%(upstream:short)%00%(objectname)%00%(upstream:track)%00%(upstream:remotename)%00%(upstream:remoteref) refs/heads/main refs/remotes/main [2ms]
2023-12-12 19:45:28.214 [info] > git status -z -uall [3ms]
2023-12-12 19:45:28.857 [info] > git ls-files --stage -- /home/michell/Workspace/theodinproject/css-exercises/margin-and-padding/01-margin-and-padding-1/style.css [1ms]
2023-12-12 19:45:28.865 [info] > git cat-file -s f4d0a70845325e06a05e74199cd2bd356aa09c87 [2ms]
2023-12-12 19:45:28.876 [info] > git show --textconv :margin-and-padding/01-margin-and-padding-1/style.css [1ms]
2023-12-12 19:48:29.416 [info] > git ls-files --stage -- /home/michell/Workspace/theodinproject/css-exercises/margin-and-padding/01-margin-and-padding-1/style.css [1ms]
2023-12-12 19:48:29.426 [info] > git cat-file -s f4d0a70845325e06a05e74199cd2bd356aa09c87 [2ms]
2023-12-12 19:48:29.440 [info] > git show --textconv :margin-and-padding/01-margin-and-padding-1/style.css [3ms]
2023-12-12 19:48:30.137 [info] > git fetch [1911ms]
2023-12-12 19:48:30.155 [info] > git config --get commit.template [11ms]
2023-12-12 19:48:30.155 [info] > git for-each-ref --format=%(refname)%00%(upstream:short)%00%(objectname)%00%(upstream:track)%00%(upstream:remotename)%00%(upstream:remoteref) refs/heads/main refs/remotes/main [1ms]
2023-12-12 19:48:30.165 [info] > git status -z -uall [3ms]
2023-12-12 19:48:30.912 [info] > git ls-files --stage -- /home/michell/Workspace/theodinproject/css-exercises/margin-and-padding/01-margin-and-padding-1/style.css [3ms]
2023-12-12 19:48:30.925 [info] > git cat-file -s f4d0a70845325e06a05e74199cd2bd356aa09c87 [2ms]
2023-12-12 19:48:30.937 [info] > git show --textconv :margin-and-padding/01-margin-and-padding-1/style.css [2ms]
2023-12-12 19:51:31.370 [info] > git ls-files --stage -- /home/michell/Workspace/theodinproject/css-exercises/margin-and-padding/01-margin-and-padding-1/style.css [2ms]
2023-12-12 19:51:31.381 [info] > git cat-file -s f4d0a70845325e06a05e74199cd2bd356aa09c87 [2ms]
2023-12-12 19:51:31.395 [info] > git show --textconv :margin-and-padding/01-margin-and-padding-1/style.css [2ms]
2023-12-12 19:51:40.208 [info] > git fetch [10032ms]
2023-12-12 19:51:40.208 [info] ssh: Could not resolve hostname github.com: Temporary failure in name resolution
fatal: Could not read from remote repository.

Please make sure you have the correct access rights
and the repository exists.
2023-12-12 19:51:40.215 [info] > git config --get commit.template [0ms]
2023-12-12 19:51:40.223 [info] > git for-each-ref --format=%(refname)%00%(upstream:short)%00%(objectname)%00%(upstream:track)%00%(upstream:remotename)%00%(upstream:remoteref) refs/heads/main refs/remotes/main [2ms]
2023-12-12 19:51:40.231 [info] > git status -z -uall [3ms]
2023-12-12 19:54:41.437 [info] > git ls-files --stage -- /home/michell/Workspace/theodinproject/css-exercises/margin-and-padding/01-margin-and-padding-1/style.css [2ms]
2023-12-12 19:54:41.446 [info] > git cat-file -s f4d0a70845325e06a05e74199cd2bd356aa09c87 [1ms]
2023-12-12 19:54:41.456 [info] > git show --textconv :margin-and-padding/01-margin-and-padding-1/style.css [2ms]
2023-12-12 19:54:42.725 [info] > git fetch [2480ms]
2023-12-12 19:54:42.732 [info] > git config --get commit.template [1ms]
2023-12-12 19:54:42.741 [info] > git for-each-ref --format=%(refname)%00%(upstream:short)%00%(objectname)%00%(upstream:track)%00%(upstream:remotename)%00%(upstream:remoteref) refs/heads/main refs/remotes/main [3ms]
2023-12-12 19:54:42.752 [info] > git status -z -uall [4ms]
2023-12-12 19:54:43.779 [info] > git ls-files --stage -- /home/michell/Workspace/theodinproject/css-exercises/margin-and-padding/01-margin-and-padding-1/style.css [2ms]
2023-12-12 19:54:43.787 [info] > git cat-file -s f4d0a70845325e06a05e74199cd2bd356aa09c87 [2ms]
2023-12-12 19:54:43.794 [info] > git show --textconv :margin-and-padding/01-margin-and-padding-1/style.css [2ms]
2023-12-12 19:57:43.953 [info] > git ls-files --stage -- /home/michell/Workspace/theodinproject/css-exercises/margin-and-padding/01-margin-and-padding-1/style.css [1ms]
2023-12-12 19:57:43.963 [info] > git cat-file -s f4d0a70845325e06a05e74199cd2bd356aa09c87 [1ms]
2023-12-12 19:57:43.974 [info] > git show --textconv :margin-and-padding/01-margin-and-padding-1/style.css [2ms]
2023-12-12 19:57:44.293 [info] > git fetch [1528ms]
2023-12-12 19:57:44.314 [info] > git config --get commit.template [10ms]
2023-12-12 19:57:44.315 [info] > git for-each-ref --format=%(refname)%00%(upstream:short)%00%(objectname)%00%(upstream:track)%00%(upstream:remotename)%00%(upstream:remoteref) refs/heads/main refs/remotes/main [2ms]
2023-12-12 19:57:44.329 [info] > git status -z -uall [3ms]
2023-12-12 19:57:45.350 [info] > git ls-files --stage -- /home/michell/Workspace/theodinproject/css-exercises/margin-and-padding/01-margin-and-padding-1/style.css [0ms]
2023-12-12 19:57:45.360 [info] > git cat-file -s f4d0a70845325e06a05e74199cd2bd356aa09c87 [2ms]
2023-12-12 19:57:45.371 [info] > git show --textconv :margin-and-padding/01-margin-and-padding-1/style.css [2ms]
