2023-12-13 14:01:40.671 [info] Reading sessions from keychain...
2023-12-13 14:01:40.671 [info] Getting sessions for all scopes...
2023-12-13 14:01:40.672 [info] Getting sessions for user:email...
2023-12-13 14:01:40.676 [info] Got 0 sessions for ...
2023-12-13 14:01:40.676 [info] Got 0 sessions for user:email...
2023-12-13 14:01:40.758 [info] Getting sessions for all scopes...
2023-12-13 14:01:40.758 [info] Got 0 sessions for ...
2023-12-13 14:01:41.488 [info] Getting sessions for all scopes...
2023-12-13 14:01:41.488 [info] Got 0 sessions for ...
2023-12-13 14:01:41.564 [info] Getting sessions for read:user,repo,user:email,workflow...
2023-12-13 14:01:41.564 [info] Got 0 sessions for read:user,repo,user:email,workflow...
2023-12-13 14:01:41.705 [info] Getting sessions for read:user,repo,user:email...
2023-12-13 14:01:41.705 [info] Got 0 sessions for read:user,repo,user:email...
2023-12-13 14:01:57.394 [info] Reading sessions from keychain...
2023-12-13 14:01:57.394 [info] Getting sessions for all scopes...
2023-12-13 14:01:57.394 [info] Got 0 sessions for ...
2023-12-13 14:01:57.394 [info] Getting sessions for all scopes...
2023-12-13 14:01:57.394 [info] Got 0 sessions for ...
2023-12-13 14:01:57.394 [info] Getting sessions for user:email...
2023-12-13 14:01:57.394 [info] Got 0 sessions for user:email...
2023-12-13 14:01:57.814 [info] Getting sessions for read:user,repo,user:email,workflow...
2023-12-13 14:01:57.814 [info] Got 0 sessions for read:user,repo,user:email,workflow...
2023-12-13 14:01:58.782 [info] Getting sessions for read:user,repo,user:email,workflow...
2023-12-13 14:01:58.782 [info] Got 0 sessions for read:user,repo,user:email,workflow...
2023-12-13 14:01:59.340 [info] Getting sessions for read:user,repo,user:email,workflow...
2023-12-13 14:01:59.340 [info] Got 0 sessions for read:user,repo,user:email,workflow...
2023-12-13 14:01:59.557 [info] Getting sessions for read:user,repo,user:email,workflow...
2023-12-13 14:01:59.557 [info] Got 0 sessions for read:user,repo,user:email,workflow...
2023-12-13 14:01:59.771 [info] Getting sessions for read:user,repo,user:email,workflow...
2023-12-13 14:01:59.771 [info] Got 0 sessions for read:user,repo,user:email,workflow...
2023-12-13 14:01:59.899 [info] Getting sessions for read:user,repo,user:email,workflow...
2023-12-13 14:01:59.899 [info] Got 0 sessions for read:user,repo,user:email,workflow...
2023-12-13 14:02:00.007 [info] Getting sessions for read:user,repo,user:email,workflow...
2023-12-13 14:02:00.007 [info] Got 0 sessions for read:user,repo,user:email,workflow...
