2023-12-13 15:01:25.350 [info] Name: isort
2023-12-13 15:01:25.350 [info] Module: isort
2023-12-13 15:01:25.350 [info] Python extension loading
2023-12-13 15:01:25.350 [info] Waiting for interpreter from python extension.
2023-12-13 15:01:25.350 [info] No interpreter found from setting isort.interpreter
2023-12-13 15:01:25.350 [info] Getting interpreter from ms-python.python extension for workspace /home/michell/Workspace/multidadosti/odoo
2023-12-13 15:01:25.350 [info] Python extension loaded
2023-12-13 15:01:25.350 [info] Interpreter from ms-python.python extension for /home/michell/Workspace/multidadosti/odoo: /home/michell/Workspace/multidadosti/odoo/.venv/bin/python
2023-12-13 15:01:25.350 [info] No interpreter found from setting isort.interpreter
2023-12-13 15:01:25.350 [info] Getting interpreter from ms-python.python extension for workspace /home/michell/Workspace/multidadosti/odoo
2023-12-13 15:01:25.350 [info] Interpreter from ms-python.python extension for /home/michell/Workspace/multidadosti/odoo: /home/michell/Workspace/multidadosti/odoo/.venv/bin/python
2023-12-13 15:01:25.350 [info] Server run command: /home/michell/Workspace/multidadosti/odoo/.venv/bin/python /home/michell/.vscode/extensions/ms-python.isort-2023.10.1/bundled/tool/lsp_server.py
2023-12-13 15:01:25.350 [info] Server: Start requested.
2023-12-13 15:01:26.180 [info] CWD Server: /home/michell/Workspace/multidadosti/odoo
2023-12-13 15:01:26.217 [info] sys.path used to run Server:
   /home/michell/.vscode/extensions/ms-python.isort-2023.10.1/bundled/libs
   /home/michell/.vscode/extensions/ms-python.isort-2023.10.1/bundled/tool
   /home/michell/.asdf/installs/python/3.8.18/lib/python38.zip
   /home/michell/.asdf/installs/python/3.8.18/lib/python3.8
   /home/michell/.asdf/installs/python/3.8.18/lib/python3.8/lib-dynload
   /home/michell/Workspace/multidadosti/odoo/.venv/lib/python3.8/site-packages
   /home/michell/Workspace/multidadosti/odoo
   /home/michell/Workspace/multidadosti/odoo/multierp/lib/formio-data
   /home/michell/Workspace/multidadosti/odoo/multierp/lib/python-cnab
   /home/michell/Workspace/multidadosti/odoo/multierp/lib/python-sped
   /home/michell/Workspace/multidadosti/odoo/multierp/lib/pytrust-cnab240
   /home/michell/Workspace/multidadosti/odoo/multierp/lib/python-boleto
   /home/michell/Workspace/multidadosti/odoo/multierp/lib/pytrustnfe
2023-12-13 15:01:26.260 [info] Settings used to run Server:
[
    {
        "check": false,
        "cwd": "/home/michell/Workspace/multidadosti/odoo",
        "workspace": "file:///home/michell/Workspace/multidadosti/odoo",
        "args": [],
        "path": [],
        "severity": {
            "W": "Warning",
            "E": "Hint"
        },
        "interpreter": [
            "/home/michell/Workspace/multidadosti/odoo/.venv/bin/python"
        ],
        "importStrategy": "useBundled",
        "showNotifications": "off"
    }
]

2023-12-13 15:01:26.302 [info] Global settings:
{
    "check": false,
    "cwd": "/home/michell",
    "workspace": "/home/michell",
    "args": [],
    "path": [],
    "severity": {
        "W": "Warning",
        "E": "Hint"
    },
    "interpreter": [],
    "importStrategy": "useBundled",
    "showNotifications": "off"
}

2023-12-13 15:01:26.304 [info] /home/michell/Workspace/multidadosti/odoo/.venv/bin/python -m isort --version-number
2023-12-13 15:01:26.549 [info] CWD Linter: /home/michell/Workspace/multidadosti/odoo
2023-12-13 15:01:26.623 [info] Version info for isort running for /home/michell/Workspace/multidadosti/odoo:
5.11.5

2023-12-13 15:01:26.705 [info] SUPPORTED isort>=5.10.1
FOUND isort==5.11.5

2023-12-13 15:01:27.152 [info] [Trace - 3:01:27 PM] Sending request 'textDocument/codeAction - (1)'.
