2023-12-13 14:01:47.854 [info] Active editor: file:///home/michell/Workspace/theodinproject/css-exercises/margin-and-padding/02-margin-and-padding-2/index.html
2023-12-13 14:01:47.863 [info] /home/michell/Workspace/theodinproject/css-exercises/margin-and-padding/02-margin-and-padding-2/style.css.git closed
2023-12-13 14:01:56.681 [info] Configuration changed
2023-12-13 14:04:04.712 [info] Active editor: file:///home/michell/Workspace/multidadosti/odoo/multierp/src/core/addons/account_bank_statement_import/models/account_bank_statement_line.py
2023-12-13 14:04:07.445 [info] /home/michell/Workspace/multidadosti/odoo/multierp/src/core/addons/account_bank_statement_import/models/account_bank_statement_line.py closed
2023-12-13 14:04:07.477 [info] Active editor: file:///home/michell/Workspace/multidadosti/odoo/multierp/src/core/addons/account_bank_statement_import/models/account_bank_statement_import.py
2023-12-13 14:04:07.504 [info] /home/michell/Workspace/multidadosti/odoo/multierp/src/core/addons/account_bank_statement_import/models/account_bank_statement_line.py.git closed
2023-12-13 14:04:34.265 [info] /home/michell/.config/Code/User/profiles/-4f39f5a1/settings.json closed
2023-12-13 14:04:34.285 [info] Configuration changed
2023-12-13 14:04:39.991 [info] /home/michell/.config/Code/User/profiles/-4f39f5a1/settings.json closed
2023-12-13 14:04:40.004 [info] Configuration changed
2023-12-13 14:04:53.825 [info] /home/michell/.config/Code/User/profiles/-4f39f5a1/settings.json closed
2023-12-13 14:04:53.838 [info] Configuration changed
2023-12-13 14:04:59.818 [info] /home/michell/.config/Code/User/profiles/-4f39f5a1/settings.json closed
2023-12-13 14:04:59.834 [info] Configuration changed
2023-12-13 14:05:08.347 [info] /home/michell/.config/Code/User/profiles/-4f39f5a1/settings.json closed
2023-12-13 14:05:08.364 [info] Configuration changed
2023-12-13 14:05:35.694 [info] Configuration changed
2023-12-13 14:05:35.715 [info] Configuration changed
2023-12-13 14:05:44.916 [info] /home/michell/.config/Code/User/profiles/-4f39f5a1/settings.json closed
2023-12-13 14:05:44.929 [info] Configuration changed
2023-12-13 14:17:26.043 [info] /home/michell/.config/Code/User/profiles/-4f39f5a1/settings.json closed
2023-12-13 14:17:26.057 [info] Configuration changed
2023-12-13 14:17:31.651 [info] /home/michell/.config/Code/User/profiles/-4f39f5a1/settings.json closed
2023-12-13 14:17:31.667 [info] Configuration changed
2023-12-13 14:17:50.662 [info] /home/michell/.config/Code/User/profiles/-4f39f5a1/settings.json closed
2023-12-13 14:17:50.676 [info] Configuration changed
