2023-12-13 19:55:05.351 [info] Added views:workbench.panel.markers.view in workbench.panel.markers
2023-12-13 19:55:05.351 [info] Added views:workbench.panel.output in workbench.panel.output
2023-12-13 19:55:05.351 [info] Added views:terminal in terminal
2023-12-13 19:55:05.351 [info] Added views:workbench.scm in workbench.view.scm
2023-12-13 19:55:05.351 [info] Added views:workbench.view.search in workbench.view.search
2023-12-13 19:55:05.351 [info] Added views:workbench.explorer.emptyView in workbench.view.explorer
2023-12-13 19:55:05.519 [info] Added views:workbench.debug.welcome in workbench.view.debug
2023-12-13 19:55:05.803 [info] Added views:bookmarksExplorer,bookmarksHelpAndFeedback in workbench.view.extension.bookmarks
2023-12-13 19:55:05.803 [info] Added views:notes in workbench.view.extension.vscode-notes
2023-12-13 19:55:05.803 [info] Added views:gitlens.views.home,gitlens.views.drafts,gitlens.views.workspaces,gitlens.views.account in workbench.view.extension.gitlens
2023-12-13 19:55:05.804 [info] Added views:gitlens.views.commitDetails,gitlens.views.lineHistory,gitlens.views.fileHistory,gitlens.views.searchAndCompare in workbench.view.extension.gitlensInspect
2023-12-13 19:55:05.804 [info] Added views:gitlens.views.commits,gitlens.views.branches,gitlens.views.remotes,gitlens.views.stashes,gitlens.views.tags in workbench.view.scm
2023-12-13 19:55:05.805 [info] Added views:dockerContainers,dockerImages,dockerRegistries,dockerNetworks,dockerVolumes,vscode-docker.views.dockerContexts,vscode-docker.views.help in workbench.view.extension.dockerView
2023-12-13 19:55:05.805 [info] Added views:targetsContainers,devVolumes in workbench.view.remote
2023-12-13 19:55:05.933 [info] Added views:workbench.panel.repl.view in workbench.panel.repl
2023-12-13 19:55:06.150 [info] Added views:~remote.forwardedPorts in ~remote.forwardedPortsContainer
2023-12-13 19:55:07.269 [info] Removed views:gitlens.views.searchAndCompare,gitlens.views.fileHistory,gitlens.views.lineHistory,gitlens.views.commitDetails from workbench.view.extension.gitlensInspect
2023-12-13 19:55:07.270 [info] Removed views:gitlens.views.tags,gitlens.views.stashes,gitlens.views.remotes,gitlens.views.branches,gitlens.views.commits from workbench.view.scm
2023-12-13 19:55:13.089 [info] Added views:workbench.panel.markers.view in workbench.panel.markers
2023-12-13 19:55:13.089 [info] Added views:workbench.panel.output in workbench.panel.output
2023-12-13 19:55:13.089 [info] Added views:terminal in terminal
2023-12-13 19:55:13.089 [info] Added views:workbench.scm in workbench.view.scm
2023-12-13 19:55:13.089 [info] Added views:workbench.view.search in workbench.view.search
2023-12-13 19:55:13.089 [info] Added views:workbench.explorer.fileView in workbench.view.explorer
2023-12-13 19:55:13.274 [info] Added views:workbench.debug.welcome in workbench.view.debug
2023-12-13 19:55:13.614 [info] Added views:bookmarksExplorer,bookmarksHelpAndFeedback in workbench.view.extension.bookmarks
2023-12-13 19:55:13.614 [info] Added views:notes in workbench.view.extension.vscode-notes
2023-12-13 19:55:13.614 [info] Added views:gitlens.views.home,gitlens.views.drafts,gitlens.views.workspaces,gitlens.views.account in workbench.view.extension.gitlens
2023-12-13 19:55:13.615 [info] Added views:gitlens.views.commitDetails,gitlens.views.lineHistory,gitlens.views.fileHistory,gitlens.views.searchAndCompare in workbench.view.extension.gitlensInspect
2023-12-13 19:55:13.615 [info] Added views:gitlens.views.commits,gitlens.views.branches,gitlens.views.remotes,gitlens.views.stashes,gitlens.views.tags in workbench.view.scm
2023-12-13 19:55:13.738 [info] Added views:workbench.panel.repl.view in workbench.panel.repl
2023-12-13 19:55:14.487 [info] Added views:~remote.forwardedPorts in ~remote.forwardedPortsContainer
2023-12-13 19:55:15.772 [info] Added views:gitlens.views.graph,gitlens.views.graphDetails in workbench.view.extension.gitlensPanel
2023-12-13 19:55:15.773 [info] Added views:gitlens.views.timeline in workbench.view.extension.gitlensInspect
2023-12-13 19:55:15.773 [info] Added views:gitlens.views.worktrees in workbench.view.scm
