2023-12-13 14:01:41.472 [info] Log level: Info
2023-12-13 14:01:41.472 [info] Validating found git in: "git"
2023-12-13 14:01:41.472 [info] Using git "2.25.1" from "git"
2023-12-13 14:01:41.472 [info] > git rev-parse --show-toplevel [17ms]
2023-12-13 14:01:41.472 [info] > git rev-parse --git-dir --git-common-dir [79ms]
2023-12-13 14:01:41.472 [info] Open repository: /home/michell/Workspace/theodinproject/css-exercises
2023-12-13 14:01:41.472 [info] > git rev-parse --show-toplevel [11ms]
2023-12-13 14:01:41.472 [info] > git config --get commit.template [17ms]
2023-12-13 14:01:41.487 [info] > git rev-parse --show-toplevel [9ms]
2023-12-13 14:01:41.494 [info] > git for-each-ref --format=%(refname)%00%(upstream:short)%00%(objectname)%00%(upstream:track)%00%(upstream:remotename)%00%(upstream:remoteref) refs/heads/main refs/remotes/main [7ms]
2023-12-13 14:01:41.500 [info] > git rev-parse --show-toplevel [7ms]
2023-12-13 14:01:41.506 [info] > git rev-parse --show-toplevel [1ms]
2023-12-13 14:01:41.517 [info] > git status -z -uall [5ms]
2023-12-13 14:01:41.517 [info] > git rev-parse --show-toplevel [1ms]
2023-12-13 14:01:41.541 [info] > git config --get commit.template [11ms]
2023-12-13 14:01:41.541 [info] > git rev-parse --show-toplevel [16ms]
2023-12-13 14:01:41.562 [info] > git rev-parse --show-toplevel [16ms]
2023-12-13 14:01:41.565 [info] > git for-each-ref --format=%(refname)%00%(upstream:short)%00%(objectname)%00%(upstream:track)%00%(upstream:remotename)%00%(upstream:remoteref) refs/heads/main refs/remotes/main [6ms]
2023-12-13 14:01:41.572 [info] > git status -z -uall [2ms]
2023-12-13 14:01:41.743 [info] > git show --textconv :margin-and-padding/02-margin-and-padding-2/style.css [6ms]
2023-12-13 14:01:41.744 [info] > git ls-files --stage -- /home/michell/Workspace/theodinproject/css-exercises/margin-and-padding/02-margin-and-padding-2/style.css [2ms]
2023-12-13 14:01:41.749 [info] > git cat-file -s d19ef810469b5b1954c400cbc465feaaac917f5d [1ms]
2023-12-13 14:01:41.978 [info] > git check-ignore -v -z --stdin [1ms]
2023-12-13 14:01:42.624 [info] > git ls-files --stage -- /home/michell/Workspace/theodinproject/css-exercises/margin-and-padding/02-margin-and-padding-2/style.css [1ms]
2023-12-13 14:01:42.629 [info] > git cat-file -s d19ef810469b5b1954c400cbc465feaaac917f5d [0ms]
2023-12-13 14:01:42.636 [info] > git show --textconv :margin-and-padding/02-margin-and-padding-2/style.css [1ms]
2023-12-13 14:01:42.824 [info] > git fetch [1390ms]
2023-12-13 14:01:42.837 [info] > git for-each-ref --format=%(refname)%00%(upstream:short)%00%(objectname)%00%(upstream:track)%00%(upstream:remotename)%00%(upstream:remoteref) refs/heads/main refs/remotes/main [2ms]
2023-12-13 14:01:42.837 [info] > git config --get commit.template [8ms]
2023-12-13 14:01:42.844 [info] > git status -z -uall [2ms]
2023-12-13 14:01:43.894 [info] > git ls-files --stage -- /home/michell/Workspace/theodinproject/css-exercises/margin-and-padding/02-margin-and-padding-2/style.css [1ms]
2023-12-13 14:01:43.900 [info] > git cat-file -s d19ef810469b5b1954c400cbc465feaaac917f5d [1ms]
2023-12-13 14:01:43.907 [info] > git show --textconv :margin-and-padding/02-margin-and-padding-2/style.css [1ms]
2023-12-13 14:01:48.074 [info] > git show --textconv :margin-and-padding/02-margin-and-padding-2/index.html [7ms]
2023-12-13 14:01:48.076 [info] > git ls-files --stage -- /home/michell/Workspace/theodinproject/css-exercises/margin-and-padding/02-margin-and-padding-2/index.html [1ms]
2023-12-13 14:01:48.081 [info] > git cat-file -s df757c8ebf5628aa8d202abe4ca4881db63dbb58 [1ms]
2023-12-13 14:01:55.603 [info] Log level: Info
2023-12-13 14:01:55.603 [info] Validating found git in: "git"
2023-12-13 14:01:55.603 [info] Using git "2.25.1" from "git"
2023-12-13 14:01:55.603 [info] > git rev-parse --show-toplevel [106ms]
2023-12-13 14:01:55.603 [info] > git rev-parse --git-dir --git-common-dir [98ms]
2023-12-13 14:01:55.603 [info] Open repository: /home/michell/Workspace/multidadosti/odoo
2023-12-13 14:01:56.039 [info] > git rev-parse --show-toplevel [404ms]
2023-12-13 14:01:56.040 [info] > git config --get commit.template [413ms]
2023-12-13 14:01:56.566 [info] > git rev-parse --show-toplevel [62ms]
2023-12-13 14:01:56.636 [info] > git for-each-ref --format=%(refname)%00%(upstream:short)%00%(objectname)%00%(upstream:track)%00%(upstream:remotename)%00%(upstream:remoteref) refs/heads/main refs/remotes/main [74ms]
2023-12-13 14:01:56.664 [info] > git rev-parse --show-toplevel [33ms]
2023-12-13 14:01:56.728 [info] > git rev-parse --show-toplevel [20ms]
2023-12-13 14:01:57.370 [info] > git status -z -uall [578ms]
2023-12-13 14:01:57.429 [info] > git rev-parse --show-toplevel [607ms]
2023-12-13 14:01:57.446 [info] > git check-ignore -v -z --stdin [55ms]
2023-12-13 14:01:57.450 [info] > git rev-parse --show-toplevel [4ms]
2023-12-13 14:01:57.450 [info] > git config --get commit.template [12ms]
2023-12-13 14:01:57.468 [info] > git rev-parse --show-toplevel [10ms]
2023-12-13 14:01:57.470 [info] > git for-each-ref --format=%(refname)%00%(upstream:short)%00%(objectname)%00%(upstream:track)%00%(upstream:remotename)%00%(upstream:remoteref) refs/heads/main refs/remotes/main [4ms]
2023-12-13 14:01:57.812 [info] > git status -z -uall [317ms]
2023-12-13 14:01:57.943 [info] > git rev-parse --show-toplevel [2ms]
2023-12-13 14:01:57.971 [info] > git rev-parse --git-dir --git-common-dir [11ms]
2023-12-13 14:01:58.000 [info] Open repository: /home/michell/Workspace/multidadosti/odoo/multierp/src/core
2023-12-13 14:01:58.128 [info] > git rev-parse --show-toplevel [43ms]
2023-12-13 14:01:58.128 [info] > git config --get commit.template [104ms]
2023-12-13 14:01:58.168 [info] > git fetch [2571ms]
2023-12-13 14:01:58.194 [info] > git rev-parse --git-dir --git-common-dir [41ms]
2023-12-13 14:01:58.206 [info] Open repository: /home/michell/Workspace/multidadosti/odoo/multierp/src/oca/server-tools
2023-12-13 14:01:58.231 [info] > git config --get commit.template [40ms]
2023-12-13 14:01:58.231 [info] > git for-each-ref --format=%(refname)%00%(upstream:short)%00%(objectname)%00%(upstream:track)%00%(upstream:remotename)%00%(upstream:remoteref) refs/heads/develop refs/remotes/develop [48ms]
2023-12-13 14:01:58.237 [info] > git rev-parse --show-toplevel [7ms]
2023-12-13 14:01:58.237 [info] > git config --get commit.template [15ms]
2023-12-13 14:01:58.537 [info] > git rev-parse --git-dir --git-common-dir [277ms]
2023-12-13 14:01:58.549 [info] Open repository: /home/michell/Workspace/multidadosti/odoo/multierp/src/oca/web
2023-12-13 14:01:58.550 [info] > git for-each-ref --format=%(refname)%00%(upstream:short)%00%(objectname)%00%(upstream:track)%00%(upstream:remotename)%00%(upstream:remoteref) refs/heads/main refs/remotes/main [296ms]
2023-12-13 14:01:58.581 [info] > git for-each-ref --format=%(refname)%00%(upstream:short)%00%(objectname)%00%(upstream:track)%00%(upstream:remotename)%00%(upstream:remoteref) refs/heads/develop refs/remotes/develop [48ms]
2023-12-13 14:01:58.618 [warning] ENOENT: no such file or directory, open '/home/michell/Workspace/multidadosti/odoo/.git/modules/multierp/src/oca/server-tools/refs/remotes/origin/develop'
2023-12-13 14:01:58.621 [info] > git status -z -uall [63ms]
2023-12-13 14:01:58.621 [info] > git check-ignore -v -z --stdin [16ms]
2023-12-13 14:01:58.622 [info] > git rev-parse --show-toplevel [42ms]
2023-12-13 14:01:58.622 [info] > git config --get commit.template [52ms]
2023-12-13 14:01:58.732 [info] > git rev-parse --git-dir --git-common-dir [65ms]
2023-12-13 14:01:58.761 [info] Open repository: /home/michell/Workspace/multidadosti/odoo/multierp/src/oca/project
2023-12-13 14:01:58.767 [info] > git rev-parse refs/remotes/origin/develop [149ms]
2023-12-13 14:01:58.830 [info] > git for-each-ref --format=%(refname)%00%(upstream:short)%00%(objectname)%00%(upstream:track)%00%(upstream:remotename)%00%(upstream:remoteref) refs/heads/develop refs/remotes/develop [136ms]
2023-12-13 14:01:58.830 [info] > git config --get commit.template [151ms]
2023-12-13 14:01:58.874 [warning] ENOENT: no such file or directory, open '/home/michell/Workspace/multidadosti/odoo/.git/modules/multierp/src/oca/web/refs/remotes/origin/develop'
2023-12-13 14:01:58.875 [info] > git status -z -uall [94ms]
2023-12-13 14:01:58.876 [info] > git rev-parse --show-toplevel [49ms]
2023-12-13 14:01:58.876 [info] > git config --get commit.template [74ms]
2023-12-13 14:01:58.913 [info] > git rev-parse refs/remotes/origin/develop [39ms]
2023-12-13 14:01:58.927 [info] > git for-each-ref --format=%(refname)%00%(upstream:short)%00%(objectname)%00%(upstream:track)%00%(upstream:remotename)%00%(upstream:remoteref) refs/heads/develop refs/remotes/develop [75ms]
2023-12-13 14:01:58.965 [info] > git status -z -uall [39ms]
2023-12-13 14:01:58.966 [info] > git config --get commit.template [60ms]
2023-12-13 14:01:58.966 [info] > git rev-parse --git-dir --git-common-dir [74ms]
2023-12-13 14:01:58.979 [info] Open repository: /home/michell/Workspace/multidadosti/odoo/multierp/src/oca/multi-company
2023-12-13 14:01:58.998 [info] > git for-each-ref --format=%(refname)%00%(upstream:short)%00%(objectname)%00%(upstream:track)%00%(upstream:remotename)%00%(upstream:remoteref) refs/heads/develop refs/remotes/develop [56ms]
2023-12-13 14:01:59.032 [info] > git rev-parse --show-toplevel [35ms]
2023-12-13 14:01:59.032 [info] > git config --get commit.template [44ms]
2023-12-13 14:01:59.044 [info] > git config --get commit.template [20ms]
2023-12-13 14:01:59.044 [info] > git for-each-ref --format=%(refname)%00%(upstream:short)%00%(objectname)%00%(upstream:track)%00%(upstream:remotename)%00%(upstream:remoteref) refs/heads/develop refs/remotes/develop [30ms]
2023-12-13 14:01:59.325 [warning] ENOENT: no such file or directory, open '/home/michell/Workspace/multidadosti/odoo/.git/modules/multierp/src/oca/server-tools/refs/remotes/origin/develop'
2023-12-13 14:01:59.326 [info] > git status -z -uall [621ms]
2023-12-13 14:01:59.327 [info] > git rev-parse --git-dir --git-common-dir [285ms]
2023-12-13 14:01:59.338 [info] Open repository: /home/michell/Workspace/multidadosti/odoo/multierp/src/l10n_br
2023-12-13 14:01:59.379 [info] > git status -z -uall [72ms]
2023-12-13 14:01:59.379 [info] > git check-ignore -v -z --stdin [30ms]
2023-12-13 14:01:59.380 [info] > git status -z -uall [23ms]
2023-12-13 14:01:59.381 [info] > git rev-parse refs/remotes/origin/develop [56ms]
2023-12-13 14:01:59.389 [info] > git for-each-ref --format=%(refname)%00%(upstream:short)%00%(objectname)%00%(upstream:track)%00%(upstream:remotename)%00%(upstream:remoteref) refs/heads/develop refs/remotes/develop [72ms]
2023-12-13 14:01:59.404 [warning] ENOENT: no such file or directory, open '/home/michell/Workspace/multidadosti/odoo/.git/modules/multierp/src/oca/multi-company/refs/remotes/origin/develop'
2023-12-13 14:01:59.407 [info] > git rev-parse --show-toplevel [29ms]
2023-12-13 14:01:59.407 [info] > git config --get commit.template [35ms]
2023-12-13 14:01:59.407 [info] > git for-each-ref --format=%(refname)%00%(upstream:short)%00%(objectname)%00%(upstream:track)%00%(upstream:remotename)%00%(upstream:remoteref) refs/heads/develop refs/remotes/develop [42ms]
2023-12-13 14:01:59.431 [warning] ENOENT: no such file or directory, open '/home/michell/Workspace/multidadosti/odoo/.git/modules/multierp/src/oca/web/refs/remotes/origin/develop'
2023-12-13 14:01:59.444 [info] > git status -z -uall [55ms]
2023-12-13 14:01:59.444 [info] > git rev-parse refs/remotes/origin/develop [40ms]
2023-12-13 14:01:59.465 [info] > git status -z -uall [12ms]
2023-12-13 14:01:59.465 [info] > git config --get commit.template [22ms]
2023-12-13 14:01:59.465 [info] > git rev-parse refs/remotes/origin/develop [34ms]
2023-12-13 14:01:59.474 [info] > git rev-parse --git-dir --git-common-dir [52ms]
2023-12-13 14:01:59.489 [info] Open repository: /home/michell/Workspace/multidadosti/odoo/multierp/src/multidadosti/packages-addons
2023-12-13 14:01:59.511 [info] > git status -z -uall [38ms]
2023-12-13 14:01:59.513 [info] > git for-each-ref --format=%(refname)%00%(upstream:short)%00%(objectname)%00%(upstream:track)%00%(upstream:remotename)%00%(upstream:remoteref) refs/heads/develop refs/remotes/develop [49ms]
2023-12-13 14:01:59.535 [info] > git rev-parse --show-toplevel [25ms]
2023-12-13 14:01:59.535 [info] > git config --get commit.template [32ms]
2023-12-13 14:01:59.557 [info] > git config --get commit.template [23ms]
2023-12-13 14:01:59.557 [info] > git for-each-ref --format=%(refname)%00%(upstream:short)%00%(objectname)%00%(upstream:track)%00%(upstream:remotename)%00%(upstream:remoteref) refs/heads/develop refs/remotes/develop [30ms]
2023-12-13 14:01:59.568 [info] > git rev-parse --git-dir --git-common-dir [12ms]
2023-12-13 14:01:59.581 [info] Open repository: /home/michell/Workspace/multidadosti/odoo/multierp/src/multidadosti/public-addons
2023-12-13 14:01:59.614 [info] > git status -z -uall [24ms]
2023-12-13 14:01:59.614 [info] > git for-each-ref --format=%(refname)%00%(upstream:short)%00%(objectname)%00%(upstream:track)%00%(upstream:remotename)%00%(upstream:remoteref) refs/heads/develop refs/remotes/develop [47ms]
2023-12-13 14:01:59.617 [info] > git rev-parse --show-toplevel [3ms]
2023-12-13 14:01:59.617 [info] > git config --get commit.template [10ms]
2023-12-13 14:01:59.617 [info] > git for-each-ref --format=%(refname)%00%(upstream:short)%00%(objectname)%00%(upstream:track)%00%(upstream:remotename)%00%(upstream:remoteref) refs/heads/develop refs/remotes/develop [18ms]
2023-12-13 14:01:59.621 [info] > git fetch [1415ms]
2023-12-13 14:01:59.644 [warning] ENOENT: no such file or directory, open '/home/michell/Workspace/multidadosti/odoo/.git/modules/multierp/src/oca/multi-company/refs/remotes/origin/develop'
2023-12-13 14:01:59.669 [info] > git status -z -uall [40ms]
2023-12-13 14:01:59.669 [info] > git config --get commit.template [17ms]
2023-12-13 14:01:59.669 [info] > git rev-parse refs/remotes/origin/develop [25ms]
2023-12-13 14:01:59.677 [info] > git rev-parse --git-dir --git-common-dir [40ms]
2023-12-13 14:01:59.692 [info] Open repository: /home/michell/Workspace/multidadosti/odoo/multierp/src/multidadosti/financial-addons
2023-12-13 14:01:59.727 [info] > git status -z -uall [50ms]
2023-12-13 14:01:59.727 [info] > git status -z -uall [23ms]
2023-12-13 14:01:59.729 [info] > git for-each-ref --format=%(refname)%00%(upstream:short)%00%(objectname)%00%(upstream:track)%00%(upstream:remotename)%00%(upstream:remoteref) refs/heads/develop refs/remotes/develop [61ms]
2023-12-13 14:01:59.730 [info] > git config --get commit.template [71ms]
2023-12-13 14:01:59.766 [warning] ENOENT: no such file or directory, open '/home/michell/Workspace/multidadosti/odoo/.git/modules/multierp/src/multidadosti/public-addons/refs/remotes/origin/develop'
2023-12-13 14:01:59.767 [info] > git rev-parse --show-toplevel [44ms]
2023-12-13 14:01:59.767 [info] > git config --get commit.template [53ms]
2023-12-13 14:01:59.797 [info] > git rev-parse refs/remotes/origin/develop [31ms]
2023-12-13 14:01:59.808 [info] > git for-each-ref --format=%(refname)%00%(upstream:short)%00%(objectname)%00%(upstream:track)%00%(upstream:remotename)%00%(upstream:remoteref) refs/heads/develop refs/remotes/develop [51ms]
2023-12-13 14:01:59.809 [info] > git for-each-ref --format=%(refname)%00%(upstream:short)%00%(objectname)%00%(upstream:track)%00%(upstream:remotename)%00%(upstream:remoteref) refs/heads/develop refs/remotes/develop [61ms]
2023-12-13 14:01:59.832 [warning] ENOENT: no such file or directory, open '/home/michell/Workspace/multidadosti/odoo/.git/modules/multierp/src/oca/server-tools/refs/remotes/origin/develop'
2023-12-13 14:01:59.833 [info] > git config --get commit.template [37ms]
2023-12-13 14:01:59.833 [info] > git rev-parse --git-dir --git-common-dir [51ms]
2023-12-13 14:01:59.847 [info] Open repository: /home/michell/Workspace/multidadosti/odoo/multierp/src/multidadosti/private-addons
2023-12-13 14:01:59.856 [info] > git status -z -uall [48ms]
2023-12-13 14:01:59.856 [info] > git rev-parse refs/remotes/origin/develop [24ms]
2023-12-13 14:01:59.864 [info] > git for-each-ref --format=%(refname)%00%(upstream:short)%00%(objectname)%00%(upstream:track)%00%(upstream:remotename)%00%(upstream:remoteref) refs/heads/develop refs/remotes/develop [43ms]
2023-12-13 14:01:59.888 [info] > git status -z -uall [24ms]
2023-12-13 14:01:59.888 [info] > git config --get commit.template [32ms]
2023-12-13 14:01:59.896 [info] > git config --get commit.template [9ms]
2023-12-13 14:01:59.896 [info] > git for-each-ref --format=%(refname)%00%(upstream:short)%00%(objectname)%00%(upstream:track)%00%(upstream:remotename)%00%(upstream:remoteref) refs/heads/develop refs/remotes/develop [17ms]
2023-12-13 14:01:59.916 [info] > git status -z -uall [20ms]
2023-12-13 14:01:59.916 [info] > git check-ignore -v -z --stdin [8ms]
2023-12-13 14:01:59.934 [info] > git status -z -uall [8ms]
2023-12-13 14:01:59.934 [info] > git for-each-ref --format=%(refname)%00%(upstream:short)%00%(objectname)%00%(upstream:track)%00%(upstream:remotename)%00%(upstream:remoteref) refs/heads/develop refs/remotes/develop [19ms]
2023-12-13 14:01:59.935 [info] > git for-each-ref --format=%(refname)%00%(upstream:short)%00%(objectname)%00%(upstream:track)%00%(upstream:remotename)%00%(upstream:remoteref) refs/heads/develop refs/remotes/develop [2ms]
2023-12-13 14:01:59.956 [warning] ENOENT: no such file or directory, open '/home/michell/Workspace/multidadosti/odoo/.git/modules/multierp/src/multidadosti/public-addons/refs/remotes/origin/develop'
2023-12-13 14:01:59.965 [info] > git status -z -uall [17ms]
2023-12-13 14:01:59.965 [info] > git rev-parse refs/remotes/origin/develop [9ms]
2023-12-13 14:01:59.974 [info] > git fetch [1425ms]
2023-12-13 14:01:59.992 [info] > git config --get commit.template [28ms]
2023-12-13 14:02:00.001 [info] > git status -z -uall [28ms]
2023-12-13 14:02:00.001 [info] > git status -z -uall [18ms]
2023-12-13 14:02:00.002 [info] > git config --get commit.template [9ms]
2023-12-13 14:02:00.019 [info] > git for-each-ref --format=%(refname)%00%(upstream:short)%00%(objectname)%00%(upstream:track)%00%(upstream:remotename)%00%(upstream:remoteref) refs/heads/develop refs/remotes/develop [18ms]
2023-12-13 14:02:00.031 [info] > git config --get commit.template [12ms]
2023-12-13 14:02:00.032 [info] > git for-each-ref --format=%(refname)%00%(upstream:short)%00%(objectname)%00%(upstream:track)%00%(upstream:remotename)%00%(upstream:remoteref) refs/heads/develop refs/remotes/develop [2ms]
2023-12-13 14:02:00.047 [warning] ENOENT: no such file or directory, open '/home/michell/Workspace/multidadosti/odoo/.git/modules/multierp/src/oca/web/refs/remotes/origin/develop'
2023-12-13 14:02:00.056 [info] > git for-each-ref --format=%(refname)%00%(upstream:short)%00%(objectname)%00%(upstream:track)%00%(upstream:remotename)%00%(upstream:remoteref) refs/heads/develop refs/remotes/develop [16ms]
2023-12-13 14:02:00.057 [info] > git rev-parse refs/remotes/origin/develop [10ms]
2023-12-13 14:02:00.078 [info] > git status -z -uall [22ms]
2023-12-13 14:02:00.078 [info] > git status -z -uall [13ms]
2023-12-13 14:02:00.096 [info] > git status -z -uall [4ms]
2023-12-13 14:02:00.210 [info] > git fetch [1449ms]
2023-12-13 14:02:00.221 [info] > git config --get commit.template [0ms]
2023-12-13 14:02:00.232 [info] > git for-each-ref --format=%(refname)%00%(upstream:short)%00%(objectname)%00%(upstream:track)%00%(upstream:remotename)%00%(upstream:remoteref) refs/heads/develop refs/remotes/develop [1ms]
2023-12-13 14:02:00.246 [info] > git status -z -uall [5ms]
2023-12-13 14:02:00.382 [info] > git fetch [1404ms]
2023-12-13 14:02:00.402 [info] > git config --get commit.template [10ms]
2023-12-13 14:02:00.402 [info] > git for-each-ref --format=%(refname)%00%(upstream:short)%00%(objectname)%00%(upstream:track)%00%(upstream:remotename)%00%(upstream:remoteref) refs/heads/develop refs/remotes/develop [1ms]
2023-12-13 14:02:00.411 [warning] ENOENT: no such file or directory, open '/home/michell/Workspace/multidadosti/odoo/.git/modules/multierp/src/oca/multi-company/refs/remotes/origin/develop'
2023-12-13 14:02:00.412 [info] > git rev-parse refs/remotes/origin/develop [1ms]
2023-12-13 14:02:00.425 [info] > git status -z -uall [3ms]
2023-12-13 14:02:00.910 [info] > git fetch [1421ms]
2023-12-13 14:02:00.930 [info] > git config --get commit.template [10ms]
2023-12-13 14:02:00.930 [info] > git for-each-ref --format=%(refname)%00%(upstream:short)%00%(objectname)%00%(upstream:track)%00%(upstream:remotename)%00%(upstream:remoteref) refs/heads/develop refs/remotes/develop [1ms]
2023-12-13 14:02:00.940 [info] > git status -z -uall [2ms]
2023-12-13 14:02:01.123 [info] > git fetch [1785ms]
2023-12-13 14:02:01.123 [info] From github.com:multidadosti-erp/odoo-brasil-addons
 - [deleted]           (none)     -> origin/develop-T7843
   269bbe07..56b0dc28  develop    -> origin/develop
2023-12-13 14:02:01.137 [info] > git fetch [1557ms]
2023-12-13 14:02:01.152 [info] > git config --get commit.template [15ms]
2023-12-13 14:02:01.166 [info] > git config --get commit.template [15ms]
2023-12-13 14:02:01.179 [info] > git for-each-ref --format=%(refname)%00%(upstream:short)%00%(objectname)%00%(upstream:track)%00%(upstream:remotename)%00%(upstream:remoteref) refs/heads/develop refs/remotes/develop [13ms]
2023-12-13 14:02:01.179 [info] > git for-each-ref --format=%(refname)%00%(upstream:short)%00%(objectname)%00%(upstream:track)%00%(upstream:remotename)%00%(upstream:remoteref) refs/heads/develop refs/remotes/develop [2ms]
2023-12-13 14:02:01.189 [warning] ENOENT: no such file or directory, open '/home/michell/Workspace/multidadosti/odoo/.git/modules/multierp/src/multidadosti/public-addons/refs/remotes/origin/develop'
2023-12-13 14:02:01.205 [info] > git rev-parse refs/remotes/origin/develop [16ms]
2023-12-13 14:02:01.219 [info] > git status -z -uall [17ms]
2023-12-13 14:02:01.224 [info] > git status -z -uall [5ms]
2023-12-13 14:02:01.238 [info] > git fetch [1546ms]
2023-12-13 14:02:01.259 [info] > git config --get commit.template [12ms]
2023-12-13 14:02:01.259 [info] > git for-each-ref --format=%(refname)%00%(upstream:short)%00%(objectname)%00%(upstream:track)%00%(upstream:remotename)%00%(upstream:remoteref) refs/heads/develop refs/remotes/develop [1ms]
2023-12-13 14:02:01.271 [info] > git status -z -uall [3ms]
2023-12-13 14:02:01.527 [info] > git fetch [1680ms]
2023-12-13 14:02:01.527 [info] From github.com:multidadosti-erp/multidadosti-private-addons
 - [deleted]           (none)     -> origin/develop-T7843
2023-12-13 14:02:01.548 [info] > git config --get commit.template [11ms]
2023-12-13 14:02:01.548 [info] > git for-each-ref --format=%(refname)%00%(upstream:short)%00%(objectname)%00%(upstream:track)%00%(upstream:remotename)%00%(upstream:remoteref) refs/heads/develop refs/remotes/develop [1ms]
2023-12-13 14:02:01.565 [info] > git status -z -uall [5ms]
2023-12-13 14:02:02.692 [info] > git fetch [4692ms]
2023-12-13 14:02:02.692 [info] From github.com:multidadosti-erp/odoo
   54213d8bd00..a9d95aa5248  develop    -> origin/develop
2023-12-13 14:02:02.713 [info] > git config --get commit.template [11ms]
2023-12-13 14:02:02.713 [info] > git for-each-ref --format=%(refname)%00%(upstream:short)%00%(objectname)%00%(upstream:track)%00%(upstream:remotename)%00%(upstream:remoteref) refs/heads/develop refs/remotes/develop [1ms]
2023-12-13 14:02:02.767 [info] > git status -z -uall [44ms]
2023-12-13 14:03:47.808 [info] > git check-ignore -v -z --stdin [1ms]
2023-12-13 14:03:48.829 [info] > git check-ignore -v -z --stdin [13ms]
2023-12-13 14:03:48.830 [info] > git check-ignore -v -z --stdin [8ms]
2023-12-13 14:03:48.830 [info] > git check-ignore -v -z --stdin [2ms]
2023-12-13 14:03:50.456 [info] > git check-ignore -v -z --stdin [9ms]
2023-12-13 14:03:51.603 [info] > git check-ignore -v -z --stdin [12ms]
2023-12-13 14:03:52.857 [info] > git check-ignore -v -z --stdin [6ms]
2023-12-13 14:03:53.970 [info] > git check-ignore -v -z --stdin [6ms]
2023-12-13 14:03:55.423 [info] > git check-ignore -v -z --stdin [5ms]
2023-12-13 14:04:05.429 [info] > git show --textconv :addons/account_bank_statement_import/models/account_bank_statement_line.py [35ms]
2023-12-13 14:04:05.432 [info] > git ls-files --stage -- /home/michell/Workspace/multidadosti/odoo/multierp/src/core/addons/account_bank_statement_import/models/account_bank_statement_line.py [26ms]
2023-12-13 14:04:07.710 [info] > git show --textconv :addons/account_bank_statement_import/models/account_bank_statement_import.py [8ms]
2023-12-13 14:04:07.711 [info] > git ls-files --stage -- /home/michell/Workspace/multidadosti/odoo/multierp/src/core/addons/account_bank_statement_import/models/account_bank_statement_import.py [2ms]
2023-12-13 14:05:01.073 [info] > git fetch [1723ms]
2023-12-13 14:05:01.085 [info] > git config --get commit.template [1ms]
2023-12-13 14:05:01.096 [info] > git for-each-ref --format=%(refname)%00%(upstream:short)%00%(objectname)%00%(upstream:track)%00%(upstream:remotename)%00%(upstream:remoteref) refs/heads/main refs/remotes/main [1ms]
2023-12-13 14:05:01.252 [info] > git status -z -uall [145ms]
2023-12-13 14:05:01.353 [info] > git fetch [1429ms]
2023-12-13 14:05:01.372 [info] > git config --get commit.template [10ms]
2023-12-13 14:05:01.373 [info] > git for-each-ref --format=%(refname)%00%(upstream:short)%00%(objectname)%00%(upstream:track)%00%(upstream:remotename)%00%(upstream:remoteref) refs/heads/develop refs/remotes/develop [2ms]
2023-12-13 14:05:01.382 [warning] ENOENT: no such file or directory, open '/home/michell/Workspace/multidadosti/odoo/.git/modules/multierp/src/oca/server-tools/refs/remotes/origin/develop'
2023-12-13 14:05:01.383 [info] > git rev-parse refs/remotes/origin/develop [1ms]
2023-12-13 14:05:01.398 [info] > git status -z -uall [7ms]
2023-12-13 14:05:01.589 [info] > git fetch [1478ms]
2023-12-13 14:05:01.606 [info] > git config --get commit.template [9ms]
2023-12-13 14:05:01.606 [info] > git for-each-ref --format=%(refname)%00%(upstream:short)%00%(objectname)%00%(upstream:track)%00%(upstream:remotename)%00%(upstream:remoteref) refs/heads/develop refs/remotes/develop [1ms]
2023-12-13 14:05:01.615 [warning] ENOENT: no such file or directory, open '/home/michell/Workspace/multidadosti/odoo/.git/modules/multierp/src/oca/web/refs/remotes/origin/develop'
2023-12-13 14:05:01.615 [info] > git rev-parse refs/remotes/origin/develop [0ms]
2023-12-13 14:05:01.631 [info] > git status -z -uall [8ms]
2023-12-13 14:05:01.851 [info] > git fetch [1387ms]
2023-12-13 14:05:01.871 [info] > git for-each-ref --format=%(refname)%00%(upstream:short)%00%(objectname)%00%(upstream:track)%00%(upstream:remotename)%00%(upstream:remoteref) refs/heads/develop refs/remotes/develop [2ms]
2023-12-13 14:05:01.871 [info] > git fetch [1396ms]
2023-12-13 14:05:01.872 [info] > git config --get commit.template [12ms]
2023-12-13 14:05:01.896 [info] > git status -z -uall [8ms]
2023-12-13 14:05:01.898 [info] > git config --get commit.template [18ms]
2023-12-13 14:05:01.898 [info] > git for-each-ref --format=%(refname)%00%(upstream:short)%00%(objectname)%00%(upstream:track)%00%(upstream:remotename)%00%(upstream:remoteref) refs/heads/develop refs/remotes/develop [3ms]
2023-12-13 14:05:01.907 [warning] ENOENT: no such file or directory, open '/home/michell/Workspace/multidadosti/odoo/.git/modules/multierp/src/oca/multi-company/refs/remotes/origin/develop'
2023-12-13 14:05:01.908 [info] > git rev-parse refs/remotes/origin/develop [0ms]
2023-12-13 14:05:01.919 [info] > git status -z -uall [3ms]
2023-12-13 14:05:02.420 [info] > git fetch [1469ms]
2023-12-13 14:05:02.429 [info] > git config --get commit.template [10ms]
2023-12-13 14:05:02.438 [info] > git config --get commit.template [9ms]
2023-12-13 14:05:02.446 [info] > git for-each-ref --format=%(refname)%00%(upstream:short)%00%(objectname)%00%(upstream:track)%00%(upstream:remotename)%00%(upstream:remoteref) refs/heads/develop refs/remotes/develop [9ms]
2023-12-13 14:05:02.454 [warning] ENOENT: no such file or directory, open '/home/michell/Workspace/multidadosti/odoo/.git/modules/multierp/src/oca/server-tools/refs/remotes/origin/develop'
2023-12-13 14:05:02.454 [info] > git for-each-ref --format=%(refname)%00%(upstream:short)%00%(objectname)%00%(upstream:track)%00%(upstream:remotename)%00%(upstream:remoteref) refs/heads/develop refs/remotes/develop [9ms]
2023-12-13 14:05:02.455 [info] > git rev-parse refs/remotes/origin/develop [1ms]
2023-12-13 14:05:02.471 [info] > git status -z -uall [9ms]
2023-12-13 14:05:02.473 [info] > git status -z -uall [2ms]
2023-12-13 14:05:02.758 [info] > git fetch [1513ms]
2023-12-13 14:05:02.775 [info] > git config --get commit.template [8ms]
2023-12-13 14:05:02.785 [info] > git for-each-ref --format=%(refname)%00%(upstream:short)%00%(objectname)%00%(upstream:track)%00%(upstream:remotename)%00%(upstream:remoteref) refs/heads/develop refs/remotes/develop [9ms]
2023-12-13 14:05:02.793 [warning] ENOENT: no such file or directory, open '/home/michell/Workspace/multidadosti/odoo/.git/modules/multierp/src/multidadosti/public-addons/refs/remotes/origin/develop'
2023-12-13 14:05:02.794 [info] > git rev-parse refs/remotes/origin/develop [0ms]
2023-12-13 14:05:02.805 [info] > git status -z -uall [4ms]
2023-12-13 14:05:02.846 [info] > git fetch [1564ms]
2023-12-13 14:05:02.863 [info] > git config --get commit.template [8ms]
2023-12-13 14:05:02.864 [info] > git for-each-ref --format=%(refname)%00%(upstream:short)%00%(objectname)%00%(upstream:track)%00%(upstream:remotename)%00%(upstream:remoteref) refs/heads/develop refs/remotes/develop [1ms]
2023-12-13 14:05:02.874 [info] > git status -z -uall [2ms]
2023-12-13 14:05:02.896 [info] > git fetch [1661ms]
2023-12-13 14:05:02.913 [info] > git config --get commit.template [9ms]
2023-12-13 14:05:02.913 [info] > git for-each-ref --format=%(refname)%00%(upstream:short)%00%(objectname)%00%(upstream:track)%00%(upstream:remotename)%00%(upstream:remoteref) refs/heads/develop refs/remotes/develop [1ms]
2023-12-13 14:05:02.929 [info] > git status -z -uall [8ms]
2023-12-13 14:05:03.941 [info] > git config --get commit.template [8ms]
2023-12-13 14:05:03.941 [info] > git for-each-ref --format=%(refname)%00%(upstream:short)%00%(objectname)%00%(upstream:track)%00%(upstream:remotename)%00%(upstream:remoteref) refs/heads/develop refs/remotes/develop [1ms]
2023-12-13 14:05:03.951 [info] > git status -z -uall [2ms]
2023-12-13 14:05:04.007 [info] > git fetch [2431ms]
2023-12-13 14:05:04.016 [info] > git config --get commit.template [1ms]
2023-12-13 14:05:04.025 [info] > git for-each-ref --format=%(refname)%00%(upstream:short)%00%(objectname)%00%(upstream:track)%00%(upstream:remotename)%00%(upstream:remoteref) refs/heads/develop refs/remotes/develop [2ms]
2023-12-13 14:05:04.037 [info] > git status -z -uall [4ms]
2023-12-13 14:05:04.331 [info] > git ls-files --stage -- /home/michell/Workspace/multidadosti/odoo/multierp/src/core/addons/account_bank_statement_import/models/account_bank_statement_import.py [2ms]
2023-12-13 14:05:04.344 [info] > git show --textconv :addons/account_bank_statement_import/models/account_bank_statement_import.py [4ms]
2023-12-13 14:05:06.417 [info] > git fetch [3633ms]
2023-12-13 14:05:06.433 [info] > git config --get commit.template [8ms]
2023-12-13 14:05:06.434 [info] > git for-each-ref --format=%(refname)%00%(upstream:short)%00%(objectname)%00%(upstream:track)%00%(upstream:remotename)%00%(upstream:remoteref) refs/heads/develop refs/remotes/develop [1ms]
2023-12-13 14:05:06.472 [info] > git status -z -uall [30ms]
2023-12-13 14:05:07.477 [info] > git ls-files --stage -- /home/michell/Workspace/multidadosti/odoo/multierp/src/core/addons/account_bank_statement_import/models/account_bank_statement_import.py [3ms]
2023-12-13 14:05:07.489 [info] > git show --textconv :addons/account_bank_statement_import/models/account_bank_statement_import.py [3ms]
2023-12-13 14:05:35.907 [info] > git merge-base refs/heads/develop refs/remotes/origin/develop [12ms]
2023-12-13 14:05:35.919 [info] > git merge-base refs/heads/develop refs/remotes/origin/develop [38ms]
2023-12-13 14:05:35.927 [info] > git merge-base refs/heads/develop refs/remotes/origin/develop [56ms]
2023-12-13 14:05:35.935 [info] > git merge-base refs/heads/develop refs/remotes/origin/develop [72ms]
2023-12-13 14:05:35.942 [info] > git merge-base refs/heads/develop refs/remotes/origin/develop [88ms]
2023-12-13 14:05:35.950 [info] > git merge-base refs/heads/develop refs/remotes/origin/develop [104ms]
2023-12-13 14:05:35.957 [info] > git merge-base refs/heads/develop refs/remotes/origin/develop [119ms]
2023-12-13 14:05:35.964 [info] > git merge-base refs/heads/develop refs/remotes/origin/develop [134ms]
2023-12-13 14:05:35.972 [info] > git merge-base refs/heads/develop refs/remotes/origin/develop [153ms]
2023-12-13 14:05:35.979 [info] > git merge-base refs/heads/main refs/remotes/origin/main [168ms]
2023-12-13 14:05:35.999 [info] > git rev-list --count --left-right refs/heads/main...refs/remotes/origin/main [13ms]
2023-12-13 14:05:36.000 [info] > git rev-list --count --left-right refs/heads/develop...refs/remotes/origin/develop [21ms]
2023-12-13 14:05:36.001 [info] > git rev-list --count --left-right refs/heads/develop...refs/remotes/origin/develop [29ms]
2023-12-13 14:05:36.001 [info] > git rev-list --count --left-right refs/heads/develop...refs/remotes/origin/develop [37ms]
2023-12-13 14:05:36.003 [info] > git rev-list --count --left-right refs/heads/develop...refs/remotes/origin/develop [46ms]
2023-12-13 14:05:36.004 [info] > git rev-list --count --left-right refs/heads/develop...refs/remotes/origin/develop [54ms]
2023-12-13 14:05:36.004 [info] > git rev-list --count --left-right refs/heads/develop...refs/remotes/origin/develop [62ms]
2023-12-13 14:05:36.006 [info] > git rev-list --count --left-right refs/heads/develop...refs/remotes/origin/develop [71ms]
2023-12-13 14:05:36.006 [info] > git rev-list --count --left-right refs/heads/develop...refs/remotes/origin/develop [79ms]
2023-12-13 14:05:36.007 [info] > git rev-list --count --left-right refs/heads/develop...refs/remotes/origin/develop [88ms]
2023-12-13 14:05:36.007 [info] > git merge-base refs/heads/develop refs/remotes/origin/develop [102ms]
2023-12-13 14:05:36.023 [info] > git rev-list --count --left-right refs/heads/develop...refs/remotes/origin/develop [4ms]
2023-12-13 14:05:36.294 [info] > git check-ignore -v -z --stdin [18ms]
2023-12-13 14:05:36.294 [info] > git check-ignore -v -z --stdin [10ms]
2023-12-13 14:17:17.944 [info] > git fetch [1500ms]
2023-12-13 14:17:17.952 [info] > git fetch [1487ms]
2023-12-13 14:17:17.959 [info] > git config --get commit.template [8ms]
2023-12-13 14:17:17.966 [info] > git config --get commit.template [7ms]
2023-12-13 14:17:17.967 [info] > git for-each-ref --format=%(refname)%00%(upstream:short)%00%(objectname)%00%(upstream:track)%00%(upstream:remotename)%00%(upstream:remoteref) refs/heads/develop refs/remotes/develop [1ms]
2023-12-13 14:17:17.967 [info] > git fetch [1514ms]
2023-12-13 14:17:17.968 [info] > git fetch [1489ms]
2023-12-13 14:17:17.980 [warning] ENOENT: no such file or directory, open '/home/michell/Workspace/multidadosti/odoo/.git/modules/multierp/src/oca/server-tools/refs/remotes/origin/develop'
2023-12-13 14:17:17.992 [info] > git config --get commit.template [2ms]
2023-12-13 14:17:17.992 [info] > git config --get commit.template [7ms]
2023-12-13 14:17:17.993 [info] > git rev-parse refs/remotes/origin/develop [12ms]
2023-12-13 14:17:17.999 [info] > git for-each-ref --format=%(refname)%00%(upstream:short)%00%(objectname)%00%(upstream:track)%00%(upstream:remotename)%00%(upstream:remoteref) refs/heads/develop refs/remotes/develop [25ms]
2023-12-13 14:17:17.999 [info] > git fetch [1513ms]
2023-12-13 14:17:18.016 [info] > git status -z -uall [17ms]
2023-12-13 14:17:18.018 [info] > git for-each-ref --format=%(refname)%00%(upstream:short)%00%(objectname)%00%(upstream:track)%00%(upstream:remotename)%00%(upstream:remoteref) refs/heads/develop refs/remotes/develop [3ms]
2023-12-13 14:17:18.018 [info] > git for-each-ref --format=%(refname)%00%(upstream:short)%00%(objectname)%00%(upstream:track)%00%(upstream:remotename)%00%(upstream:remoteref) refs/heads/develop refs/remotes/develop [7ms]
2023-12-13 14:17:18.018 [info] > git config --get commit.template [13ms]
2023-12-13 14:17:18.035 [warning] ENOENT: no such file or directory, open '/home/michell/Workspace/multidadosti/odoo/.git/modules/multierp/src/oca/multi-company/refs/remotes/origin/develop'
2023-12-13 14:17:18.040 [warning] ENOENT: no such file or directory, open '/home/michell/Workspace/multidadosti/odoo/.git/modules/multierp/src/oca/web/refs/remotes/origin/develop'
2023-12-13 14:17:18.041 [info] > git status -z -uall [17ms]
2023-12-13 14:17:18.041 [info] > git rev-parse refs/remotes/origin/develop [1ms]
2023-12-13 14:17:18.048 [info] > git rev-parse refs/remotes/origin/develop [13ms]
2023-12-13 14:17:18.054 [info] > git for-each-ref --format=%(refname)%00%(upstream:short)%00%(objectname)%00%(upstream:track)%00%(upstream:remotename)%00%(upstream:remoteref) refs/heads/develop refs/remotes/develop [25ms]
2023-12-13 14:17:18.056 [info] > git status -z -uall [8ms]
2023-12-13 14:17:18.064 [info] > git status -z -uall [10ms]
2023-12-13 14:17:18.064 [info] > git fetch [1564ms]
2023-12-13 14:17:18.073 [info] > git status -z -uall [9ms]
2023-12-13 14:17:18.075 [info] > git config --get commit.template [2ms]
2023-12-13 14:17:18.083 [info] > git for-each-ref --format=%(refname)%00%(upstream:short)%00%(objectname)%00%(upstream:track)%00%(upstream:remotename)%00%(upstream:remoteref) refs/heads/develop refs/remotes/develop [2ms]
2023-12-13 14:17:18.088 [warning] ENOENT: no such file or directory, open '/home/michell/Workspace/multidadosti/odoo/.git/modules/multierp/src/multidadosti/public-addons/refs/remotes/origin/develop'
2023-12-13 14:17:18.089 [info] > git rev-parse refs/remotes/origin/develop [1ms]
2023-12-13 14:17:18.098 [info] > git status -z -uall [3ms]
2023-12-13 14:17:18.103 [info] > git fetch [1595ms]
2023-12-13 14:17:18.115 [info] > git config --get commit.template [5ms]
2023-12-13 14:17:18.116 [info] > git for-each-ref --format=%(refname)%00%(upstream:short)%00%(objectname)%00%(upstream:track)%00%(upstream:remotename)%00%(upstream:remoteref) refs/heads/develop refs/remotes/develop [1ms]
2023-12-13 14:17:18.123 [info] > git status -z -uall [2ms]
2023-12-13 14:17:18.201 [info] > git fetch [1675ms]
2023-12-13 14:17:18.209 [info] > git config --get commit.template [1ms]
2023-12-13 14:17:18.216 [info] > git for-each-ref --format=%(refname)%00%(upstream:short)%00%(objectname)%00%(upstream:track)%00%(upstream:remotename)%00%(upstream:remoteref) refs/heads/develop refs/remotes/develop [1ms]
2023-12-13 14:17:18.225 [info] > git fetch [1706ms]
2023-12-13 14:17:18.234 [info] > git status -z -uall [11ms]
2023-12-13 14:17:18.234 [info] > git config --get commit.template [3ms]
2023-12-13 14:17:18.245 [info] > git for-each-ref --format=%(refname)%00%(upstream:short)%00%(objectname)%00%(upstream:track)%00%(upstream:remotename)%00%(upstream:remoteref) refs/heads/develop refs/remotes/develop [0ms]
2023-12-13 14:17:18.253 [info] > git fetch [1816ms]
2023-12-13 14:17:18.262 [info] > git status -z -uall [9ms]
2023-12-13 14:17:18.264 [info] > git config --get commit.template [3ms]
2023-12-13 14:17:18.272 [info] > git for-each-ref --format=%(refname)%00%(upstream:short)%00%(objectname)%00%(upstream:track)%00%(upstream:remotename)%00%(upstream:remoteref) refs/heads/main refs/remotes/main [1ms]
2023-12-13 14:17:18.426 [info] > git status -z -uall [146ms]
2023-12-13 14:17:19.270 [info] > git fetch [2734ms]
2023-12-13 14:17:19.284 [info] > git config --get commit.template [7ms]
2023-12-13 14:17:19.285 [info] > git for-each-ref --format=%(refname)%00%(upstream:short)%00%(objectname)%00%(upstream:track)%00%(upstream:remotename)%00%(upstream:remoteref) refs/heads/develop refs/remotes/develop [1ms]
2023-12-13 14:17:19.323 [info] > git status -z -uall [31ms]
2023-12-13 14:17:19.972 [info] > git config --get commit.template [9ms]
2023-12-13 14:17:19.981 [info] > git ls-files --stage -- /home/michell/Workspace/multidadosti/odoo/multierp/src/core/addons/account_bank_statement_import/models/account_bank_statement_import.py [10ms]
2023-12-13 14:17:19.983 [info] > git for-each-ref --format=%(refname)%00%(upstream:short)%00%(objectname)%00%(upstream:track)%00%(upstream:remotename)%00%(upstream:remoteref) refs/heads/develop refs/remotes/develop [2ms]
2023-12-13 14:17:19.989 [warning] ENOENT: no such file or directory, open '/home/michell/Workspace/multidadosti/odoo/.git/modules/multierp/src/multidadosti/public-addons/refs/remotes/origin/develop'
2023-12-13 14:17:19.990 [info] > git rev-parse refs/remotes/origin/develop [1ms]
2023-12-13 14:17:20.005 [info] > git status -z -uall [8ms]
2023-12-13 14:17:20.007 [info] > git show --textconv :addons/account_bank_statement_import/models/account_bank_statement_import.py [3ms]
2023-12-13 14:27:40.317 [info] > git ls-files --stage -- /home/michell/Workspace/multidadosti/odoo/multierp/src/core/addons/account_bank_statement_import/models/account_bank_statement_import.py [8ms]
2023-12-13 14:27:40.334 [info] > git show --textconv :addons/account_bank_statement_import/models/account_bank_statement_import.py [4ms]
2023-12-13 14:27:40.922 [info] > git fetch [1963ms]
2023-12-13 14:27:40.925 [info] > git fetch [1934ms]
2023-12-13 14:27:40.952 [info] > git config --get commit.template [14ms]
2023-12-13 14:27:40.952 [info] > git fetch [1986ms]
2023-12-13 14:27:40.953 [info] > git fetch [1981ms]
2023-12-13 14:27:40.974 [info] > git fetch [1970ms]
2023-12-13 14:27:40.974 [info] > git config --get commit.template [24ms]
2023-12-13 14:27:40.991 [info] > git config --get commit.template [18ms]
2023-12-13 14:27:40.991 [info] > git config --get commit.template [25ms]
2023-12-13 14:27:40.992 [info] > git config --get commit.template [1ms]
2023-12-13 14:27:40.992 [info] > git for-each-ref --format=%(refname)%00%(upstream:short)%00%(objectname)%00%(upstream:track)%00%(upstream:remotename)%00%(upstream:remoteref) refs/heads/develop refs/remotes/develop [7ms]
2023-12-13 14:27:40.992 [info] > git for-each-ref --format=%(refname)%00%(upstream:short)%00%(objectname)%00%(upstream:track)%00%(upstream:remotename)%00%(upstream:remoteref) refs/heads/develop refs/remotes/develop [12ms]
2023-12-13 14:27:41.010 [warning] ENOENT: no such file or directory, open '/home/michell/Workspace/multidadosti/odoo/.git/modules/multierp/src/oca/multi-company/refs/remotes/origin/develop'
2023-12-13 14:27:41.014 [warning] ENOENT: no such file or directory, open '/home/michell/Workspace/multidadosti/odoo/.git/modules/multierp/src/oca/server-tools/refs/remotes/origin/develop'
2023-12-13 14:27:41.021 [info] > git rev-parse refs/remotes/origin/develop [11ms]
2023-12-13 14:27:41.026 [info] > git for-each-ref --format=%(refname)%00%(upstream:short)%00%(objectname)%00%(upstream:track)%00%(upstream:remotename)%00%(upstream:remoteref) refs/heads/develop refs/remotes/develop [23ms]
2023-12-13 14:27:41.027 [info] > git for-each-ref --format=%(refname)%00%(upstream:short)%00%(objectname)%00%(upstream:track)%00%(upstream:remotename)%00%(upstream:remoteref) refs/heads/develop refs/remotes/develop [29ms]
2023-12-13 14:27:41.032 [warning] ENOENT: no such file or directory, open '/home/michell/Workspace/multidadosti/odoo/.git/modules/multierp/src/oca/web/refs/remotes/origin/develop'
2023-12-13 14:27:41.032 [info] > git status -z -uall [6ms]
2023-12-13 14:27:41.032 [info] > git for-each-ref --format=%(refname)%00%(upstream:short)%00%(objectname)%00%(upstream:track)%00%(upstream:remotename)%00%(upstream:remoteref) refs/heads/develop refs/remotes/develop [12ms]
2023-12-13 14:27:41.033 [info] > git rev-parse refs/remotes/origin/develop [19ms]
2023-12-13 14:27:41.040 [info] > git rev-parse refs/remotes/origin/develop [8ms]
2023-12-13 14:27:41.046 [info] > git fetch [1986ms]
2023-12-13 14:27:41.056 [info] > git status -z -uall [16ms]
2023-12-13 14:27:41.056 [info] > git status -z -uall [10ms]
2023-12-13 14:27:41.065 [info] > git config --get commit.template [10ms]
2023-12-13 14:27:41.076 [info] > git fetch [2063ms]
2023-12-13 14:27:41.077 [info] > git fetch [2052ms]
2023-12-13 14:27:41.096 [info] > git status -z -uall [31ms]
2023-12-13 14:27:41.096 [info] > git status -z -uall [20ms]
2023-12-13 14:27:41.099 [info] > git config --get commit.template [3ms]
2023-12-13 14:27:41.099 [info] > git config --get commit.template [9ms]
2023-12-13 14:27:41.099 [info] > git for-each-ref --format=%(refname)%00%(upstream:short)%00%(objectname)%00%(upstream:track)%00%(upstream:remotename)%00%(upstream:remoteref) refs/heads/develop refs/remotes/develop [15ms]
2023-12-13 14:27:41.114 [info] > git for-each-ref --format=%(refname)%00%(upstream:short)%00%(objectname)%00%(upstream:track)%00%(upstream:remotename)%00%(upstream:remoteref) refs/heads/develop refs/remotes/develop [7ms]
2023-12-13 14:27:41.126 [warning] ENOENT: no such file or directory, open '/home/michell/Workspace/multidadosti/odoo/.git/modules/multierp/src/multidadosti/public-addons/refs/remotes/origin/develop'
2023-12-13 14:27:41.126 [info] > git for-each-ref --format=%(refname)%00%(upstream:short)%00%(objectname)%00%(upstream:track)%00%(upstream:remotename)%00%(upstream:remoteref) refs/heads/develop refs/remotes/develop [13ms]
2023-12-13 14:27:41.127 [info] > git rev-parse refs/remotes/origin/develop [0ms]
2023-12-13 14:27:41.139 [info] > git status -z -uall [7ms]
2023-12-13 14:27:41.141 [info] > git status -z -uall [3ms]
2023-12-13 14:27:41.150 [info] > git status -z -uall [31ms]
2023-12-13 14:27:41.206 [info] > git fetch [2163ms]
2023-12-13 14:27:41.215 [info] > git config --get commit.template [2ms]
2023-12-13 14:27:41.223 [info] > git for-each-ref --format=%(refname)%00%(upstream:short)%00%(objectname)%00%(upstream:track)%00%(upstream:remotename)%00%(upstream:remoteref) refs/heads/develop refs/remotes/develop [1ms]
