Initializing document watcher...
/home/michell/.config/Code/User/profiles/-4f39f5a1/settings.json: Using EditorConfig core...
/home/michell/.config/Code/User/profiles/-4f39f5a1/settings.json: Using EditorConfig core...
css-exercises/margin-and-padding/01-margin-and-padding-1/index.html: {}
/home/michell/.config/Code/User/profiles/-4f39f5a1/settings.json: Using EditorConfig core...
css-exercises/margin-and-padding/01-margin-and-padding-1/style.css: {}
css-exercises/margin-and-padding/01-margin-and-padding-1/style.css: {}
css-exercises/margin-and-padding/01-margin-and-padding-1/index.html: {}
css-exercises/margin-and-padding/01-margin-and-padding-1/README.md: {}
css-exercises/margin-and-padding/01-margin-and-padding-1/README.md: {}
css-exercises/margin-and-padding/01-margin-and-padding-1/README.md: {}
css-exercises/margin-and-padding/01-margin-and-padding-1/README.md: {}
css-exercises/margin-and-padding/01-margin-and-padding-1/README.md: {}
css-exercises/margin-and-padding/01-margin-and-padding-1/README.md: {}
css-exercises/margin-and-padding/02-margin-and-padding-2/style.css: {}
css-exercises/margin-and-padding/02-margin-and-padding-2/README.md: {}
css-exercises/margin-and-padding/02-margin-and-padding-2/style.css: {}
css-exercises/margin-and-padding/02-margin-and-padding-2/index.html: {}
css-exercises/margin-and-padding/02-margin-and-padding-2/index.html: Using EditorConfig core...
css-exercises/margin-and-padding/02-margin-and-padding-2/style.css: {}
css-exercises/margin-and-padding/02-margin-and-padding-2/index.html: {}
css-exercises/margin-and-padding/02-margin-and-padding-2/style.css: {}
css-exercises/margin-and-padding/02-margin-and-padding-2/style.css: {}
css-exercises/margin-and-padding/02-margin-and-padding-2/index.html: {}
css-exercises/margin-and-padding/02-margin-and-padding-2/index.html: {}
css-exercises/margin-and-padding/02-margin-and-padding-2/style.css: {}
css-exercises/margin-and-padding/02-margin-and-padding-2/style.css: {}
css-exercises/margin-and-padding/02-margin-and-padding-2/style.css: {}
css-exercises/margin-and-padding/02-margin-and-padding-2/style.css: {}
css-exercises/margin-and-padding/02-margin-and-padding-2/index.html: {}
css-exercises/margin-and-padding/02-margin-and-padding-2/README.md: {}
css-exercises/margin-and-padding/02-margin-and-padding-2/style.css: {}
css-exercises/margin-and-padding/02-margin-and-padding-2/index.html: {}
css-exercises/margin-and-padding/02-margin-and-padding-2/README.md: {}
css-exercises/margin-and-padding/02-margin-and-padding-2/README.md: {}
css-exercises/margin-and-padding/02-margin-and-padding-2/style.css: {}
css-exercises/margin-and-padding/02-margin-and-padding-2/README.md: {}
css-exercises/margin-and-padding/02-margin-and-padding-2/style.css: {}
css-exercises/margin-and-padding/02-margin-and-padding-2/index.html: {}
css-exercises/margin-and-padding/02-margin-and-padding-2/README.md: {}
css-exercises/margin-and-padding/02-margin-and-padding-2/style.css: {}
css-exercises/margin-and-padding/02-margin-and-padding-2/style.css: Using EditorConfig core...
css-exercises/margin-and-padding/02-margin-and-padding-2/style.css: Using EditorConfig core...
css-exercises/margin-and-padding/02-margin-and-padding-2/style.css: {}
css-exercises/margin-and-padding/02-margin-and-padding-2/index.html: {}
css-exercises/margin-and-padding/02-margin-and-padding-2/README.md: {}
css-exercises/margin-and-padding/02-margin-and-padding-2/README.md: {}
css-exercises/margin-and-padding/02-margin-and-padding-2/style.css: {}
css-exercises/margin-and-padding/02-margin-and-padding-2/style.css: {}
css-exercises/margin-and-padding/02-margin-and-padding-2/style.css: {}
css-exercises/margin-and-padding/02-margin-and-padding-2/README.md: {}
css-exercises/margin-and-padding/02-margin-and-padding-2/style.css: {}
css-exercises/margin-and-padding/02-margin-and-padding-2/README.md: {}
css-exercises/margin-and-padding/02-margin-and-padding-2/README.md: {}
css-exercises/margin-and-padding/02-margin-and-padding-2/style.css: {}
css-exercises/margin-and-padding/02-margin-and-padding-2/README.md: {}
css-exercises/margin-and-padding/02-margin-and-padding-2/style.css: {}
css-exercises/margin-and-padding/02-margin-and-padding-2/style.css: Using EditorConfig core...
css-exercises/margin-and-padding/02-margin-and-padding-2/style.css: Using EditorConfig core...
css-exercises/margin-and-padding/02-margin-and-padding-2/README.md: {}
css-exercises/margin-and-padding/02-margin-and-padding-2/style.css: Using EditorConfig core...
css-exercises/margin-and-padding/02-margin-and-padding-2/style.css: {}
css-exercises/margin-and-padding/02-margin-and-padding-2/style.css: Using EditorConfig core...
css-exercises/margin-and-padding/02-margin-and-padding-2/style.css: Using EditorConfig core...
css-exercises/margin-and-padding/02-margin-and-padding-2/style.css: Using EditorConfig core...
css-exercises/margin-and-padding/02-margin-and-padding-2/style.css: {}
css-exercises/margin-and-padding/02-margin-and-padding-2/index.html: {}
css-exercises/margin-and-padding/02-margin-and-padding-2/style.css: {}
css-exercises/margin-and-padding/02-margin-and-padding-2/style.css: Using EditorConfig core...
css-exercises/margin-and-padding/02-margin-and-padding-2/style.css: Using EditorConfig core...
css-exercises/margin-and-padding/02-margin-and-padding-2/style.css: Using EditorConfig core...
css-exercises/margin-and-padding/02-margin-and-padding-2/style.css: Using EditorConfig core...
css-exercises/margin-and-padding/02-margin-and-padding-2/style.css: Using EditorConfig core...
css-exercises/margin-and-padding/02-margin-and-padding-2/style.css: Using EditorConfig core...
css-exercises/margin-and-padding/02-margin-and-padding-2/style.css: Using EditorConfig core...
css-exercises/margin-and-padding/02-margin-and-padding-2/style.css: Using EditorConfig core...
css-exercises/margin-and-padding/02-margin-and-padding-2/style.css: Using EditorConfig core...
css-exercises/margin-and-padding/02-margin-and-padding-2/style.css: Using EditorConfig core...
css-exercises/margin-and-padding/02-margin-and-padding-2/style.css: Using EditorConfig core...
css-exercises/margin-and-padding/02-margin-and-padding-2/README.md: {}
css-exercises/margin-and-padding/02-margin-and-padding-2/index.html: {}
css-exercises/margin-and-padding/02-margin-and-padding-2/README.md: {}
css-exercises/margin-and-padding/02-margin-and-padding-2/README.md: {}
css-exercises/margin-and-padding/02-margin-and-padding-2/style.css: {}
css-exercises/margin-and-padding/02-margin-and-padding-2/style.css: Using EditorConfig core...
css-exercises/margin-and-padding/02-margin-and-padding-2/style.css: {}
css-exercises/margin-and-padding/02-margin-and-padding-2/README.md: {}
css-exercises/margin-and-padding/02-margin-and-padding-2/style.css: {}
css-exercises/margin-and-padding/02-margin-and-padding-2/style.css: Using EditorConfig core...
css-exercises/margin-and-padding/02-margin-and-padding-2/README.md: {}
css-exercises/margin-and-padding/02-margin-and-padding-2/style.css: {}
css-exercises/margin-and-padding/02-margin-and-padding-2/index.html: {}
css-exercises/margin-and-padding/02-margin-and-padding-2/style.css: {}
css-exercises/margin-and-padding/02-margin-and-padding-2/style.css: {}
css-exercises/margin-and-padding/02-margin-and-padding-2/README.md: {}
css-exercises/margin-and-padding/02-margin-and-padding-2/style.css: {}
css-exercises/margin-and-padding/02-margin-and-padding-2/style.css: Using EditorConfig core...
css-exercises/margin-and-padding/02-margin-and-padding-2/style.css: Using EditorConfig core...
css-exercises/margin-and-padding/02-margin-and-padding-2/style.css: Using EditorConfig core...
css-exercises/margin-and-padding/02-margin-and-padding-2/style.css: {}
css-exercises/margin-and-padding/02-margin-and-padding-2/README.md: {}
css-exercises/margin-and-padding/02-margin-and-padding-2/style.css: {}
css-exercises/margin-and-padding/02-margin-and-padding-2/style.css: {}
css-exercises/margin-and-padding/02-margin-and-padding-2/style.css: {}
css-exercises/margin-and-padding/02-margin-and-padding-2/style.css: {}
css-exercises/margin-and-padding/02-margin-and-padding-2/style.css: Using EditorConfig core...
css-exercises/margin-and-padding/02-margin-and-padding-2/style.css: Using EditorConfig core...
css-exercises/margin-and-padding/02-margin-and-padding-2/style.css: Using EditorConfig core...
css-exercises/margin-and-padding/02-margin-and-padding-2/style.css: Using EditorConfig core...
css-exercises/margin-and-padding/02-margin-and-padding-2/style.css: Using EditorConfig core...
css-exercises/margin-and-padding/02-margin-and-padding-2/style.css: Using EditorConfig core...
css-exercises/margin-and-padding/02-margin-and-padding-2/style.css: {}
css-exercises/margin-and-padding/02-margin-and-padding-2/style.css: {}
css-exercises/margin-and-padding/02-margin-and-padding-2/README.md: {}
css-exercises/margin-and-padding/02-margin-and-padding-2/index.html: {}
css-exercises/margin-and-padding/02-margin-and-padding-2/style.css: {}
css-exercises/margin-and-padding/02-margin-and-padding-2/style.css: {}
css-exercises/margin-and-padding/02-margin-and-padding-2/style.css: Using EditorConfig core...
css-exercises/margin-and-padding/02-margin-and-padding-2/style.css: {}
css-exercises/margin-and-padding/02-margin-and-padding-2/style.css: {}
css-exercises/margin-and-padding/02-margin-and-padding-2/style.css: Using EditorConfig core...
css-exercises/margin-and-padding/02-margin-and-padding-2/style.css: {}
css-exercises/margin-and-padding/02-margin-and-padding-2/style.css: Using EditorConfig core...
css-exercises/margin-and-padding/02-margin-and-padding-2/style.css: Using EditorConfig core...
css-exercises/margin-and-padding/02-margin-and-padding-2/style.css: Using EditorConfig core...
css-exercises/margin-and-padding/02-margin-and-padding-2/style.css: {}
css-exercises/margin-and-padding/02-margin-and-padding-2/style.css: Using EditorConfig core...
css-exercises/margin-and-padding/02-margin-and-padding-2/style.css: Using EditorConfig core...
css-exercises/margin-and-padding/02-margin-and-padding-2/style.css: Using EditorConfig core...
css-exercises/margin-and-padding/02-margin-and-padding-2/style.css: Using EditorConfig core...
css-exercises/margin-and-padding/02-margin-and-padding-2/style.css: {}
css-exercises/margin-and-padding/02-margin-and-padding-2/style.css: Using EditorConfig core...
css-exercises/margin-and-padding/02-margin-and-padding-2/style.css: Using EditorConfig core...
css-exercises/margin-and-padding/02-margin-and-padding-2/style.css: {}
css-exercises/margin-and-padding/02-margin-and-padding-2/index.html: {}
css-exercises/margin-and-padding/02-margin-and-padding-2/README.md: {}
css-exercises/margin-and-padding/02-margin-and-padding-2/style.css: {}
css-exercises/margin-and-padding/02-margin-and-padding-2/README.md: {}
css-exercises/margin-and-padding/02-margin-and-padding-2/index.html: {}
css-exercises/margin-and-padding/02-margin-and-padding-2/style.css: {}
css-exercises/margin-and-padding/02-margin-and-padding-2/style.css: Using EditorConfig core...
css-exercises/margin-and-padding/02-margin-and-padding-2/style.css: {}
css-exercises/margin-and-padding/02-margin-and-padding-2/style.css: {}
css-exercises/margin-and-padding/02-margin-and-padding-2/style.css: {}
css-exercises/margin-and-padding/02-margin-and-padding-2/index.html: {}
css-exercises/margin-and-padding/02-margin-and-padding-2/style.css: {}
css-exercises/margin-and-padding/02-margin-and-padding-2/index.html: {}
css-exercises/margin-and-padding/02-margin-and-padding-2/style.css: {}
css-exercises/margin-and-padding/02-margin-and-padding-2/style.css: Using EditorConfig core...
css-exercises/margin-and-padding/02-margin-and-padding-2/style.css: {}
css-exercises/margin-and-padding/02-margin-and-padding-2/style.css: Using EditorConfig core...
css-exercises/margin-and-padding/02-margin-and-padding-2/style.css: {}
css-exercises/margin-and-padding/02-margin-and-padding-2/style.css: Using EditorConfig core...
css-exercises/margin-and-padding/02-margin-and-padding-2/style.css: {}
css-exercises/margin-and-padding/02-margin-and-padding-2/style.css: Using EditorConfig core...
css-exercises/margin-and-padding/02-margin-and-padding-2/index.html: {}
css-exercises/margin-and-padding/02-margin-and-padding-2/style.css: {}
css-exercises/margin-and-padding/02-margin-and-padding-2/style.css: Using EditorConfig core...
css-exercises/margin-and-padding/02-margin-and-padding-2/style.css: Using EditorConfig core...
css-exercises/margin-and-padding/02-margin-and-padding-2/style.css: {}
css-exercises/margin-and-padding/02-margin-and-padding-2/style.css: Using EditorConfig core...
css-exercises/margin-and-padding/02-margin-and-padding-2/style.css: Using EditorConfig core...
css-exercises/margin-and-padding/02-margin-and-padding-2/style.css: Using EditorConfig core...
css-exercises/margin-and-padding/02-margin-and-padding-2/style.css: {}
css-exercises/margin-and-padding/02-margin-and-padding-2/style.css: Using EditorConfig core...
css-exercises/margin-and-padding/02-margin-and-padding-2/style.css: {}
css-exercises/margin-and-padding/02-margin-and-padding-2/style.css: Using EditorConfig core...
css-exercises/margin-and-padding/02-margin-and-padding-2/style.css: {}
css-exercises/margin-and-padding/02-margin-and-padding-2/style.css: {}
css-exercises/margin-and-padding/02-margin-and-padding-2/README.md: {}
css-exercises/margin-and-padding/02-margin-and-padding-2/style.css: {}
css-exercises/margin-and-padding/02-margin-and-padding-2/style.css: Using EditorConfig core...
css-exercises/margin-and-padding/02-margin-and-padding-2/style.css: {}
css-exercises/margin-and-padding/02-margin-and-padding-2/style.css: Using EditorConfig core...
css-exercises/margin-and-padding/02-margin-and-padding-2/style.css: Using EditorConfig core...
css-exercises/margin-and-padding/02-margin-and-padding-2/style.css: Using EditorConfig core...
css-exercises/margin-and-padding/02-margin-and-padding-2/style.css: Using EditorConfig core...
css-exercises/margin-and-padding/02-margin-and-padding-2/style.css: {}
css-exercises/margin-and-padding/02-margin-and-padding-2/README.md: {}
css-exercises/margin-and-padding/02-margin-and-padding-2/style.css: {}
css-exercises/margin-and-padding/02-margin-and-padding-2/README.md: {}
css-exercises/margin-and-padding/02-margin-and-padding-2/style.css: {}
css-exercises/margin-and-padding/02-margin-and-padding-2/style.css: Using EditorConfig core...
css-exercises/margin-and-padding/02-margin-and-padding-2/style.css: Using EditorConfig core...
css-exercises/margin-and-padding/02-margin-and-padding-2/style.css: {}
css-exercises/margin-and-padding/02-margin-and-padding-2/README.md: {}
css-exercises/margin-and-padding/02-margin-and-padding-2/README.md: {}
css-exercises/margin-and-padding/02-margin-and-padding-2/README.md: {}
css-exercises/margin-and-padding/02-margin-and-padding-2/style.css: {}
css-exercises/margin-and-padding/02-margin-and-padding-2/style.css: Using EditorConfig core...
css-exercises/margin-and-padding/02-margin-and-padding-2/style.css: Using EditorConfig core...
css-exercises/margin-and-padding/02-margin-and-padding-2/style.css: Using EditorConfig core...
css-exercises/margin-and-padding/02-margin-and-padding-2/README.md: {}
css-exercises/margin-and-padding/02-margin-and-padding-2/style.css: {}
css-exercises/margin-and-padding/02-margin-and-padding-2/style.css: Using EditorConfig core...
css-exercises/margin-and-padding/02-margin-and-padding-2/style.css: {}
css-exercises/margin-and-padding/02-margin-and-padding-2/style.css: Using EditorConfig core...
css-exercises/margin-and-padding/02-margin-and-padding-2/style.css: {}
css-exercises/margin-and-padding/02-margin-and-padding-2/style.css: Using EditorConfig core...
css-exercises/margin-and-padding/02-margin-and-padding-2/style.css: Using EditorConfig core...
css-exercises/margin-and-padding/02-margin-and-padding-2/style.css: Using EditorConfig core...
css-exercises/margin-and-padding/02-margin-and-padding-2/style.css: Using EditorConfig core...
css-exercises/margin-and-padding/02-margin-and-padding-2/style.css: {}
css-exercises/margin-and-padding/02-margin-and-padding-2/style.css: Using EditorConfig core...
css-exercises/margin-and-padding/02-margin-and-padding-2/style.css: {}
css-exercises/margin-and-padding/02-margin-and-padding-2/style.css: Using EditorConfig core...
css-exercises/margin-and-padding/02-margin-and-padding-2/style.css: {}
css-exercises/margin-and-padding/02-margin-and-padding-2/README.md: {}
css-exercises/margin-and-padding/02-margin-and-padding-2/README.md: {}
css-exercises/margin-and-padding/02-margin-and-padding-2/style.css: {}
css-exercises/margin-and-padding/02-margin-and-padding-2/style.css: {}
css-exercises/margin-and-padding/02-margin-and-padding-2/index.html: {}
css-exercises/margin-and-padding/02-margin-and-padding-2/style.css: {}
css-exercises/margin-and-padding/02-margin-and-padding-2/style.css: Using EditorConfig core...
css-exercises/margin-and-padding/02-margin-and-padding-2/style.css: Using EditorConfig core...
css-exercises/margin-and-padding/02-margin-and-padding-2/style.css: {}
css-exercises/margin-and-padding/02-margin-and-padding-2/style.css: Using EditorConfig core...
css-exercises/margin-and-padding/02-margin-and-padding-2/style.css: {}
css-exercises/margin-and-padding/02-margin-and-padding-2/style.css: Using EditorConfig core...
css-exercises/margin-and-padding/02-margin-and-padding-2/style.css: {}
css-exercises/margin-and-padding/02-margin-and-padding-2/style.css: Using EditorConfig core...
css-exercises/margin-and-padding/02-margin-and-padding-2/style.css: Using EditorConfig core...
css-exercises/margin-and-padding/02-margin-and-padding-2/README.md: {}
css-exercises/margin-and-padding/02-margin-and-padding-2/style.css: {}
css-exercises/margin-and-padding/02-margin-and-padding-2/index.html: {}
css-exercises/margin-and-padding/02-margin-and-padding-2/style.css: {}
css-exercises/margin-and-padding/02-margin-and-padding-2/style.css: {}
css-exercises/margin-and-padding/02-margin-and-padding-2/README.md: {}
css-exercises/margin-and-padding/02-margin-and-padding-2/style.css: {}
css-exercises/margin-and-padding/02-margin-and-padding-2/style.css: {}
css-exercises/margin-and-padding/02-margin-and-padding-2/style.css: Using EditorConfig core...
css-exercises/margin-and-padding/02-margin-and-padding-2/style.css: Using EditorConfig core...
css-exercises/margin-and-padding/02-margin-and-padding-2/style.css: Using EditorConfig core...
css-exercises/margin-and-padding/02-margin-and-padding-2/style.css: Using EditorConfig core...
css-exercises/margin-and-padding/02-margin-and-padding-2/style.css: {}
css-exercises/margin-and-padding/02-margin-and-padding-2/style.css: {}
css-exercises/margin-and-padding/02-margin-and-padding-2/style.css: Using EditorConfig core...
css-exercises/margin-and-padding/02-margin-and-padding-2/style.css: {}
css-exercises/margin-and-padding/02-margin-and-padding-2/style.css: Using EditorConfig core...
css-exercises/margin-and-padding/02-margin-and-padding-2/style.css: {}
css-exercises/margin-and-padding/02-margin-and-padding-2/style.css: Using EditorConfig core...
css-exercises/margin-and-padding/02-margin-and-padding-2/style.css: {}
css-exercises/margin-and-padding/02-margin-and-padding-2/style.css: Using EditorConfig core...
css-exercises/margin-and-padding/02-margin-and-padding-2/style.css: {}
css-exercises/margin-and-padding/02-margin-and-padding-2/style.css: {}
css-exercises/margin-and-padding/02-margin-and-padding-2/style.css: Using EditorConfig core...
css-exercises/margin-and-padding/02-margin-and-padding-2/style.css: Using EditorConfig core...
css-exercises/margin-and-padding/02-margin-and-padding-2/style.css: Using EditorConfig core...
css-exercises/margin-and-padding/02-margin-and-padding-2/style.css: Using EditorConfig core...
css-exercises/margin-and-padding/02-margin-and-padding-2/style.css: {}
css-exercises/margin-and-padding/02-margin-and-padding-2/style.css: Using EditorConfig core...
css-exercises/margin-and-padding/02-margin-and-padding-2/README.md: {}
css-exercises/margin-and-padding/02-margin-and-padding-2/style.css: {}
css-exercises/margin-and-padding/02-margin-and-padding-2/style.css: Using EditorConfig core...
css-exercises/margin-and-padding/02-margin-and-padding-2/style.css: Using EditorConfig core...
css-exercises/margin-and-padding/02-margin-and-padding-2/README.md: {}
css-exercises/margin-and-padding/02-margin-and-padding-2/README.md: {}
css-exercises/margin-and-padding/02-margin-and-padding-2/README.md: {}
css-exercises/margin-and-padding/02-margin-and-padding-2/style.css: {}
css-exercises/margin-and-padding/02-margin-and-padding-2/style.css: Using EditorConfig core...
css-exercises/margin-and-padding/02-margin-and-padding-2/style.css: Using EditorConfig core...
css-exercises/margin-and-padding/02-margin-and-padding-2/style.css: Using EditorConfig core...
css-exercises/margin-and-padding/02-margin-and-padding-2/style.css: Using EditorConfig core...
css-exercises/margin-and-padding/02-margin-and-padding-2/style.css: Using EditorConfig core...
css-exercises/margin-and-padding/02-margin-and-padding-2/style.css: Using EditorConfig core...
css-exercises/margin-and-padding/02-margin-and-padding-2/style.css: Using EditorConfig core...
css-exercises/margin-and-padding/02-margin-and-padding-2/style.css: Using EditorConfig core...
css-exercises/margin-and-padding/02-margin-and-padding-2/style.css: Using EditorConfig core...
css-exercises/margin-and-padding/02-margin-and-padding-2/README.md: {}
css-exercises/margin-and-padding/02-margin-and-padding-2/style.css: {}
css-exercises/margin-and-padding/02-margin-and-padding-2/index.html: {}
css-exercises/margin-and-padding/02-margin-and-padding-2/README.md: {}
css-exercises/margin-and-padding/02-margin-and-padding-2/style.css: {}
css-exercises/margin-and-padding/02-margin-and-padding-2/style.css: Using EditorConfig core...
css-exercises/margin-and-padding/02-margin-and-padding-2/style.css: {}
css-exercises/margin-and-padding/02-margin-and-padding-2/style.css: Using EditorConfig core...
css-exercises/margin-and-padding/02-margin-and-padding-2/style.css: Using EditorConfig core...
css-exercises/margin-and-padding/02-margin-and-padding-2/style.css: Using EditorConfig core...
css-exercises/margin-and-padding/02-margin-and-padding-2/style.css: Using EditorConfig core...
css-exercises/margin-and-padding/02-margin-and-padding-2/style.css: Using EditorConfig core...
css-exercises/margin-and-padding/02-margin-and-padding-2/README.md: {}
css-exercises/margin-and-padding/02-margin-and-padding-2/style.css: {}
css-exercises/margin-and-padding/02-margin-and-padding-2/README.md: {}
css-exercises/margin-and-padding/02-margin-and-padding-2/style.css: {}
css-exercises/margin-and-padding/02-margin-and-padding-2/style.css: Using EditorConfig core...
css-exercises/margin-and-padding/02-margin-and-padding-2/style.css: Using EditorConfig core...
css-exercises/margin-and-padding/02-margin-and-padding-2/README.md: {}
css-exercises/margin-and-padding/02-margin-and-padding-2/style.css: {}
css-exercises/margin-and-padding/02-margin-and-padding-2/style.css: Using EditorConfig core...
css-exercises/margin-and-padding/02-margin-and-padding-2/style.css: Using EditorConfig core...
css-exercises/margin-and-padding/02-margin-and-padding-2/style.css: Using EditorConfig core...
css-exercises/margin-and-padding/02-margin-and-padding-2/style.css: Using EditorConfig core...
css-exercises/margin-and-padding/02-margin-and-padding-2/style.css: {}
css-exercises/margin-and-padding/02-margin-and-padding-2/style.css: Using EditorConfig core...
css-exercises/margin-and-padding/02-margin-and-padding-2/style.css: Using EditorConfig core...
css-exercises/margin-and-padding/02-margin-and-padding-2/style.css: Using EditorConfig core...
css-exercises/margin-and-padding/02-margin-and-padding-2/style.css: Using EditorConfig core...
css-exercises/margin-and-padding/02-margin-and-padding-2/style.css: Using EditorConfig core...
css-exercises/margin-and-padding/02-margin-and-padding-2/style.css: Using EditorConfig core...
css-exercises/margin-and-padding/02-margin-and-padding-2/style.css: Using EditorConfig core...
css-exercises/margin-and-padding/02-margin-and-padding-2/style.css: {}
css-exercises/margin-and-padding/02-margin-and-padding-2/style.css: Using EditorConfig core...
css-exercises/margin-and-padding/02-margin-and-padding-2/style.css: {}
css-exercises/margin-and-padding/02-margin-and-padding-2/style.css: Using EditorConfig core...
css-exercises/margin-and-padding/02-margin-and-padding-2/style.css: Using EditorConfig core...
css-exercises/margin-and-padding/02-margin-and-padding-2/style.css: Using EditorConfig core...
css-exercises/margin-and-padding/02-margin-and-padding-2/README.md: {}
css-exercises/margin-and-padding/02-margin-and-padding-2/style.css: {}
css-exercises/margin-and-padding/02-margin-and-padding-2/README.md: {}
css-exercises/margin-and-padding/02-margin-and-padding-2/style.css: {}
css-exercises/margin-and-padding/02-margin-and-padding-2/README.md: {}
css-exercises/margin-and-padding/02-margin-and-padding-2/style.css: {}
css-exercises/margin-and-padding/02-margin-and-padding-2/README.md: {}
css-exercises/margin-and-padding/02-margin-and-padding-2/index.html: {}
css-exercises/margin-and-padding/02-margin-and-padding-2/style.css: {}
css-exercises/margin-and-padding/02-margin-and-padding-2/style.css: Using EditorConfig core...
css-exercises/margin-and-padding/02-margin-and-padding-2/style.css: Using EditorConfig core...
css-exercises/margin-and-padding/02-margin-and-padding-2/style.css: Using EditorConfig core...
css-exercises/margin-and-padding/02-margin-and-padding-2/style.css: Using EditorConfig core...
css-exercises/margin-and-padding/02-margin-and-padding-2/README.md: {}
css-exercises/margin-and-padding/02-margin-and-padding-2/index.html: {}
css-exercises/margin-and-padding/02-margin-and-padding-2/style.css: {}
css-exercises/margin-and-padding/02-margin-and-padding-2/README.md: {}
css-exercises/margin-and-padding/02-margin-and-padding-2/index.html: {}
css-exercises/margin-and-padding/02-margin-and-padding-2/README.md: {}
css-exercises/margin-and-padding/02-margin-and-padding-2/index.html: {}
css-exercises/margin-and-padding/02-margin-and-padding-2/README.md: {}
css-exercises/margin-and-padding/02-margin-and-padding-2/style.css: {}
css-exercises/margin-and-padding/02-margin-and-padding-2/README.md: {}
css-exercises/margin-and-padding/02-margin-and-padding-2/style.css: {}
css-exercises/margin-and-padding/02-margin-and-padding-2/README.md: {}
css-exercises/margin-and-padding/02-margin-and-padding-2/style.css: {}
css-exercises/margin-and-padding/02-margin-and-padding-2/style.css: Using EditorConfig core...
css-exercises/margin-and-padding/02-margin-and-padding-2/style.css: Using EditorConfig core...
css-exercises/margin-and-padding/02-margin-and-padding-2/style.css: {}
css-exercises/margin-and-padding/02-margin-and-padding-2/style.css: Using EditorConfig core...
css-exercises/margin-and-padding/02-margin-and-padding-2/style.css: Using EditorConfig core...
css-exercises/margin-and-padding/02-margin-and-padding-2/style.css: Using EditorConfig core...
css-exercises/margin-and-padding/02-margin-and-padding-2/style.css: Using EditorConfig core...
css-exercises/margin-and-padding/02-margin-and-padding-2/style.css: {}
css-exercises/margin-and-padding/02-margin-and-padding-2/README.md: {}
css-exercises/margin-and-padding/02-margin-and-padding-2/style.css: {}
css-exercises/margin-and-padding/02-margin-and-padding-2/style.css: Using EditorConfig core...
css-exercises/margin-and-padding/02-margin-and-padding-2/style.css: {}
css-exercises/margin-and-padding/02-margin-and-padding-2/style.css: Using EditorConfig core...
css-exercises/margin-and-padding/02-margin-and-padding-2/style.css: Using EditorConfig core...
css-exercises/margin-and-padding/02-margin-and-padding-2/style.css: Using EditorConfig core...
css-exercises/margin-and-padding/02-margin-and-padding-2/style.css: {}
css-exercises/margin-and-padding/02-margin-and-padding-2/style.css: Using EditorConfig core...
css-exercises/margin-and-padding/02-margin-and-padding-2/style.css: Using EditorConfig core...
css-exercises/margin-and-padding/02-margin-and-padding-2/style.css: {}
css-exercises/margin-and-padding/02-margin-and-padding-2/style.css: Using EditorConfig core...
css-exercises/margin-and-padding/02-margin-and-padding-2/style.css: Using EditorConfig core...
css-exercises/margin-and-padding/02-margin-and-padding-2/style.css: Using EditorConfig core...
css-exercises/margin-and-padding/02-margin-and-padding-2/style.css: Using EditorConfig core...
css-exercises/margin-and-padding/02-margin-and-padding-2/style.css: Using EditorConfig core...
css-exercises/margin-and-padding/02-margin-and-padding-2/style.css: Using EditorConfig core...
css-exercises/margin-and-padding/02-margin-and-padding-2/style.css: Using EditorConfig core...
css-exercises/margin-and-padding/02-margin-and-padding-2/style.css: Using EditorConfig core...
css-exercises/margin-and-padding/02-margin-and-padding-2/style.css: {}
css-exercises/margin-and-padding/02-margin-and-padding-2/style.css: Using EditorConfig core...
css-exercises/margin-and-padding/02-margin-and-padding-2/style.css: {}
css-exercises/margin-and-padding/02-margin-and-padding-2/style.css: Using EditorConfig core...
css-exercises/margin-and-padding/02-margin-and-padding-2/style.css: {}
css-exercises/margin-and-padding/02-margin-and-padding-2/style.css: Using EditorConfig core...
css-exercises/margin-and-padding/02-margin-and-padding-2/style.css: {}
css-exercises/margin-and-padding/02-margin-and-padding-2/style.css: Using EditorConfig core...
css-exercises/margin-and-padding/02-margin-and-padding-2/style.css: {}
css-exercises/margin-and-padding/02-margin-and-padding-2/style.css: Using EditorConfig core...
css-exercises/margin-and-padding/02-margin-and-padding-2/style.css: Using EditorConfig core...
css-exercises/margin-and-padding/02-margin-and-padding-2/style.css: {}
css-exercises/margin-and-padding/02-margin-and-padding-2/style.css: Using EditorConfig core...
css-exercises/margin-and-padding/02-margin-and-padding-2/style.css: Using EditorConfig core...
css-exercises/margin-and-padding/02-margin-and-padding-2/style.css: {}
css-exercises/margin-and-padding/02-margin-and-padding-2/style.css: Using EditorConfig core...
css-exercises/margin-and-padding/02-margin-and-padding-2/style.css: {}
css-exercises/margin-and-padding/02-margin-and-padding-2/style.css: {}
css-exercises/margin-and-padding/02-margin-and-padding-2/style.css: Using EditorConfig core...
css-exercises/margin-and-padding/02-margin-and-padding-2/style.css: {}
css-exercises/margin-and-padding/02-margin-and-padding-2/style.css: Using EditorConfig core...
css-exercises/margin-and-padding/02-margin-and-padding-2/style.css: {}
css-exercises/margin-and-padding/02-margin-and-padding-2/style.css: Using EditorConfig core...
css-exercises/margin-and-padding/02-margin-and-padding-2/style.css: {}
css-exercises/margin-and-padding/02-margin-and-padding-2/README.md: {}
css-exercises/margin-and-padding/02-margin-and-padding-2/style.css: {}
css-exercises/margin-and-padding/02-margin-and-padding-2/style.css: {}
css-exercises/margin-and-padding/02-margin-and-padding-2/style.css: {}
css-exercises/margin-and-padding/02-margin-and-padding-2/index.html: {}
css-exercises/margin-and-padding/02-margin-and-padding-2/style.css: {}
css-exercises/margin-and-padding/02-margin-and-padding-2/style.css: Using EditorConfig core...
css-exercises/margin-and-padding/02-margin-and-padding-2/style.css: {}
css-exercises/margin-and-padding/02-margin-and-padding-2/style.css: Using EditorConfig core...
css-exercises/margin-and-padding/02-margin-and-padding-2/style.css: Using EditorConfig core...
css-exercises/margin-and-padding/02-margin-and-padding-2/style.css: Using EditorConfig core...
css-exercises/margin-and-padding/02-margin-and-padding-2/style.css: Using EditorConfig core...
css-exercises/margin-and-padding/02-margin-and-padding-2/style.css: Using EditorConfig core...
css-exercises/margin-and-padding/02-margin-and-padding-2/style.css: {}
css-exercises/margin-and-padding/02-margin-and-padding-2/style.css: {}
css-exercises/margin-and-padding/02-margin-and-padding-2/style.css: {}
css-exercises/margin-and-padding/02-margin-and-padding-2/style.css: Using EditorConfig core...
css-exercises/margin-and-padding/02-margin-and-padding-2/style.css: Using EditorConfig core...
css-exercises/margin-and-padding/02-margin-and-padding-2/style.css: {}
css-exercises/margin-and-padding/02-margin-and-padding-2/style.css: {}
css-exercises/margin-and-padding/02-margin-and-padding-2/style.css: Using EditorConfig core...
css-exercises/margin-and-padding/02-margin-and-padding-2/style.css: Using EditorConfig core...
css-exercises/margin-and-padding/02-margin-and-padding-2/style.css: {}
css-exercises/margin-and-padding/02-margin-and-padding-2/style.css: Using EditorConfig core...
css-exercises/margin-and-padding/02-margin-and-padding-2/style.css: Using EditorConfig core...
css-exercises/margin-and-padding/02-margin-and-padding-2/style.css: Using EditorConfig core...
css-exercises/margin-and-padding/02-margin-and-padding-2/style.css: Using EditorConfig core...
css-exercises/margin-and-padding/02-margin-and-padding-2/style.css: Using EditorConfig core...
css-exercises/margin-and-padding/02-margin-and-padding-2/style.css: Using EditorConfig core...
css-exercises/margin-and-padding/02-margin-and-padding-2/style.css: Using EditorConfig core...
css-exercises/margin-and-padding/02-margin-and-padding-2/style.css: Using EditorConfig core...
css-exercises/margin-and-padding/02-margin-and-padding-2/style.css: Using EditorConfig core...
css-exercises/margin-and-padding/02-margin-and-padding-2/style.css: Using EditorConfig core...
css-exercises/margin-and-padding/02-margin-and-padding-2/style.css: Using EditorConfig core...
css-exercises/margin-and-padding/02-margin-and-padding-2/style.css: Using EditorConfig core...
css-exercises/margin-and-padding/02-margin-and-padding-2/style.css: Using EditorConfig core...
css-exercises/margin-and-padding/02-margin-and-padding-2/style.css: Using EditorConfig core...
css-exercises/margin-and-padding/02-margin-and-padding-2/style.css: Using EditorConfig core...
css-exercises/margin-and-padding/02-margin-and-padding-2/style.css: Using EditorConfig core...
css-exercises/margin-and-padding/02-margin-and-padding-2/style.css: {}
css-exercises/margin-and-padding/02-margin-and-padding-2/style.css: Using EditorConfig core...
css-exercises/margin-and-padding/02-margin-and-padding-2/style.css: Using EditorConfig core...
css-exercises/margin-and-padding/02-margin-and-padding-2/style.css: Using EditorConfig core...
css-exercises/margin-and-padding/02-margin-and-padding-2/style.css: Using EditorConfig core...
css-exercises/margin-and-padding/02-margin-and-padding-2/style.css: Using EditorConfig core...
css-exercises/margin-and-padding/02-margin-and-padding-2/style.css: Using EditorConfig core...
css-exercises/margin-and-padding/02-margin-and-padding-2/style.css: Using EditorConfig core...
css-exercises/margin-and-padding/02-margin-and-padding-2/style.css: Using EditorConfig core...
css-exercises/margin-and-padding/02-margin-and-padding-2/style.css: Using EditorConfig core...
css-exercises/margin-and-padding/02-margin-and-padding-2/style.css: Using EditorConfig core...
css-exercises/margin-and-padding/02-margin-and-padding-2/style.css: Using EditorConfig core...
css-exercises/margin-and-padding/02-margin-and-padding-2/style.css: Using EditorConfig core...
css-exercises/margin-and-padding/02-margin-and-padding-2/style.css: {}
css-exercises/margin-and-padding/02-margin-and-padding-2/style.css: Using EditorConfig core...
css-exercises/margin-and-padding/02-margin-and-padding-2/style.css: {}
css-exercises/margin-and-padding/02-margin-and-padding-2/solution/solution.css: {}
css-exercises/margin-and-padding/02-margin-and-padding-2/style.css: {}
css-exercises/margin-and-padding/02-margin-and-padding-2/solution/solution.css: {}
css-exercises/margin-and-padding/02-margin-and-padding-2/style.css: {}
css-exercises/margin-and-padding/02-margin-and-padding-2/solution/solution.css: {}
css-exercises/margin-and-padding/02-margin-and-padding-2/style.css: {}
css-exercises/margin-and-padding/02-margin-and-padding-2/solution/solution.css: {}
css-exercises/margin-and-padding/02-margin-and-padding-2/style.css: {}
css-exercises/margin-and-padding/02-margin-and-padding-2/solution/solution.css: {}
css-exercises/margin-and-padding/02-margin-and-padding-2/style.css: {}
css-exercises/margin-and-padding/02-margin-and-padding-2/solution/solution.css: {}
css-exercises/margin-and-padding/02-margin-and-padding-2/style.css: {}
css-exercises/margin-and-padding/02-margin-and-padding-2/solution/solution.css: {}
css-exercises/margin-and-padding/02-margin-and-padding-2/style.css: {}
css-exercises/margin-and-padding/02-margin-and-padding-2/solution/solution.css: {}
css-exercises/margin-and-padding/02-margin-and-padding-2/style.css: {}
css-exercises/margin-and-padding/02-margin-and-padding-2/style.css: Using EditorConfig core...
css-exercises/margin-and-padding/02-margin-and-padding-2/style.css: Using EditorConfig core...
css-exercises/margin-and-padding/02-margin-and-padding-2/solution/solution.css: {}
css-exercises/margin-and-padding/02-margin-and-padding-2/style.css: {}
css-exercises/margin-and-padding/02-margin-and-padding-2/solution/solution.css: {}
css-exercises/margin-and-padding/02-margin-and-padding-2/style.css: {}
css-exercises/margin-and-padding/02-margin-and-padding-2/style.css: {}
css-exercises/margin-and-padding/02-margin-and-padding-2/style.css: Using EditorConfig core...
css-exercises/margin-and-padding/02-margin-and-padding-2/style.css: {}
css-exercises/margin-and-padding/02-margin-and-padding-2/style.css: {}
css-exercises/margin-and-padding/02-margin-and-padding-2/style.css: {}
css-exercises/margin-and-padding/02-margin-and-padding-2/style.css: {}
css-exercises/margin-and-padding/02-margin-and-padding-2/style.css: {}
css-exercises/margin-and-padding/02-margin-and-padding-2/style.css: {}
css-exercises/margin-and-padding/02-margin-and-padding-2/style.css: {}
/home/michell/.config/Code/User/profiles/-4f39f5a1/settings.json: Using EditorConfig core...
/home/michell/.config/Code/User/profiles/-4f39f5a1/settings.json: Using EditorConfig core...
css-exercises/margin-and-padding/02-margin-and-padding-2/solution/solution.css: {}
css-exercises/margin-and-padding/02-margin-and-padding-2/style.css: {}
/home/michell/.config/Code/User/profiles/-4f39f5a1/settings.json: Using EditorConfig core...
/home/michell/.config/Code/User/profiles/-4f39f5a1/settings.json: Using EditorConfig core...
/home/michell/.config/Code/User/profiles/-4f39f5a1/settings.json: Using EditorConfig core...
css-exercises/margin-and-padding/02-margin-and-padding-2/style.css: {}
css-exercises/margin-and-padding/02-margin-and-padding-2/style.css: {}
css-exercises/margin-and-padding/02-margin-and-padding-2/style.css: {}
css-exercises/margin-and-padding/02-margin-and-padding-2/style.css: {}
css-exercises/margin-and-padding/02-margin-and-padding-2/style.css: {}
css-exercises/margin-and-padding/02-margin-and-padding-2/style.css: {}
