2023-12-12 20:07:59.913 [info] Extension host with pid 76327 started
2023-12-12 20:07:59.913 [info] Skipping acquiring lock for /home/michell/.config/Code/User/workspaceStorage/7e290bfc8dc92b30b9e7c1cc66a48c4a.
2023-12-12 20:08:00.080 [info] ExtensionService#_doActivateExtension mechatroner.rainbow-csv, startup: false, activationEvent: 'onLanguage:plaintext'
2023-12-12 20:08:00.083 [info] ExtensionService#_doActivateExtension vscode.emmet, startup: false, activationEvent: 'onLanguage'
2023-12-12 20:08:00.086 [info] ExtensionService#_doActivateExtension vscode.css-language-features, startup: false, activationEvent: 'onLanguage:css'
2023-12-12 20:08:00.681 [info] ExtensionService#_doActivateExtension vscode.github-authentication, startup: false, activationEvent: 'onAuthenticationRequest:github'
2023-12-12 20:08:01.021 [info] ExtensionService#_doActivateExtension vscode.git-base, startup: true, activationEvent: '*', root cause: vscode.git
2023-12-12 20:08:01.022 [info] ExtensionService#_doActivateExtension EditorConfig.EditorConfig, startup: true, activationEvent: '*'
2023-12-12 20:08:01.027 [info] ExtensionService#_doActivateExtension formulahendry.auto-close-tag, startup: true, activationEvent: '*'
2023-12-12 20:08:01.028 [info] ExtensionService#_doActivateExtension kamikillerto.vscode-colorize, startup: true, activationEvent: '*'
2023-12-12 20:08:01.036 [info] ExtensionService#_doActivateExtension xshrim.txt-syntax, startup: true, activationEvent: '*'
2023-12-12 20:08:01.042 [info] ExtensionService#_doActivateExtension yzhang.markdown-all-in-one, startup: true, activationEvent: 'workspaceContains:README.md'
2023-12-12 20:08:01.084 [info] ExtensionService#_doActivateExtension vscode.markdown-math, startup: false, activationEvent: 'api', root cause: yzhang.markdown-all-in-one
2023-12-12 20:08:01.088 [info] ExtensionService#_doActivateExtension vscode.git, startup: true, activationEvent: '*'
2023-12-12 20:08:01.104 [info] ExtensionService#_doActivateExtension vscode.github, startup: true, activationEvent: '*'
2023-12-12 20:08:01.148 [info] Eager extensions activated
2023-12-12 20:08:01.164 [info] ExtensionService#_doActivateExtension vscode.debug-auto-launch, startup: false, activationEvent: 'onStartupFinished'
2023-12-12 20:08:01.165 [info] ExtensionService#_doActivateExtension vscode.merge-conflict, startup: false, activationEvent: 'onStartupFinished'
2023-12-12 20:08:01.169 [info] ExtensionService#_doActivateExtension alefragnani.Bookmarks, startup: false, activationEvent: 'onStartupFinished'
2023-12-12 20:08:01.172 [info] ExtensionService#_doActivateExtension Catppuccin.catppuccin-vsc, startup: false, activationEvent: 'onStartupFinished'
2023-12-12 20:08:01.174 [info] ExtensionService#_doActivateExtension eamodio.gitlens, startup: false, activationEvent: 'onStartupFinished'
2023-12-12 20:08:01.195 [info] ExtensionService#_doActivateExtension felipecaputo.git-project-manager, startup: false, activationEvent: 'onStartupFinished'
2023-12-12 20:08:01.206 [info] ExtensionService#_doActivateExtension ritwickdey.LiveServer, startup: false, activationEvent: 'onStartupFinished'
2023-12-12 20:08:01.209 [info] ExtensionService#_doActivateExtension sainnhe.everforest, startup: false, activationEvent: 'onStartupFinished'
2023-12-12 20:08:01.212 [info] ExtensionService#_doActivateExtension vscodevim.vim, startup: false, activationEvent: 'onStartupFinished'
2023-12-12 20:08:01.244 [info] ExtensionService#_doActivateExtension zhuangtongfa.material-theme, startup: false, activationEvent: 'onStartupFinished'
2023-12-12 20:08:02.315 [error] Error: ENOENT: no such file or directory, open '/home/michell/.config/Code/User/globalStorage/vscodevim.vim/.registers'
2023-12-12 20:08:18.803 [info] ExtensionService#_doActivateExtension vscode.json-language-features, startup: false, activationEvent: 'onLanguage:jsonc'
2023-12-12 20:08:18.814 [info] ExtensionService#_doActivateExtension vscode.typescript-language-features, startup: false, activationEvent: 'onLanguage:jsonc'
2023-12-12 20:08:26.815 [warning] TextEditor is closed/disposed
2023-12-12 20:08:26.886 [info] ExtensionService#_doActivateExtension vscode.html-language-features, startup: false, activationEvent: 'onLanguage:html'
2023-12-12 20:08:33.345 [warning] TextEditor is closed/disposed
2023-12-12 20:08:37.752 [warning] TextEditor is closed/disposed
2023-12-12 20:08:38.316 [warning] TextEditor is closed/disposed
2023-12-12 20:08:38.362 [info] ExtensionService#_doActivateExtension vscode.extension-editing, startup: false, activationEvent: 'onLanguage:markdown'
2023-12-12 20:08:38.367 [info] ExtensionService#_doActivateExtension vscode.markdown-language-features, startup: false, activationEvent: 'onLanguage:markdown'
2023-12-12 20:08:40.000 [warning] TextEditor is closed/disposed
2023-12-12 20:08:40.012 [info] ExtensionService#_doActivateExtension vscode.media-preview, startup: false, activationEvent: 'onCustomEditor:imagePreview.previewEditor'
2023-12-12 20:09:12.978 [warning] TextEditor is closed/disposed
2023-12-12 20:09:16.316 [warning] TextEditor is closed/disposed
2023-12-12 20:09:32.258 [warning] TextEditor is closed/disposed
2023-12-12 20:09:42.676 [warning] TextEditor is closed/disposed
2023-12-12 20:10:11.677 [warning] TextEditor is closed/disposed
2023-12-12 20:10:13.221 [warning] TextEditor is closed/disposed
2023-12-12 20:10:21.119 [warning] TextEditor is closed/disposed
2023-12-12 20:10:22.199 [warning] TextEditor is closed/disposed
2023-12-12 20:10:30.863 [warning] TextEditor is closed/disposed
2023-12-12 20:10:53.197 [warning] TextEditor is closed/disposed
2023-12-12 20:11:05.273 [warning] TextEditor is closed/disposed
2023-12-12 20:12:56.727 [warning] TextEditor is closed/disposed
2023-12-12 20:12:59.177 [warning] TextEditor is closed/disposed
2023-12-12 20:13:37.686 [warning] TextEditor is closed/disposed
2023-12-12 20:13:43.137 [warning] TextEditor is closed/disposed
2023-12-12 20:13:43.674 [warning] TextEditor is closed/disposed
2023-12-12 20:13:48.149 [warning] TextEditor is closed/disposed
2023-12-12 20:13:53.651 [warning] TextEditor is closed/disposed
2023-12-12 20:14:44.603 [warning] TextEditor is closed/disposed
2023-12-12 20:14:47.317 [warning] TextEditor is closed/disposed
2023-12-12 20:14:48.129 [warning] TextEditor is closed/disposed
2023-12-12 20:14:57.694 [warning] TextEditor is closed/disposed
2023-12-12 20:15:16.381 [warning] TextEditor is closed/disposed
2023-12-12 20:15:17.258 [warning] TextEditor is closed/disposed
2023-12-12 20:15:48.216 [warning] TextEditor is closed/disposed
2023-12-12 20:16:02.353 [warning] TextEditor is closed/disposed
2023-12-12 20:16:11.771 [warning] TextEditor is closed/disposed
2023-12-12 20:16:15.473 [warning] TextEditor is closed/disposed
2023-12-12 20:16:52.309 [warning] TextEditor is closed/disposed
2023-12-12 20:16:55.266 [warning] TextEditor is closed/disposed
2023-12-12 20:16:57.411 [warning] TextEditor is closed/disposed
2023-12-12 20:17:49.902 [warning] TextEditor is closed/disposed
2023-12-12 20:17:51.316 [warning] TextEditor is closed/disposed
2023-12-12 20:18:44.824 [warning] TextEditor is closed/disposed
2023-12-12 20:18:49.855 [warning] TextEditor is closed/disposed
2023-12-12 20:18:53.024 [warning] TextEditor is closed/disposed
2023-12-12 20:18:59.336 [warning] TextEditor is closed/disposed
2023-12-12 20:19:06.286 [warning] TextEditor is closed/disposed
2023-12-12 20:19:21.097 [warning] TextEditor is closed/disposed
2023-12-12 20:19:32.908 [warning] TextEditor is closed/disposed
2023-12-12 20:19:43.044 [warning] TextEditor is closed/disposed
2023-12-12 20:19:44.822 [warning] TextEditor is closed/disposed
2023-12-12 20:19:46.853 [warning] TextEditor is closed/disposed
2023-12-12 20:19:58.850 [warning] TextEditor is closed/disposed
2023-12-12 20:20:23.812 [warning] TextEditor is closed/disposed
2023-12-12 20:20:59.839 [warning] TextEditor is closed/disposed
2023-12-12 20:21:12.050 [warning] TextEditor is closed/disposed
2023-12-12 20:22:02.526 [warning] TextEditor is closed/disposed
2023-12-12 20:22:16.928 [warning] TextEditor is closed/disposed
2023-12-12 20:22:17.980 [warning] TextEditor is closed/disposed
2023-12-12 20:24:10.453 [warning] TextEditor is closed/disposed
2023-12-12 20:24:14.936 [warning] TextEditor is closed/disposed
2023-12-12 20:24:31.049 [warning] TextEditor is closed/disposed
2023-12-12 20:24:32.062 [warning] TextEditor is closed/disposed
2023-12-12 20:24:32.707 [warning] TextEditor is closed/disposed
2023-12-12 20:24:38.560 [warning] TextEditor is closed/disposed
2023-12-12 20:25:06.828 [warning] TextEditor is closed/disposed
2023-12-12 20:25:20.727 [warning] TextEditor is closed/disposed
2023-12-12 20:25:31.050 [warning] TextEditor is closed/disposed
2023-12-12 20:25:37.099 [warning] TextEditor is closed/disposed
2023-12-12 20:26:07.571 [warning] TextEditor is closed/disposed
2023-12-12 20:26:17.579 [warning] TextEditor is closed/disposed
2023-12-12 20:27:11.510 [warning] TextEditor is closed/disposed
2023-12-12 20:27:29.522 [warning] TextEditor is closed/disposed
2023-12-12 20:28:27.434 [warning] TextEditor is closed/disposed
2023-12-12 20:28:31.473 [warning] TextEditor is closed/disposed
2023-12-12 20:28:39.614 [warning] TextEditor is closed/disposed
2023-12-12 20:28:49.272 [warning] TextEditor is closed/disposed
2023-12-12 20:29:05.670 [warning] TextEditor is closed/disposed
2023-12-12 20:29:37.123 [warning] TextEditor is closed/disposed
2023-12-12 20:30:54.995 [warning] TextEditor is closed/disposed
2023-12-12 20:31:14.561 [warning] TextEditor is closed/disposed
2023-12-12 20:31:28.284 [warning] TextEditor is closed/disposed
2023-12-12 20:31:36.986 [warning] TextEditor is closed/disposed
2023-12-12 20:32:22.866 [warning] TextEditor is closed/disposed
2023-12-12 20:33:04.407 [warning] TextEditor is closed/disposed
2023-12-12 20:33:14.705 [warning] TextEditor is closed/disposed
2023-12-12 20:33:26.087 [warning] TextEditor is closed/disposed
2023-12-12 20:33:46.160 [warning] TextEditor is closed/disposed
2023-12-12 20:33:57.991 [warning] TextEditor is closed/disposed
2023-12-12 20:36:29.214 [warning] TextEditor is closed/disposed
2023-12-12 20:37:22.929 [warning] TextEditor is closed/disposed
2023-12-12 20:37:33.557 [warning] TextEditor is closed/disposed
2023-12-12 20:38:40.380 [warning] TextEditor is closed/disposed
2023-12-12 20:39:37.362 [warning] TextEditor is closed/disposed
2023-12-12 20:39:44.621 [warning] TextEditor is closed/disposed
2023-12-12 20:39:53.459 [warning] TextEditor is closed/disposed
2023-12-12 20:39:54.629 [warning] TextEditor is closed/disposed
2023-12-12 20:40:22.157 [warning] TextEditor is closed/disposed
2023-12-12 20:41:30.244 [warning] TextEditor is closed/disposed
2023-12-12 20:41:35.618 [warning] TextEditor is closed/disposed
2023-12-12 20:41:38.185 [warning] TextEditor is closed/disposed
2023-12-12 20:41:46.300 [warning] TextEditor is closed/disposed
2023-12-12 20:42:02.561 [warning] TextEditor is closed/disposed
2023-12-12 20:42:20.677 [warning] TextEditor is closed/disposed
2023-12-12 20:44:54.074 [warning] TextEditor is closed/disposed
2023-12-12 20:44:58.181 [warning] TextEditor is closed/disposed
2023-12-12 20:45:05.818 [warning] TextEditor is closed/disposed
2023-12-12 20:45:14.405 [warning] TextEditor is closed/disposed
2023-12-12 20:45:17.605 [warning] TextEditor is closed/disposed
2023-12-12 20:45:20.067 [warning] TextEditor is closed/disposed
2023-12-12 20:45:41.646 [warning] TextEditor is closed/disposed
2023-12-12 20:45:42.722 [warning] TextEditor is closed/disposed
2023-12-12 20:47:15.668 [warning] TextEditor is closed/disposed
2023-12-12 20:47:16.233 [warning] TextEditor is closed/disposed
2023-12-12 20:47:25.894 [warning] TextEditor is closed/disposed
2023-12-12 20:47:46.648 [warning] TextEditor is closed/disposed
2023-12-12 20:47:47.959 [warning] TextEditor is closed/disposed
2023-12-12 20:47:49.001 [warning] TextEditor is closed/disposed
2023-12-12 20:47:49.937 [warning] TextEditor is closed/disposed
2023-12-12 20:48:13.739 [warning] TextEditor is closed/disposed
2023-12-12 20:48:18.318 [warning] TextEditor is closed/disposed
2023-12-12 20:48:28.993 [warning] TextEditor is closed/disposed
2023-12-12 20:48:36.540 [warning] TextEditor is closed/disposed
2023-12-12 20:48:40.836 [warning] TextEditor is closed/disposed
2023-12-12 20:50:10.821 [warning] TextEditor is closed/disposed
2023-12-12 20:50:34.926 [warning] TextEditor is closed/disposed
2023-12-12 20:55:49.562 [warning] TextEditor is closed/disposed
2023-12-12 20:56:10.972 [warning] TextEditor is closed/disposed
2023-12-12 20:58:12.734 [warning] TextEditor is closed/disposed
2023-12-12 20:58:14.797 [warning] TextEditor is closed/disposed
2023-12-12 21:05:57.895 [warning] TextEditor is closed/disposed
2023-12-12 21:06:02.354 [warning] TextEditor is closed/disposed
2023-12-12 21:06:05.136 [warning] TextEditor is closed/disposed
2023-12-12 21:06:09.124 [warning] TextEditor is closed/disposed
2023-12-12 21:06:12.006 [warning] TextEditor is closed/disposed
2023-12-12 21:06:21.229 [warning] TextEditor is closed/disposed
2023-12-12 21:06:23.747 [warning] TextEditor is closed/disposed
2023-12-12 21:06:27.889 [warning] TextEditor is closed/disposed
2023-12-12 21:06:31.643 [warning] TextEditor is closed/disposed
2023-12-12 21:06:41.405 [warning] TextEditor is closed/disposed
2023-12-12 21:06:46.569 [warning] TextEditor is closed/disposed
2023-12-12 21:06:55.078 [warning] TextEditor is closed/disposed
2023-12-12 21:06:59.569 [warning] TextEditor is closed/disposed
2023-12-12 21:07:10.845 [warning] TextEditor is closed/disposed
2023-12-12 21:07:15.008 [warning] TextEditor is closed/disposed
2023-12-12 21:07:16.891 [warning] TextEditor is closed/disposed
2023-12-12 21:07:25.734 [warning] TextEditor is closed/disposed
2023-12-12 21:07:36.168 [warning] TextEditor is closed/disposed
2023-12-12 21:07:41.375 [warning] TextEditor is closed/disposed
2023-12-12 21:07:43.889 [warning] TextEditor is closed/disposed
2023-12-12 21:27:59.480 [warning] TextEditor is closed/disposed
2023-12-12 21:28:00.349 [warning] TextEditor is closed/disposed
2023-12-12 22:14:09.313 [info] Extension host terminating: renderer closed the MessagePort
2023-12-12 22:14:09.359 [warning] Canceled
2023-12-12 22:14:09.360 [error] TypeError: r.some is not a function
	at d.saveToDisk (/home/michell/.vscode/extensions/vscodevim.vim-1.27.1/out/extension.js:2:675539)
	at t.deactivate (/home/michell/.vscode/extensions/vscodevim.vim-1.27.1/out/extension.js:2:213749)
	at f.cb (/usr/share/code/resources/app/out/vs/workbench/api/node/extensionHostProcess.js:154:9678)
	at /usr/share/code/resources/app/out/vs/workbench/api/node/extensionHostProcess.js:154:7808
	at Array.map (<anonymous>)
	at f.Y (/usr/share/code/resources/app/out/vs/workbench/api/node/extensionHostProcess.js:154:7795)
	at f.terminate (/usr/share/code/resources/app/out/vs/workbench/api/node/extensionHostProcess.js:154:8068)
	at s.terminate (/usr/share/code/resources/app/out/vs/workbench/api/node/extensionHostProcess.js:158:1513)
	at a (/usr/share/code/resources/app/out/vs/workbench/api/node/extensionHostProcess.js:171:9802)
	at MessagePortMain.<anonymous> (/usr/share/code/resources/app/out/vs/workbench/api/node/extensionHostProcess.js:171:6227)
	at MessagePortMain.emit (node:events:513:28)
	at MessagePortMain._internalPort.emit (node:electron/js2c/utility_init:2:367)
2023-12-12 22:14:09.361 [error] Canceled: Canceled
	at new g (/usr/share/code/resources/app/out/vs/workbench/api/node/extensionHostProcess.js:141:110274)
	at l.U (/usr/share/code/resources/app/out/vs/workbench/api/node/extensionHostProcess.js:150:10866)
	at P.<computed>.j.charCodeAt.P.<computed> (/usr/share/code/resources/app/out/vs/workbench/api/node/extensionHostProcess.js:150:8317)
	at d.g (/usr/share/code/resources/app/out/vs/workbench/api/node/extensionHostProcess.js:141:139555)
	at d.executeCommand (/usr/share/code/resources/app/out/vs/workbench/api/node/extensionHostProcess.js:141:138993)
	at p.registerCommand.description (/usr/share/code/resources/app/out/vs/workbench/api/node/extensionHostProcess.js:141:138317)
	at d.h (/usr/share/code/resources/app/out/vs/workbench/api/node/extensionHostProcess.js:141:140094)
	at d.g (/usr/share/code/resources/app/out/vs/workbench/api/node/extensionHostProcess.js:141:139086)
	at d.executeCommand (/usr/share/code/resources/app/out/vs/workbench/api/node/extensionHostProcess.js:141:138993)
	at Object.executeCommand (/usr/share/code/resources/app/out/vs/workbench/api/node/extensionHostProcess.js:158:21333)
	at f.I [as value] (/usr/share/code/resources/app/extensions/git/dist/main.js:2:924696)
	at n.y (/usr/share/code/resources/app/out/vs/workbench/api/node/extensionHostProcess.js:80:1902)
	at n.z (/usr/share/code/resources/app/out/vs/workbench/api/node/extensionHostProcess.js:80:1972)
	at n.fire (/usr/share/code/resources/app/out/vs/workbench/api/node/extensionHostProcess.js:80:2188)
	at Object.m [as dispose] (/usr/share/code/resources/app/extensions/git/dist/main.js:2:940613)
	at /usr/share/code/resources/app/extensions/git/dist/main.js:2:945566
	at Array.forEach (<anonymous>)
	at p.dispose (/usr/share/code/resources/app/extensions/git/dist/main.js:2:945552)
	at u.<anonymous> (/usr/share/code/resources/app/out/vs/workbench/api/node/extensionHostProcess.js:137:3620)
	at u.dispose (/usr/share/code/resources/app/out/vs/workbench/api/node/extensionHostProcess.js:137:3717)
	at u.<anonymous> (/usr/share/code/resources/app/extensions/git/dist/main.js:2:926708)
	at u.dispose (/usr/share/code/resources/app/out/vs/workbench/api/node/extensionHostProcess.js:137:3717)
	at s (/usr/share/code/resources/app/out/vs/workbench/api/node/extensionHostProcess.js:30:754)
	at f.cb (/usr/share/code/resources/app/out/vs/workbench/api/node/extensionHostProcess.js:154:9873)
	at /usr/share/code/resources/app/out/vs/workbench/api/node/extensionHostProcess.js:154:7808
	at Array.map (<anonymous>)
	at f.Y (/usr/share/code/resources/app/out/vs/workbench/api/node/extensionHostProcess.js:154:7795)
	at f.terminate (/usr/share/code/resources/app/out/vs/workbench/api/node/extensionHostProcess.js:154:8068)
	at s.terminate (/usr/share/code/resources/app/out/vs/workbench/api/node/extensionHostProcess.js:158:1513)
	at a (/usr/share/code/resources/app/out/vs/workbench/api/node/extensionHostProcess.js:171:9802)
	at MessagePortMain.<anonymous> (/usr/share/code/resources/app/out/vs/workbench/api/node/extensionHostProcess.js:171:6227)
	at MessagePortMain.emit (node:events:513:28)
	at MessagePortMain._internalPort.emit (node:electron/js2c/utility_init:2:367) setContext undefined
2023-12-12 22:14:09.362 [error] Canceled: Canceled
	at new g (/usr/share/code/resources/app/out/vs/workbench/api/node/extensionHostProcess.js:141:110274)
	at l.U (/usr/share/code/resources/app/out/vs/workbench/api/node/extensionHostProcess.js:150:10866)
	at P.<computed>.j.charCodeAt.P.<computed> (/usr/share/code/resources/app/out/vs/workbench/api/node/extensionHostProcess.js:150:8317)
	at d.g (/usr/share/code/resources/app/out/vs/workbench/api/node/extensionHostProcess.js:141:139555)
	at d.executeCommand (/usr/share/code/resources/app/out/vs/workbench/api/node/extensionHostProcess.js:141:138993)
	at p.registerCommand.description (/usr/share/code/resources/app/out/vs/workbench/api/node/extensionHostProcess.js:141:138317)
	at d.h (/usr/share/code/resources/app/out/vs/workbench/api/node/extensionHostProcess.js:141:140094)
	at d.g (/usr/share/code/resources/app/out/vs/workbench/api/node/extensionHostProcess.js:141:139086)
	at d.executeCommand (/usr/share/code/resources/app/out/vs/workbench/api/node/extensionHostProcess.js:141:138993)
	at Object.executeCommand (/usr/share/code/resources/app/out/vs/workbench/api/node/extensionHostProcess.js:158:21333)
	at set b [as b] (/usr/share/code/resources/app/extensions/github/dist/extension.js:2:322364)
	at /usr/share/code/resources/app/extensions/github/dist/extension.js:2:323005
	at f.value (/usr/share/code/resources/app/extensions/git/dist/main.js:2:1016450)
	at n.y (/usr/share/code/resources/app/out/vs/workbench/api/node/extensionHostProcess.js:80:1902)
	at n.z (/usr/share/code/resources/app/out/vs/workbench/api/node/extensionHostProcess.js:80:1972)
	at n.fire (/usr/share/code/resources/app/out/vs/workbench/api/node/extensionHostProcess.js:80:2188)
	at Object.m [as dispose] (/usr/share/code/resources/app/extensions/git/dist/main.js:2:940613)
	at /usr/share/code/resources/app/extensions/git/dist/main.js:2:945566
	at Array.forEach (<anonymous>)
	at p.dispose (/usr/share/code/resources/app/extensions/git/dist/main.js:2:945552)
	at u.<anonymous> (/usr/share/code/resources/app/out/vs/workbench/api/node/extensionHostProcess.js:137:3620)
	at u.dispose (/usr/share/code/resources/app/out/vs/workbench/api/node/extensionHostProcess.js:137:3717)
	at u.<anonymous> (/usr/share/code/resources/app/extensions/git/dist/main.js:2:926708)
	at u.dispose (/usr/share/code/resources/app/out/vs/workbench/api/node/extensionHostProcess.js:137:3717)
	at s (/usr/share/code/resources/app/out/vs/workbench/api/node/extensionHostProcess.js:30:754)
	at f.cb (/usr/share/code/resources/app/out/vs/workbench/api/node/extensionHostProcess.js:154:9873)
	at /usr/share/code/resources/app/out/vs/workbench/api/node/extensionHostProcess.js:154:7808
	at Array.map (<anonymous>)
	at f.Y (/usr/share/code/resources/app/out/vs/workbench/api/node/extensionHostProcess.js:154:7795)
	at f.terminate (/usr/share/code/resources/app/out/vs/workbench/api/node/extensionHostProcess.js:154:8068)
	at s.terminate (/usr/share/code/resources/app/out/vs/workbench/api/node/extensionHostProcess.js:158:1513)
	at a (/usr/share/code/resources/app/out/vs/workbench/api/node/extensionHostProcess.js:171:9802)
	at MessagePortMain.<anonymous> (/usr/share/code/resources/app/out/vs/workbench/api/node/extensionHostProcess.js:171:6227)
	at MessagePortMain.emit (node:events:513:28)
	at MessagePortMain._internalPort.emit (node:electron/js2c/utility_init:2:367) setContext undefined
2023-12-12 22:14:09.362 [error] Canceled: Canceled
	at new g (/usr/share/code/resources/app/out/vs/workbench/api/node/extensionHostProcess.js:141:110274)
	at l.U (/usr/share/code/resources/app/out/vs/workbench/api/node/extensionHostProcess.js:150:10866)
	at P.<computed>.j.charCodeAt.P.<computed> (/usr/share/code/resources/app/out/vs/workbench/api/node/extensionHostProcess.js:150:8317)
	at d.g (/usr/share/code/resources/app/out/vs/workbench/api/node/extensionHostProcess.js:141:139555)
	at d.executeCommand (/usr/share/code/resources/app/out/vs/workbench/api/node/extensionHostProcess.js:141:138993)
	at p.registerCommand.description (/usr/share/code/resources/app/out/vs/workbench/api/node/extensionHostProcess.js:141:138317)
	at d.h (/usr/share/code/resources/app/out/vs/workbench/api/node/extensionHostProcess.js:141:140094)
	at d.g (/usr/share/code/resources/app/out/vs/workbench/api/node/extensionHostProcess.js:141:139086)
	at d.executeCommand (/usr/share/code/resources/app/out/vs/workbench/api/node/extensionHostProcess.js:141:138993)
	at Object.executeCommand (/usr/share/code/resources/app/out/vs/workbench/api/node/extensionHostProcess.js:158:21333)
	at w (/home/michell/.vscode/extensions/eamodio.gitlens-14.5.2/dist/gitlens.js:1:1112601)
	at l (/home/michell/.vscode/extensions/eamodio.gitlens-14.5.2/dist/gitlens.js:1:1117244)
	at ActionRunners._updateContextKeys (/home/michell/.vscode/extensions/eamodio.gitlens-14.5.2/dist/gitlens.js:1:39035)
	at s (/home/michell/.vscode/extensions/eamodio.gitlens-14.5.2/dist/gitlens.js:1:37454)
	at RegisteredActionRunner.unregister (/home/michell/.vscode/extensions/eamodio.gitlens-14.5.2/dist/gitlens.js:1:37598)
	at RegisteredActionRunner.dispose (/home/michell/.vscode/extensions/eamodio.gitlens-14.5.2/dist/gitlens.js:1:36261)
	at ActionRunners.dispose (/home/michell/.vscode/extensions/eamodio.gitlens-14.5.2/dist/gitlens.js:1:37040)
	at /home/michell/.vscode/extensions/eamodio.gitlens-14.5.2/dist/gitlens.js:1:800190
	at Array.forEach (<anonymous>)
	at Object.dispose (/home/michell/.vscode/extensions/eamodio.gitlens-14.5.2/dist/gitlens.js:1:800175)
	at s (/usr/share/code/resources/app/out/vs/workbench/api/node/extensionHostProcess.js:30:754)
	at f.cb (/usr/share/code/resources/app/out/vs/workbench/api/node/extensionHostProcess.js:154:9873)
	at /usr/share/code/resources/app/out/vs/workbench/api/node/extensionHostProcess.js:154:7808
	at Array.map (<anonymous>)
	at f.Y (/usr/share/code/resources/app/out/vs/workbench/api/node/extensionHostProcess.js:154:7795)
	at f.terminate (/usr/share/code/resources/app/out/vs/workbench/api/node/extensionHostProcess.js:154:8068)
	at s.terminate (/usr/share/code/resources/app/out/vs/workbench/api/node/extensionHostProcess.js:158:1513)
	at a (/usr/share/code/resources/app/out/vs/workbench/api/node/extensionHostProcess.js:171:9802)
	at MessagePortMain.<anonymous> (/usr/share/code/resources/app/out/vs/workbench/api/node/extensionHostProcess.js:171:6227)
	at MessagePortMain.emit (node:events:513:28)
	at MessagePortMain._internalPort.emit (node:electron/js2c/utility_init:2:367) setContext undefined
2023-12-12 22:14:09.362 [error] Canceled: Canceled
	at new g (/usr/share/code/resources/app/out/vs/workbench/api/node/extensionHostProcess.js:141:110274)
	at l.U (/usr/share/code/resources/app/out/vs/workbench/api/node/extensionHostProcess.js:150:10866)
	at P.<computed>.j.charCodeAt.P.<computed> (/usr/share/code/resources/app/out/vs/workbench/api/node/extensionHostProcess.js:150:8317)
	at d.g (/usr/share/code/resources/app/out/vs/workbench/api/node/extensionHostProcess.js:141:139555)
	at d.executeCommand (/usr/share/code/resources/app/out/vs/workbench/api/node/extensionHostProcess.js:141:138993)
	at p.registerCommand.description (/usr/share/code/resources/app/out/vs/workbench/api/node/extensionHostProcess.js:141:138317)
	at d.h (/usr/share/code/resources/app/out/vs/workbench/api/node/extensionHostProcess.js:141:140094)
	at d.g (/usr/share/code/resources/app/out/vs/workbench/api/node/extensionHostProcess.js:141:139086)
	at d.executeCommand (/usr/share/code/resources/app/out/vs/workbench/api/node/extensionHostProcess.js:141:138993)
	at Object.executeCommand (/usr/share/code/resources/app/out/vs/workbench/api/node/extensionHostProcess.js:158:21333)
	at w (/home/michell/.vscode/extensions/eamodio.gitlens-14.5.2/dist/gitlens.js:1:1112601)
	at l (/home/michell/.vscode/extensions/eamodio.gitlens-14.5.2/dist/gitlens.js:1:1117244)
	at ActionRunners._updateContextKeys (/home/michell/.vscode/extensions/eamodio.gitlens-14.5.2/dist/gitlens.js:1:39035)
	at s (/home/michell/.vscode/extensions/eamodio.gitlens-14.5.2/dist/gitlens.js:1:37454)
	at RegisteredActionRunner.unregister (/home/michell/.vscode/extensions/eamodio.gitlens-14.5.2/dist/gitlens.js:1:37598)
	at RegisteredActionRunner.dispose (/home/michell/.vscode/extensions/eamodio.gitlens-14.5.2/dist/gitlens.js:1:36261)
	at ActionRunners.dispose (/home/michell/.vscode/extensions/eamodio.gitlens-14.5.2/dist/gitlens.js:1:37040)
	at /home/michell/.vscode/extensions/eamodio.gitlens-14.5.2/dist/gitlens.js:1:800190
	at Array.forEach (<anonymous>)
	at Object.dispose (/home/michell/.vscode/extensions/eamodio.gitlens-14.5.2/dist/gitlens.js:1:800175)
	at s (/usr/share/code/resources/app/out/vs/workbench/api/node/extensionHostProcess.js:30:754)
	at f.cb (/usr/share/code/resources/app/out/vs/workbench/api/node/extensionHostProcess.js:154:9873)
	at /usr/share/code/resources/app/out/vs/workbench/api/node/extensionHostProcess.js:154:7808
	at Array.map (<anonymous>)
	at f.Y (/usr/share/code/resources/app/out/vs/workbench/api/node/extensionHostProcess.js:154:7795)
	at f.terminate (/usr/share/code/resources/app/out/vs/workbench/api/node/extensionHostProcess.js:154:8068)
	at s.terminate (/usr/share/code/resources/app/out/vs/workbench/api/node/extensionHostProcess.js:158:1513)
	at a (/usr/share/code/resources/app/out/vs/workbench/api/node/extensionHostProcess.js:171:9802)
	at MessagePortMain.<anonymous> (/usr/share/code/resources/app/out/vs/workbench/api/node/extensionHostProcess.js:171:6227)
	at MessagePortMain.emit (node:events:513:28)
	at MessagePortMain._internalPort.emit (node:electron/js2c/utility_init:2:367) setContext undefined
2023-12-12 22:14:09.362 [error] Canceled: Canceled
	at new g (/usr/share/code/resources/app/out/vs/workbench/api/node/extensionHostProcess.js:141:110274)
	at l.U (/usr/share/code/resources/app/out/vs/workbench/api/node/extensionHostProcess.js:150:10866)
	at P.<computed>.j.charCodeAt.P.<computed> (/usr/share/code/resources/app/out/vs/workbench/api/node/extensionHostProcess.js:150:8317)
	at d.g (/usr/share/code/resources/app/out/vs/workbench/api/node/extensionHostProcess.js:141:139555)
	at d.executeCommand (/usr/share/code/resources/app/out/vs/workbench/api/node/extensionHostProcess.js:141:138993)
	at p.registerCommand.description (/usr/share/code/resources/app/out/vs/workbench/api/node/extensionHostProcess.js:141:138317)
	at d.h (/usr/share/code/resources/app/out/vs/workbench/api/node/extensionHostProcess.js:141:140094)
	at d.g (/usr/share/code/resources/app/out/vs/workbench/api/node/extensionHostProcess.js:141:139086)
	at d.executeCommand (/usr/share/code/resources/app/out/vs/workbench/api/node/extensionHostProcess.js:141:138993)
	at Object.executeCommand (/usr/share/code/resources/app/out/vs/workbench/api/node/extensionHostProcess.js:158:21333)
	at w (/home/michell/.vscode/extensions/eamodio.gitlens-14.5.2/dist/gitlens.js:1:1112601)
	at l (/home/michell/.vscode/extensions/eamodio.gitlens-14.5.2/dist/gitlens.js:1:1117244)
	at ActionRunners._updateContextKeys (/home/michell/.vscode/extensions/eamodio.gitlens-14.5.2/dist/gitlens.js:1:39035)
	at s (/home/michell/.vscode/extensions/eamodio.gitlens-14.5.2/dist/gitlens.js:1:37454)
	at RegisteredActionRunner.unregister (/home/michell/.vscode/extensions/eamodio.gitlens-14.5.2/dist/gitlens.js:1:37598)
	at RegisteredActionRunner.dispose (/home/michell/.vscode/extensions/eamodio.gitlens-14.5.2/dist/gitlens.js:1:36261)
	at ActionRunners.dispose (/home/michell/.vscode/extensions/eamodio.gitlens-14.5.2/dist/gitlens.js:1:37040)
	at /home/michell/.vscode/extensions/eamodio.gitlens-14.5.2/dist/gitlens.js:1:800190
	at Array.forEach (<anonymous>)
	at Object.dispose (/home/michell/.vscode/extensions/eamodio.gitlens-14.5.2/dist/gitlens.js:1:800175)
	at s (/usr/share/code/resources/app/out/vs/workbench/api/node/extensionHostProcess.js:30:754)
	at f.cb (/usr/share/code/resources/app/out/vs/workbench/api/node/extensionHostProcess.js:154:9873)
	at /usr/share/code/resources/app/out/vs/workbench/api/node/extensionHostProcess.js:154:7808
	at Array.map (<anonymous>)
	at f.Y (/usr/share/code/resources/app/out/vs/workbench/api/node/extensionHostProcess.js:154:7795)
	at f.terminate (/usr/share/code/resources/app/out/vs/workbench/api/node/extensionHostProcess.js:154:8068)
	at s.terminate (/usr/share/code/resources/app/out/vs/workbench/api/node/extensionHostProcess.js:158:1513)
	at a (/usr/share/code/resources/app/out/vs/workbench/api/node/extensionHostProcess.js:171:9802)
	at MessagePortMain.<anonymous> (/usr/share/code/resources/app/out/vs/workbench/api/node/extensionHostProcess.js:171:6227)
	at MessagePortMain.emit (node:events:513:28)
	at MessagePortMain._internalPort.emit (node:electron/js2c/utility_init:2:367) setContext undefined
2023-12-12 22:14:09.370 [info] Extension host with pid 76327 exiting with code 0
