2023-12-14 08:07:53.250 [info] Log level: Info
2023-12-14 08:07:53.250 [info] Validating found git in: "git"
2023-12-14 08:07:53.250 [info] Using git "2.25.1" from "git"
2023-12-14 08:07:53.250 [info] > git rev-parse --show-toplevel [2ms]
2023-12-14 08:07:53.250 [info] > git rev-parse --git-dir --git-common-dir [4ms]
2023-12-14 08:07:53.250 [info] Open repository: /home/michell/Workspace/theodinproject/css-exercises
2023-12-14 08:07:53.251 [info] > git rev-parse --show-toplevel [3ms]
2023-12-14 08:07:53.251 [info] > git config --get commit.template [7ms]
2023-12-14 08:07:53.258 [info] > git rev-parse --show-toplevel [3ms]
2023-12-14 08:07:53.262 [info] > git for-each-ref --format=%(refname)%00%(upstream:short)%00%(objectname)%00%(upstream:track)%00%(upstream:remotename)%00%(upstream:remoteref) refs/heads/main refs/remotes/main [4ms]
2023-12-14 08:07:53.262 [info] > git rev-parse --show-toplevel [1ms]
2023-12-14 08:07:53.269 [info] > git rev-parse --show-toplevel [4ms]
2023-12-14 08:07:53.273 [info] > git status -z -uall [3ms]
2023-12-14 08:07:53.281 [info] > git rev-parse --show-toplevel [9ms]
2023-12-14 08:07:53.285 [info] > git config --get commit.template [4ms]
2023-12-14 08:07:53.285 [info] > git rev-parse --show-toplevel [1ms]
2023-12-14 08:07:53.292 [info] > git rev-parse --show-toplevel [0ms]
2023-12-14 08:07:53.294 [info] > git for-each-ref --format=%(refname)%00%(upstream:short)%00%(objectname)%00%(upstream:track)%00%(upstream:remotename)%00%(upstream:remoteref) refs/heads/main refs/remotes/main [5ms]
2023-12-14 08:07:53.300 [info] > git status -z -uall [2ms]
2023-12-14 08:07:53.550 [info] > git show --textconv :flex/04-flex-information/style.css [4ms]
2023-12-14 08:07:53.551 [info] > git ls-files --stage -- /home/michell/Workspace/theodinproject/css-exercises/flex/04-flex-information/style.css [1ms]
2023-12-14 08:07:53.555 [info] > git cat-file -s 80c00fd4bd5bdee3457dae266e588fe3a011fff5 [1ms]
2023-12-14 08:07:53.758 [info] > git check-ignore -v -z --stdin [1ms]
2023-12-14 08:07:54.426 [info] > git ls-files --stage -- /home/michell/Workspace/theodinproject/css-exercises/flex/04-flex-information/style.css [1ms]
2023-12-14 08:07:54.429 [info] > git cat-file -s 80c00fd4bd5bdee3457dae266e588fe3a011fff5 [0ms]
2023-12-14 08:07:54.434 [info] > git show --textconv :flex/04-flex-information/style.css [1ms]
2023-12-14 08:07:56.009 [info] > git fetch [2770ms]
2023-12-14 08:07:56.016 [info] > git config --get commit.template [3ms]
2023-12-14 08:07:56.016 [info] > git for-each-ref --format=%(refname)%00%(upstream:short)%00%(objectname)%00%(upstream:track)%00%(upstream:remotename)%00%(upstream:remoteref) refs/heads/main refs/remotes/main [0ms]
2023-12-14 08:07:56.021 [info] > git status -z -uall [2ms]
2023-12-14 08:07:56.686 [info] > git ls-files --stage -- /home/michell/Workspace/theodinproject/css-exercises/flex/04-flex-information/style.css [2ms]
2023-12-14 08:07:56.694 [info] > git cat-file -s 80c00fd4bd5bdee3457dae266e588fe3a011fff5 [2ms]
2023-12-14 08:07:56.704 [info] > git show --textconv :flex/04-flex-information/style.css [2ms]
2023-12-14 08:12:48.333 [info] > git ls-files --stage -- /home/michell/Workspace/theodinproject/css-exercises/flex/04-flex-information/style.css [1ms]
2023-12-14 08:12:48.337 [info] > git cat-file -s 80c00fd4bd5bdee3457dae266e588fe3a011fff5 [1ms]
2023-12-14 08:12:48.342 [info] > git show --textconv :flex/04-flex-information/style.css [1ms]
2023-12-14 08:12:49.442 [info] > git fetch [2323ms]
2023-12-14 08:12:49.452 [info] > git config --get commit.template [4ms]
2023-12-14 08:12:49.452 [info] > git for-each-ref --format=%(refname)%00%(upstream:short)%00%(objectname)%00%(upstream:track)%00%(upstream:remotename)%00%(upstream:remoteref) refs/heads/main refs/remotes/main [1ms]
2023-12-14 08:12:49.458 [info] > git status -z -uall [2ms]
2023-12-14 08:12:51.612 [info] > git ls-files --stage -- /home/michell/Workspace/theodinproject/css-exercises/flex/04-flex-information/style.css [2ms]
2023-12-14 08:12:51.618 [info] > git cat-file -s 80c00fd4bd5bdee3457dae266e588fe3a011fff5 [1ms]
2023-12-14 08:12:51.628 [info] > git show --textconv :flex/04-flex-information/style.css [1ms]
2023-12-14 08:18:32.294 [info] > git ls-files --stage -- /home/michell/Workspace/theodinproject/css-exercises/flex/04-flex-information/style.css [2ms]
2023-12-14 08:18:32.301 [info] > git cat-file -s 80c00fd4bd5bdee3457dae266e588fe3a011fff5 [1ms]
2023-12-14 08:18:32.310 [info] > git show --textconv :flex/04-flex-information/style.css [1ms]
2023-12-14 08:18:34.154 [info] > git fetch [3054ms]
2023-12-14 08:18:34.174 [info] > git config --get commit.template [9ms]
2023-12-14 08:18:34.174 [info] > git for-each-ref --format=%(refname)%00%(upstream:short)%00%(objectname)%00%(upstream:track)%00%(upstream:remotename)%00%(upstream:remoteref) refs/heads/main refs/remotes/main [2ms]
2023-12-14 08:18:34.184 [info] > git status -z -uall [2ms]
2023-12-14 08:18:35.132 [info] > git ls-files --stage -- /home/michell/Workspace/theodinproject/css-exercises/flex/04-flex-information/style.css [0ms]
2023-12-14 08:18:35.139 [info] > git cat-file -s 80c00fd4bd5bdee3457dae266e588fe3a011fff5 [1ms]
2023-12-14 08:18:35.147 [info] > git show --textconv :flex/04-flex-information/style.css [1ms]
2023-12-14 08:34:57.956 [info] > git fetch [1628ms]
2023-12-14 08:34:57.974 [info] > git config --get commit.template [9ms]
2023-12-14 08:34:57.975 [info] > git for-each-ref --format=%(refname)%00%(upstream:short)%00%(objectname)%00%(upstream:track)%00%(upstream:remotename)%00%(upstream:remoteref) refs/heads/main refs/remotes/main [2ms]
2023-12-14 08:34:57.987 [info] > git status -z -uall [4ms]
2023-12-14 08:35:31.328 [info] > git ls-files --stage -- /home/michell/Workspace/theodinproject/css-exercises/flex/04-flex-information/style.css [1ms]
2023-12-14 08:35:31.334 [info] > git cat-file -s 80c00fd4bd5bdee3457dae266e588fe3a011fff5 [0ms]
2023-12-14 08:35:31.344 [info] > git show --textconv :flex/04-flex-information/style.css [1ms]
2023-12-14 08:36:08.222 [info] > git show --textconv :flex/04-flex-information/style.css [5ms]
2023-12-14 08:36:08.223 [info] > git ls-files --stage -- /home/michell/Workspace/theodinproject/css-exercises/flex/04-flex-information/style.css [1ms]
2023-12-14 08:36:08.228 [info] > git cat-file -s 80c00fd4bd5bdee3457dae266e588fe3a011fff5 [1ms]
