2023-12-12 19:32:59.103 [info] Added views:workbench.panel.markers.view in workbench.panel.markers
2023-12-12 19:32:59.103 [info] Added views:workbench.panel.output in workbench.panel.output
2023-12-12 19:32:59.103 [info] Added views:terminal in terminal
2023-12-12 19:32:59.103 [info] Added views:workbench.scm in workbench.view.scm
2023-12-12 19:32:59.103 [info] Added views:workbench.view.search in workbench.view.search
2023-12-12 19:32:59.103 [info] Added views:workbench.explorer.fileView in workbench.view.explorer
2023-12-12 19:32:59.262 [info] Added views:workbench.debug.welcome in workbench.view.debug
2023-12-12 19:32:59.633 [info] Added views:bookmarksExplorer,bookmarksHelpAndFeedback in workbench.view.extension.bookmarks
2023-12-12 19:32:59.634 [info] Added views:notes in workbench.view.extension.vscode-notes
2023-12-12 19:32:59.634 [info] Added views:gitlens.views.home,gitlens.views.drafts,gitlens.views.workspaces,gitlens.views.account in workbench.view.extension.gitlens
2023-12-12 19:32:59.634 [info] Added views:gitlens.views.commitDetails,gitlens.views.lineHistory,gitlens.views.fileHistory,gitlens.views.searchAndCompare in workbench.view.extension.gitlensInspect
2023-12-12 19:32:59.635 [info] Added views:gitlens.views.commits,gitlens.views.branches,gitlens.views.remotes,gitlens.views.stashes,gitlens.views.tags in workbench.view.scm
2023-12-12 19:32:59.786 [info] Added views:workbench.panel.repl.view in workbench.panel.repl
2023-12-12 19:33:00.377 [info] Added views:~remote.forwardedPorts in ~remote.forwardedPortsContainer
2023-12-12 19:33:01.560 [info] Added views:gitlens.views.graph,gitlens.views.graphDetails in workbench.view.extension.gitlensPanel
2023-12-12 19:33:01.560 [info] Added views:gitlens.views.timeline in workbench.view.extension.gitlensInspect
2023-12-12 19:33:01.561 [info] Added views:gitlens.views.worktrees in workbench.view.scm
2023-12-12 19:33:11.771 [info] Added views:workbench.views.extensions.installed,workbench.views.extensions.popular,extensions.recommendedList in workbench.view.extensions
2023-12-12 19:33:11.772 [info] Removed views:workbench.views.extensions.popular from workbench.view.extensions
2023-12-12 19:33:14.277 [info] Added views:workbench.panel.markers.view in workbench.panel.markers
2023-12-12 19:33:14.277 [info] Added views:workbench.panel.output in workbench.panel.output
2023-12-12 19:33:14.277 [info] Added views:terminal in terminal
2023-12-12 19:33:14.277 [info] Added views:workbench.scm in workbench.view.scm
2023-12-12 19:33:14.277 [info] Added views:workbench.view.search in workbench.view.search
2023-12-12 19:33:14.277 [info] Added views:workbench.explorer.fileView in workbench.view.explorer
2023-12-12 19:33:14.365 [info] Added views:workbench.debug.welcome in workbench.view.debug
2023-12-12 19:33:14.591 [info] Added views:bookmarksExplorer,bookmarksHelpAndFeedback in workbench.view.extension.bookmarks
2023-12-12 19:33:14.591 [info] Added views:notes in workbench.view.extension.vscode-notes
2023-12-12 19:33:14.591 [info] Added views:gitlens.views.home,gitlens.views.drafts,gitlens.views.workspaces,gitlens.views.account in workbench.view.extension.gitlens
2023-12-12 19:33:14.592 [info] Added views:gitlens.views.commitDetails,gitlens.views.lineHistory,gitlens.views.fileHistory,gitlens.views.searchAndCompare in workbench.view.extension.gitlensInspect
2023-12-12 19:33:14.592 [info] Added views:gitlens.views.commits,gitlens.views.branches,gitlens.views.remotes,gitlens.views.stashes,gitlens.views.tags in workbench.view.scm
2023-12-12 19:33:14.796 [info] Added views:workbench.panel.repl.view in workbench.panel.repl
2023-12-12 19:33:15.039 [info] Added views:~remote.forwardedPorts in ~remote.forwardedPortsContainer
2023-12-12 19:33:15.177 [info] Added views:workbench.views.extensions.installed,extensions.recommendedList in workbench.view.extensions
2023-12-12 19:33:16.649 [info] Added views:gitlens.views.graph,gitlens.views.graphDetails in workbench.view.extension.gitlensPanel
2023-12-12 19:33:16.649 [info] Added views:gitlens.views.timeline in workbench.view.extension.gitlensInspect
2023-12-12 19:33:16.650 [info] Added views:gitlens.views.worktrees in workbench.view.scm
2023-12-12 19:33:52.864 [info] Removed views:extensions.recommendedList,workbench.views.extensions.installed from workbench.view.extensions
2023-12-12 19:33:52.872 [info] Added views:workbench.views.extensions.marketplace in workbench.view.extensions
2023-12-12 19:35:56.770 [info] Removed views:workbench.views.extensions.marketplace from workbench.view.extensions
2023-12-12 19:35:56.781 [info] Added views:workbench.views.extensions.installed,extensions.recommendedList in workbench.view.extensions
2023-12-12 19:35:58.730 [info] Removed views:extensions.recommendedList,workbench.views.extensions.installed from workbench.view.extensions
2023-12-12 19:35:58.735 [info] Added views:workbench.views.extensions.marketplace in workbench.view.extensions
2023-12-12 19:36:06.398 [info] Removed views:workbench.views.extensions.marketplace from workbench.view.extensions
2023-12-12 19:36:06.408 [info] Added views:workbench.views.extensions.installed,extensions.recommendedList in workbench.view.extensions
2023-12-12 19:36:08.153 [info] Removed views:extensions.recommendedList,workbench.views.extensions.installed from workbench.view.extensions
2023-12-12 19:36:08.158 [info] Added views:workbench.views.extensions.marketplace in workbench.view.extensions
