2023-12-12 20:08:18.834 [info] /home/michell/.config/Code/User/profiles/-4f39f5a1/settings.json closed
2023-12-12 20:08:18.865 [info] Configuration changed
2023-12-12 20:08:25.163 [info] /home/michell/.config/Code/User/profiles/-4f39f5a1/settings.json closed
2023-12-12 20:08:25.174 [info] Configuration changed
2023-12-12 20:08:26.842 [info] Active editor: file:///home/michell/Workspace/theodinproject/css-exercises/margin-and-padding/01-margin-and-padding-1/index.html
2023-12-12 20:08:26.850 [info] /home/michell/Workspace/theodinproject/css-exercises/margin-and-padding/01-margin-and-padding-1/style.css.git closed
2023-12-12 20:08:31.706 [info] /home/michell/.config/Code/User/profiles/-4f39f5a1/settings.json closed
2023-12-12 20:08:31.722 [info] Configuration changed
2023-12-12 20:08:33.356 [info] Active editor: file:///home/michell/Workspace/theodinproject/css-exercises/margin-and-padding/01-margin-and-padding-1/style.css
2023-12-12 20:08:33.366 [info] /home/michell/Workspace/theodinproject/css-exercises/margin-and-padding/01-margin-and-padding-1/index.html.git closed
2023-12-12 20:08:37.763 [info] Active editor: file:///home/michell/Workspace/theodinproject/css-exercises/margin-and-padding/01-margin-and-padding-1/index.html
2023-12-12 20:08:37.770 [info] /home/michell/Workspace/theodinproject/css-exercises/margin-and-padding/01-margin-and-padding-1/style.css.git closed
2023-12-12 20:08:38.337 [info] Active editor: file:///home/michell/Workspace/theodinproject/css-exercises/margin-and-padding/01-margin-and-padding-1/README.md
2023-12-12 20:08:38.344 [info] /home/michell/Workspace/theodinproject/css-exercises/margin-and-padding/01-margin-and-padding-1/index.html.git closed
2023-12-12 20:08:40.043 [info] /home/michell/Workspace/theodinproject/css-exercises/margin-and-padding/01-margin-and-padding-1/README.md.git closed
2023-12-12 20:08:40.770 [info] Active editor: file:///home/michell/Workspace/theodinproject/css-exercises/margin-and-padding/01-margin-and-padding-1/README.md
2023-12-12 20:09:12.980 [info] /home/michell/Workspace/theodinproject/css-exercises/margin-and-padding/01-margin-and-padding-1/style.css closed
2023-12-12 20:09:12.980 [info] /home/michell/Workspace/theodinproject/css-exercises/margin-and-padding/01-margin-and-padding-1/index.html closed
2023-12-12 20:09:12.981 [info] /home/michell/Workspace/theodinproject/css-exercises/margin-and-padding/01-margin-and-padding-1/README.md closed
2023-12-12 20:09:12.981 [info] /home/michell/Workspace/theodinproject/css-exercises/margin-and-padding/01-margin-and-padding-1/README.md.git closed
2023-12-12 20:09:14.657 [info] Active editor: file:///home/michell/Workspace/theodinproject/css-exercises/margin-and-padding/02-margin-and-padding-2/style.css
2023-12-12 20:09:16.339 [info] Active editor: file:///home/michell/Workspace/theodinproject/css-exercises/margin-and-padding/02-margin-and-padding-2/README.md
2023-12-12 20:09:16.351 [info] /home/michell/Workspace/theodinproject/css-exercises/margin-and-padding/02-margin-and-padding-2/style.css.git closed
2023-12-12 20:09:32.264 [info] /home/michell/Workspace/theodinproject/css-exercises/margin-and-padding/02-margin-and-padding-2/README.md closed
2023-12-12 20:09:32.283 [info] /home/michell/Workspace/theodinproject/css-exercises/margin-and-padding/02-margin-and-padding-2/README.md.git closed
2023-12-12 20:09:40.352 [info] Active editor: file:///home/michell/Workspace/theodinproject/css-exercises/margin-and-padding/02-margin-and-padding-2/style.css
2023-12-12 20:09:42.697 [info] Active editor: file:///home/michell/Workspace/theodinproject/css-exercises/margin-and-padding/02-margin-and-padding-2/index.html
2023-12-12 20:09:42.705 [info] /home/michell/Workspace/theodinproject/css-exercises/margin-and-padding/02-margin-and-padding-2/style.css.git closed
2023-12-12 20:10:11.689 [info] Active editor: file:///home/michell/Workspace/theodinproject/css-exercises/margin-and-padding/02-margin-and-padding-2/style.css
2023-12-12 20:10:11.694 [info] /home/michell/Workspace/theodinproject/css-exercises/margin-and-padding/02-margin-and-padding-2/index.html.git closed
2023-12-12 20:10:13.249 [info] /home/michell/Workspace/theodinproject/css-exercises/margin-and-padding/02-margin-and-padding-2/style.css.git closed
2023-12-12 20:10:17.132 [info] Active editor: file:///home/michell/Workspace/theodinproject/css-exercises/margin-and-padding/02-margin-and-padding-2/index.html
2023-12-12 20:10:21.145 [info] Active editor: file:///home/michell/Workspace/theodinproject/css-exercises/margin-and-padding/02-margin-and-padding-2/style.css
2023-12-12 20:10:21.150 [info] /home/michell/Workspace/theodinproject/css-exercises/margin-and-padding/02-margin-and-padding-2/index.html.git closed
2023-12-12 20:10:22.214 [info] /home/michell/Workspace/theodinproject/css-exercises/margin-and-padding/02-margin-and-padding-2/style.css.git closed
2023-12-12 20:10:27.159 [info] Active editor: file:///home/michell/Workspace/theodinproject/css-exercises/margin-and-padding/02-margin-and-padding-2/style.css
2023-12-12 20:10:30.873 [info] /home/michell/Workspace/theodinproject/css-exercises/margin-and-padding/02-margin-and-padding-2/style.css.git closed
2023-12-12 20:10:36.855 [info] Active editor: file:///home/michell/Workspace/theodinproject/css-exercises/margin-and-padding/02-margin-and-padding-2/index.html
2023-12-12 20:10:53.226 [info] /home/michell/Workspace/theodinproject/css-exercises/margin-and-padding/02-margin-and-padding-2/index.html.git closed
2023-12-12 20:11:01.944 [info] Active editor: file:///home/michell/Workspace/theodinproject/css-exercises/margin-and-padding/02-margin-and-padding-2/index.html
2023-12-12 20:11:05.283 [info] Active editor: file:///home/michell/Workspace/theodinproject/css-exercises/margin-and-padding/02-margin-and-padding-2/style.css
2023-12-12 20:11:05.289 [info] /home/michell/Workspace/theodinproject/css-exercises/margin-and-padding/02-margin-and-padding-2/index.html.git closed
2023-12-12 20:12:56.759 [info] Active editor: file:///home/michell/Workspace/theodinproject/css-exercises/margin-and-padding/02-margin-and-padding-2/index.html
2023-12-12 20:12:56.764 [info] /home/michell/Workspace/theodinproject/css-exercises/margin-and-padding/02-margin-and-padding-2/style.css.git closed
2023-12-12 20:12:59.199 [info] Active editor: file:///home/michell/Workspace/theodinproject/css-exercises/margin-and-padding/02-margin-and-padding-2/README.md
2023-12-12 20:12:59.205 [info] /home/michell/Workspace/theodinproject/css-exercises/margin-and-padding/02-margin-and-padding-2/index.html.git closed
2023-12-12 20:13:37.716 [info] Active editor: file:///home/michell/Workspace/theodinproject/css-exercises/margin-and-padding/02-margin-and-padding-2/style.css
2023-12-12 20:13:37.722 [info] /home/michell/Workspace/theodinproject/css-exercises/margin-and-padding/02-margin-and-padding-2/README.md.git closed
2023-12-12 20:13:43.155 [info] Active editor: file:///home/michell/Workspace/theodinproject/css-exercises/margin-and-padding/02-margin-and-padding-2/index.html
2023-12-12 20:13:43.161 [info] /home/michell/Workspace/theodinproject/css-exercises/margin-and-padding/02-margin-and-padding-2/style.css.git closed
2023-12-12 20:13:43.691 [info] Active editor: file:///home/michell/Workspace/theodinproject/css-exercises/margin-and-padding/02-margin-and-padding-2/README.md
2023-12-12 20:13:43.696 [info] /home/michell/Workspace/theodinproject/css-exercises/margin-and-padding/02-margin-and-padding-2/index.html.git closed
2023-12-12 20:13:48.179 [info] Active editor: file:///home/michell/Workspace/theodinproject/css-exercises/margin-and-padding/02-margin-and-padding-2/style.css
2023-12-12 20:13:48.183 [info] /home/michell/Workspace/theodinproject/css-exercises/margin-and-padding/02-margin-and-padding-2/README.md.git closed
2023-12-12 20:13:53.678 [info] Active editor: file:///home/michell/Workspace/theodinproject/css-exercises/margin-and-padding/02-margin-and-padding-2/README.md
2023-12-12 20:13:53.685 [info] /home/michell/Workspace/theodinproject/css-exercises/margin-and-padding/02-margin-and-padding-2/style.css.git closed
2023-12-12 20:14:44.630 [info] Active editor: file:///home/michell/Workspace/theodinproject/css-exercises/margin-and-padding/02-margin-and-padding-2/style.css
2023-12-12 20:14:44.634 [info] /home/michell/Workspace/theodinproject/css-exercises/margin-and-padding/02-margin-and-padding-2/README.md.git closed
2023-12-12 20:14:47.326 [info] Active editor: file:///home/michell/Workspace/theodinproject/css-exercises/margin-and-padding/02-margin-and-padding-2/index.html
2023-12-12 20:14:47.331 [info] /home/michell/Workspace/theodinproject/css-exercises/margin-and-padding/02-margin-and-padding-2/style.css.git closed
2023-12-12 20:14:48.140 [info] Active editor: file:///home/michell/Workspace/theodinproject/css-exercises/margin-and-padding/02-margin-and-padding-2/README.md
2023-12-12 20:14:48.146 [info] /home/michell/Workspace/theodinproject/css-exercises/margin-and-padding/02-margin-and-padding-2/index.html.git closed
2023-12-12 20:14:57.723 [info] Active editor: file:///home/michell/Workspace/theodinproject/css-exercises/margin-and-padding/02-margin-and-padding-2/style.css
2023-12-12 20:14:57.729 [info] /home/michell/Workspace/theodinproject/css-exercises/margin-and-padding/02-margin-and-padding-2/README.md.git closed
2023-12-12 20:15:16.408 [info] Active editor: file:///home/michell/Workspace/theodinproject/css-exercises/margin-and-padding/02-margin-and-padding-2/index.html
2023-12-12 20:15:16.416 [info] /home/michell/Workspace/theodinproject/css-exercises/margin-and-padding/02-margin-and-padding-2/style.css.git closed
2023-12-12 20:15:17.269 [info] Active editor: file:///home/michell/Workspace/theodinproject/css-exercises/margin-and-padding/02-margin-and-padding-2/README.md
2023-12-12 20:15:17.276 [info] /home/michell/Workspace/theodinproject/css-exercises/margin-and-padding/02-margin-and-padding-2/index.html.git closed
2023-12-12 20:15:48.227 [info] Active editor: file:///home/michell/Workspace/theodinproject/css-exercises/margin-and-padding/02-margin-and-padding-2/style.css
2023-12-12 20:15:48.235 [info] /home/michell/Workspace/theodinproject/css-exercises/margin-and-padding/02-margin-and-padding-2/README.md.git closed
2023-12-12 20:16:02.364 [info] Active editor: file:///home/michell/Workspace/theodinproject/css-exercises/margin-and-padding/02-margin-and-padding-2/README.md
2023-12-12 20:16:02.373 [info] /home/michell/Workspace/theodinproject/css-exercises/margin-and-padding/02-margin-and-padding-2/style.css.git closed
2023-12-12 20:16:11.801 [info] Active editor: file:///home/michell/Workspace/theodinproject/css-exercises/margin-and-padding/02-margin-and-padding-2/style.css
2023-12-12 20:16:11.808 [info] /home/michell/Workspace/theodinproject/css-exercises/margin-and-padding/02-margin-and-padding-2/README.md.git closed
2023-12-12 20:16:15.482 [info] Active editor: file:///home/michell/Workspace/theodinproject/css-exercises/margin-and-padding/02-margin-and-padding-2/README.md
2023-12-12 20:16:15.493 [info] /home/michell/Workspace/theodinproject/css-exercises/margin-and-padding/02-margin-and-padding-2/style.css.git closed
2023-12-12 20:16:52.339 [info] Active editor: file:///home/michell/Workspace/theodinproject/css-exercises/margin-and-padding/02-margin-and-padding-2/style.css
2023-12-12 20:16:52.347 [info] /home/michell/Workspace/theodinproject/css-exercises/margin-and-padding/02-margin-and-padding-2/README.md.git closed
2023-12-12 20:16:55.277 [info] Active editor: file:///home/michell/Workspace/theodinproject/css-exercises/margin-and-padding/02-margin-and-padding-2/README.md
2023-12-12 20:16:55.286 [info] /home/michell/Workspace/theodinproject/css-exercises/margin-and-padding/02-margin-and-padding-2/style.css.git closed
2023-12-12 20:16:57.421 [info] Active editor: file:///home/michell/Workspace/theodinproject/css-exercises/margin-and-padding/02-margin-and-padding-2/style.css
2023-12-12 20:16:57.429 [info] /home/michell/Workspace/theodinproject/css-exercises/margin-and-padding/02-margin-and-padding-2/README.md.git closed
2023-12-12 20:17:14.571 [info] Active editor: file:///home/michell/Workspace/theodinproject/css-exercises/margin-and-padding/02-margin-and-padding-2/README.md
2023-12-12 20:17:14.578 [info] /home/michell/Workspace/theodinproject/css-exercises/margin-and-padding/02-margin-and-padding-2/style.css.git closed
2023-12-12 20:17:28.164 [info] Active editor: file:///home/michell/Workspace/theodinproject/css-exercises/margin-and-padding/02-margin-and-padding-2/style.css
2023-12-12 20:17:28.172 [info] /home/michell/Workspace/theodinproject/css-exercises/margin-and-padding/02-margin-and-padding-2/README.md.git closed
2023-12-12 20:17:49.913 [info] Active editor: file:///home/michell/Workspace/theodinproject/css-exercises/margin-and-padding/02-margin-and-padding-2/index.html
2023-12-12 20:17:49.921 [info] /home/michell/Workspace/theodinproject/css-exercises/margin-and-padding/02-margin-and-padding-2/style.css.git closed
2023-12-12 20:17:51.324 [info] Active editor: file:///home/michell/Workspace/theodinproject/css-exercises/margin-and-padding/02-margin-and-padding-2/style.css
2023-12-12 20:17:51.331 [info] /home/michell/Workspace/theodinproject/css-exercises/margin-and-padding/02-margin-and-padding-2/index.html.git closed
2023-12-12 20:18:44.835 [info] Active editor: file:///home/michell/Workspace/theodinproject/css-exercises/margin-and-padding/02-margin-and-padding-2/README.md
2023-12-12 20:18:44.843 [info] /home/michell/Workspace/theodinproject/css-exercises/margin-and-padding/02-margin-and-padding-2/style.css.git closed
2023-12-12 20:18:49.883 [info] Active editor: file:///home/michell/Workspace/theodinproject/css-exercises/margin-and-padding/02-margin-and-padding-2/index.html
2023-12-12 20:18:49.891 [info] /home/michell/Workspace/theodinproject/css-exercises/margin-and-padding/02-margin-and-padding-2/README.md.git closed
2023-12-12 20:18:53.049 [info] Active editor: file:///home/michell/Workspace/theodinproject/css-exercises/margin-and-padding/02-margin-and-padding-2/README.md
2023-12-12 20:18:53.058 [info] /home/michell/Workspace/theodinproject/css-exercises/margin-and-padding/02-margin-and-padding-2/index.html.git closed
2023-12-12 20:18:59.348 [info] Active editor: file:///home/michell/Workspace/theodinproject/css-exercises/margin-and-padding/02-margin-and-padding-2/style.css
2023-12-12 20:18:59.356 [info] /home/michell/Workspace/theodinproject/css-exercises/margin-and-padding/02-margin-and-padding-2/README.md.git closed
2023-12-12 20:19:06.294 [info] Active editor: file:///home/michell/Workspace/theodinproject/css-exercises/margin-and-padding/02-margin-and-padding-2/README.md
2023-12-12 20:19:06.303 [info] /home/michell/Workspace/theodinproject/css-exercises/margin-and-padding/02-margin-and-padding-2/style.css.git closed
2023-12-12 20:19:21.125 [info] Active editor: file:///home/michell/Workspace/theodinproject/css-exercises/margin-and-padding/02-margin-and-padding-2/style.css
2023-12-12 20:19:21.132 [info] /home/michell/Workspace/theodinproject/css-exercises/margin-and-padding/02-margin-and-padding-2/README.md.git closed
2023-12-12 20:19:32.918 [info] Active editor: file:///home/michell/Workspace/theodinproject/css-exercises/margin-and-padding/02-margin-and-padding-2/README.md
2023-12-12 20:19:32.927 [info] /home/michell/Workspace/theodinproject/css-exercises/margin-and-padding/02-margin-and-padding-2/style.css.git closed
2023-12-12 20:19:43.072 [info] Active editor: file:///home/michell/Workspace/theodinproject/css-exercises/margin-and-padding/02-margin-and-padding-2/style.css
2023-12-12 20:19:43.078 [info] /home/michell/Workspace/theodinproject/css-exercises/margin-and-padding/02-margin-and-padding-2/README.md.git closed
2023-12-12 20:19:44.832 [info] Active editor: file:///home/michell/Workspace/theodinproject/css-exercises/margin-and-padding/02-margin-and-padding-2/index.html
2023-12-12 20:19:44.840 [info] /home/michell/Workspace/theodinproject/css-exercises/margin-and-padding/02-margin-and-padding-2/style.css.git closed
2023-12-12 20:19:46.864 [info] Active editor: file:///home/michell/Workspace/theodinproject/css-exercises/margin-and-padding/02-margin-and-padding-2/style.css
2023-12-12 20:19:46.873 [info] /home/michell/Workspace/theodinproject/css-exercises/margin-and-padding/02-margin-and-padding-2/index.html.git closed
2023-12-12 20:19:58.879 [info] Active editor: file:///home/michell/Workspace/theodinproject/css-exercises/margin-and-padding/02-margin-and-padding-2/README.md
2023-12-12 20:19:58.887 [info] /home/michell/Workspace/theodinproject/css-exercises/margin-and-padding/02-margin-and-padding-2/style.css.git closed
2023-12-12 20:20:23.841 [info] Active editor: file:///home/michell/Workspace/theodinproject/css-exercises/margin-and-padding/02-margin-and-padding-2/style.css
2023-12-12 20:20:23.848 [info] /home/michell/Workspace/theodinproject/css-exercises/margin-and-padding/02-margin-and-padding-2/README.md.git closed
2023-12-12 20:20:59.869 [info] Active editor: file:///home/michell/Workspace/theodinproject/css-exercises/margin-and-padding/02-margin-and-padding-2/README.md
2023-12-12 20:20:59.877 [info] /home/michell/Workspace/theodinproject/css-exercises/margin-and-padding/02-margin-and-padding-2/style.css.git closed
2023-12-12 20:21:12.080 [info] Active editor: file:///home/michell/Workspace/theodinproject/css-exercises/margin-and-padding/02-margin-and-padding-2/style.css
2023-12-12 20:21:12.088 [info] /home/michell/Workspace/theodinproject/css-exercises/margin-and-padding/02-margin-and-padding-2/README.md.git closed
2023-12-12 20:22:02.537 [info] Active editor: file:///home/michell/Workspace/theodinproject/css-exercises/margin-and-padding/02-margin-and-padding-2/README.md
2023-12-12 20:22:02.545 [info] /home/michell/Workspace/theodinproject/css-exercises/margin-and-padding/02-margin-and-padding-2/style.css.git closed
2023-12-12 20:22:16.955 [info] Active editor: file:///home/michell/Workspace/theodinproject/css-exercises/margin-and-padding/02-margin-and-padding-2/index.html
2023-12-12 20:22:16.963 [info] /home/michell/Workspace/theodinproject/css-exercises/margin-and-padding/02-margin-and-padding-2/README.md.git closed
2023-12-12 20:22:17.993 [info] Active editor: file:///home/michell/Workspace/theodinproject/css-exercises/margin-and-padding/02-margin-and-padding-2/style.css
2023-12-12 20:22:18.000 [info] /home/michell/Workspace/theodinproject/css-exercises/margin-and-padding/02-margin-and-padding-2/index.html.git closed
2023-12-12 20:24:10.465 [info] Active editor: file:///home/michell/Workspace/theodinproject/css-exercises/margin-and-padding/02-margin-and-padding-2/index.html
2023-12-12 20:24:10.475 [info] /home/michell/Workspace/theodinproject/css-exercises/margin-and-padding/02-margin-and-padding-2/style.css.git closed
2023-12-12 20:24:14.965 [info] Active editor: file:///home/michell/Workspace/theodinproject/css-exercises/margin-and-padding/02-margin-and-padding-2/README.md
2023-12-12 20:24:14.974 [info] /home/michell/Workspace/theodinproject/css-exercises/margin-and-padding/02-margin-and-padding-2/index.html.git closed
2023-12-12 20:24:31.059 [info] Active editor: file:///home/michell/Workspace/theodinproject/css-exercises/margin-and-padding/02-margin-and-padding-2/style.css
2023-12-12 20:24:31.067 [info] /home/michell/Workspace/theodinproject/css-exercises/margin-and-padding/02-margin-and-padding-2/README.md.git closed
2023-12-12 20:24:32.073 [info] Active editor: file:///home/michell/Workspace/theodinproject/css-exercises/margin-and-padding/02-margin-and-padding-2/README.md
2023-12-12 20:24:32.080 [info] /home/michell/Workspace/theodinproject/css-exercises/margin-and-padding/02-margin-and-padding-2/style.css.git closed
2023-12-12 20:24:32.718 [info] Active editor: file:///home/michell/Workspace/theodinproject/css-exercises/margin-and-padding/02-margin-and-padding-2/index.html
2023-12-12 20:24:32.726 [info] /home/michell/Workspace/theodinproject/css-exercises/margin-and-padding/02-margin-and-padding-2/README.md.git closed
2023-12-12 20:24:38.588 [info] Active editor: file:///home/michell/Workspace/theodinproject/css-exercises/margin-and-padding/02-margin-and-padding-2/style.css
2023-12-12 20:24:38.595 [info] /home/michell/Workspace/theodinproject/css-exercises/margin-and-padding/02-margin-and-padding-2/index.html.git closed
2023-12-12 20:25:06.856 [info] Active editor: file:///home/michell/Workspace/theodinproject/css-exercises/margin-and-padding/02-margin-and-padding-2/index.html
2023-12-12 20:25:06.863 [info] /home/michell/Workspace/theodinproject/css-exercises/margin-and-padding/02-margin-and-padding-2/style.css.git closed
2023-12-12 20:25:20.754 [info] Active editor: file:///home/michell/Workspace/theodinproject/css-exercises/margin-and-padding/02-margin-and-padding-2/style.css
2023-12-12 20:25:20.762 [info] /home/michell/Workspace/theodinproject/css-exercises/margin-and-padding/02-margin-and-padding-2/index.html.git closed
2023-12-12 20:25:31.059 [info] Active editor: file:///home/michell/Workspace/theodinproject/css-exercises/margin-and-padding/02-margin-and-padding-2/index.html
2023-12-12 20:25:31.068 [info] /home/michell/Workspace/theodinproject/css-exercises/margin-and-padding/02-margin-and-padding-2/style.css.git closed
2023-12-12 20:25:37.126 [info] Active editor: file:///home/michell/Workspace/theodinproject/css-exercises/margin-and-padding/02-margin-and-padding-2/style.css
2023-12-12 20:25:37.134 [info] /home/michell/Workspace/theodinproject/css-exercises/margin-and-padding/02-margin-and-padding-2/index.html.git closed
2023-12-12 20:26:07.581 [info] Active editor: file:///home/michell/Workspace/theodinproject/css-exercises/margin-and-padding/02-margin-and-padding-2/index.html
2023-12-12 20:26:07.589 [info] /home/michell/Workspace/theodinproject/css-exercises/margin-and-padding/02-margin-and-padding-2/style.css.git closed
2023-12-12 20:26:17.607 [info] Active editor: file:///home/michell/Workspace/theodinproject/css-exercises/margin-and-padding/02-margin-and-padding-2/style.css
2023-12-12 20:26:17.614 [info] /home/michell/Workspace/theodinproject/css-exercises/margin-and-padding/02-margin-and-padding-2/index.html.git closed
2023-12-12 20:27:11.520 [info] Active editor: file:///home/michell/Workspace/theodinproject/css-exercises/margin-and-padding/02-margin-and-padding-2/README.md
2023-12-12 20:27:11.529 [info] /home/michell/Workspace/theodinproject/css-exercises/margin-and-padding/02-margin-and-padding-2/style.css.git closed
2023-12-12 20:27:29.551 [info] Active editor: file:///home/michell/Workspace/theodinproject/css-exercises/margin-and-padding/02-margin-and-padding-2/style.css
2023-12-12 20:27:29.560 [info] /home/michell/Workspace/theodinproject/css-exercises/margin-and-padding/02-margin-and-padding-2/README.md.git closed
2023-12-12 20:28:27.445 [info] Active editor: file:///home/michell/Workspace/theodinproject/css-exercises/margin-and-padding/02-margin-and-padding-2/README.md
2023-12-12 20:28:27.456 [info] /home/michell/Workspace/theodinproject/css-exercises/margin-and-padding/02-margin-and-padding-2/style.css.git closed
2023-12-12 20:28:31.502 [info] Active editor: file:///home/michell/Workspace/theodinproject/css-exercises/margin-and-padding/02-margin-and-padding-2/style.css
2023-12-12 20:28:31.510 [info] /home/michell/Workspace/theodinproject/css-exercises/margin-and-padding/02-margin-and-padding-2/README.md.git closed
2023-12-12 20:28:39.643 [info] Active editor: file:///home/michell/Workspace/theodinproject/css-exercises/margin-and-padding/02-margin-and-padding-2/README.md
2023-12-12 20:28:39.652 [info] /home/michell/Workspace/theodinproject/css-exercises/margin-and-padding/02-margin-and-padding-2/style.css.git closed
2023-12-12 20:28:49.304 [info] Active editor: file:///home/michell/Workspace/theodinproject/css-exercises/margin-and-padding/02-margin-and-padding-2/style.css
2023-12-12 20:28:49.311 [info] /home/michell/Workspace/theodinproject/css-exercises/margin-and-padding/02-margin-and-padding-2/README.md.git closed
2023-12-12 20:29:05.680 [info] Active editor: file:///home/michell/Workspace/theodinproject/css-exercises/margin-and-padding/02-margin-and-padding-2/README.md
2023-12-12 20:29:05.687 [info] /home/michell/Workspace/theodinproject/css-exercises/margin-and-padding/02-margin-and-padding-2/style.css.git closed
2023-12-12 20:29:37.135 [info] Active editor: file:///home/michell/Workspace/theodinproject/css-exercises/margin-and-padding/02-margin-and-padding-2/style.css
2023-12-12 20:29:37.142 [info] /home/michell/Workspace/theodinproject/css-exercises/margin-and-padding/02-margin-and-padding-2/README.md.git closed
2023-12-12 20:29:48.217 [info] Active editor: file:///home/michell/Workspace/theodinproject/css-exercises/margin-and-padding/02-margin-and-padding-2/README.md
2023-12-12 20:29:48.225 [info] /home/michell/Workspace/theodinproject/css-exercises/margin-and-padding/02-margin-and-padding-2/style.css.git closed
2023-12-12 20:29:52.842 [info] Active editor: file:///home/michell/Workspace/theodinproject/css-exercises/margin-and-padding/02-margin-and-padding-2/style.css
2023-12-12 20:29:52.849 [info] /home/michell/Workspace/theodinproject/css-exercises/margin-and-padding/02-margin-and-padding-2/README.md.git closed
2023-12-12 20:30:55.007 [info] Active editor: file:///home/michell/Workspace/theodinproject/css-exercises/margin-and-padding/02-margin-and-padding-2/README.md
2023-12-12 20:30:55.016 [info] /home/michell/Workspace/theodinproject/css-exercises/margin-and-padding/02-margin-and-padding-2/style.css.git closed
2023-12-12 20:31:14.595 [info] Active editor: file:///home/michell/Workspace/theodinproject/css-exercises/margin-and-padding/02-margin-and-padding-2/style.css
2023-12-12 20:31:14.601 [info] /home/michell/Workspace/theodinproject/css-exercises/margin-and-padding/02-margin-and-padding-2/README.md.git closed
2023-12-12 20:31:28.294 [info] Active editor: file:///home/michell/Workspace/theodinproject/css-exercises/margin-and-padding/02-margin-and-padding-2/index.html
2023-12-12 20:31:28.301 [info] /home/michell/Workspace/theodinproject/css-exercises/margin-and-padding/02-margin-and-padding-2/style.css.git closed
2023-12-12 20:31:37.016 [info] Active editor: file:///home/michell/Workspace/theodinproject/css-exercises/margin-and-padding/02-margin-and-padding-2/style.css
2023-12-12 20:31:37.024 [info] /home/michell/Workspace/theodinproject/css-exercises/margin-and-padding/02-margin-and-padding-2/index.html.git closed
2023-12-12 20:32:22.875 [info] Active editor: file:///home/michell/Workspace/theodinproject/css-exercises/margin-and-padding/02-margin-and-padding-2/README.md
2023-12-12 20:32:22.884 [info] /home/michell/Workspace/theodinproject/css-exercises/margin-and-padding/02-margin-and-padding-2/style.css.git closed
2023-12-12 20:33:04.420 [info] Active editor: file:///home/michell/Workspace/theodinproject/css-exercises/margin-and-padding/02-margin-and-padding-2/style.css
2023-12-12 20:33:04.427 [info] /home/michell/Workspace/theodinproject/css-exercises/margin-and-padding/02-margin-and-padding-2/README.md.git closed
2023-12-12 20:33:14.734 [info] Active editor: file:///home/michell/Workspace/theodinproject/css-exercises/margin-and-padding/02-margin-and-padding-2/index.html
2023-12-12 20:33:14.742 [info] /home/michell/Workspace/theodinproject/css-exercises/margin-and-padding/02-margin-and-padding-2/style.css.git closed
2023-12-12 20:33:26.117 [info] Active editor: file:///home/michell/Workspace/theodinproject/css-exercises/margin-and-padding/02-margin-and-padding-2/style.css
2023-12-12 20:33:26.124 [info] /home/michell/Workspace/theodinproject/css-exercises/margin-and-padding/02-margin-and-padding-2/index.html.git closed
2023-12-12 20:33:46.191 [info] Active editor: file:///home/michell/Workspace/theodinproject/css-exercises/margin-and-padding/02-margin-and-padding-2/README.md
2023-12-12 20:33:46.200 [info] /home/michell/Workspace/theodinproject/css-exercises/margin-and-padding/02-margin-and-padding-2/style.css.git closed
2023-12-12 20:33:58.022 [info] Active editor: file:///home/michell/Workspace/theodinproject/css-exercises/margin-and-padding/02-margin-and-padding-2/style.css
2023-12-12 20:33:58.030 [info] /home/michell/Workspace/theodinproject/css-exercises/margin-and-padding/02-margin-and-padding-2/README.md.git closed
2023-12-12 20:36:29.224 [info] Active editor: file:///home/michell/Workspace/theodinproject/css-exercises/margin-and-padding/02-margin-and-padding-2/README.md
2023-12-12 20:36:29.233 [info] /home/michell/Workspace/theodinproject/css-exercises/margin-and-padding/02-margin-and-padding-2/style.css.git closed
2023-12-12 20:37:22.960 [info] Active editor: file:///home/michell/Workspace/theodinproject/css-exercises/margin-and-padding/02-margin-and-padding-2/style.css
2023-12-12 20:37:22.968 [info] /home/michell/Workspace/theodinproject/css-exercises/margin-and-padding/02-margin-and-padding-2/README.md.git closed
2023-12-12 20:37:33.567 [info] Active editor: file:///home/michell/Workspace/theodinproject/css-exercises/margin-and-padding/02-margin-and-padding-2/README.md
2023-12-12 20:37:33.577 [info] /home/michell/Workspace/theodinproject/css-exercises/margin-and-padding/02-margin-and-padding-2/style.css.git closed
2023-12-12 20:38:40.394 [info] Active editor: file:///home/michell/Workspace/theodinproject/css-exercises/margin-and-padding/02-margin-and-padding-2/style.css
2023-12-12 20:38:40.401 [info] /home/michell/Workspace/theodinproject/css-exercises/margin-and-padding/02-margin-and-padding-2/README.md.git closed
2023-12-12 20:39:37.373 [info] Active editor: file:///home/michell/Workspace/theodinproject/css-exercises/margin-and-padding/02-margin-and-padding-2/README.md
2023-12-12 20:39:37.381 [info] /home/michell/Workspace/theodinproject/css-exercises/margin-and-padding/02-margin-and-padding-2/style.css.git closed
2023-12-12 20:39:44.654 [info] Active editor: file:///home/michell/Workspace/theodinproject/css-exercises/margin-and-padding/02-margin-and-padding-2/style.css
2023-12-12 20:39:44.661 [info] /home/michell/Workspace/theodinproject/css-exercises/margin-and-padding/02-margin-and-padding-2/README.md.git closed
2023-12-12 20:39:53.488 [info] Active editor: file:///home/michell/Workspace/theodinproject/css-exercises/margin-and-padding/02-margin-and-padding-2/index.html
2023-12-12 20:39:53.496 [info] /home/michell/Workspace/theodinproject/css-exercises/margin-and-padding/02-margin-and-padding-2/style.css.git closed
2023-12-12 20:39:54.639 [info] Active editor: file:///home/michell/Workspace/theodinproject/css-exercises/margin-and-padding/02-margin-and-padding-2/README.md
2023-12-12 20:39:54.648 [info] /home/michell/Workspace/theodinproject/css-exercises/margin-and-padding/02-margin-and-padding-2/index.html.git closed
2023-12-12 20:40:22.203 [info] Active editor: file:///home/michell/Workspace/theodinproject/css-exercises/margin-and-padding/02-margin-and-padding-2/style.css
2023-12-12 20:40:22.219 [info] /home/michell/Workspace/theodinproject/css-exercises/margin-and-padding/02-margin-and-padding-2/README.md.git closed
2023-12-12 20:41:30.254 [info] Active editor: file:///home/michell/Workspace/theodinproject/css-exercises/margin-and-padding/02-margin-and-padding-2/README.md
2023-12-12 20:41:30.263 [info] /home/michell/Workspace/theodinproject/css-exercises/margin-and-padding/02-margin-and-padding-2/style.css.git closed
2023-12-12 20:41:35.647 [info] Active editor: file:///home/michell/Workspace/theodinproject/css-exercises/margin-and-padding/02-margin-and-padding-2/style.css
2023-12-12 20:41:35.655 [info] /home/michell/Workspace/theodinproject/css-exercises/margin-and-padding/02-margin-and-padding-2/README.md.git closed
2023-12-12 20:41:38.196 [info] Active editor: file:///home/michell/Workspace/theodinproject/css-exercises/margin-and-padding/02-margin-and-padding-2/README.md
2023-12-12 20:41:38.205 [info] /home/michell/Workspace/theodinproject/css-exercises/margin-and-padding/02-margin-and-padding-2/style.css.git closed
2023-12-12 20:41:46.329 [info] Active editor: file:///home/michell/Workspace/theodinproject/css-exercises/margin-and-padding/02-margin-and-padding-2/style.css
2023-12-12 20:41:46.336 [info] /home/michell/Workspace/theodinproject/css-exercises/margin-and-padding/02-margin-and-padding-2/README.md.git closed
2023-12-12 20:42:02.570 [info] Active editor: file:///home/michell/Workspace/theodinproject/css-exercises/margin-and-padding/02-margin-and-padding-2/README.md
2023-12-12 20:42:02.578 [info] /home/michell/Workspace/theodinproject/css-exercises/margin-and-padding/02-margin-and-padding-2/style.css.git closed
2023-12-12 20:42:20.711 [info] Active editor: file:///home/michell/Workspace/theodinproject/css-exercises/margin-and-padding/02-margin-and-padding-2/style.css
2023-12-12 20:42:20.718 [info] /home/michell/Workspace/theodinproject/css-exercises/margin-and-padding/02-margin-and-padding-2/README.md.git closed
2023-12-12 20:44:43.346 [info] Active editor: file:///home/michell/Workspace/theodinproject/css-exercises/margin-and-padding/02-margin-and-padding-2/README.md
2023-12-12 20:44:43.354 [info] /home/michell/Workspace/theodinproject/css-exercises/margin-and-padding/02-margin-and-padding-2/style.css.git closed
2023-12-12 20:44:54.108 [info] Active editor: file:///home/michell/Workspace/theodinproject/css-exercises/margin-and-padding/02-margin-and-padding-2/style.css
2023-12-12 20:44:54.116 [info] /home/michell/Workspace/theodinproject/css-exercises/margin-and-padding/02-margin-and-padding-2/README.md.git closed
2023-12-12 20:44:58.213 [info] Active editor: file:///home/michell/Workspace/theodinproject/css-exercises/margin-and-padding/02-margin-and-padding-2/README.md
2023-12-12 20:44:58.221 [info] /home/michell/Workspace/theodinproject/css-exercises/margin-and-padding/02-margin-and-padding-2/style.css.git closed
2023-12-12 20:45:05.846 [info] Active editor: file:///home/michell/Workspace/theodinproject/css-exercises/margin-and-padding/02-margin-and-padding-2/style.css
2023-12-12 20:45:05.854 [info] /home/michell/Workspace/theodinproject/css-exercises/margin-and-padding/02-margin-and-padding-2/README.md.git closed
2023-12-12 20:45:14.433 [info] Active editor: file:///home/michell/Workspace/theodinproject/css-exercises/margin-and-padding/02-margin-and-padding-2/README.md
2023-12-12 20:45:14.442 [info] /home/michell/Workspace/theodinproject/css-exercises/margin-and-padding/02-margin-and-padding-2/style.css.git closed
2023-12-12 20:45:17.617 [info] Active editor: file:///home/michell/Workspace/theodinproject/css-exercises/margin-and-padding/02-margin-and-padding-2/style.css
2023-12-12 20:45:17.624 [info] /home/michell/Workspace/theodinproject/css-exercises/margin-and-padding/02-margin-and-padding-2/README.md.git closed
2023-12-12 20:45:20.076 [info] Active editor: file:///home/michell/Workspace/theodinproject/css-exercises/margin-and-padding/02-margin-and-padding-2/README.md
2023-12-12 20:45:20.084 [info] /home/michell/Workspace/theodinproject/css-exercises/margin-and-padding/02-margin-and-padding-2/style.css.git closed
2023-12-12 20:45:41.657 [info] Active editor: file:///home/michell/Workspace/theodinproject/css-exercises/margin-and-padding/02-margin-and-padding-2/index.html
2023-12-12 20:45:41.664 [info] /home/michell/Workspace/theodinproject/css-exercises/margin-and-padding/02-margin-and-padding-2/README.md.git closed
2023-12-12 20:45:42.735 [info] Active editor: file:///home/michell/Workspace/theodinproject/css-exercises/margin-and-padding/02-margin-and-padding-2/style.css
2023-12-12 20:45:42.743 [info] /home/michell/Workspace/theodinproject/css-exercises/margin-and-padding/02-margin-and-padding-2/index.html.git closed
2023-12-12 20:46:19.148 [info] Active editor: file:///home/michell/Workspace/theodinproject/css-exercises/margin-and-padding/02-margin-and-padding-2/README.md
2023-12-12 20:46:19.156 [info] /home/michell/Workspace/theodinproject/css-exercises/margin-and-padding/02-margin-and-padding-2/style.css.git closed
2023-12-12 20:47:15.678 [info] Active editor: file:///home/michell/Workspace/theodinproject/css-exercises/margin-and-padding/02-margin-and-padding-2/index.html
2023-12-12 20:47:15.689 [info] /home/michell/Workspace/theodinproject/css-exercises/margin-and-padding/02-margin-and-padding-2/README.md.git closed
2023-12-12 20:47:16.242 [info] Active editor: file:///home/michell/Workspace/theodinproject/css-exercises/margin-and-padding/02-margin-and-padding-2/style.css
2023-12-12 20:47:16.250 [info] /home/michell/Workspace/theodinproject/css-exercises/margin-and-padding/02-margin-and-padding-2/index.html.git closed
2023-12-12 20:47:25.923 [info] Active editor: file:///home/michell/Workspace/theodinproject/css-exercises/margin-and-padding/02-margin-and-padding-2/README.md
2023-12-12 20:47:25.932 [info] /home/michell/Workspace/theodinproject/css-exercises/margin-and-padding/02-margin-and-padding-2/style.css.git closed
2023-12-12 20:47:46.680 [info] Active editor: file:///home/michell/Workspace/theodinproject/css-exercises/margin-and-padding/02-margin-and-padding-2/index.html
2023-12-12 20:47:46.689 [info] /home/michell/Workspace/theodinproject/css-exercises/margin-and-padding/02-margin-and-padding-2/README.md.git closed
2023-12-12 20:47:47.969 [info] Active editor: file:///home/michell/Workspace/theodinproject/css-exercises/margin-and-padding/02-margin-and-padding-2/README.md
2023-12-12 20:47:47.978 [info] /home/michell/Workspace/theodinproject/css-exercises/margin-and-padding/02-margin-and-padding-2/index.html.git closed
2023-12-12 20:47:49.014 [info] Active editor: file:///home/michell/Workspace/theodinproject/css-exercises/margin-and-padding/02-margin-and-padding-2/index.html
2023-12-12 20:47:49.021 [info] /home/michell/Workspace/theodinproject/css-exercises/margin-and-padding/02-margin-and-padding-2/README.md.git closed
2023-12-12 20:47:49.947 [info] Active editor: file:///home/michell/Workspace/theodinproject/css-exercises/margin-and-padding/02-margin-and-padding-2/README.md
2023-12-12 20:47:49.955 [info] /home/michell/Workspace/theodinproject/css-exercises/margin-and-padding/02-margin-and-padding-2/index.html.git closed
2023-12-12 20:48:13.770 [info] Active editor: file:///home/michell/Workspace/theodinproject/css-exercises/margin-and-padding/02-margin-and-padding-2/style.css
2023-12-12 20:48:13.779 [info] /home/michell/Workspace/theodinproject/css-exercises/margin-and-padding/02-margin-and-padding-2/README.md.git closed
2023-12-12 20:48:18.353 [info] Active editor: file:///home/michell/Workspace/theodinproject/css-exercises/margin-and-padding/02-margin-and-padding-2/README.md
2023-12-12 20:48:18.362 [info] /home/michell/Workspace/theodinproject/css-exercises/margin-and-padding/02-margin-and-padding-2/style.css.git closed
2023-12-12 20:48:29.024 [info] Active editor: file:///home/michell/Workspace/theodinproject/css-exercises/margin-and-padding/02-margin-and-padding-2/style.css
2023-12-12 20:48:29.033 [info] /home/michell/Workspace/theodinproject/css-exercises/margin-and-padding/02-margin-and-padding-2/README.md.git closed
2023-12-12 20:48:36.569 [info] Active editor: file:///home/michell/Workspace/theodinproject/css-exercises/margin-and-padding/02-margin-and-padding-2/README.md
2023-12-12 20:48:36.577 [info] /home/michell/Workspace/theodinproject/css-exercises/margin-and-padding/02-margin-and-padding-2/style.css.git closed
2023-12-12 20:48:40.866 [info] Active editor: file:///home/michell/Workspace/theodinproject/css-exercises/margin-and-padding/02-margin-and-padding-2/style.css
2023-12-12 20:48:40.874 [info] /home/michell/Workspace/theodinproject/css-exercises/margin-and-padding/02-margin-and-padding-2/README.md.git closed
2023-12-12 20:50:10.832 [info] Active editor: file:///home/michell/Workspace/theodinproject/css-exercises/margin-and-padding/02-margin-and-padding-2/README.md
2023-12-12 20:50:10.841 [info] /home/michell/Workspace/theodinproject/css-exercises/margin-and-padding/02-margin-and-padding-2/style.css.git closed
2023-12-12 20:50:34.957 [info] Active editor: file:///home/michell/Workspace/theodinproject/css-exercises/margin-and-padding/02-margin-and-padding-2/style.css
2023-12-12 20:50:34.965 [info] /home/michell/Workspace/theodinproject/css-exercises/margin-and-padding/02-margin-and-padding-2/README.md.git closed
2023-12-12 20:55:49.571 [info] Active editor: file:///home/michell/Workspace/theodinproject/css-exercises/margin-and-padding/02-margin-and-padding-2/README.md
2023-12-12 20:55:49.581 [info] /home/michell/Workspace/theodinproject/css-exercises/margin-and-padding/02-margin-and-padding-2/style.css.git closed
2023-12-12 20:56:10.999 [info] Active editor: file:///home/michell/Workspace/theodinproject/css-exercises/margin-and-padding/02-margin-and-padding-2/style.css
2023-12-12 20:56:11.007 [info] /home/michell/Workspace/theodinproject/css-exercises/margin-and-padding/02-margin-and-padding-2/README.md.git closed
2023-12-12 20:58:12.764 [info] Active editor: file:///home/michell/Workspace/theodinproject/css-exercises/margin-and-padding/02-margin-and-padding-2/index.html
2023-12-12 20:58:12.772 [info] /home/michell/Workspace/theodinproject/css-exercises/margin-and-padding/02-margin-and-padding-2/style.css.git closed
2023-12-12 20:58:14.808 [info] Active editor: file:///home/michell/Workspace/theodinproject/css-exercises/margin-and-padding/02-margin-and-padding-2/style.css
2023-12-12 20:58:14.818 [info] /home/michell/Workspace/theodinproject/css-exercises/margin-and-padding/02-margin-and-padding-2/index.html.git closed
2023-12-12 21:05:57.922 [info] Active editor: file:///home/michell/Workspace/theodinproject/css-exercises/margin-and-padding/02-margin-and-padding-2/solution/solution.css
2023-12-12 21:05:57.932 [info] /home/michell/Workspace/theodinproject/css-exercises/margin-and-padding/02-margin-and-padding-2/style.css.git closed
2023-12-12 21:06:02.385 [info] Active editor: file:///home/michell/Workspace/theodinproject/css-exercises/margin-and-padding/02-margin-and-padding-2/style.css
2023-12-12 21:06:02.395 [info] /home/michell/Workspace/theodinproject/css-exercises/margin-and-padding/02-margin-and-padding-2/solution/solution.css.git closed
2023-12-12 21:06:05.145 [info] Active editor: file:///home/michell/Workspace/theodinproject/css-exercises/margin-and-padding/02-margin-and-padding-2/solution/solution.css
2023-12-12 21:06:05.152 [info] /home/michell/Workspace/theodinproject/css-exercises/margin-and-padding/02-margin-and-padding-2/style.css.git closed
2023-12-12 21:06:09.150 [info] Active editor: file:///home/michell/Workspace/theodinproject/css-exercises/margin-and-padding/02-margin-and-padding-2/style.css
2023-12-12 21:06:09.156 [info] /home/michell/Workspace/theodinproject/css-exercises/margin-and-padding/02-margin-and-padding-2/solution/solution.css.git closed
2023-12-12 21:06:12.032 [info] Active editor: file:///home/michell/Workspace/theodinproject/css-exercises/margin-and-padding/02-margin-and-padding-2/solution/solution.css
2023-12-12 21:06:12.038 [info] /home/michell/Workspace/theodinproject/css-exercises/margin-and-padding/02-margin-and-padding-2/style.css.git closed
2023-12-12 21:06:21.257 [info] Active editor: file:///home/michell/Workspace/theodinproject/css-exercises/margin-and-padding/02-margin-and-padding-2/style.css
2023-12-12 21:06:21.264 [info] /home/michell/Workspace/theodinproject/css-exercises/margin-and-padding/02-margin-and-padding-2/solution/solution.css.git closed
2023-12-12 21:06:23.755 [info] Active editor: file:///home/michell/Workspace/theodinproject/css-exercises/margin-and-padding/02-margin-and-padding-2/solution/solution.css
2023-12-12 21:06:23.765 [info] /home/michell/Workspace/theodinproject/css-exercises/margin-and-padding/02-margin-and-padding-2/style.css.git closed
2023-12-12 21:06:27.915 [info] Active editor: file:///home/michell/Workspace/theodinproject/css-exercises/margin-and-padding/02-margin-and-padding-2/style.css
2023-12-12 21:06:27.923 [info] /home/michell/Workspace/theodinproject/css-exercises/margin-and-padding/02-margin-and-padding-2/solution/solution.css.git closed
2023-12-12 21:06:31.670 [info] Active editor: file:///home/michell/Workspace/theodinproject/css-exercises/margin-and-padding/02-margin-and-padding-2/solution/solution.css
2023-12-12 21:06:31.677 [info] /home/michell/Workspace/theodinproject/css-exercises/margin-and-padding/02-margin-and-padding-2/style.css.git closed
2023-12-12 21:06:41.434 [info] Active editor: file:///home/michell/Workspace/theodinproject/css-exercises/margin-and-padding/02-margin-and-padding-2/style.css
2023-12-12 21:06:41.441 [info] /home/michell/Workspace/theodinproject/css-exercises/margin-and-padding/02-margin-and-padding-2/solution/solution.css.git closed
2023-12-12 21:06:46.600 [info] Active editor: file:///home/michell/Workspace/theodinproject/css-exercises/margin-and-padding/02-margin-and-padding-2/solution/solution.css
2023-12-12 21:06:46.606 [info] /home/michell/Workspace/theodinproject/css-exercises/margin-and-padding/02-margin-and-padding-2/style.css.git closed
2023-12-12 21:06:55.108 [info] Active editor: file:///home/michell/Workspace/theodinproject/css-exercises/margin-and-padding/02-margin-and-padding-2/style.css
2023-12-12 21:06:55.115 [info] /home/michell/Workspace/theodinproject/css-exercises/margin-and-padding/02-margin-and-padding-2/solution/solution.css.git closed
2023-12-12 21:06:59.580 [info] Active editor: file:///home/michell/Workspace/theodinproject/css-exercises/margin-and-padding/02-margin-and-padding-2/solution/solution.css
2023-12-12 21:06:59.588 [info] /home/michell/Workspace/theodinproject/css-exercises/margin-and-padding/02-margin-and-padding-2/style.css.git closed
2023-12-12 21:07:10.875 [info] Active editor: file:///home/michell/Workspace/theodinproject/css-exercises/margin-and-padding/02-margin-and-padding-2/style.css
2023-12-12 21:07:10.882 [info] /home/michell/Workspace/theodinproject/css-exercises/margin-and-padding/02-margin-and-padding-2/solution/solution.css.git closed
2023-12-12 21:07:15.036 [info] Active editor: file:///home/michell/Workspace/theodinproject/css-exercises/margin-and-padding/02-margin-and-padding-2/solution/solution.css
2023-12-12 21:07:15.043 [info] /home/michell/Workspace/theodinproject/css-exercises/margin-and-padding/02-margin-and-padding-2/style.css.git closed
2023-12-12 21:07:16.901 [info] Active editor: file:///home/michell/Workspace/theodinproject/css-exercises/margin-and-padding/02-margin-and-padding-2/style.css
2023-12-12 21:07:16.908 [info] /home/michell/Workspace/theodinproject/css-exercises/margin-and-padding/02-margin-and-padding-2/solution/solution.css.git closed
2023-12-12 21:07:25.762 [info] Active editor: file:///home/michell/Workspace/theodinproject/css-exercises/margin-and-padding/02-margin-and-padding-2/solution/solution.css
2023-12-12 21:07:25.769 [info] /home/michell/Workspace/theodinproject/css-exercises/margin-and-padding/02-margin-and-padding-2/style.css.git closed
2023-12-12 21:07:36.198 [info] Active editor: file:///home/michell/Workspace/theodinproject/css-exercises/margin-and-padding/02-margin-and-padding-2/style.css
2023-12-12 21:07:36.205 [info] /home/michell/Workspace/theodinproject/css-exercises/margin-and-padding/02-margin-and-padding-2/solution/solution.css.git closed
2023-12-12 21:07:41.390 [info] Active editor: file:///home/michell/Workspace/theodinproject/css-exercises/margin-and-padding/02-margin-and-padding-2/solution/solution.css
2023-12-12 21:07:41.397 [info] /home/michell/Workspace/theodinproject/css-exercises/margin-and-padding/02-margin-and-padding-2/style.css.git closed
2023-12-12 21:07:43.899 [info] Active editor: file:///home/michell/Workspace/theodinproject/css-exercises/margin-and-padding/02-margin-and-padding-2/style.css
2023-12-12 21:07:43.909 [info] /home/michell/Workspace/theodinproject/css-exercises/margin-and-padding/02-margin-and-padding-2/solution/solution.css.git closed
2023-12-12 21:27:50.255 [info] /home/michell/.config/Code/User/profiles/-4f39f5a1/settings.json closed
2023-12-12 21:27:50.272 [info] Configuration changed
2023-12-12 21:27:57.627 [info] /home/michell/.config/Code/User/profiles/-4f39f5a1/settings.json closed
2023-12-12 21:27:57.640 [info] Configuration changed
2023-12-12 21:27:59.490 [info] Active editor: file:///home/michell/Workspace/theodinproject/css-exercises/margin-and-padding/02-margin-and-padding-2/solution/solution.css
2023-12-12 21:27:59.499 [info] /home/michell/Workspace/theodinproject/css-exercises/margin-and-padding/02-margin-and-padding-2/style.css.git closed
2023-12-12 21:28:00.358 [info] /home/michell/Workspace/theodinproject/css-exercises/margin-and-padding/02-margin-and-padding-2/solution/solution.css closed
2023-12-12 21:28:00.364 [info] Active editor: file:///home/michell/Workspace/theodinproject/css-exercises/margin-and-padding/02-margin-and-padding-2/style.css
2023-12-12 21:28:00.372 [info] /home/michell/Workspace/theodinproject/css-exercises/margin-and-padding/02-margin-and-padding-2/solution/solution.css.git closed
2023-12-12 21:28:10.235 [info] /home/michell/.config/Code/User/profiles/-4f39f5a1/settings.json closed
2023-12-12 21:28:10.250 [info] Configuration changed
2023-12-12 21:28:22.577 [info] /home/michell/.config/Code/User/profiles/-4f39f5a1/settings.json closed
2023-12-12 21:28:22.593 [info] Configuration changed
2023-12-12 21:28:30.219 [info] /home/michell/.config/Code/User/profiles/-4f39f5a1/settings.json closed
2023-12-12 21:28:30.229 [info] Configuration changed
