2023-12-11 06:42:02.384 [info] Reading sessions from keychain...
2023-12-11 06:42:02.384 [info] Getting sessions for all scopes...
2023-12-11 06:42:02.384 [info] Got 0 sessions for ...
2023-12-11 06:42:02.384 [info] Getting sessions for user:email...
2023-12-11 06:42:02.384 [info] Got 0 sessions for user:email...
2023-12-11 06:42:02.422 [info] Getting sessions for all scopes...
2023-12-11 06:42:02.422 [info] Got 0 sessions for ...
2023-12-11 06:42:02.776 [info] Getting sessions for all scopes...
2023-12-11 06:42:02.776 [info] Got 0 sessions for ...
2023-12-11 06:42:02.878 [info] Getting sessions for read:user,repo,user:email,workflow...
2023-12-11 06:42:02.878 [info] Got 0 sessions for read:user,repo,user:email,workflow...
2023-12-11 06:42:03.020 [info] Getting sessions for read:user,repo,user:email...
2023-12-11 06:42:03.020 [info] Got 0 sessions for read:user,repo,user:email...
2023-12-11 06:42:25.987 [info] Reading sessions from keychain...
2023-12-11 06:42:25.987 [info] Getting sessions for all scopes...
2023-12-11 06:42:25.987 [info] Got 0 sessions for ...
2023-12-11 06:42:25.987 [info] Getting sessions for user:email...
2023-12-11 06:42:25.987 [info] Got 0 sessions for user:email...
2023-12-11 06:42:26.032 [info] Getting sessions for all scopes...
2023-12-11 06:42:26.032 [info] Got 0 sessions for ...
2023-12-11 06:42:29.519 [info] Getting sessions for read:user,repo,user:email,workflow...
2023-12-11 06:42:29.519 [info] Got 0 sessions for read:user,repo,user:email,workflow...
2023-12-11 06:42:36.430 [info] Getting sessions for read:user,repo,user:email...
2023-12-11 06:42:36.430 [info] Got 0 sessions for read:user,repo,user:email...
