2023-12-13 20:52:31.796 [info] Extension host with pid 76660 started
2023-12-13 20:52:31.796 [info] Skipping acquiring lock for /home/michell/.config/Code/User/workspaceStorage/7e290bfc8dc92b30b9e7c1cc66a48c4a.
2023-12-13 20:52:31.961 [info] ExtensionService#_doActivateExtension mechatroner.rainbow-csv, startup: false, activationEvent: 'onLanguage:plaintext'
2023-12-13 20:52:31.964 [info] ExtensionService#_doActivateExtension vscode.emmet, startup: false, activationEvent: 'onLanguage'
2023-12-13 20:52:31.967 [info] ExtensionService#_doActivateExtension vscode.extension-editing, startup: false, activationEvent: 'onLanguage:markdown'
2023-12-13 20:52:31.969 [info] ExtensionService#_doActivateExtension vscode.markdown-language-features, startup: false, activationEvent: 'onLanguage:markdown'
2023-12-13 20:52:31.994 [info] ExtensionService#_doActivateExtension yzhang.markdown-all-in-one, startup: false, activationEvent: 'onLanguage:markdown'
2023-12-13 20:52:32.087 [info] ExtensionService#_doActivateExtension vscode.markdown-math, startup: false, activationEvent: 'api', root cause: yzhang.markdown-all-in-one
2023-12-13 20:52:32.717 [info] ExtensionService#_doActivateExtension vscode.github-authentication, startup: false, activationEvent: 'onAuthenticationRequest:github'
2023-12-13 20:52:32.918 [info] ExtensionService#_doActivateExtension vscode.git-base, startup: true, activationEvent: '*', root cause: vscode.git
2023-12-13 20:52:32.919 [info] ExtensionService#_doActivateExtension EditorConfig.EditorConfig, startup: true, activationEvent: '*'
2023-12-13 20:52:32.930 [info] ExtensionService#_doActivateExtension formulahendry.auto-close-tag, startup: true, activationEvent: '*'
2023-12-13 20:52:32.931 [info] ExtensionService#_doActivateExtension kamikillerto.vscode-colorize, startup: true, activationEvent: '*'
2023-12-13 20:52:32.938 [info] ExtensionService#_doActivateExtension xshrim.txt-syntax, startup: true, activationEvent: '*'
2023-12-13 20:52:32.953 [info] ExtensionService#_doActivateExtension vscode.git, startup: true, activationEvent: '*'
2023-12-13 20:52:32.969 [info] ExtensionService#_doActivateExtension vscode.github, startup: true, activationEvent: '*'
2023-12-13 20:52:33.017 [info] Eager extensions activated
2023-12-13 20:52:33.037 [info] ExtensionService#_doActivateExtension vscode.debug-auto-launch, startup: false, activationEvent: 'onStartupFinished'
2023-12-13 20:52:33.039 [info] ExtensionService#_doActivateExtension vscode.merge-conflict, startup: false, activationEvent: 'onStartupFinished'
2023-12-13 20:52:33.043 [info] ExtensionService#_doActivateExtension alefragnani.Bookmarks, startup: false, activationEvent: 'onStartupFinished'
2023-12-13 20:52:33.046 [info] ExtensionService#_doActivateExtension Catppuccin.catppuccin-vsc, startup: false, activationEvent: 'onStartupFinished'
2023-12-13 20:52:33.048 [info] ExtensionService#_doActivateExtension eamodio.gitlens, startup: false, activationEvent: 'onStartupFinished'
2023-12-13 20:52:33.131 [info] ExtensionService#_doActivateExtension felipecaputo.git-project-manager, startup: false, activationEvent: 'onStartupFinished'
2023-12-13 20:52:33.141 [info] ExtensionService#_doActivateExtension ritwickdey.LiveServer, startup: false, activationEvent: 'onStartupFinished'
2023-12-13 20:52:33.144 [info] ExtensionService#_doActivateExtension sainnhe.everforest, startup: false, activationEvent: 'onStartupFinished'
2023-12-13 20:52:33.147 [info] ExtensionService#_doActivateExtension vscodevim.vim, startup: false, activationEvent: 'onStartupFinished'
2023-12-13 20:52:33.181 [info] ExtensionService#_doActivateExtension zhuangtongfa.material-theme, startup: false, activationEvent: 'onStartupFinished'
2023-12-13 20:52:34.301 [error] Error: ENOENT: no such file or directory, open '/home/michell/.config/Code/User/globalStorage/vscodevim.vim/.registers'
2023-12-13 20:53:49.068 [warning] TextEditor is closed/disposed
2023-12-13 20:56:59.544 [info] ExtensionService#_doActivateExtension vscode.html-language-features, startup: false, activationEvent: 'onLanguage:html'
2023-12-13 20:58:12.266 [warning] TextEditor is closed/disposed
2023-12-13 20:58:12.364 [info] ExtensionService#_doActivateExtension vscode.css-language-features, startup: false, activationEvent: 'onLanguage:css'
2023-12-13 20:58:23.062 [warning] TextEditor is closed/disposed
2023-12-13 20:58:24.805 [warning] TextEditor is closed/disposed
2023-12-13 20:58:26.049 [warning] TextEditor is closed/disposed
2023-12-13 20:58:29.306 [warning] TextEditor is closed/disposed
2023-12-13 20:59:30.441 [warning] TextEditor is closed/disposed
2023-12-13 20:59:50.200 [error] [vscode.emmet] provider FAILED
2023-12-13 20:59:50.200 [error] Error: Unable to consume quoted string at char 663
	at r.error (/usr/share/code/resources/app/extensions/emmet/dist/node/emmetNodeMain.js:1:22253)
	at o (/usr/share/code/resources/app/extensions/emmet/dist/node/emmetNodeMain.js:1:20924)
	at f (/usr/share/code/resources/app/extensions/emmet/dist/node/emmetNodeMain.js:1:21351)
	at u (/usr/share/code/resources/app/extensions/emmet/dist/node/emmetNodeMain.js:1:14498)
	at l (/usr/share/code/resources/app/extensions/emmet/dist/node/emmetNodeMain.js:1:14611)
	at /usr/share/code/resources/app/extensions/emmet/dist/node/emmetNodeMain.js:1:15226
	at m (/usr/share/code/resources/app/extensions/emmet/dist/node/emmetNodeMain.js:1:15333)
	at A (/usr/share/code/resources/app/extensions/emmet/dist/node/emmetNodeMain.js:1:16251)
	at S (/usr/share/code/resources/app/extensions/emmet/dist/node/emmetNodeMain.js:1:16661)
	at t.$b (/usr/share/code/resources/app/extensions/emmet/dist/node/emmetNodeMain.js:1:143192)
	at t.$S.b (/usr/share/code/resources/app/extensions/emmet/dist/node/emmetNodeMain.js:1:129529)
	at t.$S.provideCompletionItems (/usr/share/code/resources/app/extensions/emmet/dist/node/emmetNodeMain.js:1:128540)
	at ve.provideCompletionItems (/usr/share/code/resources/app/out/vs/workbench/api/node/extensionHostProcess.js:143:53068)
	at /usr/share/code/resources/app/out/vs/workbench/api/node/extensionHostProcess.js:143:74658
	at be.s (/usr/share/code/resources/app/out/vs/workbench/api/node/extensionHostProcess.js:143:66141)
	at be.$provideCompletionItems (/usr/share/code/resources/app/out/vs/workbench/api/node/extensionHostProcess.js:143:74644)
	at l.S (/usr/share/code/resources/app/out/vs/workbench/api/node/extensionHostProcess.js:150:10829)
	at l.Q (/usr/share/code/resources/app/out/vs/workbench/api/node/extensionHostProcess.js:150:10595)
	at l.M (/usr/share/code/resources/app/out/vs/workbench/api/node/extensionHostProcess.js:150:9647)
	at l.L (/usr/share/code/resources/app/out/vs/workbench/api/node/extensionHostProcess.js:150:8764)
	at f.value (/usr/share/code/resources/app/out/vs/workbench/api/node/extensionHostProcess.js:150:7567)
	at n.y (/usr/share/code/resources/app/out/vs/workbench/api/node/extensionHostProcess.js:80:1902)
	at n.fire (/usr/share/code/resources/app/out/vs/workbench/api/node/extensionHostProcess.js:80:2119)
	at o.fire (/usr/share/code/resources/app/out/vs/workbench/api/node/extensionHostProcess.js:103:14039)
	at f.value (/usr/share/code/resources/app/out/vs/workbench/api/node/extensionHostProcess.js:171:7903)
	at n.y (/usr/share/code/resources/app/out/vs/workbench/api/node/extensionHostProcess.js:80:1902)
	at n.fire (/usr/share/code/resources/app/out/vs/workbench/api/node/extensionHostProcess.js:80:2119)
	at o.fire (/usr/share/code/resources/app/out/vs/workbench/api/node/extensionHostProcess.js:103:14039)
	at MessagePortMain.<anonymous> (/usr/share/code/resources/app/out/vs/workbench/api/node/extensionHostProcess.js:171:6183)
	at MessagePortMain.emit (node:events:513:28)
	at MessagePortMain._internalPort.emit (node:electron/js2c/utility_init:2:367)
2023-12-13 20:59:50.418 [error] [vscode.emmet] provider FAILED
2023-12-13 20:59:50.418 [error] Error: Unable to consume quoted string at char 664
	at r.error (/usr/share/code/resources/app/extensions/emmet/dist/node/emmetNodeMain.js:1:22253)
	at o (/usr/share/code/resources/app/extensions/emmet/dist/node/emmetNodeMain.js:1:20924)
	at f (/usr/share/code/resources/app/extensions/emmet/dist/node/emmetNodeMain.js:1:21351)
	at u (/usr/share/code/resources/app/extensions/emmet/dist/node/emmetNodeMain.js:1:14498)
	at l (/usr/share/code/resources/app/extensions/emmet/dist/node/emmetNodeMain.js:1:14611)
	at /usr/share/code/resources/app/extensions/emmet/dist/node/emmetNodeMain.js:1:15226
	at m (/usr/share/code/resources/app/extensions/emmet/dist/node/emmetNodeMain.js:1:15333)
	at A (/usr/share/code/resources/app/extensions/emmet/dist/node/emmetNodeMain.js:1:16251)
	at S (/usr/share/code/resources/app/extensions/emmet/dist/node/emmetNodeMain.js:1:16661)
	at t.$b (/usr/share/code/resources/app/extensions/emmet/dist/node/emmetNodeMain.js:1:143192)
	at t.$S.b (/usr/share/code/resources/app/extensions/emmet/dist/node/emmetNodeMain.js:1:129529)
	at t.$S.provideCompletionItems (/usr/share/code/resources/app/extensions/emmet/dist/node/emmetNodeMain.js:1:128540)
	at ve.provideCompletionItems (/usr/share/code/resources/app/out/vs/workbench/api/node/extensionHostProcess.js:143:53068)
	at /usr/share/code/resources/app/out/vs/workbench/api/node/extensionHostProcess.js:143:74658
	at be.s (/usr/share/code/resources/app/out/vs/workbench/api/node/extensionHostProcess.js:143:66141)
	at be.$provideCompletionItems (/usr/share/code/resources/app/out/vs/workbench/api/node/extensionHostProcess.js:143:74644)
	at l.S (/usr/share/code/resources/app/out/vs/workbench/api/node/extensionHostProcess.js:150:10829)
	at l.Q (/usr/share/code/resources/app/out/vs/workbench/api/node/extensionHostProcess.js:150:10595)
	at l.M (/usr/share/code/resources/app/out/vs/workbench/api/node/extensionHostProcess.js:150:9647)
	at l.L (/usr/share/code/resources/app/out/vs/workbench/api/node/extensionHostProcess.js:150:8764)
	at f.value (/usr/share/code/resources/app/out/vs/workbench/api/node/extensionHostProcess.js:150:7567)
	at n.y (/usr/share/code/resources/app/out/vs/workbench/api/node/extensionHostProcess.js:80:1902)
	at n.fire (/usr/share/code/resources/app/out/vs/workbench/api/node/extensionHostProcess.js:80:2119)
	at o.fire (/usr/share/code/resources/app/out/vs/workbench/api/node/extensionHostProcess.js:103:14039)
	at f.value (/usr/share/code/resources/app/out/vs/workbench/api/node/extensionHostProcess.js:171:7903)
	at n.y (/usr/share/code/resources/app/out/vs/workbench/api/node/extensionHostProcess.js:80:1902)
	at n.fire (/usr/share/code/resources/app/out/vs/workbench/api/node/extensionHostProcess.js:80:2119)
	at o.fire (/usr/share/code/resources/app/out/vs/workbench/api/node/extensionHostProcess.js:103:14039)
	at MessagePortMain.<anonymous> (/usr/share/code/resources/app/out/vs/workbench/api/node/extensionHostProcess.js:171:6183)
	at MessagePortMain.emit (node:events:513:28)
	at MessagePortMain._internalPort.emit (node:electron/js2c/utility_init:2:367)
2023-12-13 20:59:50.694 [error] [vscode.emmet] provider FAILED
2023-12-13 20:59:50.694 [error] Error: Unable to consume quoted string at char 665
	at r.error (/usr/share/code/resources/app/extensions/emmet/dist/node/emmetNodeMain.js:1:22253)
	at o (/usr/share/code/resources/app/extensions/emmet/dist/node/emmetNodeMain.js:1:20924)
	at f (/usr/share/code/resources/app/extensions/emmet/dist/node/emmetNodeMain.js:1:21351)
	at u (/usr/share/code/resources/app/extensions/emmet/dist/node/emmetNodeMain.js:1:14498)
	at l (/usr/share/code/resources/app/extensions/emmet/dist/node/emmetNodeMain.js:1:14611)
	at /usr/share/code/resources/app/extensions/emmet/dist/node/emmetNodeMain.js:1:15226
	at m (/usr/share/code/resources/app/extensions/emmet/dist/node/emmetNodeMain.js:1:15333)
	at A (/usr/share/code/resources/app/extensions/emmet/dist/node/emmetNodeMain.js:1:16251)
	at S (/usr/share/code/resources/app/extensions/emmet/dist/node/emmetNodeMain.js:1:16661)
	at t.$b (/usr/share/code/resources/app/extensions/emmet/dist/node/emmetNodeMain.js:1:143192)
	at t.$S.b (/usr/share/code/resources/app/extensions/emmet/dist/node/emmetNodeMain.js:1:129529)
	at t.$S.provideCompletionItems (/usr/share/code/resources/app/extensions/emmet/dist/node/emmetNodeMain.js:1:128540)
	at ve.provideCompletionItems (/usr/share/code/resources/app/out/vs/workbench/api/node/extensionHostProcess.js:143:53068)
	at /usr/share/code/resources/app/out/vs/workbench/api/node/extensionHostProcess.js:143:74658
	at be.s (/usr/share/code/resources/app/out/vs/workbench/api/node/extensionHostProcess.js:143:66141)
	at be.$provideCompletionItems (/usr/share/code/resources/app/out/vs/workbench/api/node/extensionHostProcess.js:143:74644)
	at l.S (/usr/share/code/resources/app/out/vs/workbench/api/node/extensionHostProcess.js:150:10829)
	at l.Q (/usr/share/code/resources/app/out/vs/workbench/api/node/extensionHostProcess.js:150:10595)
	at l.M (/usr/share/code/resources/app/out/vs/workbench/api/node/extensionHostProcess.js:150:9647)
	at l.L (/usr/share/code/resources/app/out/vs/workbench/api/node/extensionHostProcess.js:150:8764)
	at f.value (/usr/share/code/resources/app/out/vs/workbench/api/node/extensionHostProcess.js:150:7567)
	at n.y (/usr/share/code/resources/app/out/vs/workbench/api/node/extensionHostProcess.js:80:1902)
	at n.fire (/usr/share/code/resources/app/out/vs/workbench/api/node/extensionHostProcess.js:80:2119)
	at o.fire (/usr/share/code/resources/app/out/vs/workbench/api/node/extensionHostProcess.js:103:14039)
	at f.value (/usr/share/code/resources/app/out/vs/workbench/api/node/extensionHostProcess.js:171:7903)
	at n.y (/usr/share/code/resources/app/out/vs/workbench/api/node/extensionHostProcess.js:80:1902)
	at n.fire (/usr/share/code/resources/app/out/vs/workbench/api/node/extensionHostProcess.js:80:2119)
	at o.fire (/usr/share/code/resources/app/out/vs/workbench/api/node/extensionHostProcess.js:103:14039)
	at MessagePortMain.<anonymous> (/usr/share/code/resources/app/out/vs/workbench/api/node/extensionHostProcess.js:171:6183)
	at MessagePortMain.emit (node:events:513:28)
	at MessagePortMain._internalPort.emit (node:electron/js2c/utility_init:2:367)
2023-12-13 20:59:50.801 [error] [vscode.emmet] provider FAILED
2023-12-13 20:59:50.801 [error] Error: Unable to consume quoted string at char 666
	at r.error (/usr/share/code/resources/app/extensions/emmet/dist/node/emmetNodeMain.js:1:22253)
	at o (/usr/share/code/resources/app/extensions/emmet/dist/node/emmetNodeMain.js:1:20924)
	at f (/usr/share/code/resources/app/extensions/emmet/dist/node/emmetNodeMain.js:1:21351)
	at u (/usr/share/code/resources/app/extensions/emmet/dist/node/emmetNodeMain.js:1:14498)
	at l (/usr/share/code/resources/app/extensions/emmet/dist/node/emmetNodeMain.js:1:14611)
	at /usr/share/code/resources/app/extensions/emmet/dist/node/emmetNodeMain.js:1:15226
	at m (/usr/share/code/resources/app/extensions/emmet/dist/node/emmetNodeMain.js:1:15333)
	at A (/usr/share/code/resources/app/extensions/emmet/dist/node/emmetNodeMain.js:1:16251)
	at S (/usr/share/code/resources/app/extensions/emmet/dist/node/emmetNodeMain.js:1:16661)
	at t.$b (/usr/share/code/resources/app/extensions/emmet/dist/node/emmetNodeMain.js:1:143192)
	at t.$S.b (/usr/share/code/resources/app/extensions/emmet/dist/node/emmetNodeMain.js:1:129529)
	at t.$S.provideCompletionItems (/usr/share/code/resources/app/extensions/emmet/dist/node/emmetNodeMain.js:1:128540)
	at ve.provideCompletionItems (/usr/share/code/resources/app/out/vs/workbench/api/node/extensionHostProcess.js:143:53068)
	at /usr/share/code/resources/app/out/vs/workbench/api/node/extensionHostProcess.js:143:74658
	at be.s (/usr/share/code/resources/app/out/vs/workbench/api/node/extensionHostProcess.js:143:66141)
	at be.$provideCompletionItems (/usr/share/code/resources/app/out/vs/workbench/api/node/extensionHostProcess.js:143:74644)
	at l.S (/usr/share/code/resources/app/out/vs/workbench/api/node/extensionHostProcess.js:150:10829)
	at l.Q (/usr/share/code/resources/app/out/vs/workbench/api/node/extensionHostProcess.js:150:10595)
	at l.M (/usr/share/code/resources/app/out/vs/workbench/api/node/extensionHostProcess.js:150:9647)
	at l.L (/usr/share/code/resources/app/out/vs/workbench/api/node/extensionHostProcess.js:150:8764)
	at f.value (/usr/share/code/resources/app/out/vs/workbench/api/node/extensionHostProcess.js:150:7567)
	at n.y (/usr/share/code/resources/app/out/vs/workbench/api/node/extensionHostProcess.js:80:1902)
	at n.fire (/usr/share/code/resources/app/out/vs/workbench/api/node/extensionHostProcess.js:80:2119)
	at o.fire (/usr/share/code/resources/app/out/vs/workbench/api/node/extensionHostProcess.js:103:14039)
	at f.value (/usr/share/code/resources/app/out/vs/workbench/api/node/extensionHostProcess.js:171:7903)
	at n.y (/usr/share/code/resources/app/out/vs/workbench/api/node/extensionHostProcess.js:80:1902)
	at n.fire (/usr/share/code/resources/app/out/vs/workbench/api/node/extensionHostProcess.js:80:2119)
	at o.fire (/usr/share/code/resources/app/out/vs/workbench/api/node/extensionHostProcess.js:103:14039)
	at MessagePortMain.<anonymous> (/usr/share/code/resources/app/out/vs/workbench/api/node/extensionHostProcess.js:171:6183)
	at MessagePortMain.emit (node:events:513:28)
	at MessagePortMain._internalPort.emit (node:electron/js2c/utility_init:2:367)
2023-12-13 20:59:50.872 [error] [vscode.emmet] provider FAILED
2023-12-13 20:59:50.873 [error] Error: Unable to consume quoted string at char 667
	at r.error (/usr/share/code/resources/app/extensions/emmet/dist/node/emmetNodeMain.js:1:22253)
	at o (/usr/share/code/resources/app/extensions/emmet/dist/node/emmetNodeMain.js:1:20924)
	at f (/usr/share/code/resources/app/extensions/emmet/dist/node/emmetNodeMain.js:1:21351)
	at u (/usr/share/code/resources/app/extensions/emmet/dist/node/emmetNodeMain.js:1:14498)
	at l (/usr/share/code/resources/app/extensions/emmet/dist/node/emmetNodeMain.js:1:14611)
	at /usr/share/code/resources/app/extensions/emmet/dist/node/emmetNodeMain.js:1:15226
	at m (/usr/share/code/resources/app/extensions/emmet/dist/node/emmetNodeMain.js:1:15333)
	at A (/usr/share/code/resources/app/extensions/emmet/dist/node/emmetNodeMain.js:1:16251)
	at S (/usr/share/code/resources/app/extensions/emmet/dist/node/emmetNodeMain.js:1:16661)
	at t.$b (/usr/share/code/resources/app/extensions/emmet/dist/node/emmetNodeMain.js:1:143192)
	at t.$S.b (/usr/share/code/resources/app/extensions/emmet/dist/node/emmetNodeMain.js:1:129529)
	at t.$S.provideCompletionItems (/usr/share/code/resources/app/extensions/emmet/dist/node/emmetNodeMain.js:1:128540)
	at ve.provideCompletionItems (/usr/share/code/resources/app/out/vs/workbench/api/node/extensionHostProcess.js:143:53068)
	at /usr/share/code/resources/app/out/vs/workbench/api/node/extensionHostProcess.js:143:74658
	at be.s (/usr/share/code/resources/app/out/vs/workbench/api/node/extensionHostProcess.js:143:66141)
	at be.$provideCompletionItems (/usr/share/code/resources/app/out/vs/workbench/api/node/extensionHostProcess.js:143:74644)
	at l.S (/usr/share/code/resources/app/out/vs/workbench/api/node/extensionHostProcess.js:150:10829)
	at l.Q (/usr/share/code/resources/app/out/vs/workbench/api/node/extensionHostProcess.js:150:10595)
	at l.M (/usr/share/code/resources/app/out/vs/workbench/api/node/extensionHostProcess.js:150:9647)
	at l.L (/usr/share/code/resources/app/out/vs/workbench/api/node/extensionHostProcess.js:150:8764)
	at f.value (/usr/share/code/resources/app/out/vs/workbench/api/node/extensionHostProcess.js:150:7567)
	at n.y (/usr/share/code/resources/app/out/vs/workbench/api/node/extensionHostProcess.js:80:1902)
	at n.fire (/usr/share/code/resources/app/out/vs/workbench/api/node/extensionHostProcess.js:80:2119)
	at o.fire (/usr/share/code/resources/app/out/vs/workbench/api/node/extensionHostProcess.js:103:14039)
	at f.value (/usr/share/code/resources/app/out/vs/workbench/api/node/extensionHostProcess.js:171:7903)
	at n.y (/usr/share/code/resources/app/out/vs/workbench/api/node/extensionHostProcess.js:80:1902)
	at n.fire (/usr/share/code/resources/app/out/vs/workbench/api/node/extensionHostProcess.js:80:2119)
	at o.fire (/usr/share/code/resources/app/out/vs/workbench/api/node/extensionHostProcess.js:103:14039)
	at MessagePortMain.<anonymous> (/usr/share/code/resources/app/out/vs/workbench/api/node/extensionHostProcess.js:171:6183)
	at MessagePortMain.emit (node:events:513:28)
	at MessagePortMain._internalPort.emit (node:electron/js2c/utility_init:2:367)
2023-12-13 20:59:51.597 [error] [vscode.emmet] provider FAILED
2023-12-13 20:59:51.597 [error] Error: Unable to consume quoted string at char 668
	at r.error (/usr/share/code/resources/app/extensions/emmet/dist/node/emmetNodeMain.js:1:22253)
	at o (/usr/share/code/resources/app/extensions/emmet/dist/node/emmetNodeMain.js:1:20924)
	at f (/usr/share/code/resources/app/extensions/emmet/dist/node/emmetNodeMain.js:1:21351)
	at u (/usr/share/code/resources/app/extensions/emmet/dist/node/emmetNodeMain.js:1:14498)
	at l (/usr/share/code/resources/app/extensions/emmet/dist/node/emmetNodeMain.js:1:14611)
	at /usr/share/code/resources/app/extensions/emmet/dist/node/emmetNodeMain.js:1:15226
	at m (/usr/share/code/resources/app/extensions/emmet/dist/node/emmetNodeMain.js:1:15333)
	at A (/usr/share/code/resources/app/extensions/emmet/dist/node/emmetNodeMain.js:1:16251)
	at S (/usr/share/code/resources/app/extensions/emmet/dist/node/emmetNodeMain.js:1:16661)
	at t.$b (/usr/share/code/resources/app/extensions/emmet/dist/node/emmetNodeMain.js:1:143192)
	at t.$S.b (/usr/share/code/resources/app/extensions/emmet/dist/node/emmetNodeMain.js:1:129529)
	at t.$S.provideCompletionItems (/usr/share/code/resources/app/extensions/emmet/dist/node/emmetNodeMain.js:1:128540)
	at ve.provideCompletionItems (/usr/share/code/resources/app/out/vs/workbench/api/node/extensionHostProcess.js:143:53068)
	at /usr/share/code/resources/app/out/vs/workbench/api/node/extensionHostProcess.js:143:74658
	at be.s (/usr/share/code/resources/app/out/vs/workbench/api/node/extensionHostProcess.js:143:66141)
	at be.$provideCompletionItems (/usr/share/code/resources/app/out/vs/workbench/api/node/extensionHostProcess.js:143:74644)
	at l.S (/usr/share/code/resources/app/out/vs/workbench/api/node/extensionHostProcess.js:150:10829)
	at l.Q (/usr/share/code/resources/app/out/vs/workbench/api/node/extensionHostProcess.js:150:10595)
	at l.M (/usr/share/code/resources/app/out/vs/workbench/api/node/extensionHostProcess.js:150:9647)
	at l.L (/usr/share/code/resources/app/out/vs/workbench/api/node/extensionHostProcess.js:150:8764)
	at f.value (/usr/share/code/resources/app/out/vs/workbench/api/node/extensionHostProcess.js:150:7567)
	at n.y (/usr/share/code/resources/app/out/vs/workbench/api/node/extensionHostProcess.js:80:1902)
	at n.fire (/usr/share/code/resources/app/out/vs/workbench/api/node/extensionHostProcess.js:80:2119)
	at o.fire (/usr/share/code/resources/app/out/vs/workbench/api/node/extensionHostProcess.js:103:14039)
	at f.value (/usr/share/code/resources/app/out/vs/workbench/api/node/extensionHostProcess.js:171:7903)
	at n.y (/usr/share/code/resources/app/out/vs/workbench/api/node/extensionHostProcess.js:80:1902)
	at n.fire (/usr/share/code/resources/app/out/vs/workbench/api/node/extensionHostProcess.js:80:2119)
	at o.fire (/usr/share/code/resources/app/out/vs/workbench/api/node/extensionHostProcess.js:103:14039)
	at MessagePortMain.<anonymous> (/usr/share/code/resources/app/out/vs/workbench/api/node/extensionHostProcess.js:171:6183)
	at MessagePortMain.emit (node:events:513:28)
	at MessagePortMain._internalPort.emit (node:electron/js2c/utility_init:2:367)
2023-12-13 20:59:51.810 [error] [vscode.emmet] provider FAILED
2023-12-13 20:59:51.810 [error] Error: Unable to consume quoted string at char 669
	at r.error (/usr/share/code/resources/app/extensions/emmet/dist/node/emmetNodeMain.js:1:22253)
	at o (/usr/share/code/resources/app/extensions/emmet/dist/node/emmetNodeMain.js:1:20924)
	at f (/usr/share/code/resources/app/extensions/emmet/dist/node/emmetNodeMain.js:1:21351)
	at u (/usr/share/code/resources/app/extensions/emmet/dist/node/emmetNodeMain.js:1:14498)
	at l (/usr/share/code/resources/app/extensions/emmet/dist/node/emmetNodeMain.js:1:14611)
	at /usr/share/code/resources/app/extensions/emmet/dist/node/emmetNodeMain.js:1:15226
	at m (/usr/share/code/resources/app/extensions/emmet/dist/node/emmetNodeMain.js:1:15333)
	at A (/usr/share/code/resources/app/extensions/emmet/dist/node/emmetNodeMain.js:1:16251)
	at S (/usr/share/code/resources/app/extensions/emmet/dist/node/emmetNodeMain.js:1:16661)
	at t.$b (/usr/share/code/resources/app/extensions/emmet/dist/node/emmetNodeMain.js:1:143192)
	at t.$S.b (/usr/share/code/resources/app/extensions/emmet/dist/node/emmetNodeMain.js:1:129529)
	at t.$S.provideCompletionItems (/usr/share/code/resources/app/extensions/emmet/dist/node/emmetNodeMain.js:1:128540)
	at ve.provideCompletionItems (/usr/share/code/resources/app/out/vs/workbench/api/node/extensionHostProcess.js:143:53068)
	at /usr/share/code/resources/app/out/vs/workbench/api/node/extensionHostProcess.js:143:74658
	at be.s (/usr/share/code/resources/app/out/vs/workbench/api/node/extensionHostProcess.js:143:66141)
	at be.$provideCompletionItems (/usr/share/code/resources/app/out/vs/workbench/api/node/extensionHostProcess.js:143:74644)
	at l.S (/usr/share/code/resources/app/out/vs/workbench/api/node/extensionHostProcess.js:150:10829)
	at l.Q (/usr/share/code/resources/app/out/vs/workbench/api/node/extensionHostProcess.js:150:10595)
	at l.M (/usr/share/code/resources/app/out/vs/workbench/api/node/extensionHostProcess.js:150:9647)
	at l.L (/usr/share/code/resources/app/out/vs/workbench/api/node/extensionHostProcess.js:150:8764)
	at f.value (/usr/share/code/resources/app/out/vs/workbench/api/node/extensionHostProcess.js:150:7567)
	at n.y (/usr/share/code/resources/app/out/vs/workbench/api/node/extensionHostProcess.js:80:1902)
	at n.fire (/usr/share/code/resources/app/out/vs/workbench/api/node/extensionHostProcess.js:80:2119)
	at o.fire (/usr/share/code/resources/app/out/vs/workbench/api/node/extensionHostProcess.js:103:14039)
	at f.value (/usr/share/code/resources/app/out/vs/workbench/api/node/extensionHostProcess.js:171:7903)
	at n.y (/usr/share/code/resources/app/out/vs/workbench/api/node/extensionHostProcess.js:80:1902)
	at n.fire (/usr/share/code/resources/app/out/vs/workbench/api/node/extensionHostProcess.js:80:2119)
	at o.fire (/usr/share/code/resources/app/out/vs/workbench/api/node/extensionHostProcess.js:103:14039)
	at MessagePortMain.<anonymous> (/usr/share/code/resources/app/out/vs/workbench/api/node/extensionHostProcess.js:171:6183)
	at MessagePortMain.emit (node:events:513:28)
	at MessagePortMain._internalPort.emit (node:electron/js2c/utility_init:2:367)
2023-12-13 20:59:52.065 [error] [vscode.emmet] provider FAILED
2023-12-13 20:59:52.065 [error] Error: Unable to consume quoted string at char 670
	at r.error (/usr/share/code/resources/app/extensions/emmet/dist/node/emmetNodeMain.js:1:22253)
	at o (/usr/share/code/resources/app/extensions/emmet/dist/node/emmetNodeMain.js:1:20924)
	at f (/usr/share/code/resources/app/extensions/emmet/dist/node/emmetNodeMain.js:1:21351)
	at u (/usr/share/code/resources/app/extensions/emmet/dist/node/emmetNodeMain.js:1:14498)
	at l (/usr/share/code/resources/app/extensions/emmet/dist/node/emmetNodeMain.js:1:14611)
	at /usr/share/code/resources/app/extensions/emmet/dist/node/emmetNodeMain.js:1:15226
	at m (/usr/share/code/resources/app/extensions/emmet/dist/node/emmetNodeMain.js:1:15333)
	at A (/usr/share/code/resources/app/extensions/emmet/dist/node/emmetNodeMain.js:1:16251)
	at S (/usr/share/code/resources/app/extensions/emmet/dist/node/emmetNodeMain.js:1:16661)
	at t.$b (/usr/share/code/resources/app/extensions/emmet/dist/node/emmetNodeMain.js:1:143192)
	at t.$S.b (/usr/share/code/resources/app/extensions/emmet/dist/node/emmetNodeMain.js:1:129529)
	at t.$S.provideCompletionItems (/usr/share/code/resources/app/extensions/emmet/dist/node/emmetNodeMain.js:1:128540)
	at ve.provideCompletionItems (/usr/share/code/resources/app/out/vs/workbench/api/node/extensionHostProcess.js:143:53068)
	at /usr/share/code/resources/app/out/vs/workbench/api/node/extensionHostProcess.js:143:74658
	at be.s (/usr/share/code/resources/app/out/vs/workbench/api/node/extensionHostProcess.js:143:66141)
	at be.$provideCompletionItems (/usr/share/code/resources/app/out/vs/workbench/api/node/extensionHostProcess.js:143:74644)
	at l.S (/usr/share/code/resources/app/out/vs/workbench/api/node/extensionHostProcess.js:150:10829)
	at l.Q (/usr/share/code/resources/app/out/vs/workbench/api/node/extensionHostProcess.js:150:10595)
	at l.M (/usr/share/code/resources/app/out/vs/workbench/api/node/extensionHostProcess.js:150:9647)
	at l.L (/usr/share/code/resources/app/out/vs/workbench/api/node/extensionHostProcess.js:150:8764)
	at f.value (/usr/share/code/resources/app/out/vs/workbench/api/node/extensionHostProcess.js:150:7567)
	at n.y (/usr/share/code/resources/app/out/vs/workbench/api/node/extensionHostProcess.js:80:1902)
	at n.fire (/usr/share/code/resources/app/out/vs/workbench/api/node/extensionHostProcess.js:80:2119)
	at o.fire (/usr/share/code/resources/app/out/vs/workbench/api/node/extensionHostProcess.js:103:14039)
	at f.value (/usr/share/code/resources/app/out/vs/workbench/api/node/extensionHostProcess.js:171:7903)
	at n.y (/usr/share/code/resources/app/out/vs/workbench/api/node/extensionHostProcess.js:80:1902)
	at n.fire (/usr/share/code/resources/app/out/vs/workbench/api/node/extensionHostProcess.js:80:2119)
	at o.fire (/usr/share/code/resources/app/out/vs/workbench/api/node/extensionHostProcess.js:103:14039)
	at MessagePortMain.<anonymous> (/usr/share/code/resources/app/out/vs/workbench/api/node/extensionHostProcess.js:171:6183)
	at MessagePortMain.emit (node:events:513:28)
	at MessagePortMain._internalPort.emit (node:electron/js2c/utility_init:2:367)
2023-12-13 20:59:52.234 [error] [vscode.emmet] provider FAILED
2023-12-13 20:59:52.234 [error] Error: Unable to consume quoted string at char 671
	at r.error (/usr/share/code/resources/app/extensions/emmet/dist/node/emmetNodeMain.js:1:22253)
	at o (/usr/share/code/resources/app/extensions/emmet/dist/node/emmetNodeMain.js:1:20924)
	at f (/usr/share/code/resources/app/extensions/emmet/dist/node/emmetNodeMain.js:1:21351)
	at u (/usr/share/code/resources/app/extensions/emmet/dist/node/emmetNodeMain.js:1:14498)
	at l (/usr/share/code/resources/app/extensions/emmet/dist/node/emmetNodeMain.js:1:14611)
	at /usr/share/code/resources/app/extensions/emmet/dist/node/emmetNodeMain.js:1:15226
	at m (/usr/share/code/resources/app/extensions/emmet/dist/node/emmetNodeMain.js:1:15333)
	at A (/usr/share/code/resources/app/extensions/emmet/dist/node/emmetNodeMain.js:1:16251)
	at S (/usr/share/code/resources/app/extensions/emmet/dist/node/emmetNodeMain.js:1:16661)
	at t.$b (/usr/share/code/resources/app/extensions/emmet/dist/node/emmetNodeMain.js:1:143192)
	at t.$S.b (/usr/share/code/resources/app/extensions/emmet/dist/node/emmetNodeMain.js:1:129529)
	at t.$S.provideCompletionItems (/usr/share/code/resources/app/extensions/emmet/dist/node/emmetNodeMain.js:1:128540)
	at ve.provideCompletionItems (/usr/share/code/resources/app/out/vs/workbench/api/node/extensionHostProcess.js:143:53068)
	at /usr/share/code/resources/app/out/vs/workbench/api/node/extensionHostProcess.js:143:74658
	at be.s (/usr/share/code/resources/app/out/vs/workbench/api/node/extensionHostProcess.js:143:66141)
	at be.$provideCompletionItems (/usr/share/code/resources/app/out/vs/workbench/api/node/extensionHostProcess.js:143:74644)
	at l.S (/usr/share/code/resources/app/out/vs/workbench/api/node/extensionHostProcess.js:150:10829)
	at l.Q (/usr/share/code/resources/app/out/vs/workbench/api/node/extensionHostProcess.js:150:10595)
	at l.M (/usr/share/code/resources/app/out/vs/workbench/api/node/extensionHostProcess.js:150:9647)
	at l.L (/usr/share/code/resources/app/out/vs/workbench/api/node/extensionHostProcess.js:150:8764)
	at f.value (/usr/share/code/resources/app/out/vs/workbench/api/node/extensionHostProcess.js:150:7567)
	at n.y (/usr/share/code/resources/app/out/vs/workbench/api/node/extensionHostProcess.js:80:1902)
	at n.fire (/usr/share/code/resources/app/out/vs/workbench/api/node/extensionHostProcess.js:80:2119)
	at o.fire (/usr/share/code/resources/app/out/vs/workbench/api/node/extensionHostProcess.js:103:14039)
	at f.value (/usr/share/code/resources/app/out/vs/workbench/api/node/extensionHostProcess.js:171:7903)
	at n.y (/usr/share/code/resources/app/out/vs/workbench/api/node/extensionHostProcess.js:80:1902)
	at n.fire (/usr/share/code/resources/app/out/vs/workbench/api/node/extensionHostProcess.js:80:2119)
	at o.fire (/usr/share/code/resources/app/out/vs/workbench/api/node/extensionHostProcess.js:103:14039)
	at MessagePortMain.<anonymous> (/usr/share/code/resources/app/out/vs/workbench/api/node/extensionHostProcess.js:171:6183)
	at MessagePortMain.emit (node:events:513:28)
	at MessagePortMain._internalPort.emit (node:electron/js2c/utility_init:2:367)
2023-12-13 20:59:53.187 [error] [vscode.emmet] provider FAILED
2023-12-13 20:59:53.187 [error] Error: Unable to consume quoted string at char 672
	at r.error (/usr/share/code/resources/app/extensions/emmet/dist/node/emmetNodeMain.js:1:22253)
	at o (/usr/share/code/resources/app/extensions/emmet/dist/node/emmetNodeMain.js:1:20924)
	at f (/usr/share/code/resources/app/extensions/emmet/dist/node/emmetNodeMain.js:1:21351)
	at u (/usr/share/code/resources/app/extensions/emmet/dist/node/emmetNodeMain.js:1:14498)
	at l (/usr/share/code/resources/app/extensions/emmet/dist/node/emmetNodeMain.js:1:14611)
	at /usr/share/code/resources/app/extensions/emmet/dist/node/emmetNodeMain.js:1:15226
	at m (/usr/share/code/resources/app/extensions/emmet/dist/node/emmetNodeMain.js:1:15333)
	at A (/usr/share/code/resources/app/extensions/emmet/dist/node/emmetNodeMain.js:1:16251)
	at S (/usr/share/code/resources/app/extensions/emmet/dist/node/emmetNodeMain.js:1:16661)
	at t.$b (/usr/share/code/resources/app/extensions/emmet/dist/node/emmetNodeMain.js:1:143192)
	at t.$S.b (/usr/share/code/resources/app/extensions/emmet/dist/node/emmetNodeMain.js:1:129529)
	at t.$S.provideCompletionItems (/usr/share/code/resources/app/extensions/emmet/dist/node/emmetNodeMain.js:1:128540)
	at ve.provideCompletionItems (/usr/share/code/resources/app/out/vs/workbench/api/node/extensionHostProcess.js:143:53068)
	at /usr/share/code/resources/app/out/vs/workbench/api/node/extensionHostProcess.js:143:74658
	at be.s (/usr/share/code/resources/app/out/vs/workbench/api/node/extensionHostProcess.js:143:66141)
	at be.$provideCompletionItems (/usr/share/code/resources/app/out/vs/workbench/api/node/extensionHostProcess.js:143:74644)
	at l.S (/usr/share/code/resources/app/out/vs/workbench/api/node/extensionHostProcess.js:150:10829)
	at l.Q (/usr/share/code/resources/app/out/vs/workbench/api/node/extensionHostProcess.js:150:10595)
	at l.M (/usr/share/code/resources/app/out/vs/workbench/api/node/extensionHostProcess.js:150:9647)
	at l.L (/usr/share/code/resources/app/out/vs/workbench/api/node/extensionHostProcess.js:150:8764)
	at f.value (/usr/share/code/resources/app/out/vs/workbench/api/node/extensionHostProcess.js:150:7567)
	at n.y (/usr/share/code/resources/app/out/vs/workbench/api/node/extensionHostProcess.js:80:1902)
	at n.fire (/usr/share/code/resources/app/out/vs/workbench/api/node/extensionHostProcess.js:80:2119)
	at o.fire (/usr/share/code/resources/app/out/vs/workbench/api/node/extensionHostProcess.js:103:14039)
	at f.value (/usr/share/code/resources/app/out/vs/workbench/api/node/extensionHostProcess.js:171:7903)
	at n.y (/usr/share/code/resources/app/out/vs/workbench/api/node/extensionHostProcess.js:80:1902)
	at n.fire (/usr/share/code/resources/app/out/vs/workbench/api/node/extensionHostProcess.js:80:2119)
	at o.fire (/usr/share/code/resources/app/out/vs/workbench/api/node/extensionHostProcess.js:103:14039)
	at MessagePortMain.<anonymous> (/usr/share/code/resources/app/out/vs/workbench/api/node/extensionHostProcess.js:171:6183)
	at MessagePortMain.emit (node:events:513:28)
	at MessagePortMain._internalPort.emit (node:electron/js2c/utility_init:2:367)
2023-12-13 20:59:54.303 [error] [vscode.emmet] provider FAILED
2023-12-13 20:59:54.303 [error] Error: Unable to consume quoted string at char 669
	at r.error (/usr/share/code/resources/app/extensions/emmet/dist/node/emmetNodeMain.js:1:22253)
	at o (/usr/share/code/resources/app/extensions/emmet/dist/node/emmetNodeMain.js:1:20924)
	at f (/usr/share/code/resources/app/extensions/emmet/dist/node/emmetNodeMain.js:1:21351)
	at u (/usr/share/code/resources/app/extensions/emmet/dist/node/emmetNodeMain.js:1:14498)
	at l (/usr/share/code/resources/app/extensions/emmet/dist/node/emmetNodeMain.js:1:14611)
	at /usr/share/code/resources/app/extensions/emmet/dist/node/emmetNodeMain.js:1:15226
	at m (/usr/share/code/resources/app/extensions/emmet/dist/node/emmetNodeMain.js:1:15333)
	at A (/usr/share/code/resources/app/extensions/emmet/dist/node/emmetNodeMain.js:1:16251)
	at S (/usr/share/code/resources/app/extensions/emmet/dist/node/emmetNodeMain.js:1:16661)
	at t.$b (/usr/share/code/resources/app/extensions/emmet/dist/node/emmetNodeMain.js:1:143192)
	at t.$S.b (/usr/share/code/resources/app/extensions/emmet/dist/node/emmetNodeMain.js:1:129529)
	at t.$S.provideCompletionItems (/usr/share/code/resources/app/extensions/emmet/dist/node/emmetNodeMain.js:1:128540)
	at ve.provideCompletionItems (/usr/share/code/resources/app/out/vs/workbench/api/node/extensionHostProcess.js:143:53068)
	at /usr/share/code/resources/app/out/vs/workbench/api/node/extensionHostProcess.js:143:74658
	at be.s (/usr/share/code/resources/app/out/vs/workbench/api/node/extensionHostProcess.js:143:66141)
	at be.$provideCompletionItems (/usr/share/code/resources/app/out/vs/workbench/api/node/extensionHostProcess.js:143:74644)
	at l.S (/usr/share/code/resources/app/out/vs/workbench/api/node/extensionHostProcess.js:150:10829)
	at l.Q (/usr/share/code/resources/app/out/vs/workbench/api/node/extensionHostProcess.js:150:10595)
	at l.M (/usr/share/code/resources/app/out/vs/workbench/api/node/extensionHostProcess.js:150:9647)
	at l.L (/usr/share/code/resources/app/out/vs/workbench/api/node/extensionHostProcess.js:150:8764)
	at f.value (/usr/share/code/resources/app/out/vs/workbench/api/node/extensionHostProcess.js:150:7567)
	at n.y (/usr/share/code/resources/app/out/vs/workbench/api/node/extensionHostProcess.js:80:1902)
	at n.fire (/usr/share/code/resources/app/out/vs/workbench/api/node/extensionHostProcess.js:80:2119)
	at o.fire (/usr/share/code/resources/app/out/vs/workbench/api/node/extensionHostProcess.js:103:14039)
	at f.value (/usr/share/code/resources/app/out/vs/workbench/api/node/extensionHostProcess.js:171:7903)
	at n.y (/usr/share/code/resources/app/out/vs/workbench/api/node/extensionHostProcess.js:80:1902)
	at n.fire (/usr/share/code/resources/app/out/vs/workbench/api/node/extensionHostProcess.js:80:2119)
	at o.fire (/usr/share/code/resources/app/out/vs/workbench/api/node/extensionHostProcess.js:103:14039)
	at MessagePortMain.<anonymous> (/usr/share/code/resources/app/out/vs/workbench/api/node/extensionHostProcess.js:171:6183)
	at MessagePortMain.emit (node:events:513:28)
	at MessagePortMain._internalPort.emit (node:electron/js2c/utility_init:2:367)
2023-12-13 20:59:54.407 [error] [vscode.emmet] provider FAILED
2023-12-13 20:59:54.407 [error] Error: Unable to consume quoted string at char 670
	at r.error (/usr/share/code/resources/app/extensions/emmet/dist/node/emmetNodeMain.js:1:22253)
	at o (/usr/share/code/resources/app/extensions/emmet/dist/node/emmetNodeMain.js:1:20924)
	at f (/usr/share/code/resources/app/extensions/emmet/dist/node/emmetNodeMain.js:1:21351)
	at u (/usr/share/code/resources/app/extensions/emmet/dist/node/emmetNodeMain.js:1:14498)
	at l (/usr/share/code/resources/app/extensions/emmet/dist/node/emmetNodeMain.js:1:14611)
	at /usr/share/code/resources/app/extensions/emmet/dist/node/emmetNodeMain.js:1:15226
	at m (/usr/share/code/resources/app/extensions/emmet/dist/node/emmetNodeMain.js:1:15333)
	at A (/usr/share/code/resources/app/extensions/emmet/dist/node/emmetNodeMain.js:1:16251)
	at S (/usr/share/code/resources/app/extensions/emmet/dist/node/emmetNodeMain.js:1:16661)
	at t.$b (/usr/share/code/resources/app/extensions/emmet/dist/node/emmetNodeMain.js:1:143192)
	at t.$S.b (/usr/share/code/resources/app/extensions/emmet/dist/node/emmetNodeMain.js:1:129529)
	at t.$S.provideCompletionItems (/usr/share/code/resources/app/extensions/emmet/dist/node/emmetNodeMain.js:1:128540)
	at ve.provideCompletionItems (/usr/share/code/resources/app/out/vs/workbench/api/node/extensionHostProcess.js:143:53068)
	at /usr/share/code/resources/app/out/vs/workbench/api/node/extensionHostProcess.js:143:74658
	at be.s (/usr/share/code/resources/app/out/vs/workbench/api/node/extensionHostProcess.js:143:66141)
	at be.$provideCompletionItems (/usr/share/code/resources/app/out/vs/workbench/api/node/extensionHostProcess.js:143:74644)
	at l.S (/usr/share/code/resources/app/out/vs/workbench/api/node/extensionHostProcess.js:150:10829)
	at l.Q (/usr/share/code/resources/app/out/vs/workbench/api/node/extensionHostProcess.js:150:10595)
	at l.M (/usr/share/code/resources/app/out/vs/workbench/api/node/extensionHostProcess.js:150:9647)
	at l.L (/usr/share/code/resources/app/out/vs/workbench/api/node/extensionHostProcess.js:150:8764)
	at f.value (/usr/share/code/resources/app/out/vs/workbench/api/node/extensionHostProcess.js:150:7567)
	at n.y (/usr/share/code/resources/app/out/vs/workbench/api/node/extensionHostProcess.js:80:1902)
	at n.fire (/usr/share/code/resources/app/out/vs/workbench/api/node/extensionHostProcess.js:80:2119)
	at o.fire (/usr/share/code/resources/app/out/vs/workbench/api/node/extensionHostProcess.js:103:14039)
	at f.value (/usr/share/code/resources/app/out/vs/workbench/api/node/extensionHostProcess.js:171:7903)
	at n.y (/usr/share/code/resources/app/out/vs/workbench/api/node/extensionHostProcess.js:80:1902)
	at n.fire (/usr/share/code/resources/app/out/vs/workbench/api/node/extensionHostProcess.js:80:2119)
	at o.fire (/usr/share/code/resources/app/out/vs/workbench/api/node/extensionHostProcess.js:103:14039)
	at MessagePortMain.<anonymous> (/usr/share/code/resources/app/out/vs/workbench/api/node/extensionHostProcess.js:171:6183)
	at MessagePortMain.emit (node:events:513:28)
	at MessagePortMain._internalPort.emit (node:electron/js2c/utility_init:2:367)
2023-12-13 20:59:54.501 [error] [vscode.emmet] provider FAILED
2023-12-13 20:59:54.501 [error] Error: Unable to consume quoted string at char 671
	at r.error (/usr/share/code/resources/app/extensions/emmet/dist/node/emmetNodeMain.js:1:22253)
	at o (/usr/share/code/resources/app/extensions/emmet/dist/node/emmetNodeMain.js:1:20924)
	at f (/usr/share/code/resources/app/extensions/emmet/dist/node/emmetNodeMain.js:1:21351)
	at u (/usr/share/code/resources/app/extensions/emmet/dist/node/emmetNodeMain.js:1:14498)
	at l (/usr/share/code/resources/app/extensions/emmet/dist/node/emmetNodeMain.js:1:14611)
	at /usr/share/code/resources/app/extensions/emmet/dist/node/emmetNodeMain.js:1:15226
	at m (/usr/share/code/resources/app/extensions/emmet/dist/node/emmetNodeMain.js:1:15333)
	at A (/usr/share/code/resources/app/extensions/emmet/dist/node/emmetNodeMain.js:1:16251)
	at S (/usr/share/code/resources/app/extensions/emmet/dist/node/emmetNodeMain.js:1:16661)
	at t.$b (/usr/share/code/resources/app/extensions/emmet/dist/node/emmetNodeMain.js:1:143192)
	at t.$S.b (/usr/share/code/resources/app/extensions/emmet/dist/node/emmetNodeMain.js:1:129529)
	at t.$S.provideCompletionItems (/usr/share/code/resources/app/extensions/emmet/dist/node/emmetNodeMain.js:1:128540)
	at ve.provideCompletionItems (/usr/share/code/resources/app/out/vs/workbench/api/node/extensionHostProcess.js:143:53068)
	at /usr/share/code/resources/app/out/vs/workbench/api/node/extensionHostProcess.js:143:74658
	at be.s (/usr/share/code/resources/app/out/vs/workbench/api/node/extensionHostProcess.js:143:66141)
	at be.$provideCompletionItems (/usr/share/code/resources/app/out/vs/workbench/api/node/extensionHostProcess.js:143:74644)
	at l.S (/usr/share/code/resources/app/out/vs/workbench/api/node/extensionHostProcess.js:150:10829)
	at l.Q (/usr/share/code/resources/app/out/vs/workbench/api/node/extensionHostProcess.js:150:10595)
	at l.M (/usr/share/code/resources/app/out/vs/workbench/api/node/extensionHostProcess.js:150:9647)
	at l.L (/usr/share/code/resources/app/out/vs/workbench/api/node/extensionHostProcess.js:150:8764)
	at f.value (/usr/share/code/resources/app/out/vs/workbench/api/node/extensionHostProcess.js:150:7567)
	at n.y (/usr/share/code/resources/app/out/vs/workbench/api/node/extensionHostProcess.js:80:1902)
	at n.fire (/usr/share/code/resources/app/out/vs/workbench/api/node/extensionHostProcess.js:80:2119)
	at o.fire (/usr/share/code/resources/app/out/vs/workbench/api/node/extensionHostProcess.js:103:14039)
	at f.value (/usr/share/code/resources/app/out/vs/workbench/api/node/extensionHostProcess.js:171:7903)
	at n.y (/usr/share/code/resources/app/out/vs/workbench/api/node/extensionHostProcess.js:80:1902)
	at n.fire (/usr/share/code/resources/app/out/vs/workbench/api/node/extensionHostProcess.js:80:2119)
	at o.fire (/usr/share/code/resources/app/out/vs/workbench/api/node/extensionHostProcess.js:103:14039)
	at MessagePortMain.<anonymous> (/usr/share/code/resources/app/out/vs/workbench/api/node/extensionHostProcess.js:171:6183)
	at MessagePortMain.emit (node:events:513:28)
	at MessagePortMain._internalPort.emit (node:electron/js2c/utility_init:2:367)
2023-12-13 20:59:54.651 [error] [vscode.emmet] provider FAILED
2023-12-13 20:59:54.651 [error] Error: Unable to consume quoted string at char 672
	at r.error (/usr/share/code/resources/app/extensions/emmet/dist/node/emmetNodeMain.js:1:22253)
	at o (/usr/share/code/resources/app/extensions/emmet/dist/node/emmetNodeMain.js:1:20924)
	at f (/usr/share/code/resources/app/extensions/emmet/dist/node/emmetNodeMain.js:1:21351)
	at u (/usr/share/code/resources/app/extensions/emmet/dist/node/emmetNodeMain.js:1:14498)
	at l (/usr/share/code/resources/app/extensions/emmet/dist/node/emmetNodeMain.js:1:14611)
	at /usr/share/code/resources/app/extensions/emmet/dist/node/emmetNodeMain.js:1:15226
	at m (/usr/share/code/resources/app/extensions/emmet/dist/node/emmetNodeMain.js:1:15333)
	at A (/usr/share/code/resources/app/extensions/emmet/dist/node/emmetNodeMain.js:1:16251)
	at S (/usr/share/code/resources/app/extensions/emmet/dist/node/emmetNodeMain.js:1:16661)
	at t.$b (/usr/share/code/resources/app/extensions/emmet/dist/node/emmetNodeMain.js:1:143192)
	at t.$S.b (/usr/share/code/resources/app/extensions/emmet/dist/node/emmetNodeMain.js:1:129529)
	at t.$S.provideCompletionItems (/usr/share/code/resources/app/extensions/emmet/dist/node/emmetNodeMain.js:1:128540)
	at ve.provideCompletionItems (/usr/share/code/resources/app/out/vs/workbench/api/node/extensionHostProcess.js:143:53068)
	at /usr/share/code/resources/app/out/vs/workbench/api/node/extensionHostProcess.js:143:74658
	at be.s (/usr/share/code/resources/app/out/vs/workbench/api/node/extensionHostProcess.js:143:66141)
	at be.$provideCompletionItems (/usr/share/code/resources/app/out/vs/workbench/api/node/extensionHostProcess.js:143:74644)
	at l.S (/usr/share/code/resources/app/out/vs/workbench/api/node/extensionHostProcess.js:150:10829)
	at l.Q (/usr/share/code/resources/app/out/vs/workbench/api/node/extensionHostProcess.js:150:10595)
	at l.M (/usr/share/code/resources/app/out/vs/workbench/api/node/extensionHostProcess.js:150:9647)
	at l.L (/usr/share/code/resources/app/out/vs/workbench/api/node/extensionHostProcess.js:150:8764)
	at f.value (/usr/share/code/resources/app/out/vs/workbench/api/node/extensionHostProcess.js:150:7567)
	at n.y (/usr/share/code/resources/app/out/vs/workbench/api/node/extensionHostProcess.js:80:1902)
	at n.fire (/usr/share/code/resources/app/out/vs/workbench/api/node/extensionHostProcess.js:80:2119)
	at o.fire (/usr/share/code/resources/app/out/vs/workbench/api/node/extensionHostProcess.js:103:14039)
	at f.value (/usr/share/code/resources/app/out/vs/workbench/api/node/extensionHostProcess.js:171:7903)
	at n.y (/usr/share/code/resources/app/out/vs/workbench/api/node/extensionHostProcess.js:80:1902)
	at n.fire (/usr/share/code/resources/app/out/vs/workbench/api/node/extensionHostProcess.js:80:2119)
	at o.fire (/usr/share/code/resources/app/out/vs/workbench/api/node/extensionHostProcess.js:103:14039)
	at MessagePortMain.<anonymous> (/usr/share/code/resources/app/out/vs/workbench/api/node/extensionHostProcess.js:171:6183)
	at MessagePortMain.emit (node:events:513:28)
	at MessagePortMain._internalPort.emit (node:electron/js2c/utility_init:2:367)
2023-12-13 21:03:00.232 [warning] TextEditor is closed/disposed
2023-12-13 21:03:49.283 [warning] TextEditor is closed/disposed
2023-12-13 21:03:54.822 [warning] TextEditor is closed/disposed
2023-12-13 21:03:57.102 [warning] TextEditor is closed/disposed
2023-12-13 21:03:58.450 [warning] TextEditor is closed/disposed
2023-12-13 21:06:58.841 [warning] TextEditor is closed/disposed
2023-12-13 21:11:27.432 [warning] TextEditor is closed/disposed
2023-12-13 21:14:18.453 [warning] TextEditor is closed/disposed
2023-12-13 21:14:21.999 [warning] TextEditor is closed/disposed
2023-12-13 21:14:30.657 [warning] TextEditor is closed/disposed
2023-12-13 21:15:33.758 [warning] TextEditor is closed/disposed
2023-12-13 21:15:39.155 [warning] TextEditor is closed/disposed
2023-12-13 21:15:41.316 [warning] TextEditor is closed/disposed
2023-12-13 21:16:25.278 [warning] TextEditor is closed/disposed
2023-12-13 21:19:02.150 [warning] TextEditor is closed/disposed
2023-12-13 21:19:59.566 [warning] TextEditor is closed/disposed
2023-12-13 21:20:12.272 [warning] TextEditor is closed/disposed
2023-12-13 21:20:13.355 [warning] TextEditor is closed/disposed
2023-12-13 21:20:14.932 [warning] TextEditor is closed/disposed
2023-12-13 21:20:28.307 [warning] TextEditor is closed/disposed
2023-12-13 21:22:35.281 [warning] TextEditor is closed/disposed
2023-12-13 21:23:07.035 [warning] TextEditor is closed/disposed
2023-12-13 21:23:49.778 [warning] TextEditor is closed/disposed
2023-12-13 21:24:55.232 [warning] TextEditor is closed/disposed
2023-12-13 21:26:37.354 [warning] TextEditor is closed/disposed
2023-12-13 21:28:01.501 [warning] TextEditor is closed/disposed
2023-12-13 21:28:20.316 [warning] TextEditor is closed/disposed
2023-12-13 21:30:07.869 [warning] TextEditor is closed/disposed
2023-12-13 21:30:25.944 [warning] TextEditor is closed/disposed
2023-12-13 21:30:55.910 [warning] TextEditor is closed/disposed
2023-12-13 21:31:04.407 [warning] TextEditor is closed/disposed
2023-12-13 21:31:10.626 [warning] TextEditor is closed/disposed
2023-12-13 21:31:11.335 [warning] TextEditor is closed/disposed
2023-12-13 21:31:27.637 [warning] TextEditor is closed/disposed
2023-12-13 21:32:17.056 [warning] TextEditor is closed/disposed
2023-12-13 21:35:08.573 [warning] TextEditor is closed/disposed
2023-12-13 21:35:19.307 [warning] TextEditor is closed/disposed
2023-12-13 21:35:24.676 [warning] TextEditor is closed/disposed
2023-12-13 21:35:38.774 [warning] TextEditor is closed/disposed
2023-12-13 21:35:43.462 [warning] TextEditor is closed/disposed
2023-12-13 21:36:48.941 [warning] TextEditor is closed/disposed
2023-12-13 21:37:08.881 [warning] TextEditor is closed/disposed
2023-12-13 21:38:42.820 [warning] TextEditor is closed/disposed
2023-12-13 21:38:55.622 [warning] TextEditor is closed/disposed
2023-12-13 21:38:57.194 [warning] TextEditor is closed/disposed
2023-12-13 21:39:17.013 [warning] TextEditor is closed/disposed
2023-12-13 21:39:20.658 [warning] TextEditor is closed/disposed
2023-12-13 21:46:55.069 [warning] TextEditor is closed/disposed
2023-12-13 21:47:53.208 [warning] TextEditor is closed/disposed
2023-12-13 21:48:05.050 [warning] TextEditor is closed/disposed
2023-12-13 21:52:47.544 [warning] TextEditor is closed/disposed
2023-12-13 21:54:31.849 [warning] TextEditor is closed/disposed
2023-12-13 21:57:27.687 [warning] TextEditor is closed/disposed
2023-12-13 21:58:26.772 [warning] TextEditor is closed/disposed
2023-12-13 22:45:54.315 [info] Extension host terminating: renderer closed the MessagePort
2023-12-13 22:45:54.347 [warning] Canceled
2023-12-13 22:45:54.349 [error] TypeError: r.some is not a function
	at d.saveToDisk (/home/michell/.vscode/extensions/vscodevim.vim-1.27.1/out/extension.js:2:675539)
	at t.deactivate (/home/michell/.vscode/extensions/vscodevim.vim-1.27.1/out/extension.js:2:213749)
	at f.cb (/usr/share/code/resources/app/out/vs/workbench/api/node/extensionHostProcess.js:154:9678)
	at /usr/share/code/resources/app/out/vs/workbench/api/node/extensionHostProcess.js:154:7808
	at Array.map (<anonymous>)
	at f.Y (/usr/share/code/resources/app/out/vs/workbench/api/node/extensionHostProcess.js:154:7795)
	at f.terminate (/usr/share/code/resources/app/out/vs/workbench/api/node/extensionHostProcess.js:154:8068)
	at s.terminate (/usr/share/code/resources/app/out/vs/workbench/api/node/extensionHostProcess.js:158:1513)
	at a (/usr/share/code/resources/app/out/vs/workbench/api/node/extensionHostProcess.js:171:9802)
	at MessagePortMain.<anonymous> (/usr/share/code/resources/app/out/vs/workbench/api/node/extensionHostProcess.js:171:6227)
	at MessagePortMain.emit (node:events:513:28)
	at MessagePortMain._internalPort.emit (node:electron/js2c/utility_init:2:367)
2023-12-13 22:45:54.349 [error] Canceled: Canceled
	at new g (/usr/share/code/resources/app/out/vs/workbench/api/node/extensionHostProcess.js:141:110274)
	at l.U (/usr/share/code/resources/app/out/vs/workbench/api/node/extensionHostProcess.js:150:10866)
	at P.<computed>.j.charCodeAt.P.<computed> (/usr/share/code/resources/app/out/vs/workbench/api/node/extensionHostProcess.js:150:8317)
	at d.g (/usr/share/code/resources/app/out/vs/workbench/api/node/extensionHostProcess.js:141:139555)
	at d.executeCommand (/usr/share/code/resources/app/out/vs/workbench/api/node/extensionHostProcess.js:141:138993)
	at p.registerCommand.description (/usr/share/code/resources/app/out/vs/workbench/api/node/extensionHostProcess.js:141:138317)
	at d.h (/usr/share/code/resources/app/out/vs/workbench/api/node/extensionHostProcess.js:141:140094)
	at d.g (/usr/share/code/resources/app/out/vs/workbench/api/node/extensionHostProcess.js:141:139086)
	at d.executeCommand (/usr/share/code/resources/app/out/vs/workbench/api/node/extensionHostProcess.js:141:138993)
	at Object.executeCommand (/usr/share/code/resources/app/out/vs/workbench/api/node/extensionHostProcess.js:158:21333)
	at f.I [as value] (/usr/share/code/resources/app/extensions/git/dist/main.js:2:924696)
	at n.y (/usr/share/code/resources/app/out/vs/workbench/api/node/extensionHostProcess.js:80:1902)
	at n.z (/usr/share/code/resources/app/out/vs/workbench/api/node/extensionHostProcess.js:80:1972)
	at n.fire (/usr/share/code/resources/app/out/vs/workbench/api/node/extensionHostProcess.js:80:2188)
	at Object.m [as dispose] (/usr/share/code/resources/app/extensions/git/dist/main.js:2:940613)
	at /usr/share/code/resources/app/extensions/git/dist/main.js:2:945566
	at Array.forEach (<anonymous>)
	at p.dispose (/usr/share/code/resources/app/extensions/git/dist/main.js:2:945552)
	at u.<anonymous> (/usr/share/code/resources/app/out/vs/workbench/api/node/extensionHostProcess.js:137:3620)
	at u.dispose (/usr/share/code/resources/app/out/vs/workbench/api/node/extensionHostProcess.js:137:3717)
	at u.<anonymous> (/usr/share/code/resources/app/extensions/git/dist/main.js:2:926708)
	at u.dispose (/usr/share/code/resources/app/out/vs/workbench/api/node/extensionHostProcess.js:137:3717)
	at s (/usr/share/code/resources/app/out/vs/workbench/api/node/extensionHostProcess.js:30:754)
	at f.cb (/usr/share/code/resources/app/out/vs/workbench/api/node/extensionHostProcess.js:154:9873)
	at /usr/share/code/resources/app/out/vs/workbench/api/node/extensionHostProcess.js:154:7808
	at Array.map (<anonymous>)
	at f.Y (/usr/share/code/resources/app/out/vs/workbench/api/node/extensionHostProcess.js:154:7795)
	at f.terminate (/usr/share/code/resources/app/out/vs/workbench/api/node/extensionHostProcess.js:154:8068)
	at s.terminate (/usr/share/code/resources/app/out/vs/workbench/api/node/extensionHostProcess.js:158:1513)
	at a (/usr/share/code/resources/app/out/vs/workbench/api/node/extensionHostProcess.js:171:9802)
	at MessagePortMain.<anonymous> (/usr/share/code/resources/app/out/vs/workbench/api/node/extensionHostProcess.js:171:6227)
	at MessagePortMain.emit (node:events:513:28)
	at MessagePortMain._internalPort.emit (node:electron/js2c/utility_init:2:367) setContext undefined
2023-12-13 22:45:54.350 [error] Canceled: Canceled
	at new g (/usr/share/code/resources/app/out/vs/workbench/api/node/extensionHostProcess.js:141:110274)
	at l.U (/usr/share/code/resources/app/out/vs/workbench/api/node/extensionHostProcess.js:150:10866)
	at P.<computed>.j.charCodeAt.P.<computed> (/usr/share/code/resources/app/out/vs/workbench/api/node/extensionHostProcess.js:150:8317)
	at d.g (/usr/share/code/resources/app/out/vs/workbench/api/node/extensionHostProcess.js:141:139555)
	at d.executeCommand (/usr/share/code/resources/app/out/vs/workbench/api/node/extensionHostProcess.js:141:138993)
	at p.registerCommand.description (/usr/share/code/resources/app/out/vs/workbench/api/node/extensionHostProcess.js:141:138317)
	at d.h (/usr/share/code/resources/app/out/vs/workbench/api/node/extensionHostProcess.js:141:140094)
	at d.g (/usr/share/code/resources/app/out/vs/workbench/api/node/extensionHostProcess.js:141:139086)
	at d.executeCommand (/usr/share/code/resources/app/out/vs/workbench/api/node/extensionHostProcess.js:141:138993)
	at Object.executeCommand (/usr/share/code/resources/app/out/vs/workbench/api/node/extensionHostProcess.js:158:21333)
	at set b [as b] (/usr/share/code/resources/app/extensions/github/dist/extension.js:2:322364)
	at /usr/share/code/resources/app/extensions/github/dist/extension.js:2:323005
	at f.value (/usr/share/code/resources/app/extensions/git/dist/main.js:2:1016450)
	at n.y (/usr/share/code/resources/app/out/vs/workbench/api/node/extensionHostProcess.js:80:1902)
	at n.z (/usr/share/code/resources/app/out/vs/workbench/api/node/extensionHostProcess.js:80:1972)
	at n.fire (/usr/share/code/resources/app/out/vs/workbench/api/node/extensionHostProcess.js:80:2188)
	at Object.m [as dispose] (/usr/share/code/resources/app/extensions/git/dist/main.js:2:940613)
	at /usr/share/code/resources/app/extensions/git/dist/main.js:2:945566
	at Array.forEach (<anonymous>)
	at p.dispose (/usr/share/code/resources/app/extensions/git/dist/main.js:2:945552)
	at u.<anonymous> (/usr/share/code/resources/app/out/vs/workbench/api/node/extensionHostProcess.js:137:3620)
	at u.dispose (/usr/share/code/resources/app/out/vs/workbench/api/node/extensionHostProcess.js:137:3717)
	at u.<anonymous> (/usr/share/code/resources/app/extensions/git/dist/main.js:2:926708)
	at u.dispose (/usr/share/code/resources/app/out/vs/workbench/api/node/extensionHostProcess.js:137:3717)
	at s (/usr/share/code/resources/app/out/vs/workbench/api/node/extensionHostProcess.js:30:754)
	at f.cb (/usr/share/code/resources/app/out/vs/workbench/api/node/extensionHostProcess.js:154:9873)
	at /usr/share/code/resources/app/out/vs/workbench/api/node/extensionHostProcess.js:154:7808
	at Array.map (<anonymous>)
	at f.Y (/usr/share/code/resources/app/out/vs/workbench/api/node/extensionHostProcess.js:154:7795)
	at f.terminate (/usr/share/code/resources/app/out/vs/workbench/api/node/extensionHostProcess.js:154:8068)
	at s.terminate (/usr/share/code/resources/app/out/vs/workbench/api/node/extensionHostProcess.js:158:1513)
	at a (/usr/share/code/resources/app/out/vs/workbench/api/node/extensionHostProcess.js:171:9802)
	at MessagePortMain.<anonymous> (/usr/share/code/resources/app/out/vs/workbench/api/node/extensionHostProcess.js:171:6227)
	at MessagePortMain.emit (node:events:513:28)
	at MessagePortMain._internalPort.emit (node:electron/js2c/utility_init:2:367) setContext undefined
2023-12-13 22:45:54.350 [error] Canceled: Canceled
	at new g (/usr/share/code/resources/app/out/vs/workbench/api/node/extensionHostProcess.js:141:110274)
	at l.U (/usr/share/code/resources/app/out/vs/workbench/api/node/extensionHostProcess.js:150:10866)
	at P.<computed>.j.charCodeAt.P.<computed> (/usr/share/code/resources/app/out/vs/workbench/api/node/extensionHostProcess.js:150:8317)
	at d.g (/usr/share/code/resources/app/out/vs/workbench/api/node/extensionHostProcess.js:141:139555)
	at d.executeCommand (/usr/share/code/resources/app/out/vs/workbench/api/node/extensionHostProcess.js:141:138993)
	at p.registerCommand.description (/usr/share/code/resources/app/out/vs/workbench/api/node/extensionHostProcess.js:141:138317)
	at d.h (/usr/share/code/resources/app/out/vs/workbench/api/node/extensionHostProcess.js:141:140094)
	at d.g (/usr/share/code/resources/app/out/vs/workbench/api/node/extensionHostProcess.js:141:139086)
	at d.executeCommand (/usr/share/code/resources/app/out/vs/workbench/api/node/extensionHostProcess.js:141:138993)
	at Object.executeCommand (/usr/share/code/resources/app/out/vs/workbench/api/node/extensionHostProcess.js:158:21333)
	at w (/home/michell/.vscode/extensions/eamodio.gitlens-14.6.0/dist/gitlens.js:1077:40599)
	at h (/home/michell/.vscode/extensions/eamodio.gitlens-14.6.0/dist/gitlens.js:1077:45646)
	at ActionRunners._updateContextKeys (/home/michell/.vscode/extensions/eamodio.gitlens-14.6.0/dist/gitlens.js:663:17278)
	at s (/home/michell/.vscode/extensions/eamodio.gitlens-14.6.0/dist/gitlens.js:663:15722)
	at RegisteredActionRunner.unregister (/home/michell/.vscode/extensions/eamodio.gitlens-14.6.0/dist/gitlens.js:663:15865)
	at RegisteredActionRunner.dispose (/home/michell/.vscode/extensions/eamodio.gitlens-14.6.0/dist/gitlens.js:663:14518)
	at ActionRunners.dispose (/home/michell/.vscode/extensions/eamodio.gitlens-14.6.0/dist/gitlens.js:663:15305)
	at /home/michell/.vscode/extensions/eamodio.gitlens-14.6.0/dist/gitlens.js:1037:19246
	at Array.forEach (<anonymous>)
	at Object.dispose (/home/michell/.vscode/extensions/eamodio.gitlens-14.6.0/dist/gitlens.js:1037:19228)
	at s (/usr/share/code/resources/app/out/vs/workbench/api/node/extensionHostProcess.js:30:754)
	at f.cb (/usr/share/code/resources/app/out/vs/workbench/api/node/extensionHostProcess.js:154:9873)
	at /usr/share/code/resources/app/out/vs/workbench/api/node/extensionHostProcess.js:154:7808
	at Array.map (<anonymous>)
	at f.Y (/usr/share/code/resources/app/out/vs/workbench/api/node/extensionHostProcess.js:154:7795)
	at f.terminate (/usr/share/code/resources/app/out/vs/workbench/api/node/extensionHostProcess.js:154:8068)
	at s.terminate (/usr/share/code/resources/app/out/vs/workbench/api/node/extensionHostProcess.js:158:1513)
	at a (/usr/share/code/resources/app/out/vs/workbench/api/node/extensionHostProcess.js:171:9802)
	at MessagePortMain.<anonymous> (/usr/share/code/resources/app/out/vs/workbench/api/node/extensionHostProcess.js:171:6227)
	at MessagePortMain.emit (node:events:513:28)
	at MessagePortMain._internalPort.emit (node:electron/js2c/utility_init:2:367) setContext undefined
2023-12-13 22:45:54.350 [error] Canceled: Canceled
	at new g (/usr/share/code/resources/app/out/vs/workbench/api/node/extensionHostProcess.js:141:110274)
	at l.U (/usr/share/code/resources/app/out/vs/workbench/api/node/extensionHostProcess.js:150:10866)
	at P.<computed>.j.charCodeAt.P.<computed> (/usr/share/code/resources/app/out/vs/workbench/api/node/extensionHostProcess.js:150:8317)
	at d.g (/usr/share/code/resources/app/out/vs/workbench/api/node/extensionHostProcess.js:141:139555)
	at d.executeCommand (/usr/share/code/resources/app/out/vs/workbench/api/node/extensionHostProcess.js:141:138993)
	at p.registerCommand.description (/usr/share/code/resources/app/out/vs/workbench/api/node/extensionHostProcess.js:141:138317)
	at d.h (/usr/share/code/resources/app/out/vs/workbench/api/node/extensionHostProcess.js:141:140094)
	at d.g (/usr/share/code/resources/app/out/vs/workbench/api/node/extensionHostProcess.js:141:139086)
	at d.executeCommand (/usr/share/code/resources/app/out/vs/workbench/api/node/extensionHostProcess.js:141:138993)
	at Object.executeCommand (/usr/share/code/resources/app/out/vs/workbench/api/node/extensionHostProcess.js:158:21333)
	at w (/home/michell/.vscode/extensions/eamodio.gitlens-14.6.0/dist/gitlens.js:1077:40599)
	at h (/home/michell/.vscode/extensions/eamodio.gitlens-14.6.0/dist/gitlens.js:1077:45646)
	at ActionRunners._updateContextKeys (/home/michell/.vscode/extensions/eamodio.gitlens-14.6.0/dist/gitlens.js:663:17278)
	at s (/home/michell/.vscode/extensions/eamodio.gitlens-14.6.0/dist/gitlens.js:663:15722)
	at RegisteredActionRunner.unregister (/home/michell/.vscode/extensions/eamodio.gitlens-14.6.0/dist/gitlens.js:663:15865)
	at RegisteredActionRunner.dispose (/home/michell/.vscode/extensions/eamodio.gitlens-14.6.0/dist/gitlens.js:663:14518)
	at ActionRunners.dispose (/home/michell/.vscode/extensions/eamodio.gitlens-14.6.0/dist/gitlens.js:663:15305)
	at /home/michell/.vscode/extensions/eamodio.gitlens-14.6.0/dist/gitlens.js:1037:19246
	at Array.forEach (<anonymous>)
	at Object.dispose (/home/michell/.vscode/extensions/eamodio.gitlens-14.6.0/dist/gitlens.js:1037:19228)
	at s (/usr/share/code/resources/app/out/vs/workbench/api/node/extensionHostProcess.js:30:754)
	at f.cb (/usr/share/code/resources/app/out/vs/workbench/api/node/extensionHostProcess.js:154:9873)
	at /usr/share/code/resources/app/out/vs/workbench/api/node/extensionHostProcess.js:154:7808
	at Array.map (<anonymous>)
	at f.Y (/usr/share/code/resources/app/out/vs/workbench/api/node/extensionHostProcess.js:154:7795)
	at f.terminate (/usr/share/code/resources/app/out/vs/workbench/api/node/extensionHostProcess.js:154:8068)
	at s.terminate (/usr/share/code/resources/app/out/vs/workbench/api/node/extensionHostProcess.js:158:1513)
	at a (/usr/share/code/resources/app/out/vs/workbench/api/node/extensionHostProcess.js:171:9802)
	at MessagePortMain.<anonymous> (/usr/share/code/resources/app/out/vs/workbench/api/node/extensionHostProcess.js:171:6227)
	at MessagePortMain.emit (node:events:513:28)
	at MessagePortMain._internalPort.emit (node:electron/js2c/utility_init:2:367) setContext undefined
2023-12-13 22:45:54.350 [error] Canceled: Canceled
	at new g (/usr/share/code/resources/app/out/vs/workbench/api/node/extensionHostProcess.js:141:110274)
	at l.U (/usr/share/code/resources/app/out/vs/workbench/api/node/extensionHostProcess.js:150:10866)
	at P.<computed>.j.charCodeAt.P.<computed> (/usr/share/code/resources/app/out/vs/workbench/api/node/extensionHostProcess.js:150:8317)
	at d.g (/usr/share/code/resources/app/out/vs/workbench/api/node/extensionHostProcess.js:141:139555)
	at d.executeCommand (/usr/share/code/resources/app/out/vs/workbench/api/node/extensionHostProcess.js:141:138993)
	at p.registerCommand.description (/usr/share/code/resources/app/out/vs/workbench/api/node/extensionHostProcess.js:141:138317)
	at d.h (/usr/share/code/resources/app/out/vs/workbench/api/node/extensionHostProcess.js:141:140094)
	at d.g (/usr/share/code/resources/app/out/vs/workbench/api/node/extensionHostProcess.js:141:139086)
	at d.executeCommand (/usr/share/code/resources/app/out/vs/workbench/api/node/extensionHostProcess.js:141:138993)
	at Object.executeCommand (/usr/share/code/resources/app/out/vs/workbench/api/node/extensionHostProcess.js:158:21333)
	at w (/home/michell/.vscode/extensions/eamodio.gitlens-14.6.0/dist/gitlens.js:1077:40599)
	at h (/home/michell/.vscode/extensions/eamodio.gitlens-14.6.0/dist/gitlens.js:1077:45646)
	at ActionRunners._updateContextKeys (/home/michell/.vscode/extensions/eamodio.gitlens-14.6.0/dist/gitlens.js:663:17278)
	at s (/home/michell/.vscode/extensions/eamodio.gitlens-14.6.0/dist/gitlens.js:663:15722)
	at RegisteredActionRunner.unregister (/home/michell/.vscode/extensions/eamodio.gitlens-14.6.0/dist/gitlens.js:663:15865)
	at RegisteredActionRunner.dispose (/home/michell/.vscode/extensions/eamodio.gitlens-14.6.0/dist/gitlens.js:663:14518)
	at ActionRunners.dispose (/home/michell/.vscode/extensions/eamodio.gitlens-14.6.0/dist/gitlens.js:663:15305)
	at /home/michell/.vscode/extensions/eamodio.gitlens-14.6.0/dist/gitlens.js:1037:19246
	at Array.forEach (<anonymous>)
	at Object.dispose (/home/michell/.vscode/extensions/eamodio.gitlens-14.6.0/dist/gitlens.js:1037:19228)
	at s (/usr/share/code/resources/app/out/vs/workbench/api/node/extensionHostProcess.js:30:754)
	at f.cb (/usr/share/code/resources/app/out/vs/workbench/api/node/extensionHostProcess.js:154:9873)
	at /usr/share/code/resources/app/out/vs/workbench/api/node/extensionHostProcess.js:154:7808
	at Array.map (<anonymous>)
	at f.Y (/usr/share/code/resources/app/out/vs/workbench/api/node/extensionHostProcess.js:154:7795)
	at f.terminate (/usr/share/code/resources/app/out/vs/workbench/api/node/extensionHostProcess.js:154:8068)
	at s.terminate (/usr/share/code/resources/app/out/vs/workbench/api/node/extensionHostProcess.js:158:1513)
	at a (/usr/share/code/resources/app/out/vs/workbench/api/node/extensionHostProcess.js:171:9802)
	at MessagePortMain.<anonymous> (/usr/share/code/resources/app/out/vs/workbench/api/node/extensionHostProcess.js:171:6227)
	at MessagePortMain.emit (node:events:513:28)
	at MessagePortMain._internalPort.emit (node:electron/js2c/utility_init:2:367) setContext undefined
2023-12-13 22:45:54.352 [info] Extension host with pid 76660 exiting with code 0
