2023-12-13 19:55:06.195 [info] Reading sessions from keychain...
2023-12-13 19:55:06.195 [info] Getting sessions for all scopes...
2023-12-13 19:55:06.237 [info] Getting sessions for user:email...
2023-12-13 19:55:06.241 [info] Got 0 sessions for ...
2023-12-13 19:55:06.241 [info] Got 0 sessions for user:email...
2023-12-13 19:55:06.305 [info] Getting sessions for all scopes...
2023-12-13 19:55:06.305 [info] Got 0 sessions for ...
2023-12-13 19:55:07.339 [info] Getting sessions for all scopes...
2023-12-13 19:55:07.339 [info] Got 0 sessions for ...
2023-12-13 19:55:14.525 [info] Reading sessions from keychain...
2023-12-13 19:55:14.525 [info] Getting sessions for all scopes...
2023-12-13 19:55:14.527 [info] Getting sessions for user:email...
2023-12-13 19:55:14.527 [info] Got 0 sessions for ...
2023-12-13 19:55:14.527 [info] Got 0 sessions for user:email...
2023-12-13 19:55:14.656 [info] Getting sessions for all scopes...
2023-12-13 19:55:14.656 [info] Got 0 sessions for ...
2023-12-13 19:55:15.251 [info] Getting sessions for all scopes...
2023-12-13 19:55:15.251 [info] Got 0 sessions for ...
2023-12-13 19:55:15.281 [info] Getting sessions for read:user,repo,user:email,workflow...
2023-12-13 19:55:15.281 [info] Got 0 sessions for read:user,repo,user:email,workflow...
2023-12-13 19:55:15.355 [info] Getting sessions for read:user,repo,user:email...
2023-12-13 19:55:15.355 [info] Got 0 sessions for read:user,repo,user:email...
