Initializing document watcher...
css-exercises/foundations/05-descendant-combinator/README.md: {}
css-exercises/foundations/06-cascade-fix/style.css: {}
css-exercises/foundations/05-descendant-combinator/README.md: {}
css-exercises/foundations/06-cascade-fix/style.css: {}
css-exercises/foundations/06-cascade-fix/index.html: {}
css-exercises/foundations/06-cascade-fix/style.css: {}
css-exercises/margin-and-padding/01-margin-and-padding-1/index.html: {}
css-exercises/margin-and-padding/01-margin-and-padding-1/style.css: {}
css-exercises/foundations/06-cascade-fix/style.css: {}
css-exercises/margin-and-padding/01-margin-and-padding-1/style.css: {}
css-exercises/foundations/06-cascade-fix/style.css: {}
css-exercises/margin-and-padding/01-margin-and-padding-1/style.css: {}
css-exercises/margin-and-padding/01-margin-and-padding-1/index.html: {}
css-exercises/margin-and-padding/01-margin-and-padding-1/README.md: {}
css-exercises/margin-and-padding/01-margin-and-padding-1/README.md: {}
css-exercises/margin-and-padding/01-margin-and-padding-1/index.html: {}
css-exercises/margin-and-padding/01-margin-and-padding-1/style.css: {}
css-exercises/margin-and-padding/01-margin-and-padding-1/index.html: {}
css-exercises/margin-and-padding/01-margin-and-padding-1/README.md: {}
css-exercises/margin-and-padding/01-margin-and-padding-1/index.html: {}
css-exercises/margin-and-padding/01-margin-and-padding-1/index.html: {}
css-exercises/margin-and-padding/01-margin-and-padding-1/index.html: {}
css-exercises/margin-and-padding/01-margin-and-padding-1/index.html: {}
css-exercises/margin-and-padding/01-margin-and-padding-1/index.html: {}
css-exercises/margin-and-padding/01-margin-and-padding-1/index.html: {}
css-exercises/margin-and-padding/01-margin-and-padding-1/index.html: {}
css-exercises/margin-and-padding/01-margin-and-padding-1/README.md: {}
css-exercises/margin-and-padding/01-margin-and-padding-1/README.md: {}
css-exercises/margin-and-padding/01-margin-and-padding-1/index.html: {}
css-exercises/margin-and-padding/01-margin-and-padding-1/index.html: {}
No more open editors.
css-exercises/margin-and-padding/01-margin-and-padding-1/README.md: {}
css-exercises/margin-and-padding/01-margin-and-padding-1/style.css: {}
css-exercises/margin-and-padding/01-margin-and-padding-1/README.md: {}
css-exercises/margin-and-padding/01-margin-and-padding-1/style.css: {}
css-exercises/margin-and-padding/01-margin-and-padding-1/style.css: Using EditorConfig core...
css-exercises/margin-and-padding/01-margin-and-padding-1/style.css: Using EditorConfig core...
css-exercises/margin-and-padding/01-margin-and-padding-1/style.css: {}
css-exercises/margin-and-padding/01-margin-and-padding-1/README.md: {}
css-exercises/margin-and-padding/01-margin-and-padding-1/style.css: {}
css-exercises/margin-and-padding/01-margin-and-padding-1/style.css: Using EditorConfig core...
css-exercises/margin-and-padding/01-margin-and-padding-1/style.css: {}
css-exercises/margin-and-padding/01-margin-and-padding-1/style.css: {}
/home/michell/.config/Code/User/profiles/-4f39f5a1/settings.json: Using EditorConfig core...
