2023-12-12 19:33:03.759 [info] Getting Manifest... catppuccin.catppuccin-vsc
2023-12-12 19:33:03.908 [info] Installing extension: catppuccin.catppuccin-vsc
2023-12-12 19:33:05.880 [info] Extension signature is verified: catppuccin.catppuccin-vsc
2023-12-12 19:33:05.894 [info] Extracted extension to file:///home/michell/.vscode/extensions/catppuccin.catppuccin-vsc-3.8.2: catppuccin.catppuccin-vsc
2023-12-12 19:33:05.895 [info] Renamed to /home/michell/.vscode/extensions/catppuccin.catppuccin-vsc-3.8.2
2023-12-12 19:33:05.896 [info] Extracting extension completed. catppuccin.catppuccin-vsc
2023-12-12 19:33:05.900 [info] Extension installed successfully: catppuccin.catppuccin-vsc
2023-12-12 19:33:05.902 [info] Marked extension as uninstalled catppuccin.catppuccin-vsc-3.8.1
2023-12-12 19:33:56.069 [info] Getting Manifest... vscodevim.vim
2023-12-12 19:33:56.074 [info] Installing extension: vscodevim.vim
2023-12-12 19:33:57.714 [info] Extension signature is verified: vscodevim.vim
2023-12-12 19:33:57.741 [info] Extracted extension to file:///home/michell/.vscode/extensions/vscodevim.vim-1.27.1: vscodevim.vim
2023-12-12 19:33:57.749 [info] Renamed to /home/michell/.vscode/extensions/vscodevim.vim-1.27.1
2023-12-12 19:33:57.750 [info] Extracting extension completed. vscodevim.vim
2023-12-12 19:33:57.755 [info] Extension installed successfully: vscodevim.vim
2023-12-12 19:36:14.240 [info] Getting Manifest... ritwickdey.liveserver
2023-12-12 19:36:14.245 [info] Installing extension: ritwickdey.liveserver
2023-12-12 19:36:19.301 [info] Extension signature is verified: ritwickdey.liveserver
2023-12-12 19:36:20.361 [info] Extracted extension to file:///home/michell/.vscode/extensions/ritwickdey.liveserver-5.7.9: ritwickdey.liveserver
2023-12-12 19:36:20.371 [info] Renamed to /home/michell/.vscode/extensions/ritwickdey.liveserver-5.7.9
2023-12-12 19:36:20.373 [info] Extracting extension completed. ritwickdey.liveserver
2023-12-12 19:36:20.377 [info] Extension installed successfully: ritwickdey.liveserver
