2023-12-13 19:55:07.332 [info] Log level: Info
2023-12-13 19:55:07.332 [info] Validating found git in: "git"
2023-12-13 19:55:07.332 [info] Using git "2.25.1" from "git"
2023-12-13 19:55:07.332 [info] > git rev-parse --show-toplevel [5ms]
2023-12-13 19:55:07.332 [info] fatal: not a git repository (or any of the parent directories): .git
2023-12-13 19:55:15.089 [info] Log level: Info
2023-12-13 19:55:15.089 [info] Validating found git in: "git"
2023-12-13 19:55:15.089 [info] Using git "2.25.1" from "git"
2023-12-13 19:55:15.089 [info] > git rev-parse --show-toplevel [9ms]
2023-12-13 19:55:15.112 [info] > git rev-parse --git-dir --git-common-dir [96ms]
2023-12-13 19:55:15.128 [info] Open repository: /home/michell/Workspace/theodinproject/css-exercises
2023-12-13 19:55:15.177 [info] > git rev-parse --show-toplevel [14ms]
2023-12-13 19:55:15.178 [info] > git config --get commit.template [21ms]
2023-12-13 19:55:15.202 [info] > git rev-parse --show-toplevel [10ms]
2023-12-13 19:55:15.210 [info] > git for-each-ref --format=%(refname)%00%(upstream:short)%00%(objectname)%00%(upstream:track)%00%(upstream:remotename)%00%(upstream:remoteref) refs/heads/main refs/remotes/main [10ms]
2023-12-13 19:55:15.219 [info] > git rev-parse --show-toplevel [10ms]
2023-12-13 19:55:15.230 [info] > git rev-parse --show-toplevel [3ms]
2023-12-13 19:55:15.248 [info] > git status -z -uall [5ms]
2023-12-13 19:55:15.258 [info] > git rev-parse --show-toplevel [11ms]
2023-12-13 19:55:15.266 [info] > git config --get commit.template [9ms]
2023-12-13 19:55:15.281 [info] > git rev-parse --show-toplevel [16ms]
2023-12-13 19:55:15.296 [info] > git rev-parse --show-toplevel [3ms]
2023-12-13 19:55:15.298 [info] > git for-each-ref --format=%(refname)%00%(upstream:short)%00%(objectname)%00%(upstream:track)%00%(upstream:remotename)%00%(upstream:remoteref) refs/heads/main refs/remotes/main [11ms]
2023-12-13 19:55:15.313 [info] > git status -z -uall [2ms]
2023-12-13 19:55:15.466 [info] > git show --textconv :margin-and-padding/02-margin-and-padding-2/index.html [6ms]
2023-12-13 19:55:15.467 [info] > git ls-files --stage -- /home/michell/Workspace/theodinproject/css-exercises/margin-and-padding/02-margin-and-padding-2/index.html [1ms]
2023-12-13 19:55:15.472 [info] > git cat-file -s df757c8ebf5628aa8d202abe4ca4881db63dbb58 [1ms]
2023-12-13 19:55:15.738 [info] > git check-ignore -v -z --stdin [1ms]
2023-12-13 19:55:16.783 [info] > git fetch [1656ms]
2023-12-13 19:55:16.794 [info] > git config --get commit.template [5ms]
2023-12-13 19:55:16.794 [info] > git for-each-ref --format=%(refname)%00%(upstream:short)%00%(objectname)%00%(upstream:track)%00%(upstream:remotename)%00%(upstream:remoteref) refs/heads/main refs/remotes/main [1ms]
2023-12-13 19:55:16.804 [info] > git status -z -uall [0ms]
2023-12-13 19:55:27.918 [info] > git check-ignore -v -z --stdin [1ms]
2023-12-13 19:55:29.090 [info] > git check-ignore -v -z --stdin [1ms]
2023-12-13 19:55:38.732 [info] > git show --textconv :flex/01-flex-center/README.md [9ms]
2023-12-13 19:55:38.744 [info] > git ls-files --stage -- /home/michell/Workspace/theodinproject/css-exercises/flex/01-flex-center/README.md [15ms]
2023-12-13 19:55:38.752 [info] > git cat-file -s 56cbbb6ac26f63dca21449e39736893927fe38f3 [2ms]
2023-12-13 19:56:01.393 [info] > git show --textconv :flex/01-flex-center/index.html [5ms]
2023-12-13 19:56:01.394 [info] > git ls-files --stage -- /home/michell/Workspace/theodinproject/css-exercises/flex/01-flex-center/index.html [2ms]
2023-12-13 19:56:01.399 [info] > git cat-file -s 440bf5c5c320b993da208c05672f77a027dd319e [1ms]
2023-12-13 19:56:12.511 [info] > git show --textconv :flex/01-flex-center/style.css [5ms]
2023-12-13 19:56:12.515 [info] > git ls-files --stage -- /home/michell/Workspace/theodinproject/css-exercises/flex/01-flex-center/style.css [4ms]
2023-12-13 19:56:12.528 [info] > git cat-file -s e35feacd28d05dde88ba136acfb42d654978007f [8ms]
2023-12-13 19:56:27.114 [info] > git config --get commit.template [3ms]
2023-12-13 19:56:27.122 [info] > git for-each-ref --format=%(refname)%00%(upstream:short)%00%(objectname)%00%(upstream:track)%00%(upstream:remotename)%00%(upstream:remoteref) refs/heads/main refs/remotes/main [1ms]
2023-12-13 19:56:27.131 [info] > git status -z -uall [2ms]
2023-12-13 19:56:32.336 [info] > git config --get commit.template [2ms]
2023-12-13 19:56:32.346 [info] > git for-each-ref --format=%(refname)%00%(upstream:short)%00%(objectname)%00%(upstream:track)%00%(upstream:remotename)%00%(upstream:remoteref) refs/heads/main refs/remotes/main [1ms]
2023-12-13 19:56:32.357 [info] > git status -z -uall [2ms]
2023-12-13 19:56:37.366 [info] > git config --get commit.template [0ms]
2023-12-13 19:56:37.372 [info] > git for-each-ref --format=%(refname)%00%(upstream:short)%00%(objectname)%00%(upstream:track)%00%(upstream:remotename)%00%(upstream:remoteref) refs/heads/main refs/remotes/main [1ms]
2023-12-13 19:56:37.378 [info] > git status -z -uall [2ms]
2023-12-13 19:57:11.556 [info] > git config --get commit.template [5ms]
2023-12-13 19:57:11.556 [info] > git for-each-ref --format=%(refname)%00%(upstream:short)%00%(objectname)%00%(upstream:track)%00%(upstream:remotename)%00%(upstream:remoteref) refs/heads/main refs/remotes/main [0ms]
2023-12-13 19:57:11.563 [info] > git status -z -uall [2ms]
2023-12-13 19:57:18.069 [info] > git config --get commit.template [0ms]
2023-12-13 19:57:18.075 [info] > git for-each-ref --format=%(refname)%00%(upstream:short)%00%(objectname)%00%(upstream:track)%00%(upstream:remotename)%00%(upstream:remoteref) refs/heads/main refs/remotes/main [1ms]
2023-12-13 19:57:18.081 [info] > git status -z -uall [1ms]
2023-12-13 19:57:25.191 [info] > git config --get commit.template [0ms]
2023-12-13 19:57:25.198 [info] > git for-each-ref --format=%(refname)%00%(upstream:short)%00%(objectname)%00%(upstream:track)%00%(upstream:remotename)%00%(upstream:remoteref) refs/heads/main refs/remotes/main [1ms]
2023-12-13 19:57:25.208 [info] > git status -z -uall [2ms]
2023-12-13 19:57:30.222 [info] > git config --get commit.template [5ms]
2023-12-13 19:57:30.222 [info] > git for-each-ref --format=%(refname)%00%(upstream:short)%00%(objectname)%00%(upstream:track)%00%(upstream:remotename)%00%(upstream:remoteref) refs/heads/main refs/remotes/main [0ms]
2023-12-13 19:57:30.229 [info] > git status -z -uall [2ms]
2023-12-13 19:57:35.249 [info] > git config --get commit.template [12ms]
2023-12-13 19:57:35.249 [info] > git for-each-ref --format=%(refname)%00%(upstream:short)%00%(objectname)%00%(upstream:track)%00%(upstream:remotename)%00%(upstream:remoteref) refs/heads/main refs/remotes/main [1ms]
2023-12-13 19:57:35.260 [info] > git status -z -uall [2ms]
2023-12-13 19:57:40.272 [info] > git config --get commit.template [1ms]
2023-12-13 19:57:40.279 [info] > git for-each-ref --format=%(refname)%00%(upstream:short)%00%(objectname)%00%(upstream:track)%00%(upstream:remotename)%00%(upstream:remoteref) refs/heads/main refs/remotes/main [1ms]
2023-12-13 19:57:40.294 [info] > git status -z -uall [1ms]
2023-12-13 19:57:45.310 [info] > git config --get commit.template [2ms]
2023-12-13 19:57:45.318 [info] > git for-each-ref --format=%(refname)%00%(upstream:short)%00%(objectname)%00%(upstream:track)%00%(upstream:remotename)%00%(upstream:remoteref) refs/heads/main refs/remotes/main [1ms]
2023-12-13 19:57:45.327 [info] > git status -z -uall [2ms]
2023-12-13 19:57:52.603 [info] > git show --textconv :flex/01-flex-center/style.css [6ms]
2023-12-13 19:57:52.604 [info] > git ls-files --stage -- /home/michell/Workspace/theodinproject/css-exercises/flex/01-flex-center/style.css [1ms]
2023-12-13 19:57:52.609 [info] > git cat-file -s e35feacd28d05dde88ba136acfb42d654978007f [1ms]
2023-12-13 19:58:19.458 [info] > git fetch [2646ms]
2023-12-13 19:58:19.475 [info] > git config --get commit.template [11ms]
2023-12-13 19:58:19.476 [info] > git for-each-ref --format=%(refname)%00%(upstream:short)%00%(objectname)%00%(upstream:track)%00%(upstream:remotename)%00%(upstream:remoteref) refs/heads/main refs/remotes/main [2ms]
2023-12-13 19:58:19.486 [info] > git status -z -uall [2ms]
2023-12-13 20:00:39.661 [info] > git ls-files --stage -- /home/michell/Workspace/theodinproject/css-exercises/flex/01-flex-center/style.css [0ms]
2023-12-13 20:00:39.668 [info] > git cat-file -s e35feacd28d05dde88ba136acfb42d654978007f [1ms]
2023-12-13 20:00:39.687 [info] > git show --textconv :flex/01-flex-center/style.css [2ms]
2023-12-13 20:01:06.758 [info] > git show --textconv :flex/01-flex-center/README.md [5ms]
2023-12-13 20:01:06.759 [info] > git ls-files --stage -- /home/michell/Workspace/theodinproject/css-exercises/flex/01-flex-center/README.md [1ms]
2023-12-13 20:01:06.764 [info] > git cat-file -s 56cbbb6ac26f63dca21449e39736893927fe38f3 [1ms]
2023-12-13 20:01:15.282 [info] > git show --textconv :flex/01-flex-center/style.css [5ms]
2023-12-13 20:01:15.283 [info] > git ls-files --stage -- /home/michell/Workspace/theodinproject/css-exercises/flex/01-flex-center/style.css [1ms]
2023-12-13 20:01:15.288 [info] > git cat-file -s e35feacd28d05dde88ba136acfb42d654978007f [1ms]
2023-12-13 20:01:20.683 [info] > git ls-files --stage -- /home/michell/Workspace/theodinproject/css-exercises/flex/01-flex-center/style.css [1ms]
2023-12-13 20:01:20.694 [info] > git cat-file -s e35feacd28d05dde88ba136acfb42d654978007f [1ms]
2023-12-13 20:01:20.703 [info] > git show --textconv :flex/01-flex-center/style.css [1ms]
2023-12-13 20:01:22.059 [info] > git fetch [2564ms]
2023-12-13 20:01:22.070 [info] > git config --get commit.template [5ms]
2023-12-13 20:01:22.070 [info] > git for-each-ref --format=%(refname)%00%(upstream:short)%00%(objectname)%00%(upstream:track)%00%(upstream:remotename)%00%(upstream:remoteref) refs/heads/main refs/remotes/main [1ms]
2023-12-13 20:01:22.077 [info] > git status -z -uall [2ms]
2023-12-13 20:01:22.870 [info] > git ls-files --stage -- /home/michell/Workspace/theodinproject/css-exercises/flex/01-flex-center/style.css [1ms]
2023-12-13 20:01:22.876 [info] > git cat-file -s e35feacd28d05dde88ba136acfb42d654978007f [1ms]
2023-12-13 20:01:22.883 [info] > git show --textconv :flex/01-flex-center/style.css [1ms]
2023-12-13 20:01:23.487 [info] > git check-ignore -v -z --stdin [0ms]
2023-12-13 20:01:23.974 [info] > git show --textconv :flex/01-flex-center/solution/solution.css [5ms]
2023-12-13 20:01:23.974 [info] > git ls-files --stage -- /home/michell/Workspace/theodinproject/css-exercises/flex/01-flex-center/solution/solution.css [1ms]
2023-12-13 20:01:23.979 [info] > git cat-file -s 1df86d4b0b49e4d8ca7aebffdc86b79521dc7950 [0ms]
2023-12-13 20:01:28.777 [info] > git show --textconv :flex/01-flex-center/style.css [5ms]
2023-12-13 20:01:28.778 [info] > git ls-files --stage -- /home/michell/Workspace/theodinproject/css-exercises/flex/01-flex-center/style.css [1ms]
2023-12-13 20:01:28.783 [info] > git cat-file -s e35feacd28d05dde88ba136acfb42d654978007f [1ms]
2023-12-13 20:01:32.751 [info] > git check-ignore -v -z --stdin [1ms]
2023-12-13 20:03:45.114 [info] > git show --textconv :flex/02-flex-header/README.md [13ms]
2023-12-13 20:03:45.115 [info] > git ls-files --stage -- /home/michell/Workspace/theodinproject/css-exercises/flex/02-flex-header/README.md [2ms]
2023-12-13 20:03:45.123 [info] > git cat-file -s c28e61d93a2b9991298cba17612e79bb6437f75e [1ms]
2023-12-13 20:04:23.274 [info] > git ls-files --stage -- /home/michell/Workspace/theodinproject/css-exercises/flex/02-flex-header/README.md [0ms]
2023-12-13 20:04:23.279 [info] > git cat-file -s c28e61d93a2b9991298cba17612e79bb6437f75e [1ms]
2023-12-13 20:04:23.286 [info] > git show --textconv :flex/02-flex-header/README.md [1ms]
2023-12-13 20:04:24.563 [info] > git fetch [2473ms]
2023-12-13 20:04:24.573 [info] > git config --get commit.template [4ms]
2023-12-13 20:04:24.574 [info] > git for-each-ref --format=%(refname)%00%(upstream:short)%00%(objectname)%00%(upstream:track)%00%(upstream:remotename)%00%(upstream:remoteref) refs/heads/main refs/remotes/main [1ms]
2023-12-13 20:04:24.580 [info] > git status -z -uall [2ms]
2023-12-13 20:04:25.610 [info] > git ls-files --stage -- /home/michell/Workspace/theodinproject/css-exercises/flex/02-flex-header/README.md [1ms]
2023-12-13 20:04:25.615 [info] > git cat-file -s c28e61d93a2b9991298cba17612e79bb6437f75e [1ms]
2023-12-13 20:04:25.622 [info] > git show --textconv :flex/02-flex-header/README.md [1ms]
2023-12-13 20:04:49.889 [info] > git show --textconv :flex/02-flex-header/style.css [5ms]
2023-12-13 20:04:49.890 [info] > git ls-files --stage -- /home/michell/Workspace/theodinproject/css-exercises/flex/02-flex-header/style.css [1ms]
2023-12-13 20:04:49.895 [info] > git cat-file -s cb598c935480a941f8a7f2979a3156a1e72c3ce1 [1ms]
2023-12-13 20:04:55.772 [info] > git show --textconv :flex/02-flex-header/README.md [5ms]
2023-12-13 20:04:55.773 [info] > git ls-files --stage -- /home/michell/Workspace/theodinproject/css-exercises/flex/02-flex-header/README.md [1ms]
2023-12-13 20:04:55.778 [info] > git cat-file -s c28e61d93a2b9991298cba17612e79bb6437f75e [1ms]
